12.9860 	EXP 	Created window1 = Window(allowGUI=True, allowStencil=False, autoLog=True, backendConf=UNKNOWN, backgroundFit=<method-wrapper '__getattribute__' of attributeSetter object at 0x000001DAEBC1DFA0>, backgroundImage=<method-wrapper '__getattribute__' of attributeSetter object at 0x000001DAEBC1DF40>, bitsMode=UNKNOWN, blendMode='avg', bpc=(8, 8, 8), color=array([-1., -1., -1.]), colorSpace='rgb', depthBits=8, fullscr=<method-wrapper '__getattribute__' of attributeSetter object at 0x000001DAEBC1DC40>, gamma=None, gammaErrorPolicy='raise', lms=UNKNOWN, monitor=<psychopy.monitors.calibTools.Monitor object at 0x000001DAF1C46940>, multiSample=False, name='window1', numSamples=2, pos=(0, 0), screen=0, size=array([1920, 1080]), stencilBits=0, stereo=False, units='height', useFBO=True, useRetina=False, viewOri=0.0, viewPos=None, viewScale=None, waitBlanking=True, winType='pyglet')
12.9863 	EXP 	window1: mouseVisible = True
12.9864 	EXP 	window1: backgroundImage = ''
12.9864 	EXP 	window1: backgroundFit = 'none'
12.9866 	EXP 	window1: mouseVisible = False
12.9866 	EXP 	window1: Attempting to measure frame rate of screen (0) ...
12.9867 	EXP 	window1: recordFrameIntervals = False
13.1509 	EXP 	window1: recordFrameIntervals = True
13.3350 	EXP 	Screen (0) actual frame rate measured at 59.88Hz
13.3351 	EXP 	window1: recordFrameIntervals = False
15.5877 	EXP 	Created text = TextStim(__class__=<class 'psychopy.visual.text.TextStim'>, alignHoriz=method-wrapper(...), alignText='center', alignVert=method-wrapper(...), anchorHoriz='center', anchorVert='center', antialias=True, autoDraw=False, autoLog=True, bold=False, color=array([1., 1., 1.]), colorSpace='rgb', contrast=1.0, depth=0.0, flipHoriz=False, flipVert=False, font='Open Sans', fontFiles=[], height=0.05, italic=False, languageStyle='LTR', name='text', opacity=1.0, ori=0.0, pos=array([0., 0.]), rgb=UNKNOWN, text='Any text\n\nincluding line breaks', units='height', win=Window(...), wrapWidth=1)
15.5982 	EXP 	Created fix = TextStim(__class__=<class 'psychopy.visual.text.TextStim'>, alignHoriz=method-wrapper(...), alignText='center', alignVert=method-wrapper(...), anchorHoriz='center', anchorVert='center', antialias=True, autoDraw=False, autoLog=True, bold=False, color=array([1., 1., 1.]), colorSpace='rgb', contrast=1.0, depth=0.0, flipHoriz=False, flipVert=False, font='Open Sans', fontFiles=[], height=0.1, italic=False, languageStyle='LTR', name='fix', opacity=1.0, ori=0.0, pos=array([0., 0.]), rgb=UNKNOWN, text='+\n6040', units='height', win=Window(...), wrapWidth=1)
15.6150 	EXP 	Created image = ImageStim(__class__=<class 'psychopy.visual.image.ImageStim'>, anchor=('center', 'center'), autoLog=True, color=array([1., 1., 1.]), colorSpace='rgb', contrast=1.0, depth=0.0, flipHoriz=False, flipVert=False, image='default.png', interpolate=True, mask=None, maskParams=None, name='image', opacity=1.0, ori=0.0, pos=array([0., 0.]), size=array([1.92, 1.08]), texRes=128.0, units='height', win=Window(...))
15.6279 	EXP 	Created circle_4 = Polygon(__class__=<class 'psychopy.visual.polygon.Polygon'>, anchor=('center', 'center'), autoDraw=False, autoLog=True, closeShape=True, color=method-wrapper(...), colorSpace='rgb', contrast=None, depth=-1.0, fillColor=array([-1, -1, -1]), fillColorSpace='rgb', fillRGB=array([-1, -1, -1]), interpolate=True, lineColor=array([-1., -1., -1.]), lineColorSpace='rgb', lineRGB=array([-1, -1, -1]), lineWidth=10.0, name='circle_4', opacity=1.0, ori=0.0, pos=array([0., 0.]), size=array([0.6, 0.6]), units='height', vertices=ndarray(...), win=Window(...))
15.6302 	EXP 	Created fix_2 = TextStim(__class__=<class 'psychopy.visual.text.TextStim'>, alignHoriz=method-wrapper(...), alignText='center', alignVert=method-wrapper(...), anchorHoriz='center', anchorVert='center', antialias=True, autoDraw=False, autoLog=True, bold=False, color=array([1., 1., 1.]), colorSpace='rgb', contrast=1.0, depth=-2.0, flipHoriz=False, flipVert=False, font='Open Sans', fontFiles=[], height=0.1, italic=False, languageStyle='LTR', name='fix_2', opacity=1.0, ori=0.0, pos=array([0., 0.]), rgb=UNKNOWN, text='+', units='height', win=Window(...), wrapWidth=1)
15.6334 	EXP 	Created Right_2 = ShapeStim(__class__=<class 'psychopy.visual.shape.ShapeStim'>, anchor=('center', 'center'), autoDraw=False, autoLog=True, closeShape=True, color=method-wrapper(...), colorSpace='rgb', contrast=None, depth=-3.0, fillColor=array([ 1., -1., -1.]), fillColorSpace='rgb', fillRGB=array([ 1., -1., -1.]), interpolate=True, lineColor=array([ 1., -1., -1.]), lineColorSpace='rgb', lineRGB=array([ 1., -1., -1.]), lineWidth=1.0, name='Right_2', opacity=1.0, ori=0.0, pos=array([550.,   0.]), size=array([150., 150.]), units='pix', vertices=ndarray(...), win=Window(...), windingRule=None)
15.6361 	EXP 	Created Left_2 = ShapeStim(__class__=<class 'psychopy.visual.shape.ShapeStim'>, anchor=('center', 'center'), autoDraw=False, autoLog=True, closeShape=True, color=method-wrapper(...), colorSpace='rgb', contrast=None, depth=-4.0, fillColor=array([-1.    ,  0.0039, -1.    ]), fillColorSpace='rgb', fillRGB=array([-1.    ,  0.0039, -1.    ]), interpolate=True, lineColor=array([-1.    ,  0.0039, -1.    ]), lineColorSpace='rgb', lineRGB=array([-1.    ,  0.0039, -1.    ]), lineWidth=1.0, name='Left_2', opacity=1.0, ori=0.0, pos=array([-550.,    0.]), size=array([150., 150.]), units='pix', vertices=ndarray(...), win=Window(...), windingRule=None)
15.6377 	EXP 	Created polygon = Rect(__class__=<class 'psychopy.visual.rect.Rect'>, anchor=('left', 'center'), autoDraw=False, autoLog=True, closeShape=True, color=method-wrapper(...), colorSpace='rgb', contrast=None, depth=-1.0, fillColor=array([0.00392157, 0.00392157, 0.00392157]), fillColorSpace='rgb', fillRGB=array([0.00392157, 0.00392157, 0.00392157]), interpolate=True, lineColor=array([1., 1., 1.]), lineColorSpace='rgb', lineRGB=array([1, 1, 1]), lineWidth=1.0, name='polygon', opacity=1.0, ori=45.0, pos=array([0.1275, 0.1275]), size=array([0.255, 0.255]), units='height', vertices=ndarray(...), win=Window(...))
15.6764 	EXP 	Created circle = Polygon(__class__=<class 'psychopy.visual.polygon.Polygon'>, anchor=('center', 'center'), autoDraw=False, autoLog=True, closeShape=True, color=method-wrapper(...), colorSpace='rgb', contrast=None, depth=-3.0, fillColor=array([-1, -1, -1]), fillColorSpace='rgb', fillRGB=array([-1, -1, -1]), interpolate=True, lineColor=array([-1., -1., -1.]), lineColorSpace='rgb', lineRGB=array([-1, -1, -1]), lineWidth=10.0, name='circle', opacity=1.0, ori=0.0, pos=array([0., 0.]), size=array([0.6, 0.6]), units='height', vertices=ndarray(...), win=Window(...))
15.6790 	EXP 	Created dots_60 = DotStim(__class__=<class 'psychopy.visual.dot.DotStim'>, autoLog=True, coherence=0.0, color=array([1., 1., 1.]), colorSpace='rgb', contrast=1.0, depth=-4.0, dir=0.0, dotLife=-1.0, dotSize=15.0, element=None, fieldAnchor=UNKNOWN, fieldPos=array([0., 0.]), fieldShape='circle', fieldSize=array([0.58, 0.58]), nDots=60, name='dots_60', noiseDots='walk', opacity=1.0, rgb=UNKNOWN, signalDots='same', speed=0.0, units='height', win=Window(...))
15.6804 	EXP 	Created dots_40 = DotStim(__class__=<class 'psychopy.visual.dot.DotStim'>, autoLog=True, coherence=0.0, color=array([1., 1., 1.]), colorSpace='rgb', contrast=1.0, depth=-5.0, dir=0.0, dotLife=-1.0, dotSize=15.0, element=None, fieldAnchor=UNKNOWN, fieldPos=array([0., 0.]), fieldShape='circle', fieldSize=array([0.58, 0.58]), nDots=10, name='dots_40', noiseDots='walk', opacity=1.0, rgb=UNKNOWN, signalDots='same', speed=0.0, units='height', win=Window(...))
15.6833 	EXP 	Created Right = ShapeStim(__class__=<class 'psychopy.visual.shape.ShapeStim'>, anchor=('center', 'center'), autoDraw=False, autoLog=True, closeShape=True, color=method-wrapper(...), colorSpace='rgb', contrast=None, depth=-7.0, fillColor=array([ 1., -1., -1.]), fillColorSpace='rgb', fillRGB=array([ 1., -1., -1.]), interpolate=True, lineColor=array([ 1., -1., -1.]), lineColorSpace='rgb', lineRGB=array([ 1., -1., -1.]), lineWidth=1.0, name='Right', opacity=1.0, ori=0.0, pos=array([550.,   0.]), size=array([150., 150.]), units='pix', vertices=ndarray(...), win=Window(...), windingRule=None)
15.6859 	EXP 	Created Left = ShapeStim(__class__=<class 'psychopy.visual.shape.ShapeStim'>, anchor=('center', 'center'), autoDraw=False, autoLog=True, closeShape=True, color=method-wrapper(...), colorSpace='rgb', contrast=None, depth=-8.0, fillColor=array([-1.    ,  0.0039, -1.    ]), fillColorSpace='rgb', fillRGB=array([-1.    ,  0.0039, -1.    ]), interpolate=True, lineColor=array([-1.    ,  0.0039, -1.    ]), lineColorSpace='rgb', lineRGB=array([-1.    ,  0.0039, -1.    ]), lineWidth=1.0, name='Left', opacity=1.0, ori=0.0, pos=array([-550.,    0.]), size=array([150., 150.]), units='pix', vertices=ndarray(...), win=Window(...), windingRule=None)
15.6870 	EXP 	Created text_3 = TextStim(__class__=<class 'psychopy.visual.text.TextStim'>, alignHoriz=method-wrapper(...), alignText='center', alignVert=method-wrapper(...), anchorHoriz='center', anchorVert='center', antialias=True, autoDraw=False, autoLog=True, bold=False, color=array([1., 1., 1.]), colorSpace='rgb', contrast=1.0, depth=0.0, flipHoriz=False, flipVert=False, font='Open Sans', fontFiles=[], height=0.05, italic=False, languageStyle='LTR', name='text_3', opacity=1.0, ori=0.0, pos=array([0., 0.]), rgb=UNKNOWN, text='', units='height', win=Window(...), wrapWidth=1)
15.6934 	EXP 	Created fix_3 = TextStim(__class__=<class 'psychopy.visual.text.TextStim'>, alignHoriz=method-wrapper(...), alignText='center', alignVert=method-wrapper(...), anchorHoriz='center', anchorVert='center', antialias=True, autoDraw=False, autoLog=True, bold=False, color=array([1., 1., 1.]), colorSpace='rgb', contrast=1.0, depth=0.0, flipHoriz=False, flipVert=False, font='Open Sans', fontFiles=[], height=0.1, italic=False, languageStyle='LTR', name='fix_3', opacity=1.0, ori=0.0, pos=array([0., 0.]), rgb=UNKNOWN, text='+\n5743', units='height', win=Window(...), wrapWidth=1)
15.7062 	EXP 	Created image_2 = ImageStim(__class__=<class 'psychopy.visual.image.ImageStim'>, anchor=('center', 'center'), autoLog=True, color=array([1., 1., 1.]), colorSpace='rgb', contrast=1.0, depth=0.0, flipHoriz=False, flipVert=False, image='default.png', interpolate=True, mask=None, maskParams=None, name='image_2', opacity=1.0, ori=0.0, pos=array([0., 0.]), size=array([1.92, 1.08]), texRes=128.0, units='height', win=Window(...))
15.7171 	EXP 	Created circle_6 = Polygon(__class__=<class 'psychopy.visual.polygon.Polygon'>, anchor=('center', 'center'), autoDraw=False, autoLog=True, closeShape=True, color=method-wrapper(...), colorSpace='rgb', contrast=None, depth=-1.0, fillColor=array([-1, -1, -1]), fillColorSpace='rgb', fillRGB=array([-1, -1, -1]), interpolate=True, lineColor=array([-1., -1., -1.]), lineColorSpace='rgb', lineRGB=array([-1, -1, -1]), lineWidth=10.0, name='circle_6', opacity=1.0, ori=0.0, pos=array([0., 0.]), size=array([0.6, 0.6]), units='height', vertices=ndarray(...), win=Window(...))
15.7194 	EXP 	Created fix_6 = TextStim(__class__=<class 'psychopy.visual.text.TextStim'>, alignHoriz=method-wrapper(...), alignText='center', alignVert=method-wrapper(...), anchorHoriz='center', anchorVert='center', antialias=True, autoDraw=False, autoLog=True, bold=False, color=array([1., 1., 1.]), colorSpace='rgb', contrast=1.0, depth=-2.0, flipHoriz=False, flipVert=False, font='Open Sans', fontFiles=[], height=0.1, italic=False, languageStyle='LTR', name='fix_6', opacity=1.0, ori=0.0, pos=array([0., 0.]), rgb=UNKNOWN, text='+', units='height', win=Window(...), wrapWidth=1)
15.7221 	EXP 	Created Right_6 = ShapeStim(__class__=<class 'psychopy.visual.shape.ShapeStim'>, anchor=('center', 'center'), autoDraw=False, autoLog=True, closeShape=True, color=method-wrapper(...), colorSpace='rgb', contrast=None, depth=-3.0, fillColor=array([ 1., -1., -1.]), fillColorSpace='rgb', fillRGB=array([ 1., -1., -1.]), interpolate=True, lineColor=array([ 1., -1., -1.]), lineColorSpace='rgb', lineRGB=array([ 1., -1., -1.]), lineWidth=1.0, name='Right_6', opacity=1.0, ori=0.0, pos=array([550.,   0.]), size=array([150., 150.]), units='pix', vertices=ndarray(...), win=Window(...), windingRule=None)
15.7246 	EXP 	Created Left_6 = ShapeStim(__class__=<class 'psychopy.visual.shape.ShapeStim'>, anchor=('center', 'center'), autoDraw=False, autoLog=True, closeShape=True, color=method-wrapper(...), colorSpace='rgb', contrast=None, depth=-4.0, fillColor=array([-1.    ,  0.0039, -1.    ]), fillColorSpace='rgb', fillRGB=array([-1.    ,  0.0039, -1.    ]), interpolate=True, lineColor=array([-1.    ,  0.0039, -1.    ]), lineColorSpace='rgb', lineRGB=array([-1.    ,  0.0039, -1.    ]), lineWidth=1.0, name='Left_6', opacity=1.0, ori=0.0, pos=array([-550.,    0.]), size=array([150., 150.]), units='pix', vertices=ndarray(...), win=Window(...), windingRule=None)
15.7262 	EXP 	Created polygon_2 = Rect(__class__=<class 'psychopy.visual.rect.Rect'>, anchor=('left', 'center'), autoDraw=False, autoLog=True, closeShape=True, color=method-wrapper(...), colorSpace='rgb', contrast=None, depth=-1.0, fillColor=array([0.00392157, 0.00392157, 0.00392157]), fillColorSpace='rgb', fillRGB=array([0.00392157, 0.00392157, 0.00392157]), interpolate=True, lineColor=array([1., 1., 1.]), lineColorSpace='rgb', lineRGB=array([1, 1, 1]), lineWidth=1.0, name='polygon_2', opacity=1.0, ori=45.0, pos=array([0.1275, 0.1275]), size=array([0.255, 0.255]), units='height', vertices=ndarray(...), win=Window(...))
15.7371 	EXP 	Created circle_2 = Polygon(__class__=<class 'psychopy.visual.polygon.Polygon'>, anchor=('center', 'center'), autoDraw=False, autoLog=True, closeShape=True, color=method-wrapper(...), colorSpace='rgb', contrast=None, depth=-3.0, fillColor=array([-1, -1, -1]), fillColorSpace='rgb', fillRGB=array([-1, -1, -1]), interpolate=True, lineColor=array([-1., -1., -1.]), lineColorSpace='rgb', lineRGB=array([-1, -1, -1]), lineWidth=10.0, name='circle_2', opacity=1.0, ori=0.0, pos=array([0., 0.]), size=array([0.6, 0.6]), units='height', vertices=ndarray(...), win=Window(...))
15.7386 	EXP 	Created dots_43 = DotStim(__class__=<class 'psychopy.visual.dot.DotStim'>, autoLog=True, coherence=0.0, color=array([1., 1., 1.]), colorSpace='rgb', contrast=1.0, depth=-4.0, dir=0.0, dotLife=-1.0, dotSize=15.0, element=None, fieldAnchor=UNKNOWN, fieldPos=array([0., 0.]), fieldShape='circle', fieldSize=array([0.5, 0.5]), nDots=43, name='dots_43', noiseDots='walk', opacity=1.0, rgb=UNKNOWN, signalDots='same', speed=0.0, units='height', win=Window(...))
15.7400 	EXP 	Created dots_57 = DotStim(__class__=<class 'psychopy.visual.dot.DotStim'>, autoLog=True, coherence=0.0, color=array([1., 1., 1.]), colorSpace='rgb', contrast=1.0, depth=-5.0, dir=0.0, dotLife=-1.0, dotSize=15.0, element=None, fieldAnchor=UNKNOWN, fieldPos=array([0., 0.]), fieldShape='circle', fieldSize=array([0.5, 0.5]), nDots=57, name='dots_57', noiseDots='walk', opacity=1.0, rgb=UNKNOWN, signalDots='same', speed=0.0, units='height', win=Window(...))
15.7427 	EXP 	Created Right_3 = ShapeStim(__class__=<class 'psychopy.visual.shape.ShapeStim'>, anchor=('center', 'center'), autoDraw=False, autoLog=True, closeShape=True, color=method-wrapper(...), colorSpace='rgb', contrast=None, depth=-7.0, fillColor=array([ 1., -1., -1.]), fillColorSpace='rgb', fillRGB=array([ 1., -1., -1.]), interpolate=True, lineColor=array([ 1., -1., -1.]), lineColorSpace='rgb', lineRGB=array([ 1., -1., -1.]), lineWidth=1.0, name='Right_3', opacity=1.0, ori=0.0, pos=array([550.,   0.]), size=array([150., 150.]), units='pix', vertices=ndarray(...), win=Window(...), windingRule=None)
15.7454 	EXP 	Created Left_3 = ShapeStim(__class__=<class 'psychopy.visual.shape.ShapeStim'>, anchor=('center', 'center'), autoDraw=False, autoLog=True, closeShape=True, color=method-wrapper(...), colorSpace='rgb', contrast=None, depth=-8.0, fillColor=array([-1.    ,  0.0039, -1.    ]), fillColorSpace='rgb', fillRGB=array([-1.    ,  0.0039, -1.    ]), interpolate=True, lineColor=array([-1.    ,  0.0039, -1.    ]), lineColorSpace='rgb', lineRGB=array([-1.    ,  0.0039, -1.    ]), lineWidth=1.0, name='Left_3', opacity=1.0, ori=0.0, pos=array([-550.,    0.]), size=array([150., 150.]), units='pix', vertices=ndarray(...), win=Window(...), windingRule=None)
15.7464 	EXP 	Created text_6 = TextStim(__class__=<class 'psychopy.visual.text.TextStim'>, alignHoriz=method-wrapper(...), alignText='center', alignVert=method-wrapper(...), anchorHoriz='center', anchorVert='center', antialias=True, autoDraw=False, autoLog=True, bold=False, color=array([1., 1., 1.]), colorSpace='rgb', contrast=1.0, depth=0.0, flipHoriz=False, flipVert=False, font='Open Sans', fontFiles=[], height=0.05, italic=False, languageStyle='LTR', name='text_6', opacity=1.0, ori=0.0, pos=array([0., 0.]), rgb=UNKNOWN, text='', units='height', win=Window(...), wrapWidth=1)
15.7495 	EXP 	Created fix_4 = TextStim(__class__=<class 'psychopy.visual.text.TextStim'>, alignHoriz=method-wrapper(...), alignText='center', alignVert=method-wrapper(...), anchorHoriz='center', anchorVert='center', antialias=True, autoDraw=False, autoLog=True, bold=False, color=array([1., 1., 1.]), colorSpace='rgb', contrast=1.0, depth=0.0, flipHoriz=False, flipVert=False, font='Open Sans', fontFiles=[], height=0.1, italic=False, languageStyle='LTR', name='fix_4', opacity=1.0, ori=0.0, pos=array([0., 0.]), rgb=UNKNOWN, text='+\n5446', units='height', win=Window(...), wrapWidth=1)
15.7663 	EXP 	Created image_3 = ImageStim(__class__=<class 'psychopy.visual.image.ImageStim'>, anchor=('center', 'center'), autoLog=True, color=array([1., 1., 1.]), colorSpace='rgb', contrast=1.0, depth=0.0, flipHoriz=False, flipVert=False, image='default.png', interpolate=True, mask=None, maskParams=None, name='image_3', opacity=1.0, ori=0.0, pos=array([0., 0.]), size=array([1.92, 1.08]), texRes=128.0, units='height', win=Window(...))
15.7773 	EXP 	Created circle_7 = Polygon(__class__=<class 'psychopy.visual.polygon.Polygon'>, anchor=('center', 'center'), autoDraw=False, autoLog=True, closeShape=True, color=method-wrapper(...), colorSpace='rgb', contrast=None, depth=-1.0, fillColor=array([-1, -1, -1]), fillColorSpace='rgb', fillRGB=array([-1, -1, -1]), interpolate=True, lineColor=array([-1., -1., -1.]), lineColorSpace='rgb', lineRGB=array([-1, -1, -1]), lineWidth=10.0, name='circle_7', opacity=1.0, ori=0.0, pos=array([0., 0.]), size=array([0.6, 0.6]), units='height', vertices=ndarray(...), win=Window(...))
15.7796 	EXP 	Created fix_7 = TextStim(__class__=<class 'psychopy.visual.text.TextStim'>, alignHoriz=method-wrapper(...), alignText='center', alignVert=method-wrapper(...), anchorHoriz='center', anchorVert='center', antialias=True, autoDraw=False, autoLog=True, bold=False, color=array([1., 1., 1.]), colorSpace='rgb', contrast=1.0, depth=-2.0, flipHoriz=False, flipVert=False, font='Open Sans', fontFiles=[], height=0.1, italic=False, languageStyle='LTR', name='fix_7', opacity=1.0, ori=0.0, pos=array([0., 0.]), rgb=UNKNOWN, text='+', units='height', win=Window(...), wrapWidth=1)
15.7824 	EXP 	Created Right_7 = ShapeStim(__class__=<class 'psychopy.visual.shape.ShapeStim'>, anchor=('center', 'center'), autoDraw=False, autoLog=True, closeShape=True, color=method-wrapper(...), colorSpace='rgb', contrast=None, depth=-3.0, fillColor=array([ 1., -1., -1.]), fillColorSpace='rgb', fillRGB=array([ 1., -1., -1.]), interpolate=True, lineColor=array([ 1., -1., -1.]), lineColorSpace='rgb', lineRGB=array([ 1., -1., -1.]), lineWidth=1.0, name='Right_7', opacity=1.0, ori=0.0, pos=array([550.,   0.]), size=array([150., 150.]), units='pix', vertices=ndarray(...), win=Window(...), windingRule=None)
15.7850 	EXP 	Created Left_7 = ShapeStim(__class__=<class 'psychopy.visual.shape.ShapeStim'>, anchor=('center', 'center'), autoDraw=False, autoLog=True, closeShape=True, color=method-wrapper(...), colorSpace='rgb', contrast=None, depth=-4.0, fillColor=array([-1.    ,  0.0039, -1.    ]), fillColorSpace='rgb', fillRGB=array([-1.    ,  0.0039, -1.    ]), interpolate=True, lineColor=array([-1.    ,  0.0039, -1.    ]), lineColorSpace='rgb', lineRGB=array([-1.    ,  0.0039, -1.    ]), lineWidth=1.0, name='Left_7', opacity=1.0, ori=0.0, pos=array([-550.,    0.]), size=array([150., 150.]), units='pix', vertices=ndarray(...), win=Window(...), windingRule=None)
15.7867 	EXP 	Created polygon_3 = Rect(__class__=<class 'psychopy.visual.rect.Rect'>, anchor=('left', 'center'), autoDraw=False, autoLog=True, closeShape=True, color=method-wrapper(...), colorSpace='rgb', contrast=None, depth=-1.0, fillColor=array([0.00392157, 0.00392157, 0.00392157]), fillColorSpace='rgb', fillRGB=array([0.00392157, 0.00392157, 0.00392157]), interpolate=True, lineColor=array([1., 1., 1.]), lineColorSpace='rgb', lineRGB=array([1, 1, 1]), lineWidth=1.0, name='polygon_3', opacity=1.0, ori=45.0, pos=array([0.1275, 0.1275]), size=array([0.255, 0.255]), units='height', vertices=ndarray(...), win=Window(...))
15.7976 	EXP 	Created circle_3 = Polygon(__class__=<class 'psychopy.visual.polygon.Polygon'>, anchor=('center', 'center'), autoDraw=False, autoLog=True, closeShape=True, color=method-wrapper(...), colorSpace='rgb', contrast=None, depth=-3.0, fillColor=array([-1, -1, -1]), fillColorSpace='rgb', fillRGB=array([-1, -1, -1]), interpolate=True, lineColor=array([-1., -1., -1.]), lineColorSpace='rgb', lineRGB=array([-1, -1, -1]), lineWidth=10.0, name='circle_3', opacity=1.0, ori=0.0, pos=array([0., 0.]), size=array([0.6, 0.6]), units='height', vertices=ndarray(...), win=Window(...))
15.7992 	EXP 	Created dots_46 = DotStim(__class__=<class 'psychopy.visual.dot.DotStim'>, autoLog=True, coherence=0.0, color=array([1., 1., 1.]), colorSpace='rgb', contrast=1.0, depth=-4.0, dir=0.0, dotLife=-1.0, dotSize=15.0, element=None, fieldAnchor=UNKNOWN, fieldPos=array([0., 0.]), fieldShape='circle', fieldSize=array([0.5, 0.5]), nDots=46, name='dots_46', noiseDots='walk', opacity=1.0, rgb=UNKNOWN, signalDots='same', speed=0.0, units='height', win=Window(...))
15.8006 	EXP 	Created dots_54 = DotStim(__class__=<class 'psychopy.visual.dot.DotStim'>, autoLog=True, coherence=0.0, color=array([1., 1., 1.]), colorSpace='rgb', contrast=1.0, depth=-5.0, dir=0.0, dotLife=-1.0, dotSize=15.0, element=None, fieldAnchor=UNKNOWN, fieldPos=array([0., 0.]), fieldShape='circle', fieldSize=array([0.5, 0.5]), nDots=54, name='dots_54', noiseDots='walk', opacity=1.0, rgb=UNKNOWN, signalDots='same', speed=0.0, units='height', win=Window(...))
15.8034 	EXP 	Created Left_4 = ShapeStim(__class__=<class 'psychopy.visual.shape.ShapeStim'>, anchor=('center', 'center'), autoDraw=False, autoLog=True, closeShape=True, color=method-wrapper(...), colorSpace='rgb', contrast=None, depth=-7.0, fillColor=array([-1.    ,  0.0039, -1.    ]), fillColorSpace='rgb', fillRGB=array([-1.    ,  0.0039, -1.    ]), interpolate=True, lineColor=array([-1.    ,  0.0039, -1.    ]), lineColorSpace='rgb', lineRGB=array([-1.    ,  0.0039, -1.    ]), lineWidth=1.0, name='Left_4', opacity=1.0, ori=0.0, pos=array([-550.,    0.]), size=array([150., 150.]), units='pix', vertices=ndarray(...), win=Window(...), windingRule=None)
15.8060 	EXP 	Created Right_4 = ShapeStim(__class__=<class 'psychopy.visual.shape.ShapeStim'>, anchor=('center', 'center'), autoDraw=False, autoLog=True, closeShape=True, color=method-wrapper(...), colorSpace='rgb', contrast=None, depth=-8.0, fillColor=array([ 1., -1., -1.]), fillColorSpace='rgb', fillRGB=array([ 1., -1., -1.]), interpolate=True, lineColor=array([ 1., -1., -1.]), lineColorSpace='rgb', lineRGB=array([ 1., -1., -1.]), lineWidth=1.0, name='Right_4', opacity=1.0, ori=0.0, pos=array([550.,   0.]), size=array([150., 150.]), units='pix', vertices=ndarray(...), win=Window(...), windingRule=None)
15.8070 	EXP 	Created text_7 = TextStim(__class__=<class 'psychopy.visual.text.TextStim'>, alignHoriz=method-wrapper(...), alignText='center', alignVert=method-wrapper(...), anchorHoriz='center', anchorVert='center', antialias=True, autoDraw=False, autoLog=True, bold=False, color=array([1., 1., 1.]), colorSpace='rgb', contrast=1.0, depth=0.0, flipHoriz=False, flipVert=False, font='Open Sans', fontFiles=[], height=0.05, italic=False, languageStyle='LTR', name='text_7', opacity=1.0, ori=0.0, pos=array([0., 0.]), rgb=UNKNOWN, text='', units='height', win=Window(...), wrapWidth=1)
15.8131 	EXP 	Created fix_5 = TextStim(__class__=<class 'psychopy.visual.text.TextStim'>, alignHoriz=method-wrapper(...), alignText='center', alignVert=method-wrapper(...), anchorHoriz='center', anchorVert='center', antialias=True, autoDraw=False, autoLog=True, bold=False, color=array([1., 1., 1.]), colorSpace='rgb', contrast=1.0, depth=0.0, flipHoriz=False, flipVert=False, font='Open Sans', fontFiles=[], height=0.1, italic=False, languageStyle='LTR', name='fix_5', opacity=1.0, ori=0.0, pos=array([0., 0.]), rgb=UNKNOWN, text='+\n5149', units='height', win=Window(...), wrapWidth=1)
15.8237 	EXP 	Created image_4 = ImageStim(__class__=<class 'psychopy.visual.image.ImageStim'>, anchor=('center', 'center'), autoLog=True, color=array([1., 1., 1.]), colorSpace='rgb', contrast=1.0, depth=0.0, flipHoriz=False, flipVert=False, image='default.png', interpolate=True, mask=None, maskParams=None, name='image_4', opacity=1.0, ori=0.0, pos=array([0., 0.]), size=array([1.92, 1.08]), texRes=128.0, units='height', win=Window(...))
15.8347 	EXP 	Created circle_8 = Polygon(__class__=<class 'psychopy.visual.polygon.Polygon'>, anchor=('center', 'center'), autoDraw=False, autoLog=True, closeShape=True, color=method-wrapper(...), colorSpace='rgb', contrast=None, depth=-1.0, fillColor=array([-1, -1, -1]), fillColorSpace='rgb', fillRGB=array([-1, -1, -1]), interpolate=True, lineColor=array([-1., -1., -1.]), lineColorSpace='rgb', lineRGB=array([-1, -1, -1]), lineWidth=10.0, name='circle_8', opacity=1.0, ori=0.0, pos=array([0., 0.]), size=array([0.6, 0.6]), units='height', vertices=ndarray(...), win=Window(...))
15.8370 	EXP 	Created fix_8 = TextStim(__class__=<class 'psychopy.visual.text.TextStim'>, alignHoriz=method-wrapper(...), alignText='center', alignVert=method-wrapper(...), anchorHoriz='center', anchorVert='center', antialias=True, autoDraw=False, autoLog=True, bold=False, color=array([1., 1., 1.]), colorSpace='rgb', contrast=1.0, depth=-2.0, flipHoriz=False, flipVert=False, font='Open Sans', fontFiles=[], height=0.1, italic=False, languageStyle='LTR', name='fix_8', opacity=1.0, ori=0.0, pos=array([0., 0.]), rgb=UNKNOWN, text='+', units='height', win=Window(...), wrapWidth=1)
15.8398 	EXP 	Created Right_8 = ShapeStim(__class__=<class 'psychopy.visual.shape.ShapeStim'>, anchor=('center', 'center'), autoDraw=False, autoLog=True, closeShape=True, color=method-wrapper(...), colorSpace='rgb', contrast=None, depth=-3.0, fillColor=array([ 1., -1., -1.]), fillColorSpace='rgb', fillRGB=array([ 1., -1., -1.]), interpolate=True, lineColor=array([ 1., -1., -1.]), lineColorSpace='rgb', lineRGB=array([ 1., -1., -1.]), lineWidth=1.0, name='Right_8', opacity=1.0, ori=0.0, pos=array([550.,   0.]), size=array([150., 150.]), units='pix', vertices=ndarray(...), win=Window(...), windingRule=None)
15.8425 	EXP 	Created Left_8 = ShapeStim(__class__=<class 'psychopy.visual.shape.ShapeStim'>, anchor=('center', 'center'), autoDraw=False, autoLog=True, closeShape=True, color=method-wrapper(...), colorSpace='rgb', contrast=None, depth=-4.0, fillColor=array([-1.    ,  0.0039, -1.    ]), fillColorSpace='rgb', fillRGB=array([-1.    ,  0.0039, -1.    ]), interpolate=True, lineColor=array([-1.    ,  0.0039, -1.    ]), lineColorSpace='rgb', lineRGB=array([-1.    ,  0.0039, -1.    ]), lineWidth=1.0, name='Left_8', opacity=1.0, ori=0.0, pos=array([-550.,    0.]), size=array([150., 150.]), units='pix', vertices=ndarray(...), win=Window(...), windingRule=None)
15.8533 	EXP 	Created circle_5 = Polygon(__class__=<class 'psychopy.visual.polygon.Polygon'>, anchor=('center', 'center'), autoDraw=False, autoLog=True, closeShape=True, color=method-wrapper(...), colorSpace='rgb', contrast=None, depth=-2.0, fillColor=array([-1, -1, -1]), fillColorSpace='rgb', fillRGB=array([-1, -1, -1]), interpolate=True, lineColor=array([-1., -1., -1.]), lineColorSpace='rgb', lineRGB=array([-1, -1, -1]), lineWidth=10.0, name='circle_5', opacity=1.0, ori=0.0, pos=array([0., 0.]), size=array([0.6, 0.6]), units='height', vertices=ndarray(...), win=Window(...))
15.8548 	EXP 	Created dots_49 = DotStim(__class__=<class 'psychopy.visual.dot.DotStim'>, autoLog=True, coherence=0.0, color=array([1., 1., 1.]), colorSpace='rgb', contrast=1.0, depth=-3.0, dir=0.0, dotLife=-1.0, dotSize=15.0, element=None, fieldAnchor=UNKNOWN, fieldPos=array([0., 0.]), fieldShape='circle', fieldSize=array([0.5, 0.5]), nDots=49, name='dots_49', noiseDots='walk', opacity=1.0, rgb=UNKNOWN, signalDots='same', speed=0.0, units='height', win=Window(...))
15.8562 	EXP 	Created dots_51 = DotStim(__class__=<class 'psychopy.visual.dot.DotStim'>, autoLog=True, coherence=0.0, color=array([1., 1., 1.]), colorSpace='rgb', contrast=1.0, depth=-4.0, dir=0.0, dotLife=-1.0, dotSize=15.0, element=None, fieldAnchor=UNKNOWN, fieldPos=array([0., 0.]), fieldShape='circle', fieldSize=array([0.5, 0.5]), nDots=51, name='dots_51', noiseDots='walk', opacity=1.0, rgb=UNKNOWN, signalDots='same', speed=0.0, units='height', win=Window(...))
15.8591 	EXP 	Created Left_5 = ShapeStim(__class__=<class 'psychopy.visual.shape.ShapeStim'>, anchor=('center', 'center'), autoDraw=False, autoLog=True, closeShape=True, color=method-wrapper(...), colorSpace='rgb', contrast=None, depth=-6.0, fillColor=array([-1.    ,  0.0039, -1.    ]), fillColorSpace='rgb', fillRGB=array([-1.    ,  0.0039, -1.    ]), interpolate=True, lineColor=array([-1.    ,  0.0039, -1.    ]), lineColorSpace='rgb', lineRGB=array([-1.    ,  0.0039, -1.    ]), lineWidth=1.0, name='Left_5', opacity=1.0, ori=0.0, pos=array([-550.,    0.]), size=array([150., 150.]), units='pix', vertices=ndarray(...), win=Window(...), windingRule=None)
15.8617 	EXP 	Created Right_5 = ShapeStim(__class__=<class 'psychopy.visual.shape.ShapeStim'>, anchor=('center', 'center'), autoDraw=False, autoLog=True, closeShape=True, color=method-wrapper(...), colorSpace='rgb', contrast=None, depth=-7.0, fillColor=array([ 1., -1., -1.]), fillColorSpace='rgb', fillRGB=array([ 1., -1., -1.]), interpolate=True, lineColor=array([ 1., -1., -1.]), lineColorSpace='rgb', lineRGB=array([ 1., -1., -1.]), lineWidth=1.0, name='Right_5', opacity=1.0, ori=0.0, pos=array([550.,   0.]), size=array([150., 150.]), units='pix', vertices=ndarray(...), win=Window(...), windingRule=None)
15.8627 	EXP 	Created text_8 = TextStim(__class__=<class 'psychopy.visual.text.TextStim'>, alignHoriz=method-wrapper(...), alignText='center', alignVert=method-wrapper(...), anchorHoriz='center', anchorVert='center', antialias=True, autoDraw=False, autoLog=True, bold=False, color=array([1., 1., 1.]), colorSpace='rgb', contrast=1.0, depth=0.0, flipHoriz=False, flipVert=False, font='Open Sans', fontFiles=[], height=0.05, italic=False, languageStyle='LTR', name='text_8', opacity=1.0, ori=0.0, pos=array([0., 0.]), rgb=UNKNOWN, text='', units='height', win=Window(...), wrapWidth=1)
15.8664 	EXP 	Created text_2 = TextStim(__class__=<class 'psychopy.visual.text.TextStim'>, alignHoriz=method-wrapper(...), alignText='center', alignVert=method-wrapper(...), anchorHoriz='center', anchorVert='center', antialias=True, autoDraw=False, autoLog=True, bold=False, color=array([1., 1., 1.]), colorSpace='rgb', contrast=1.0, depth=0.0, flipHoriz=False, flipVert=False, font='Open Sans', fontFiles=[], height=0.05, italic=False, languageStyle='LTR', name='text_2', opacity=1.0, ori=0.0, pos=array([0., 0.]), rgb=UNKNOWN, text='0', units='height', win=Window(...), wrapWidth=1)
15.8724 	EXP 	Created text_5 = TextStim(__class__=<class 'psychopy.visual.text.TextStim'>, alignHoriz=method-wrapper(...), alignText='center', alignVert=method-wrapper(...), anchorHoriz='center', anchorVert='center', antialias=True, autoDraw=False, autoLog=True, bold=False, color=array([1., 1., 1.]), colorSpace='rgb', contrast=1.0, depth=-2.0, flipHoriz=False, flipVert=False, font='Open Sans', fontFiles=[], height=0.05, italic=False, languageStyle='LTR', name='text_5', opacity=1.0, ori=0.0, pos=array([0. , 0.1]), rgb=UNKNOWN, text='Your total score is: ', units='height', win=Window(...), wrapWidth=1)
15.8786 	EXP 	movie: autoLog = True
15.8786 	EXP 	movie_2: autoLog = True
15.8786 	EXP 	movie_3: autoLog = True
15.8786 	EXP 	movie_4: autoLog = True
15.8786 	EXP 	text: autoDraw = True
16.8701 	EXP 	Created sequence: random, trialTypes=1, nReps=1, seed=None
16.8706 	EXP 	New trial (rep=0, index=0): None
16.8874 	EXP 	Imported Rewa_Sequence_2.5s, 2.0s.xlsx as conditions, 4 conditions, 5 params
16.8882 	EXP 	Created sequence: random, trialTypes=4, nReps=1, seed=None
16.8887 	EXP 	New trial (rep=0, index=0): {'Countdown': 'Countdown_2.5s.mp4', 'color1': 'green', 'color2': 'red', 'correct': 'left', 'screenshot': 'Countdown_2.5s.jpg'}
17.1577 	EXP 	Imported Rewa_Sequence_2.5s, 2.0s.xlsx as conditions, 4 conditions, 5 params
17.1581 	EXP 	Created sequence: random, trialTypes=4, nReps=1, seed=None
17.1584 	EXP 	New trial (rep=0, index=0): {'Countdown': 'Countdown_2s.mp4', 'color1': 'red', 'color2': 'green', 'correct': 'right', 'screenshot': 'Countdown_2s.jpg'}
17.3982 	EXP 	Imported Rewa_Sequence_2.5s, 2.0s.xlsx as conditions, 4 conditions, 5 params
17.3986 	EXP 	Created sequence: random, trialTypes=4, nReps=1, seed=None
17.3989 	EXP 	New trial (rep=0, index=0): {'Countdown': 'Countdown_2s.mp4', 'color1': 'red', 'color2': 'green', 'correct': 'right', 'screenshot': 'Countdown_2s.jpg'}
17.4041 	EXP 	text: autoDraw = False
17.4041 	EXP 	text: autoDraw = False
17.4041 	EXP 	fix: autoDraw = False
17.4041 	EXP 	image: image = 'Countdown_2.5s.jpg'
17.4041 	EXP 	image: autoDraw = False
17.4041 	EXP 	circle_4: autoDraw = False
17.4041 	EXP 	fix_2: autoDraw = False
17.4041 	EXP 	Right_2: autoDraw = False
17.4041 	EXP 	Left_2: autoDraw = False
17.4041 	EXP 	dots_60: foreColor = <psychopy.colors.Color: green, alpha=1.0>
17.4041 	EXP 	dots_40: foreColor = <psychopy.colors.Color: red, alpha=1.0>
17.4041 	EXP 	polygon: autoDraw = False
17.4041 	EXP 	movie: autoDraw = False
17.4041 	EXP 	circle: autoDraw = False
17.4041 	EXP 	dots_60: autoDraw = False
17.4041 	EXP 	dots_40: autoDraw = False
17.4041 	EXP 	Right: autoDraw = False
17.4041 	EXP 	Left: autoDraw = False
17.4041 	EXP 	text_3: height = 0.05
17.4041 	EXP 	text_3: height = 0.05
17.4041 	EXP 	text_3: height = 0.05
17.4041 	EXP 	text_3: text = 0
17.4041 	EXP 	text_3: autoDraw = False
17.4041 	EXP 	fix_3: autoDraw = False
17.4041 	EXP 	image_2: image = 'Countdown_2s.jpg'
17.4041 	EXP 	image_2: autoDraw = False
17.4041 	EXP 	circle_6: autoDraw = False
17.4041 	EXP 	fix_6: autoDraw = False
17.4041 	EXP 	Right_6: autoDraw = False
17.4041 	EXP 	Left_6: autoDraw = False
17.4041 	EXP 	dots_43: foreColor = <psychopy.colors.Color: green, alpha=1.0>
17.4041 	EXP 	dots_57: foreColor = <psychopy.colors.Color: red, alpha=1.0>
17.4041 	EXP 	polygon_2: autoDraw = False
17.4041 	EXP 	movie_2: autoDraw = False
17.4041 	EXP 	circle_2: autoDraw = False
17.4041 	EXP 	dots_43: autoDraw = False
17.4041 	EXP 	dots_57: autoDraw = False
17.4041 	EXP 	Right_3: autoDraw = False
17.4041 	EXP 	Left_3: autoDraw = False
17.4041 	EXP 	text_6: height = 0.05
17.4041 	EXP 	text_6: height = 0.05
17.4041 	EXP 	text_6: height = 0.05
17.4041 	EXP 	text_6: text = 0
17.4041 	EXP 	text_6: autoDraw = False
17.4041 	EXP 	fix_4: autoDraw = True
18.9664 	EXP 	fix_4: autoDraw = False
18.9664 	EXP 	image_3: image = 'Countdown_2s.jpg'
18.9664 	EXP 	image_3: autoDraw = True
18.9664 	EXP 	circle_7: autoDraw = True
18.9664 	EXP 	fix_7: autoDraw = True
18.9664 	EXP 	Right_7: autoDraw = True
18.9664 	EXP 	Left_7: autoDraw = True
20.0426 	EXP 	image_3: autoDraw = False
20.0426 	EXP 	circle_7: autoDraw = False
20.0426 	EXP 	fix_7: autoDraw = False
20.0426 	EXP 	Right_7: autoDraw = False
20.0426 	EXP 	Left_7: autoDraw = False
20.0426 	EXP 	dots_46: foreColor = <psychopy.colors.Color: green, alpha=1.0>
20.0426 	EXP 	dots_54: foreColor = <psychopy.colors.Color: red, alpha=1.0>
20.0426 	EXP 	polygon_3: autoDraw = True
20.0426 	EXP 	movie_3: autoDraw = True
20.0426 	EXP 	circle_3: autoDraw = True
20.0426 	EXP 	dots_46: autoDraw = True
20.0426 	EXP 	dots_54: autoDraw = True
20.0426 	EXP 	Left_4: autoDraw = True
20.0426 	EXP 	Right_4: autoDraw = True
21.0562 	EXP 	polygon_3: autoDraw = False
22.1292 	EXP 	polygon_3: autoDraw = False
22.1292 	EXP 	movie_3: autoDraw = False
22.1292 	EXP 	circle_3: autoDraw = False
22.1292 	EXP 	dots_46: autoDraw = False
22.1292 	EXP 	dots_54: autoDraw = False
22.1292 	EXP 	Left_4: autoDraw = False
22.1292 	EXP 	Right_4: autoDraw = False
22.1292 	EXP 	text_7: height = 0.05
22.1292 	EXP 	text_7: height = 0.05
22.1292 	EXP 	text_7: height = 0.05
22.1292 	EXP 	text_7: text = 'Too late -2'
22.1292 	EXP 	text_7: autoDraw = True
23.1191 	EXP 	New trial (rep=0, index=1): {'Countdown': 'Countdown_2.5s.mp4', 'color1': 'green', 'color2': 'red', 'correct': 'left', 'screenshot': 'Countdown_2.5s.jpg'}
23.1343 	EXP 	text_7: autoDraw = False
23.1343 	EXP 	text_7: autoDraw = False
23.1343 	EXP 	fix_4: autoDraw = True
24.6398 	EXP 	fix_4: autoDraw = False
24.6398 	EXP 	fix_4: autoDraw = False
24.6398 	EXP 	image_3: image = 'Countdown_2.5s.jpg'
24.6398 	EXP 	image_3: autoDraw = True
24.6398 	EXP 	circle_7: autoDraw = True
24.6398 	EXP 	fix_7: autoDraw = True
24.6398 	EXP 	Right_7: autoDraw = True
24.6398 	EXP 	Left_7: autoDraw = True
25.9035 	EXP 	image_3: autoDraw = False
25.9035 	EXP 	circle_7: autoDraw = False
25.9035 	EXP 	fix_7: autoDraw = False
25.9035 	EXP 	Right_7: autoDraw = False
25.9035 	EXP 	Left_7: autoDraw = False
25.9035 	EXP 	dots_46: foreColor = <psychopy.colors.Color: red, alpha=1.0>
25.9035 	EXP 	dots_54: foreColor = <psychopy.colors.Color: green, alpha=1.0>
25.9035 	EXP 	polygon_3: autoDraw = True
25.9035 	EXP 	movie_3: autoDraw = True
25.9035 	EXP 	circle_3: autoDraw = True
25.9035 	EXP 	dots_46: autoDraw = True
25.9035 	EXP 	dots_54: autoDraw = True
25.9035 	EXP 	Left_4: autoDraw = True
25.9035 	EXP 	Right_4: autoDraw = True
26.9065 	EXP 	polygon_3: autoDraw = False
28.5970 	EXP 	polygon_3: autoDraw = False
28.5970 	EXP 	movie_3: autoDraw = False
28.5970 	EXP 	circle_3: autoDraw = False
28.5970 	EXP 	dots_46: autoDraw = False
28.5970 	EXP 	dots_54: autoDraw = False
28.5970 	EXP 	Left_4: autoDraw = False
28.5970 	EXP 	Right_4: autoDraw = False
28.5970 	EXP 	text_7: text = 'Too late -2'
28.5970 	EXP 	text_7: autoDraw = True
29.5858 	EXP 	New trial (rep=0, index=2): {'Countdown': 'Countdown_2s.mp4', 'color1': 'green', 'color2': 'red', 'correct': 'left', 'screenshot': 'Countdown_2s.jpg'}
29.6009 	EXP 	text_7: autoDraw = False
29.6009 	EXP 	text_7: autoDraw = False
29.6009 	EXP 	fix_4: autoDraw = True
31.1152 	EXP 	fix_4: autoDraw = False
31.1152 	EXP 	fix_4: autoDraw = False
31.1152 	EXP 	image_3: image = 'Countdown_2s.jpg'
31.1152 	EXP 	image_3: autoDraw = True
31.1152 	EXP 	circle_7: autoDraw = True
31.1152 	EXP 	fix_7: autoDraw = True
31.1152 	EXP 	Right_7: autoDraw = True
31.1152 	EXP 	Left_7: autoDraw = True
32.4553 	EXP 	image_3: autoDraw = False
32.4553 	EXP 	circle_7: autoDraw = False
32.4553 	EXP 	fix_7: autoDraw = False
32.4553 	EXP 	Right_7: autoDraw = False
32.4553 	EXP 	Left_7: autoDraw = False
32.4553 	EXP 	dots_46: foreColor = <psychopy.colors.Color: red, alpha=1.0>
32.4553 	EXP 	dots_54: foreColor = <psychopy.colors.Color: green, alpha=1.0>
32.4553 	EXP 	polygon_3: autoDraw = True
32.4553 	EXP 	movie_3: autoDraw = True
32.4553 	EXP 	circle_3: autoDraw = True
32.4553 	EXP 	dots_46: autoDraw = True
32.4553 	EXP 	dots_54: autoDraw = True
32.4553 	EXP 	Left_4: autoDraw = True
32.4553 	EXP 	Right_4: autoDraw = True
33.4564 	EXP 	polygon_3: autoDraw = False
34.3889 	EXP 	polygon_3: autoDraw = False
34.3889 	EXP 	movie_3: autoDraw = False
34.3889 	EXP 	circle_3: autoDraw = False
34.3889 	EXP 	dots_46: autoDraw = False
34.3889 	EXP 	dots_54: autoDraw = False
34.3889 	EXP 	Left_4: autoDraw = False
34.3889 	EXP 	Right_4: autoDraw = False
34.3889 	EXP 	text_7: text = 'Too late -2'
34.3889 	EXP 	text_7: autoDraw = True
35.3847 	EXP 	New trial (rep=0, index=3): {'Countdown': 'Countdown_2.5s.mp4', 'color1': 'red', 'color2': 'green', 'correct': 'right', 'screenshot': 'Countdown_2.5s.jpg'}
35.4010 	EXP 	text_7: autoDraw = False
35.4010 	EXP 	fix_4: autoDraw = True
36.9115 	EXP 	fix_4: autoDraw = False
36.9115 	EXP 	image_3: image = 'Countdown_2.5s.jpg'
36.9115 	EXP 	image_3: autoDraw = True
36.9115 	EXP 	circle_7: autoDraw = True
36.9115 	EXP 	fix_7: autoDraw = True
36.9115 	EXP 	Right_7: autoDraw = True
36.9115 	EXP 	Left_7: autoDraw = True
38.1815 	EXP 	image_3: autoDraw = False
38.1815 	EXP 	circle_7: autoDraw = False
38.1815 	EXP 	fix_7: autoDraw = False
38.1815 	EXP 	Right_7: autoDraw = False
38.1815 	EXP 	Left_7: autoDraw = False
38.1815 	EXP 	dots_46: foreColor = <psychopy.colors.Color: green, alpha=1.0>
38.1815 	EXP 	dots_54: foreColor = <psychopy.colors.Color: red, alpha=1.0>
38.1815 	EXP 	polygon_3: autoDraw = True
38.1815 	EXP 	movie_3: autoDraw = True
38.1815 	EXP 	circle_3: autoDraw = True
38.1815 	EXP 	dots_46: autoDraw = True
38.1815 	EXP 	dots_54: autoDraw = True
38.1815 	EXP 	Left_4: autoDraw = True
38.1815 	EXP 	Right_4: autoDraw = True
39.1897 	EXP 	polygon_3: autoDraw = False
40.8764 	EXP 	polygon_3: autoDraw = False
40.8764 	EXP 	movie_3: autoDraw = False
40.8764 	EXP 	circle_3: autoDraw = False
40.8764 	EXP 	dots_46: autoDraw = False
40.8764 	EXP 	dots_54: autoDraw = False
40.8764 	EXP 	Left_4: autoDraw = False
40.8764 	EXP 	Right_4: autoDraw = False
40.8764 	EXP 	text_7: text = 'Too late -2'
40.8764 	EXP 	text_7: autoDraw = True
41.8740 	EXP 	Imported Rewa_Sequence_2.5s, 2.0s.xlsx as conditions, 4 conditions, 5 params
41.8744 	EXP 	Created sequence: random, trialTypes=4, nReps=1, seed=None
41.8746 	EXP 	New trial (rep=0, index=0): {'Countdown': 'Countdown_2.5s.mp4', 'color1': 'green', 'color2': 'red', 'correct': 'left', 'screenshot': 'Countdown_2.5s.jpg'}
41.8844 	EXP 	text_7: autoDraw = False
41.8844 	EXP 	text_7: autoDraw = False
41.8844 	EXP 	fix_5: autoDraw = True
43.3959 	EXP 	fix_5: autoDraw = False
43.3959 	EXP 	fix_5: autoDraw = False
43.3959 	EXP 	image_4: image = 'Countdown_2.5s.jpg'
43.3959 	EXP 	image_4: autoDraw = True
43.3959 	EXP 	circle_8: autoDraw = True
43.3959 	EXP 	fix_8: autoDraw = True
43.3959 	EXP 	Right_8: autoDraw = True
43.3959 	EXP 	Left_8: autoDraw = True
44.5981 	EXP 	window1: mouseVisible = True
