16.6365 	EXP 	Created window1 = Window(allowGUI=True, allowStencil=False, autoLog=True, backendConf=UNKNOWN, backgroundFit=<method-wrapper '__getattribute__' of attributeSetter object at 0x000002F622B92B50>, backgroundImage=<method-wrapper '__getattribute__' of attributeSetter object at 0x000002F622B92AF0>, bitsMode=UNKNOWN, blendMode='avg', bpc=(8, 8, 8), color=array([-1., -1., -1.]), colorSpace='rgb', depthBits=8, fullscr=<method-wrapper '__getattribute__' of attributeSetter object at 0x000002F622B92820>, gamma=None, gammaErrorPolicy='raise', lms=UNKNOWN, monitor=<psychopy.monitors.calibTools.Monitor object at 0x000002F628C41610>, multiSample=False, name='window1', numSamples=2, pos=(0, 0), screen=0, size=array([1920, 1080]), stencilBits=0, stereo=False, units='height', useFBO=True, useRetina=False, viewOri=0.0, viewPos=None, viewScale=None, waitBlanking=True, winType='pyglet')
16.6367 	EXP 	window1: mouseVisible = True
16.6368 	EXP 	window1: backgroundImage = ''
16.6368 	EXP 	window1: backgroundFit = 'none'
16.6370 	EXP 	window1: mouseVisible = False
16.6370 	EXP 	window1: Attempting to measure frame rate of screen (0) ...
16.6371 	EXP 	window1: recordFrameIntervals = False
16.8018 	EXP 	window1: recordFrameIntervals = True
16.9854 	EXP 	Screen (0) actual frame rate measured at 60.01Hz
16.9855 	EXP 	window1: recordFrameIntervals = False
19.2664 	EXP 	Created text_g = TextStim(__class__=<class 'psychopy.visual.text.TextStim'>, alignHoriz=method-wrapper(...), alignText='center', alignVert=method-wrapper(...), anchorHoriz='center', anchorVert='center', antialias=True, autoDraw=False, autoLog=True, bold=False, color=array([1., 1., 1.]), colorSpace='rgb', contrast=1.0, depth=0.0, flipHoriz=False, flipVert=False, font='Arial', fontFiles=[], height=0.04, italic=False, languageStyle='LTR', name='text_g', opacity=1.0, ori=0.0, pos=array([0., 0.]), rgb=UNKNOWN, text=str(...), units='height', win=Window(...), wrapWidth=1)
19.2908 	EXP 	Created text = TextStim(__class__=<class 'psychopy.visual.text.TextStim'>, alignHoriz=method-wrapper(...), alignText='center', alignVert=method-wrapper(...), anchorHoriz='center', anchorVert='center', antialias=True, autoDraw=False, autoLog=True, bold=False, color=array([1., 1., 1.]), colorSpace='rgb', contrast=1.0, depth=0.0, flipHoriz=False, flipVert=False, font='Arial', fontFiles=[], height=0.04, italic=False, languageStyle='LTR', name='text', opacity=1.0, ori=0.0, pos=array([0., 0.]), rgb=UNKNOWN, text=str(...), units='height', win=Window(...), wrapWidth=1)
19.3107 	EXP 	Created text_11 = TextStim(__class__=<class 'psychopy.visual.text.TextStim'>, alignHoriz=method-wrapper(...), alignText='center', alignVert=method-wrapper(...), anchorHoriz='center', anchorVert='center', antialias=True, autoDraw=False, autoLog=True, bold=False, color=array([1., 1., 1.]), colorSpace='rgb', contrast=1.0, depth=0.0, flipHoriz=False, flipVert=False, font='Arial', fontFiles=[], height=0.04, italic=False, languageStyle='LTR', name='text_11', opacity=1.0, ori=0.0, pos=array([0., 0.]), rgb=UNKNOWN, text=str(...), units='height', win=Window(...), wrapWidth=1)
19.3156 	EXP 	Created fix = TextStim(__class__=<class 'psychopy.visual.text.TextStim'>, alignHoriz=method-wrapper(...), alignText='center', alignVert=method-wrapper(...), anchorHoriz='center', anchorVert='center', antialias=True, autoDraw=False, autoLog=True, bold=False, color=array([1., 1., 1.]), colorSpace='rgb', contrast=1.0, depth=0.0, flipHoriz=False, flipVert=False, font='Open Sans', fontFiles=[], height=0.1, italic=False, languageStyle='LTR', name='fix', opacity=1.0, ori=0.0, pos=array([0., 0.]), rgb=UNKNOWN, text='+', units='height', win=Window(...), wrapWidth=1)
19.3343 	EXP 	Created image = ImageStim(__class__=<class 'psychopy.visual.image.ImageStim'>, anchor=('center', 'center'), autoLog=True, color=array([1., 1., 1.]), colorSpace='rgb', contrast=1.0, depth=0.0, flipHoriz=False, flipVert=False, image='default.png', interpolate=True, mask=None, maskParams=None, name='image', opacity=1.0, ori=0.0, pos=array([0., 0.]), size=array([1.92, 1.08]), texRes=128.0, units='height', win=Window(...))
19.3474 	EXP 	Created circle_4 = Polygon(__class__=<class 'psychopy.visual.polygon.Polygon'>, anchor=('center', 'center'), autoDraw=False, autoLog=True, closeShape=True, color=method-wrapper(...), colorSpace='rgb', contrast=None, depth=-1.0, fillColor=array([-1, -1, -1]), fillColorSpace='rgb', fillRGB=array([-1, -1, -1]), interpolate=True, lineColor=array([-1., -1., -1.]), lineColorSpace='rgb', lineRGB=array([-1, -1, -1]), lineWidth=10.0, name='circle_4', opacity=1.0, ori=0.0, pos=array([0., 0.]), size=array([0.6, 0.6]), units='height', vertices=ndarray(...), win=Window(...))
19.3498 	EXP 	Created fix_2 = TextStim(__class__=<class 'psychopy.visual.text.TextStim'>, alignHoriz=method-wrapper(...), alignText='center', alignVert=method-wrapper(...), anchorHoriz='center', anchorVert='center', antialias=True, autoDraw=False, autoLog=True, bold=False, color=array([1., 1., 1.]), colorSpace='rgb', contrast=1.0, depth=-2.0, flipHoriz=False, flipVert=False, font='Open Sans', fontFiles=[], height=0.1, italic=False, languageStyle='LTR', name='fix_2', opacity=1.0, ori=0.0, pos=array([0., 0.]), rgb=UNKNOWN, text='+', units='height', win=Window(...), wrapWidth=1)
19.3526 	EXP 	Created Right_2 = ShapeStim(__class__=<class 'psychopy.visual.shape.ShapeStim'>, anchor=('center', 'center'), autoDraw=False, autoLog=True, closeShape=True, color=method-wrapper(...), colorSpace='rgb', contrast=None, depth=-3.0, fillColor=array([ 1., -1., -1.]), fillColorSpace='rgb', fillRGB=array([ 1., -1., -1.]), interpolate=True, lineColor=array([ 1., -1., -1.]), lineColorSpace='rgb', lineRGB=array([ 1., -1., -1.]), lineWidth=1.0, name='Right_2', opacity=1.0, ori=0.0, pos=array([550.,   0.]), size=array([150., 150.]), units='pix', vertices=ndarray(...), win=Window(...), windingRule=None)
19.3552 	EXP 	Created Left_2 = ShapeStim(__class__=<class 'psychopy.visual.shape.ShapeStim'>, anchor=('center', 'center'), autoDraw=False, autoLog=True, closeShape=True, color=method-wrapper(...), colorSpace='rgb', contrast=None, depth=-4.0, fillColor=array([-1.,  1., -1.]), fillColorSpace='rgb', fillRGB=array([-1.,  1., -1.]), interpolate=True, lineColor=array([-1.,  1., -1.]), lineColorSpace='rgb', lineRGB=array([-1.,  1., -1.]), lineWidth=1.0, name='Left_2', opacity=1.0, ori=0.0, pos=array([-550.,    0.]), size=array([150., 150.]), units='pix', vertices=ndarray(...), win=Window(...), windingRule=None)
19.3568 	EXP 	Created polygon = Rect(__class__=<class 'psychopy.visual.rect.Rect'>, anchor=('left', 'center'), autoDraw=False, autoLog=True, closeShape=True, color=method-wrapper(...), colorSpace='rgb', contrast=None, depth=-1.0, fillColor=array([0.00392157, 0.00392157, 0.00392157]), fillColorSpace='rgb', fillRGB=array([0.00392157, 0.00392157, 0.00392157]), interpolate=True, lineColor=array([1., 1., 1.]), lineColorSpace='rgb', lineRGB=array([1, 1, 1]), lineWidth=1.0, name='polygon', opacity=1.0, ori=45.0, pos=array([0.1275, 0.1275]), size=array([0.255, 0.255]), units='height', vertices=ndarray(...), win=Window(...))
19.3960 	EXP 	Created circle = Polygon(__class__=<class 'psychopy.visual.polygon.Polygon'>, anchor=('center', 'center'), autoDraw=False, autoLog=True, closeShape=True, color=method-wrapper(...), colorSpace='rgb', contrast=None, depth=-3.0, fillColor=array([-1, -1, -1]), fillColorSpace='rgb', fillRGB=array([-1, -1, -1]), interpolate=True, lineColor=array([-1., -1., -1.]), lineColorSpace='rgb', lineRGB=array([-1, -1, -1]), lineWidth=10.0, name='circle', opacity=1.0, ori=0.0, pos=array([0., 0.]), size=array([0.6, 0.6]), units='height', vertices=ndarray(...), win=Window(...))
19.3986 	EXP 	Created dots_60 = DotStim(__class__=<class 'psychopy.visual.dot.DotStim'>, autoLog=True, coherence=0.0, color=array([1., 1., 1.]), colorSpace='rgb', contrast=1.0, depth=-4.0, dir=0.0, dotLife=-1.0, dotSize=10.0, element=None, fieldAnchor=UNKNOWN, fieldPos=array([0., 0.]), fieldShape='circle', fieldSize=array([0.58, 0.58]), nDots=60, name='dots_60', noiseDots='walk', opacity=1.0, rgb=UNKNOWN, signalDots='same', speed=0.0, units='height', win=Window(...))
19.4001 	EXP 	Created dots_40 = DotStim(__class__=<class 'psychopy.visual.dot.DotStim'>, autoLog=True, coherence=0.0, color=array([1., 1., 1.]), colorSpace='rgb', contrast=1.0, depth=-5.0, dir=0.0, dotLife=-1.0, dotSize=10.0, element=None, fieldAnchor=UNKNOWN, fieldPos=array([0., 0.]), fieldShape='circle', fieldSize=array([0.58, 0.58]), nDots=40, name='dots_40', noiseDots='walk', opacity=1.0, rgb=UNKNOWN, signalDots='same', speed=0.0, units='height', win=Window(...))
19.4028 	EXP 	Created Right = ShapeStim(__class__=<class 'psychopy.visual.shape.ShapeStim'>, anchor=('center', 'center'), autoDraw=False, autoLog=True, closeShape=True, color=method-wrapper(...), colorSpace='rgb', contrast=None, depth=-7.0, fillColor=array([ 1., -1., -1.]), fillColorSpace='rgb', fillRGB=array([ 1., -1., -1.]), interpolate=True, lineColor=array([ 1., -1., -1.]), lineColorSpace='rgb', lineRGB=array([ 1., -1., -1.]), lineWidth=1.0, name='Right', opacity=1.0, ori=0.0, pos=array([550.,   0.]), size=array([150., 150.]), units='pix', vertices=ndarray(...), win=Window(...), windingRule=None)
19.4055 	EXP 	Created Left = ShapeStim(__class__=<class 'psychopy.visual.shape.ShapeStim'>, anchor=('center', 'center'), autoDraw=False, autoLog=True, closeShape=True, color=method-wrapper(...), colorSpace='rgb', contrast=None, depth=-8.0, fillColor=array([-1.,  1., -1.]), fillColorSpace='rgb', fillRGB=array([-1.,  1., -1.]), interpolate=True, lineColor=array([-1.,  1., -1.]), lineColorSpace='rgb', lineRGB=array([-1.,  1., -1.]), lineWidth=1.0, name='Left', opacity=1.0, ori=0.0, pos=array([-550.,    0.]), size=array([150., 150.]), units='pix', vertices=ndarray(...), win=Window(...), windingRule=None)
19.4072 	EXP 	Created text_3 = TextStim(__class__=<class 'psychopy.visual.text.TextStim'>, alignHoriz=method-wrapper(...), alignText='center', alignVert=method-wrapper(...), anchorHoriz='center', anchorVert='center', antialias=True, autoDraw=False, autoLog=True, bold=False, color=array([1., 1., 1.]), colorSpace='rgb', contrast=1.0, depth=0.0, flipHoriz=False, flipVert=False, font='Arial', fontFiles=[], height=0.05, italic=False, languageStyle='LTR', name='text_3', opacity=1.0, ori=0.0, pos=array([0., 0.]), rgb=UNKNOWN, text='', units='height', win=Window(...), wrapWidth=1)
19.4107 	EXP 	Created fix_3 = TextStim(__class__=<class 'psychopy.visual.text.TextStim'>, alignHoriz=method-wrapper(...), alignText='center', alignVert=method-wrapper(...), anchorHoriz='center', anchorVert='center', antialias=True, autoDraw=False, autoLog=True, bold=False, color=array([1., 1., 1.]), colorSpace='rgb', contrast=1.0, depth=0.0, flipHoriz=False, flipVert=False, font='Open Sans', fontFiles=[], height=0.1, italic=False, languageStyle='LTR', name='fix_3', opacity=1.0, ori=0.0, pos=array([0., 0.]), rgb=UNKNOWN, text='+', units='height', win=Window(...), wrapWidth=1)
19.4232 	EXP 	Created image_2 = ImageStim(__class__=<class 'psychopy.visual.image.ImageStim'>, anchor=('center', 'center'), autoLog=True, color=array([1., 1., 1.]), colorSpace='rgb', contrast=1.0, depth=0.0, flipHoriz=False, flipVert=False, image='default.png', interpolate=True, mask=None, maskParams=None, name='image_2', opacity=1.0, ori=0.0, pos=array([0., 0.]), size=array([1.92, 1.08]), texRes=128.0, units='height', win=Window(...))
19.4347 	EXP 	Created circle_6 = Polygon(__class__=<class 'psychopy.visual.polygon.Polygon'>, anchor=('center', 'center'), autoDraw=False, autoLog=True, closeShape=True, color=method-wrapper(...), colorSpace='rgb', contrast=None, depth=-1.0, fillColor=array([-1, -1, -1]), fillColorSpace='rgb', fillRGB=array([-1, -1, -1]), interpolate=True, lineColor=array([-1., -1., -1.]), lineColorSpace='rgb', lineRGB=array([-1, -1, -1]), lineWidth=10.0, name='circle_6', opacity=1.0, ori=0.0, pos=array([0., 0.]), size=array([0.6, 0.6]), units='height', vertices=ndarray(...), win=Window(...))
19.4371 	EXP 	Created fix_6 = TextStim(__class__=<class 'psychopy.visual.text.TextStim'>, alignHoriz=method-wrapper(...), alignText='center', alignVert=method-wrapper(...), anchorHoriz='center', anchorVert='center', antialias=True, autoDraw=False, autoLog=True, bold=False, color=array([1., 1., 1.]), colorSpace='rgb', contrast=1.0, depth=-2.0, flipHoriz=False, flipVert=False, font='Open Sans', fontFiles=[], height=0.1, italic=False, languageStyle='LTR', name='fix_6', opacity=1.0, ori=0.0, pos=array([0., 0.]), rgb=UNKNOWN, text='+', units='height', win=Window(...), wrapWidth=1)
19.4398 	EXP 	Created Right_6 = ShapeStim(__class__=<class 'psychopy.visual.shape.ShapeStim'>, anchor=('center', 'center'), autoDraw=False, autoLog=True, closeShape=True, color=method-wrapper(...), colorSpace='rgb', contrast=None, depth=-3.0, fillColor=array([ 1., -1., -1.]), fillColorSpace='rgb', fillRGB=array([ 1., -1., -1.]), interpolate=True, lineColor=array([ 1., -1., -1.]), lineColorSpace='rgb', lineRGB=array([ 1., -1., -1.]), lineWidth=1.0, name='Right_6', opacity=1.0, ori=0.0, pos=array([550.,   0.]), size=array([150., 150.]), units='pix', vertices=ndarray(...), win=Window(...), windingRule=None)
19.4425 	EXP 	Created Left_6 = ShapeStim(__class__=<class 'psychopy.visual.shape.ShapeStim'>, anchor=('center', 'center'), autoDraw=False, autoLog=True, closeShape=True, color=method-wrapper(...), colorSpace='rgb', contrast=None, depth=-4.0, fillColor=array([-1.,  1., -1.]), fillColorSpace='rgb', fillRGB=array([-1.,  1., -1.]), interpolate=True, lineColor=array([-1.,  1., -1.]), lineColorSpace='rgb', lineRGB=array([-1.,  1., -1.]), lineWidth=1.0, name='Left_6', opacity=1.0, ori=0.0, pos=array([-550.,    0.]), size=array([150., 150.]), units='pix', vertices=ndarray(...), win=Window(...), windingRule=None)
19.4441 	EXP 	Created polygon_2 = Rect(__class__=<class 'psychopy.visual.rect.Rect'>, anchor=('left', 'center'), autoDraw=False, autoLog=True, closeShape=True, color=method-wrapper(...), colorSpace='rgb', contrast=None, depth=-1.0, fillColor=array([0.00392157, 0.00392157, 0.00392157]), fillColorSpace='rgb', fillRGB=array([0.00392157, 0.00392157, 0.00392157]), interpolate=True, lineColor=array([1., 1., 1.]), lineColorSpace='rgb', lineRGB=array([1, 1, 1]), lineWidth=1.0, name='polygon_2', opacity=1.0, ori=45.0, pos=array([0.1275, 0.1275]), size=array([0.255, 0.255]), units='height', vertices=ndarray(...), win=Window(...))
19.4552 	EXP 	Created circle_2 = Polygon(__class__=<class 'psychopy.visual.polygon.Polygon'>, anchor=('center', 'center'), autoDraw=False, autoLog=True, closeShape=True, color=method-wrapper(...), colorSpace='rgb', contrast=None, depth=-3.0, fillColor=array([-1, -1, -1]), fillColorSpace='rgb', fillRGB=array([-1, -1, -1]), interpolate=True, lineColor=array([-1., -1., -1.]), lineColorSpace='rgb', lineRGB=array([-1, -1, -1]), lineWidth=10.0, name='circle_2', opacity=1.0, ori=0.0, pos=array([0., 0.]), size=array([0.6, 0.6]), units='height', vertices=ndarray(...), win=Window(...))
19.4567 	EXP 	Created dots_43 = DotStim(__class__=<class 'psychopy.visual.dot.DotStim'>, autoLog=True, coherence=0.0, color=array([1., 1., 1.]), colorSpace='rgb', contrast=1.0, depth=-4.0, dir=0.0, dotLife=-1.0, dotSize=10.0, element=None, fieldAnchor=UNKNOWN, fieldPos=array([0., 0.]), fieldShape='circle', fieldSize=array([0.58, 0.58]), nDots=43, name='dots_43', noiseDots='walk', opacity=1.0, rgb=UNKNOWN, signalDots='same', speed=0.0, units='height', win=Window(...))
19.4581 	EXP 	Created dots_57 = DotStim(__class__=<class 'psychopy.visual.dot.DotStim'>, autoLog=True, coherence=0.0, color=array([1., 1., 1.]), colorSpace='rgb', contrast=1.0, depth=-5.0, dir=0.0, dotLife=-1.0, dotSize=10.0, element=None, fieldAnchor=UNKNOWN, fieldPos=array([0., 0.]), fieldShape='circle', fieldSize=array([0.58, 0.58]), nDots=57, name='dots_57', noiseDots='walk', opacity=1.0, rgb=UNKNOWN, signalDots='same', speed=0.0, units='height', win=Window(...))
19.4610 	EXP 	Created Right_3 = ShapeStim(__class__=<class 'psychopy.visual.shape.ShapeStim'>, anchor=('center', 'center'), autoDraw=False, autoLog=True, closeShape=True, color=method-wrapper(...), colorSpace='rgb', contrast=None, depth=-7.0, fillColor=array([ 1., -1., -1.]), fillColorSpace='rgb', fillRGB=array([ 1., -1., -1.]), interpolate=True, lineColor=array([ 1., -1., -1.]), lineColorSpace='rgb', lineRGB=array([ 1., -1., -1.]), lineWidth=1.0, name='Right_3', opacity=1.0, ori=0.0, pos=array([550.,   0.]), size=array([150., 150.]), units='pix', vertices=ndarray(...), win=Window(...), windingRule=None)
19.4637 	EXP 	Created Left_3 = ShapeStim(__class__=<class 'psychopy.visual.shape.ShapeStim'>, anchor=('center', 'center'), autoDraw=False, autoLog=True, closeShape=True, color=method-wrapper(...), colorSpace='rgb', contrast=None, depth=-8.0, fillColor=array([-1.,  1., -1.]), fillColorSpace='rgb', fillRGB=array([-1.,  1., -1.]), interpolate=True, lineColor=array([-1.,  1., -1.]), lineColorSpace='rgb', lineRGB=array([-1.,  1., -1.]), lineWidth=1.0, name='Left_3', opacity=1.0, ori=0.0, pos=array([-550.,    0.]), size=array([150., 150.]), units='pix', vertices=ndarray(...), win=Window(...), windingRule=None)
19.4647 	EXP 	Created text_6 = TextStim(__class__=<class 'psychopy.visual.text.TextStim'>, alignHoriz=method-wrapper(...), alignText='center', alignVert=method-wrapper(...), anchorHoriz='center', anchorVert='center', antialias=True, autoDraw=False, autoLog=True, bold=False, color=array([1., 1., 1.]), colorSpace='rgb', contrast=1.0, depth=0.0, flipHoriz=False, flipVert=False, font='Arial', fontFiles=[], height=0.05, italic=False, languageStyle='LTR', name='text_6', opacity=1.0, ori=0.0, pos=array([0., 0.]), rgb=UNKNOWN, text='', units='height', win=Window(...), wrapWidth=1)
19.4672 	EXP 	Created fix_4 = TextStim(__class__=<class 'psychopy.visual.text.TextStim'>, alignHoriz=method-wrapper(...), alignText='center', alignVert=method-wrapper(...), anchorHoriz='center', anchorVert='center', antialias=True, autoDraw=False, autoLog=True, bold=False, color=array([1., 1., 1.]), colorSpace='rgb', contrast=1.0, depth=0.0, flipHoriz=False, flipVert=False, font='Open Sans', fontFiles=[], height=0.1, italic=False, languageStyle='LTR', name='fix_4', opacity=1.0, ori=0.0, pos=array([0., 0.]), rgb=UNKNOWN, text='+', units='height', win=Window(...), wrapWidth=1)
19.4858 	EXP 	Created image_3 = ImageStim(__class__=<class 'psychopy.visual.image.ImageStim'>, anchor=('center', 'center'), autoLog=True, color=array([1., 1., 1.]), colorSpace='rgb', contrast=1.0, depth=0.0, flipHoriz=False, flipVert=False, image='default.png', interpolate=True, mask=None, maskParams=None, name='image_3', opacity=1.0, ori=0.0, pos=array([0., 0.]), size=array([1.92, 1.08]), texRes=128.0, units='height', win=Window(...))
19.4968 	EXP 	Created circle_7 = Polygon(__class__=<class 'psychopy.visual.polygon.Polygon'>, anchor=('center', 'center'), autoDraw=False, autoLog=True, closeShape=True, color=method-wrapper(...), colorSpace='rgb', contrast=None, depth=-1.0, fillColor=array([-1, -1, -1]), fillColorSpace='rgb', fillRGB=array([-1, -1, -1]), interpolate=True, lineColor=array([-1., -1., -1.]), lineColorSpace='rgb', lineRGB=array([-1, -1, -1]), lineWidth=10.0, name='circle_7', opacity=1.0, ori=0.0, pos=array([0., 0.]), size=array([0.6, 0.6]), units='height', vertices=ndarray(...), win=Window(...))
19.4991 	EXP 	Created fix_7 = TextStim(__class__=<class 'psychopy.visual.text.TextStim'>, alignHoriz=method-wrapper(...), alignText='center', alignVert=method-wrapper(...), anchorHoriz='center', anchorVert='center', antialias=True, autoDraw=False, autoLog=True, bold=False, color=array([1., 1., 1.]), colorSpace='rgb', contrast=1.0, depth=-2.0, flipHoriz=False, flipVert=False, font='Open Sans', fontFiles=[], height=0.1, italic=False, languageStyle='LTR', name='fix_7', opacity=1.0, ori=0.0, pos=array([0., 0.]), rgb=UNKNOWN, text='+', units='height', win=Window(...), wrapWidth=1)
19.5022 	EXP 	Created Right_7 = ShapeStim(__class__=<class 'psychopy.visual.shape.ShapeStim'>, anchor=('center', 'center'), autoDraw=False, autoLog=True, closeShape=True, color=method-wrapper(...), colorSpace='rgb', contrast=None, depth=-3.0, fillColor=array([ 1., -1., -1.]), fillColorSpace='rgb', fillRGB=array([ 1., -1., -1.]), interpolate=True, lineColor=array([ 1., -1., -1.]), lineColorSpace='rgb', lineRGB=array([ 1., -1., -1.]), lineWidth=1.0, name='Right_7', opacity=1.0, ori=0.0, pos=array([550.,   0.]), size=array([150., 150.]), units='pix', vertices=ndarray(...), win=Window(...), windingRule=None)
19.5050 	EXP 	Created Left_7 = ShapeStim(__class__=<class 'psychopy.visual.shape.ShapeStim'>, anchor=('center', 'center'), autoDraw=False, autoLog=True, closeShape=True, color=method-wrapper(...), colorSpace='rgb', contrast=None, depth=-4.0, fillColor=array([-1.,  1., -1.]), fillColorSpace='rgb', fillRGB=array([-1.,  1., -1.]), interpolate=True, lineColor=array([-1.,  1., -1.]), lineColorSpace='rgb', lineRGB=array([-1.,  1., -1.]), lineWidth=1.0, name='Left_7', opacity=1.0, ori=0.0, pos=array([-550.,    0.]), size=array([150., 150.]), units='pix', vertices=ndarray(...), win=Window(...), windingRule=None)
19.5066 	EXP 	Created polygon_3 = Rect(__class__=<class 'psychopy.visual.rect.Rect'>, anchor=('left', 'center'), autoDraw=False, autoLog=True, closeShape=True, color=method-wrapper(...), colorSpace='rgb', contrast=None, depth=-1.0, fillColor=array([0.00392157, 0.00392157, 0.00392157]), fillColorSpace='rgb', fillRGB=array([0.00392157, 0.00392157, 0.00392157]), interpolate=True, lineColor=array([1., 1., 1.]), lineColorSpace='rgb', lineRGB=array([1, 1, 1]), lineWidth=1.0, name='polygon_3', opacity=1.0, ori=45.0, pos=array([0.1275, 0.1275]), size=array([0.255, 0.255]), units='height', vertices=ndarray(...), win=Window(...))
19.5179 	EXP 	Created circle_3 = Polygon(__class__=<class 'psychopy.visual.polygon.Polygon'>, anchor=('center', 'center'), autoDraw=False, autoLog=True, closeShape=True, color=method-wrapper(...), colorSpace='rgb', contrast=None, depth=-3.0, fillColor=array([-1, -1, -1]), fillColorSpace='rgb', fillRGB=array([-1, -1, -1]), interpolate=True, lineColor=array([-1., -1., -1.]), lineColorSpace='rgb', lineRGB=array([-1, -1, -1]), lineWidth=10.0, name='circle_3', opacity=1.0, ori=0.0, pos=array([0., 0.]), size=array([0.6, 0.6]), units='height', vertices=ndarray(...), win=Window(...))
19.5194 	EXP 	Created dots_46 = DotStim(__class__=<class 'psychopy.visual.dot.DotStim'>, autoLog=True, coherence=0.0, color=array([1., 1., 1.]), colorSpace='rgb', contrast=1.0, depth=-4.0, dir=0.0, dotLife=-1.0, dotSize=10.0, element=None, fieldAnchor=UNKNOWN, fieldPos=array([0., 0.]), fieldShape='circle', fieldSize=array([0.58, 0.58]), nDots=46, name='dots_46', noiseDots='walk', opacity=1.0, rgb=UNKNOWN, signalDots='same', speed=0.0, units='height', win=Window(...))
19.5208 	EXP 	Created dots_54 = DotStim(__class__=<class 'psychopy.visual.dot.DotStim'>, autoLog=True, coherence=0.0, color=array([1., 1., 1.]), colorSpace='rgb', contrast=1.0, depth=-5.0, dir=0.0, dotLife=-1.0, dotSize=10.0, element=None, fieldAnchor=UNKNOWN, fieldPos=array([0., 0.]), fieldShape='circle', fieldSize=array([0.58, 0.58]), nDots=54, name='dots_54', noiseDots='walk', opacity=1.0, rgb=UNKNOWN, signalDots='same', speed=0.0, units='height', win=Window(...))
19.5235 	EXP 	Created Left_4 = ShapeStim(__class__=<class 'psychopy.visual.shape.ShapeStim'>, anchor=('center', 'center'), autoDraw=False, autoLog=True, closeShape=True, color=method-wrapper(...), colorSpace='rgb', contrast=None, depth=-7.0, fillColor=array([-1.,  1., -1.]), fillColorSpace='rgb', fillRGB=array([-1.,  1., -1.]), interpolate=True, lineColor=array([-1.,  1., -1.]), lineColorSpace='rgb', lineRGB=array([-1.,  1., -1.]), lineWidth=1.0, name='Left_4', opacity=1.0, ori=0.0, pos=array([-550.,    0.]), size=array([150., 150.]), units='pix', vertices=ndarray(...), win=Window(...), windingRule=None)
19.5263 	EXP 	Created Right_4 = ShapeStim(__class__=<class 'psychopy.visual.shape.ShapeStim'>, anchor=('center', 'center'), autoDraw=False, autoLog=True, closeShape=True, color=method-wrapper(...), colorSpace='rgb', contrast=None, depth=-8.0, fillColor=array([ 1., -1., -1.]), fillColorSpace='rgb', fillRGB=array([ 1., -1., -1.]), interpolate=True, lineColor=array([ 1., -1., -1.]), lineColorSpace='rgb', lineRGB=array([ 1., -1., -1.]), lineWidth=1.0, name='Right_4', opacity=1.0, ori=0.0, pos=array([550.,   0.]), size=array([150., 150.]), units='pix', vertices=ndarray(...), win=Window(...), windingRule=None)
19.5273 	EXP 	Created text_7 = TextStim(__class__=<class 'psychopy.visual.text.TextStim'>, alignHoriz=method-wrapper(...), alignText='center', alignVert=method-wrapper(...), anchorHoriz='center', anchorVert='center', antialias=True, autoDraw=False, autoLog=True, bold=False, color=array([1., 1., 1.]), colorSpace='rgb', contrast=1.0, depth=0.0, flipHoriz=False, flipVert=False, font='Arial', fontFiles=[], height=0.05, italic=False, languageStyle='LTR', name='text_7', opacity=1.0, ori=0.0, pos=array([0., 0.]), rgb=UNKNOWN, text='', units='height', win=Window(...), wrapWidth=1)
19.5296 	EXP 	Created fix_5 = TextStim(__class__=<class 'psychopy.visual.text.TextStim'>, alignHoriz=method-wrapper(...), alignText='center', alignVert=method-wrapper(...), anchorHoriz='center', anchorVert='center', antialias=True, autoDraw=False, autoLog=True, bold=False, color=array([1., 1., 1.]), colorSpace='rgb', contrast=1.0, depth=0.0, flipHoriz=False, flipVert=False, font='Open Sans', fontFiles=[], height=0.1, italic=False, languageStyle='LTR', name='fix_5', opacity=1.0, ori=0.0, pos=array([0., 0.]), rgb=UNKNOWN, text='+', units='height', win=Window(...), wrapWidth=1)
19.5480 	EXP 	Created image_4 = ImageStim(__class__=<class 'psychopy.visual.image.ImageStim'>, anchor=('center', 'center'), autoLog=True, color=array([1., 1., 1.]), colorSpace='rgb', contrast=1.0, depth=0.0, flipHoriz=False, flipVert=False, image='default.png', interpolate=True, mask=None, maskParams=None, name='image_4', opacity=1.0, ori=0.0, pos=array([0., 0.]), size=array([1.92, 1.08]), texRes=128.0, units='height', win=Window(...))
19.5589 	EXP 	Created circle_8 = Polygon(__class__=<class 'psychopy.visual.polygon.Polygon'>, anchor=('center', 'center'), autoDraw=False, autoLog=True, closeShape=True, color=method-wrapper(...), colorSpace='rgb', contrast=None, depth=-1.0, fillColor=array([-1, -1, -1]), fillColorSpace='rgb', fillRGB=array([-1, -1, -1]), interpolate=True, lineColor=array([-1., -1., -1.]), lineColorSpace='rgb', lineRGB=array([-1, -1, -1]), lineWidth=10.0, name='circle_8', opacity=1.0, ori=0.0, pos=array([0., 0.]), size=array([0.6, 0.6]), units='height', vertices=ndarray(...), win=Window(...))
19.5612 	EXP 	Created fix_8 = TextStim(__class__=<class 'psychopy.visual.text.TextStim'>, alignHoriz=method-wrapper(...), alignText='center', alignVert=method-wrapper(...), anchorHoriz='center', anchorVert='center', antialias=True, autoDraw=False, autoLog=True, bold=False, color=array([1., 1., 1.]), colorSpace='rgb', contrast=1.0, depth=-2.0, flipHoriz=False, flipVert=False, font='Open Sans', fontFiles=[], height=0.1, italic=False, languageStyle='LTR', name='fix_8', opacity=1.0, ori=0.0, pos=array([0., 0.]), rgb=UNKNOWN, text='+', units='height', win=Window(...), wrapWidth=1)
19.5640 	EXP 	Created Right_8 = ShapeStim(__class__=<class 'psychopy.visual.shape.ShapeStim'>, anchor=('center', 'center'), autoDraw=False, autoLog=True, closeShape=True, color=method-wrapper(...), colorSpace='rgb', contrast=None, depth=-3.0, fillColor=array([ 1., -1., -1.]), fillColorSpace='rgb', fillRGB=array([ 1., -1., -1.]), interpolate=True, lineColor=array([ 1., -1., -1.]), lineColorSpace='rgb', lineRGB=array([ 1., -1., -1.]), lineWidth=1.0, name='Right_8', opacity=1.0, ori=0.0, pos=array([550.,   0.]), size=array([150., 150.]), units='pix', vertices=ndarray(...), win=Window(...), windingRule=None)
19.5669 	EXP 	Created Left_8 = ShapeStim(__class__=<class 'psychopy.visual.shape.ShapeStim'>, anchor=('center', 'center'), autoDraw=False, autoLog=True, closeShape=True, color=method-wrapper(...), colorSpace='rgb', contrast=None, depth=-4.0, fillColor=array([-1.,  1., -1.]), fillColorSpace='rgb', fillRGB=array([-1.,  1., -1.]), interpolate=True, lineColor=array([-1.,  1., -1.]), lineColorSpace='rgb', lineRGB=array([-1.,  1., -1.]), lineWidth=1.0, name='Left_8', opacity=1.0, ori=0.0, pos=array([-550.,    0.]), size=array([150., 150.]), units='pix', vertices=ndarray(...), win=Window(...), windingRule=None)
19.5777 	EXP 	Created circle_5 = Polygon(__class__=<class 'psychopy.visual.polygon.Polygon'>, anchor=('center', 'center'), autoDraw=False, autoLog=True, closeShape=True, color=method-wrapper(...), colorSpace='rgb', contrast=None, depth=-2.0, fillColor=array([-1, -1, -1]), fillColorSpace='rgb', fillRGB=array([-1, -1, -1]), interpolate=True, lineColor=array([-1., -1., -1.]), lineColorSpace='rgb', lineRGB=array([-1, -1, -1]), lineWidth=10.0, name='circle_5', opacity=1.0, ori=0.0, pos=array([0., 0.]), size=array([0.6, 0.6]), units='height', vertices=ndarray(...), win=Window(...))
19.5791 	EXP 	Created dots_49 = DotStim(__class__=<class 'psychopy.visual.dot.DotStim'>, autoLog=True, coherence=0.0, color=array([1., 1., 1.]), colorSpace='rgb', contrast=1.0, depth=-3.0, dir=0.0, dotLife=-1.0, dotSize=10.0, element=None, fieldAnchor=UNKNOWN, fieldPos=array([0., 0.]), fieldShape='circle', fieldSize=array([0.58, 0.58]), nDots=49, name='dots_49', noiseDots='walk', opacity=1.0, rgb=UNKNOWN, signalDots='same', speed=0.0, units='height', win=Window(...))
19.5806 	EXP 	Created dots_51 = DotStim(__class__=<class 'psychopy.visual.dot.DotStim'>, autoLog=True, coherence=0.0, color=array([1., 1., 1.]), colorSpace='rgb', contrast=1.0, depth=-4.0, dir=0.0, dotLife=-1.0, dotSize=10.0, element=None, fieldAnchor=UNKNOWN, fieldPos=array([0., 0.]), fieldShape='circle', fieldSize=array([0.58, 0.58]), nDots=51, name='dots_51', noiseDots='walk', opacity=1.0, rgb=UNKNOWN, signalDots='same', speed=0.0, units='height', win=Window(...))
19.5834 	EXP 	Created Left_5 = ShapeStim(__class__=<class 'psychopy.visual.shape.ShapeStim'>, anchor=('center', 'center'), autoDraw=False, autoLog=True, closeShape=True, color=method-wrapper(...), colorSpace='rgb', contrast=None, depth=-6.0, fillColor=array([-1.,  1., -1.]), fillColorSpace='rgb', fillRGB=array([-1.,  1., -1.]), interpolate=True, lineColor=array([-1.,  1., -1.]), lineColorSpace='rgb', lineRGB=array([-1.,  1., -1.]), lineWidth=1.0, name='Left_5', opacity=1.0, ori=0.0, pos=array([-550.,    0.]), size=array([150., 150.]), units='pix', vertices=ndarray(...), win=Window(...), windingRule=None)
19.5862 	EXP 	Created Right_5 = ShapeStim(__class__=<class 'psychopy.visual.shape.ShapeStim'>, anchor=('center', 'center'), autoDraw=False, autoLog=True, closeShape=True, color=method-wrapper(...), colorSpace='rgb', contrast=None, depth=-7.0, fillColor=array([ 1., -1., -1.]), fillColorSpace='rgb', fillRGB=array([ 1., -1., -1.]), interpolate=True, lineColor=array([ 1., -1., -1.]), lineColorSpace='rgb', lineRGB=array([ 1., -1., -1.]), lineWidth=1.0, name='Right_5', opacity=1.0, ori=0.0, pos=array([550.,   0.]), size=array([150., 150.]), units='pix', vertices=ndarray(...), win=Window(...), windingRule=None)
19.5872 	EXP 	Created text_8 = TextStim(__class__=<class 'psychopy.visual.text.TextStim'>, alignHoriz=method-wrapper(...), alignText='center', alignVert=method-wrapper(...), anchorHoriz='center', anchorVert='center', antialias=True, autoDraw=False, autoLog=True, bold=False, color=array([1., 1., 1.]), colorSpace='rgb', contrast=1.0, depth=0.0, flipHoriz=False, flipVert=False, font='Arial', fontFiles=[], height=0.05, italic=False, languageStyle='LTR', name='text_8', opacity=1.0, ori=0.0, pos=array([0., 0.]), rgb=UNKNOWN, text='', units='height', win=Window(...), wrapWidth=1)
19.5927 	EXP 	Created text_2 = TextStim(__class__=<class 'psychopy.visual.text.TextStim'>, alignHoriz=method-wrapper(...), alignText='center', alignVert=method-wrapper(...), anchorHoriz='center', anchorVert='center', antialias=True, autoDraw=False, autoLog=True, bold=False, color=array([1., 1., 1.]), colorSpace='rgb', contrast=1.0, depth=0.0, flipHoriz=False, flipVert=False, font='Arial', fontFiles=[], height=0.05, italic=False, languageStyle='LTR', name='text_2', opacity=1.0, ori=0.0, pos=array([0., 0.]), rgb=UNKNOWN, text='0', units='height', win=Window(...), wrapWidth=1)
19.6059 	EXP 	Created text_5 = TextStim(__class__=<class 'psychopy.visual.text.TextStim'>, alignHoriz=method-wrapper(...), alignText='center', alignVert=method-wrapper(...), anchorHoriz='center', anchorVert='center', antialias=True, autoDraw=False, autoLog=True, bold=False, color=array([1., 1., 1.]), colorSpace='rgb', contrast=1.0, depth=-2.0, flipHoriz=False, flipVert=False, font='Arial', fontFiles=[], height=0.05, italic=False, languageStyle='LTR', name='text_5', opacity=1.0, ori=0.0, pos=array([0. , 0.1]), rgb=UNKNOWN, text='Your total score is: ', units='height', win=Window(...), wrapWidth=1)
19.6132 	EXP 	Created text_9 = TextStim(__class__=<class 'psychopy.visual.text.TextStim'>, alignHoriz=method-wrapper(...), alignText='center', alignVert=method-wrapper(...), anchorHoriz='center', anchorVert='center', antialias=True, autoDraw=False, autoLog=True, bold=False, color=array([1., 1., 1.]), colorSpace='rgb', contrast=1.0, depth=-4.0, flipHoriz=False, flipVert=False, font='Arial', fontFiles=[], height=0.05, italic=False, languageStyle='LTR', name='text_9', opacity=1.0, ori=0.0, pos=array([ 0. , -0.1]), rgb=UNKNOWN, text='Press Spacebar to continue', units='height', win=Window(...), wrapWidth=1)
19.6293 	EXP 	Created text_10 = TextStim(__class__=<class 'psychopy.visual.text.TextStim'>, alignHoriz=method-wrapper(...), alignText='center', alignVert=method-wrapper(...), anchorHoriz='center', anchorVert='center', antialias=True, autoDraw=False, autoLog=True, bold=False, color=array([1., 1., 1.]), colorSpace='rgb', contrast=1.0, depth=0.0, flipHoriz=False, flipVert=False, font='Open Sans', fontFiles=[], height=0.05, italic=False, languageStyle='LTR', name='text_10', opacity=1.0, ori=0.0, pos=array([0., 0.]), rgb=UNKNOWN, text='It is the end of the experiment.\nThank you!', units='height', win=Window(...), wrapWidth=1)
19.6360 	EXP 	movie: autoLog = True
19.6360 	EXP 	movie_2: autoLog = True
19.6360 	EXP 	movie_3: autoLog = True
19.6360 	EXP 	movie_4: autoLog = True
19.6360 	EXP 	text_g: autoDraw = True
21.4892 	DATA 	Keypress: space
21.5022 	EXP 	text_g: autoDraw = False
21.5022 	EXP 	text: autoDraw = True
22.1543 	EXP 	Created sequence: random, trialTypes=1, nReps=15, seed=None
22.1546 	EXP 	New trial (rep=0, index=0): None
22.1838 	EXP 	Imported Rewa_Sequence_2.0s, 1.5s.xlsx as conditions, 4 conditions, 5 params
22.1842 	EXP 	Created sequence: random, trialTypes=4, nReps=2, seed=None
22.1844 	EXP 	New trial (rep=0, index=0): {'Countdown': 'Countdown_1.5s.mp4', 'color1': [-1.0, 1.0, -1.0], 'color2': 'red', 'correct': 'left', 'screenshot': 'Countdown_1.5s.jpg'}
22.1886 	EXP 	Imported Rewa_Sequence_2.0s, 1.5s.xlsx as conditions, 4 conditions, 5 params
22.1888 	EXP 	Created sequence: random, trialTypes=4, nReps=2, seed=None
22.1891 	EXP 	New trial (rep=0, index=0): {'Countdown': 'Countdown_1.5s.mp4', 'color1': [-1.0, 1.0, -1.0], 'color2': 'red', 'correct': 'left', 'screenshot': 'Countdown_1.5s.jpg'}
22.1912 	DATA 	Keypress: space
22.1938 	EXP 	text: autoDraw = False
22.1938 	EXP 	text_11: autoDraw = False
22.1938 	EXP 	fix_3: autoDraw = True
23.7776 	EXP 	fix_3: autoDraw = False
23.7776 	EXP 	image_2: image = 'Countdown_1.5s.jpg'
23.7776 	EXP 	image_2: autoDraw = True
23.7776 	EXP 	circle_6: autoDraw = True
23.7776 	EXP 	fix_6: autoDraw = True
23.7776 	EXP 	Right_6: autoDraw = True
23.7776 	EXP 	Left_6: autoDraw = True
24.8202 	EXP 	image_2: autoDraw = False
24.8202 	EXP 	circle_6: autoDraw = False
24.8202 	EXP 	fix_6: autoDraw = False
24.8202 	EXP 	Right_6: autoDraw = False
24.8202 	EXP 	Left_6: autoDraw = False
24.8202 	EXP 	dots_43: foreColor = <psychopy.colors.Color: red, alpha=1.0>
24.8202 	EXP 	dots_57: foreColor = <psychopy.colors.Color: lime, alpha=1.0>
24.8202 	EXP 	polygon_2: autoDraw = True
24.8202 	EXP 	movie_2: autoDraw = True
24.8202 	EXP 	circle_2: autoDraw = True
24.8202 	EXP 	dots_43: autoDraw = True
24.8202 	EXP 	dots_57: autoDraw = True
24.8202 	EXP 	Right_3: autoDraw = True
24.8202 	EXP 	Left_3: autoDraw = True
25.8236 	EXP 	polygon_2: autoDraw = False
26.1617 	DATA 	Keypress: right
26.3128 	EXP 	polygon_2: autoDraw = False
26.3128 	EXP 	movie_2: autoDraw = False
26.3128 	EXP 	circle_2: autoDraw = False
26.3128 	EXP 	dots_43: autoDraw = False
26.3128 	EXP 	dots_57: autoDraw = False
26.3128 	EXP 	Right_3: autoDraw = False
26.3128 	EXP 	Left_3: autoDraw = False
26.3128 	EXP 	text_6: foreColor = <psychopy.colors.Color: red, alpha=1.0>
26.3128 	EXP 	text_6: height = 0.05
26.3128 	EXP 	text_6: height = 0.05
26.3128 	EXP 	text_6: height = 0.05
26.3128 	EXP 	text_6: text = 'Incorrect -2'
26.3128 	EXP 	text_6: autoDraw = True
27.3023 	EXP 	New trial (rep=0, index=1): {'Countdown': 'Countdown_2s.mp4', 'color1': [-1.0, 1.0, -1.0], 'color2': 'red', 'correct': 'left', 'screenshot': 'Countdown_2s.jpg'}
27.3182 	EXP 	text_6: autoDraw = False
27.3182 	EXP 	fix_3: autoDraw = True
28.8350 	EXP 	fix_3: autoDraw = False
28.8350 	EXP 	image_2: image = 'Countdown_2s.jpg'
28.8350 	EXP 	image_2: autoDraw = True
28.8350 	EXP 	circle_6: autoDraw = True
28.8350 	EXP 	fix_6: autoDraw = True
28.8350 	EXP 	Right_6: autoDraw = True
28.8350 	EXP 	Left_6: autoDraw = True
30.1320 	EXP 	image_2: autoDraw = False
30.1320 	EXP 	circle_6: autoDraw = False
30.1320 	EXP 	fix_6: autoDraw = False
30.1320 	EXP 	Right_6: autoDraw = False
30.1320 	EXP 	Left_6: autoDraw = False
30.1320 	EXP 	dots_43: foreColor = <psychopy.colors.Color: red, alpha=1.0>
30.1320 	EXP 	dots_57: foreColor = <psychopy.colors.Color: lime, alpha=1.0>
30.1320 	EXP 	polygon_2: autoDraw = True
30.1320 	EXP 	movie_2: autoDraw = True
30.1320 	EXP 	circle_2: autoDraw = True
30.1320 	EXP 	dots_43: autoDraw = True
30.1320 	EXP 	dots_57: autoDraw = True
30.1320 	EXP 	Right_3: autoDraw = True
30.1320 	EXP 	Left_3: autoDraw = True
30.6781 	DATA 	Keypress: left
30.8324 	EXP 	polygon_2: autoDraw = False
30.8324 	EXP 	movie_2: autoDraw = False
30.8324 	EXP 	circle_2: autoDraw = False
30.8324 	EXP 	dots_43: autoDraw = False
30.8324 	EXP 	dots_57: autoDraw = False
30.8324 	EXP 	Right_3: autoDraw = False
30.8324 	EXP 	Left_3: autoDraw = False
30.8324 	EXP 	text_6: foreColor = <psychopy.colors.Color: white, alpha=1.0>
30.8324 	EXP 	text_6: height = 0.05
30.8324 	EXP 	text_6: height = 0.05
30.8324 	EXP 	text_6: height = 0.05
30.8324 	EXP 	text_6: text = 'Correct +1'
30.8324 	EXP 	text_6: autoDraw = True
31.8192 	EXP 	New trial (rep=0, index=2): {'Countdown': 'Countdown_1.5s.mp4', 'color1': 'red', 'color2': [-1.0, 1.0, -1.0], 'correct': 'right', 'screenshot': 'Countdown_1.5s.jpg'}
31.8348 	EXP 	text_6: autoDraw = False
31.8348 	EXP 	text_6: autoDraw = False
31.8348 	EXP 	fix_3: autoDraw = True
33.3575 	EXP 	fix_3: autoDraw = False
33.3575 	EXP 	fix_3: autoDraw = False
33.3575 	EXP 	image_2: image = 'Countdown_1.5s.jpg'
33.3575 	EXP 	image_2: autoDraw = True
33.3575 	EXP 	circle_6: autoDraw = True
33.3575 	EXP 	fix_6: autoDraw = True
33.3575 	EXP 	Right_6: autoDraw = True
33.3575 	EXP 	Left_6: autoDraw = True
34.6075 	EXP 	image_2: autoDraw = False
34.6075 	EXP 	circle_6: autoDraw = False
34.6075 	EXP 	fix_6: autoDraw = False
34.6075 	EXP 	Right_6: autoDraw = False
34.6075 	EXP 	Left_6: autoDraw = False
34.6075 	EXP 	dots_43: foreColor = <psychopy.colors.Color: lime, alpha=1.0>
34.6075 	EXP 	dots_57: foreColor = <psychopy.colors.Color: red, alpha=1.0>
34.6075 	EXP 	polygon_2: autoDraw = True
34.6075 	EXP 	movie_2: autoDraw = True
34.6075 	EXP 	circle_2: autoDraw = True
34.6075 	EXP 	dots_43: autoDraw = True
34.6075 	EXP 	dots_57: autoDraw = True
34.6075 	EXP 	Right_3: autoDraw = True
34.6075 	EXP 	Left_3: autoDraw = True
35.6069 	EXP 	polygon_2: autoDraw = False
36.2291 	EXP 	polygon_2: autoDraw = False
36.2291 	EXP 	movie_2: autoDraw = False
36.2291 	EXP 	circle_2: autoDraw = False
36.2291 	EXP 	dots_43: autoDraw = False
36.2291 	EXP 	dots_57: autoDraw = False
36.2291 	EXP 	Right_3: autoDraw = False
36.2291 	EXP 	Left_3: autoDraw = False
36.2291 	EXP 	text_6: foreColor = <psychopy.colors.Color: red, alpha=1.0>
36.2291 	EXP 	text_6: height = 0.05
36.2291 	EXP 	text_6: height = 0.05
36.2291 	EXP 	text_6: height = 0.05
36.2291 	EXP 	text_6: text = 'Too late -2'
36.2291 	EXP 	text_6: autoDraw = True
37.2187 	EXP 	New trial (rep=0, index=3): {'Countdown': 'Countdown_2s.mp4', 'color1': 'red', 'color2': [-1.0, 1.0, -1.0], 'correct': 'right', 'screenshot': 'Countdown_2s.jpg'}
37.2348 	EXP 	text_6: autoDraw = False
37.2348 	EXP 	fix_3: autoDraw = True
38.7510 	EXP 	fix_3: autoDraw = False
38.7510 	EXP 	image_2: image = 'Countdown_2s.jpg'
38.7510 	EXP 	image_2: autoDraw = True
38.7510 	EXP 	circle_6: autoDraw = True
38.7510 	EXP 	fix_6: autoDraw = True
38.7510 	EXP 	Right_6: autoDraw = True
38.7510 	EXP 	Left_6: autoDraw = True
40.0239 	EXP 	image_2: autoDraw = False
40.0239 	EXP 	circle_6: autoDraw = False
40.0239 	EXP 	fix_6: autoDraw = False
40.0239 	EXP 	Right_6: autoDraw = False
40.0239 	EXP 	Left_6: autoDraw = False
40.0239 	EXP 	dots_43: foreColor = <psychopy.colors.Color: lime, alpha=1.0>
40.0239 	EXP 	dots_57: foreColor = <psychopy.colors.Color: red, alpha=1.0>
40.0239 	EXP 	polygon_2: autoDraw = True
40.0239 	EXP 	movie_2: autoDraw = True
40.0239 	EXP 	circle_2: autoDraw = True
40.0239 	EXP 	dots_43: autoDraw = True
40.0239 	EXP 	dots_57: autoDraw = True
40.0239 	EXP 	Right_3: autoDraw = True
40.0239 	EXP 	Left_3: autoDraw = True
41.0237 	EXP 	polygon_2: autoDraw = False
42.1111 	EXP 	polygon_2: autoDraw = False
42.1111 	EXP 	movie_2: autoDraw = False
42.1111 	EXP 	circle_2: autoDraw = False
42.1111 	EXP 	dots_43: autoDraw = False
42.1111 	EXP 	dots_57: autoDraw = False
42.1111 	EXP 	Right_3: autoDraw = False
42.1111 	EXP 	Left_3: autoDraw = False
42.1111 	EXP 	text_6: foreColor = <psychopy.colors.Color: red, alpha=1.0>
42.1111 	EXP 	text_6: text = 'Too late -2'
42.1111 	EXP 	text_6: autoDraw = True
43.1021 	EXP 	New trial (rep=1, index=0): {'Countdown': 'Countdown_1.5s.mp4', 'color1': 'red', 'color2': [-1.0, 1.0, -1.0], 'correct': 'right', 'screenshot': 'Countdown_1.5s.jpg'}
43.1181 	EXP 	text_6: autoDraw = False
43.1181 	EXP 	text_6: autoDraw = False
43.1181 	EXP 	fix_3: autoDraw = True
44.6349 	EXP 	fix_3: autoDraw = False
44.6349 	EXP 	fix_3: autoDraw = False
44.6349 	EXP 	image_2: image = 'Countdown_1.5s.jpg'
44.6349 	EXP 	image_2: autoDraw = True
44.6349 	EXP 	circle_6: autoDraw = True
44.6349 	EXP 	fix_6: autoDraw = True
44.6349 	EXP 	Right_6: autoDraw = True
44.6349 	EXP 	Left_6: autoDraw = True
45.9070 	EXP 	image_2: autoDraw = False
45.9070 	EXP 	circle_6: autoDraw = False
45.9070 	EXP 	fix_6: autoDraw = False
45.9070 	EXP 	Right_6: autoDraw = False
45.9070 	EXP 	Left_6: autoDraw = False
45.9070 	EXP 	dots_43: foreColor = <psychopy.colors.Color: lime, alpha=1.0>
45.9070 	EXP 	dots_57: foreColor = <psychopy.colors.Color: red, alpha=1.0>
45.9070 	EXP 	polygon_2: autoDraw = True
45.9070 	EXP 	movie_2: autoDraw = True
45.9070 	EXP 	circle_2: autoDraw = True
45.9070 	EXP 	dots_43: autoDraw = True
45.9070 	EXP 	dots_57: autoDraw = True
45.9070 	EXP 	Right_3: autoDraw = True
45.9070 	EXP 	Left_3: autoDraw = True
46.9069 	EXP 	polygon_2: autoDraw = False
47.5227 	EXP 	polygon_2: autoDraw = False
47.5227 	EXP 	movie_2: autoDraw = False
47.5227 	EXP 	circle_2: autoDraw = False
47.5227 	EXP 	dots_43: autoDraw = False
47.5227 	EXP 	dots_57: autoDraw = False
47.5227 	EXP 	Right_3: autoDraw = False
47.5227 	EXP 	Left_3: autoDraw = False
47.5227 	EXP 	text_6: foreColor = <psychopy.colors.Color: red, alpha=1.0>
47.5227 	EXP 	text_6: text = 'Too late -2'
47.5227 	EXP 	text_6: autoDraw = True
48.5191 	EXP 	New trial (rep=1, index=1): {'Countdown': 'Countdown_1.5s.mp4', 'color1': [-1.0, 1.0, -1.0], 'color2': 'red', 'correct': 'left', 'screenshot': 'Countdown_1.5s.jpg'}
48.5349 	EXP 	text_6: autoDraw = False
48.5349 	EXP 	fix_3: autoDraw = True
50.0505 	EXP 	fix_3: autoDraw = False
50.0505 	EXP 	image_2: image = 'Countdown_1.5s.jpg'
50.0505 	EXP 	image_2: autoDraw = True
50.0505 	EXP 	circle_6: autoDraw = True
50.0505 	EXP 	fix_6: autoDraw = True
50.0505 	EXP 	Right_6: autoDraw = True
50.0505 	EXP 	Left_6: autoDraw = True
51.3149 	EXP 	image_2: autoDraw = False
51.3149 	EXP 	circle_6: autoDraw = False
51.3149 	EXP 	fix_6: autoDraw = False
51.3149 	EXP 	Right_6: autoDraw = False
51.3149 	EXP 	Left_6: autoDraw = False
51.3149 	EXP 	dots_43: foreColor = <psychopy.colors.Color: red, alpha=1.0>
51.3149 	EXP 	dots_57: foreColor = <psychopy.colors.Color: lime, alpha=1.0>
51.3149 	EXP 	polygon_2: autoDraw = True
51.3149 	EXP 	movie_2: autoDraw = True
51.3149 	EXP 	circle_2: autoDraw = True
51.3149 	EXP 	dots_43: autoDraw = True
51.3149 	EXP 	dots_57: autoDraw = True
51.3149 	EXP 	Right_3: autoDraw = True
51.3149 	EXP 	Left_3: autoDraw = True
52.3237 	EXP 	polygon_2: autoDraw = False
52.9294 	EXP 	polygon_2: autoDraw = False
52.9294 	EXP 	movie_2: autoDraw = False
52.9294 	EXP 	circle_2: autoDraw = False
52.9294 	EXP 	dots_43: autoDraw = False
52.9294 	EXP 	dots_57: autoDraw = False
52.9294 	EXP 	Right_3: autoDraw = False
52.9294 	EXP 	Left_3: autoDraw = False
52.9294 	EXP 	text_6: foreColor = <psychopy.colors.Color: red, alpha=1.0>
52.9294 	EXP 	text_6: text = 'Too late -2'
52.9294 	EXP 	text_6: autoDraw = True
53.9194 	EXP 	New trial (rep=1, index=2): {'Countdown': 'Countdown_2s.mp4', 'color1': [-1.0, 1.0, -1.0], 'color2': 'red', 'correct': 'left', 'screenshot': 'Countdown_2s.jpg'}
53.9350 	EXP 	text_6: autoDraw = False
53.9350 	EXP 	text_6: autoDraw = False
53.9350 	EXP 	fix_3: autoDraw = True
55.4604 	EXP 	fix_3: autoDraw = False
55.4604 	EXP 	fix_3: autoDraw = False
55.4604 	EXP 	image_2: image = 'Countdown_2s.jpg'
55.4604 	EXP 	image_2: autoDraw = True
55.4604 	EXP 	circle_6: autoDraw = True
55.4604 	EXP 	fix_6: autoDraw = True
55.4604 	EXP 	Right_6: autoDraw = True
55.4604 	EXP 	Left_6: autoDraw = True
56.7737 	EXP 	image_2: autoDraw = False
56.7737 	EXP 	circle_6: autoDraw = False
56.7737 	EXP 	fix_6: autoDraw = False
56.7737 	EXP 	Right_6: autoDraw = False
56.7737 	EXP 	Left_6: autoDraw = False
56.7737 	EXP 	dots_43: foreColor = <psychopy.colors.Color: red, alpha=1.0>
56.7737 	EXP 	dots_57: foreColor = <psychopy.colors.Color: lime, alpha=1.0>
56.7737 	EXP 	polygon_2: autoDraw = True
56.7737 	EXP 	movie_2: autoDraw = True
56.7737 	EXP 	circle_2: autoDraw = True
56.7737 	EXP 	dots_43: autoDraw = True
56.7737 	EXP 	dots_57: autoDraw = True
56.7737 	EXP 	Right_3: autoDraw = True
56.7737 	EXP 	Left_3: autoDraw = True
57.7737 	EXP 	polygon_2: autoDraw = False
58.8670 	EXP 	polygon_2: autoDraw = False
58.8670 	EXP 	movie_2: autoDraw = False
58.8670 	EXP 	circle_2: autoDraw = False
58.8670 	EXP 	dots_43: autoDraw = False
58.8670 	EXP 	dots_57: autoDraw = False
58.8670 	EXP 	Right_3: autoDraw = False
58.8670 	EXP 	Left_3: autoDraw = False
58.8670 	EXP 	text_6: foreColor = <psychopy.colors.Color: red, alpha=1.0>
58.8670 	EXP 	text_6: text = 'Too late -2'
58.8670 	EXP 	text_6: autoDraw = True
59.8522 	EXP 	New trial (rep=1, index=3): {'Countdown': 'Countdown_2s.mp4', 'color1': 'red', 'color2': [-1.0, 1.0, -1.0], 'correct': 'right', 'screenshot': 'Countdown_2s.jpg'}
59.8683 	EXP 	text_6: autoDraw = False
59.8683 	EXP 	text_6: autoDraw = False
59.8683 	EXP 	fix_3: autoDraw = True
61.3840 	EXP 	fix_3: autoDraw = False
61.3840 	EXP 	fix_3: autoDraw = False
61.3840 	EXP 	image_2: image = 'Countdown_2s.jpg'
61.3840 	EXP 	image_2: autoDraw = True
61.3840 	EXP 	circle_6: autoDraw = True
61.3840 	EXP 	fix_6: autoDraw = True
61.3840 	EXP 	Right_6: autoDraw = True
61.3840 	EXP 	Left_6: autoDraw = True
62.6513 	EXP 	image_2: autoDraw = False
62.6513 	EXP 	circle_6: autoDraw = False
62.6513 	EXP 	fix_6: autoDraw = False
62.6513 	EXP 	Right_6: autoDraw = False
62.6513 	EXP 	Left_6: autoDraw = False
62.6513 	EXP 	dots_43: foreColor = <psychopy.colors.Color: lime, alpha=1.0>
62.6513 	EXP 	dots_57: foreColor = <psychopy.colors.Color: red, alpha=1.0>
62.6513 	EXP 	polygon_2: autoDraw = True
62.6513 	EXP 	movie_2: autoDraw = True
62.6513 	EXP 	circle_2: autoDraw = True
62.6513 	EXP 	dots_43: autoDraw = True
62.6513 	EXP 	dots_57: autoDraw = True
62.6513 	EXP 	Right_3: autoDraw = True
62.6513 	EXP 	Left_3: autoDraw = True
63.6572 	EXP 	polygon_2: autoDraw = False
64.7479 	EXP 	polygon_2: autoDraw = False
64.7479 	EXP 	movie_2: autoDraw = False
64.7479 	EXP 	circle_2: autoDraw = False
64.7479 	EXP 	dots_43: autoDraw = False
64.7479 	EXP 	dots_57: autoDraw = False
64.7479 	EXP 	Right_3: autoDraw = False
64.7479 	EXP 	Left_3: autoDraw = False
64.7479 	EXP 	text_6: foreColor = <psychopy.colors.Color: red, alpha=1.0>
64.7479 	EXP 	text_6: text = 'Too late -2'
64.7479 	EXP 	text_6: autoDraw = True
65.7484 	EXP 	Imported Rewa_Sequence_2.0s, 1.5s.xlsx as conditions, 4 conditions, 5 params
65.7488 	EXP 	Created sequence: random, trialTypes=4, nReps=2, seed=None
65.7490 	EXP 	New trial (rep=0, index=0): {'Countdown': 'Countdown_2s.mp4', 'color1': [-1.0, 1.0, -1.0], 'color2': 'red', 'correct': 'left', 'screenshot': 'Countdown_2s.jpg'}
65.7536 	EXP 	text_6: autoDraw = False
65.7536 	EXP 	text_6: autoDraw = False
65.7536 	EXP 	fix_4: autoDraw = True
67.2981 	EXP 	fix_4: autoDraw = False
67.2981 	EXP 	image_3: image = 'Countdown_2s.jpg'
67.2981 	EXP 	image_3: autoDraw = True
67.2981 	EXP 	circle_7: autoDraw = True
67.2981 	EXP 	fix_7: autoDraw = True
67.2981 	EXP 	Right_7: autoDraw = True
67.2981 	EXP 	Left_7: autoDraw = True
68.3713 	EXP 	image_3: autoDraw = False
68.3713 	EXP 	circle_7: autoDraw = False
68.3713 	EXP 	fix_7: autoDraw = False
68.3713 	EXP 	Right_7: autoDraw = False
68.3713 	EXP 	Left_7: autoDraw = False
68.3713 	EXP 	dots_46: foreColor = <psychopy.colors.Color: red, alpha=1.0>
68.3713 	EXP 	dots_54: foreColor = <psychopy.colors.Color: lime, alpha=1.0>
68.3713 	EXP 	polygon_3: autoDraw = True
68.3713 	EXP 	movie_3: autoDraw = True
68.3713 	EXP 	circle_3: autoDraw = True
68.3713 	EXP 	dots_46: autoDraw = True
68.3713 	EXP 	dots_54: autoDraw = True
68.3713 	EXP 	Left_4: autoDraw = True
68.3713 	EXP 	Right_4: autoDraw = True
69.3737 	EXP 	polygon_3: autoDraw = False
70.4700 	EXP 	polygon_3: autoDraw = False
70.4700 	EXP 	movie_3: autoDraw = False
70.4700 	EXP 	circle_3: autoDraw = False
70.4700 	EXP 	dots_46: autoDraw = False
70.4700 	EXP 	dots_54: autoDraw = False
70.4700 	EXP 	Left_4: autoDraw = False
70.4700 	EXP 	Right_4: autoDraw = False
70.4700 	EXP 	text_7: foreColor = <psychopy.colors.Color: red, alpha=1.0>
70.4700 	EXP 	text_7: height = 0.05
70.4700 	EXP 	text_7: height = 0.05
70.4700 	EXP 	text_7: height = 0.05
70.4700 	EXP 	text_7: text = 'Too late -2'
70.4700 	EXP 	text_7: autoDraw = True
71.4685 	EXP 	New trial (rep=0, index=1): {'Countdown': 'Countdown_2s.mp4', 'color1': 'red', 'color2': [-1.0, 1.0, -1.0], 'correct': 'right', 'screenshot': 'Countdown_2s.jpg'}
71.4849 	EXP 	text_7: autoDraw = False
71.4849 	EXP 	fix_4: autoDraw = True
73.0109 	EXP 	fix_4: autoDraw = False
73.0109 	EXP 	image_3: image = 'Countdown_2s.jpg'
73.0109 	EXP 	image_3: autoDraw = True
73.0109 	EXP 	circle_7: autoDraw = True
73.0109 	EXP 	fix_7: autoDraw = True
73.0109 	EXP 	Right_7: autoDraw = True
73.0109 	EXP 	Left_7: autoDraw = True
74.3081 	EXP 	image_3: autoDraw = False
74.3081 	EXP 	circle_7: autoDraw = False
74.3081 	EXP 	fix_7: autoDraw = False
74.3081 	EXP 	Right_7: autoDraw = False
74.3081 	EXP 	Left_7: autoDraw = False
74.3081 	EXP 	dots_46: foreColor = <psychopy.colors.Color: lime, alpha=1.0>
74.3081 	EXP 	dots_54: foreColor = <psychopy.colors.Color: red, alpha=1.0>
74.3081 	EXP 	polygon_3: autoDraw = True
74.3081 	EXP 	movie_3: autoDraw = True
74.3081 	EXP 	circle_3: autoDraw = True
74.3081 	EXP 	dots_46: autoDraw = True
74.3081 	EXP 	dots_54: autoDraw = True
74.3081 	EXP 	Left_4: autoDraw = True
74.3081 	EXP 	Right_4: autoDraw = True
75.3071 	EXP 	polygon_3: autoDraw = False
76.3933 	EXP 	polygon_3: autoDraw = False
76.3933 	EXP 	movie_3: autoDraw = False
76.3933 	EXP 	circle_3: autoDraw = False
76.3933 	EXP 	dots_46: autoDraw = False
76.3933 	EXP 	dots_54: autoDraw = False
76.3933 	EXP 	Left_4: autoDraw = False
76.3933 	EXP 	Right_4: autoDraw = False
76.3933 	EXP 	text_7: foreColor = <psychopy.colors.Color: red, alpha=1.0>
76.3933 	EXP 	text_7: text = 'Too late -2'
76.3933 	EXP 	text_7: autoDraw = True
77.3864 	EXP 	New trial (rep=0, index=2): {'Countdown': 'Countdown_1.5s.mp4', 'color1': 'red', 'color2': [-1.0, 1.0, -1.0], 'correct': 'right', 'screenshot': 'Countdown_1.5s.jpg'}
77.4016 	EXP 	text_7: autoDraw = False
77.4016 	EXP 	text_7: autoDraw = False
77.4016 	EXP 	fix_4: autoDraw = True
78.9247 	EXP 	fix_4: autoDraw = False
78.9247 	EXP 	fix_4: autoDraw = False
78.9247 	EXP 	image_3: image = 'Countdown_1.5s.jpg'
78.9247 	EXP 	image_3: autoDraw = True
78.9247 	EXP 	circle_7: autoDraw = True
78.9247 	EXP 	fix_7: autoDraw = True
78.9247 	EXP 	Right_7: autoDraw = True
78.9247 	EXP 	Left_7: autoDraw = True
80.1719 	EXP 	image_3: autoDraw = False
80.1719 	EXP 	circle_7: autoDraw = False
80.1719 	EXP 	fix_7: autoDraw = False
80.1719 	EXP 	Right_7: autoDraw = False
80.1719 	EXP 	Left_7: autoDraw = False
80.1719 	EXP 	dots_46: foreColor = <psychopy.colors.Color: lime, alpha=1.0>
80.1719 	EXP 	dots_54: foreColor = <psychopy.colors.Color: red, alpha=1.0>
80.1719 	EXP 	polygon_3: autoDraw = True
80.1719 	EXP 	movie_3: autoDraw = True
80.1719 	EXP 	circle_3: autoDraw = True
80.1719 	EXP 	dots_46: autoDraw = True
80.1719 	EXP 	dots_54: autoDraw = True
80.1719 	EXP 	Left_4: autoDraw = True
80.1719 	EXP 	Right_4: autoDraw = True
81.1737 	EXP 	polygon_3: autoDraw = False
81.7864 	EXP 	polygon_3: autoDraw = False
81.7864 	EXP 	movie_3: autoDraw = False
81.7864 	EXP 	circle_3: autoDraw = False
81.7864 	EXP 	dots_46: autoDraw = False
81.7864 	EXP 	dots_54: autoDraw = False
81.7864 	EXP 	Left_4: autoDraw = False
81.7864 	EXP 	Right_4: autoDraw = False
81.7864 	EXP 	text_7: foreColor = <psychopy.colors.Color: red, alpha=1.0>
81.7864 	EXP 	text_7: text = 'Too late -2'
81.7864 	EXP 	text_7: autoDraw = True
82.7858 	EXP 	New trial (rep=0, index=3): {'Countdown': 'Countdown_1.5s.mp4', 'color1': [-1.0, 1.0, -1.0], 'color2': 'red', 'correct': 'left', 'screenshot': 'Countdown_1.5s.jpg'}
82.8016 	EXP 	text_7: autoDraw = False
82.8016 	EXP 	fix_4: autoDraw = True
84.3257 	EXP 	fix_4: autoDraw = False
84.3257 	EXP 	image_3: image = 'Countdown_1.5s.jpg'
84.3257 	EXP 	image_3: autoDraw = True
84.3257 	EXP 	circle_7: autoDraw = True
84.3257 	EXP 	fix_7: autoDraw = True
84.3257 	EXP 	Right_7: autoDraw = True
84.3257 	EXP 	Left_7: autoDraw = True
85.5742 	EXP 	image_3: autoDraw = False
85.5742 	EXP 	circle_7: autoDraw = False
85.5742 	EXP 	fix_7: autoDraw = False
85.5742 	EXP 	Right_7: autoDraw = False
85.5742 	EXP 	Left_7: autoDraw = False
85.5742 	EXP 	dots_46: foreColor = <psychopy.colors.Color: red, alpha=1.0>
85.5742 	EXP 	dots_54: foreColor = <psychopy.colors.Color: lime, alpha=1.0>
85.5742 	EXP 	polygon_3: autoDraw = True
85.5742 	EXP 	movie_3: autoDraw = True
85.5742 	EXP 	circle_3: autoDraw = True
85.5742 	EXP 	dots_46: autoDraw = True
85.5742 	EXP 	dots_54: autoDraw = True
85.5742 	EXP 	Left_4: autoDraw = True
85.5742 	EXP 	Right_4: autoDraw = True
86.5738 	EXP 	polygon_3: autoDraw = False
87.1885 	EXP 	polygon_3: autoDraw = False
87.1885 	EXP 	movie_3: autoDraw = False
87.1885 	EXP 	circle_3: autoDraw = False
87.1885 	EXP 	dots_46: autoDraw = False
87.1885 	EXP 	dots_54: autoDraw = False
87.1885 	EXP 	Left_4: autoDraw = False
87.1885 	EXP 	Right_4: autoDraw = False
87.1885 	EXP 	text_7: foreColor = <psychopy.colors.Color: red, alpha=1.0>
87.1885 	EXP 	text_7: text = 'Too late -2'
87.1885 	EXP 	text_7: autoDraw = True
88.1856 	EXP 	New trial (rep=1, index=0): {'Countdown': 'Countdown_2s.mp4', 'color1': 'red', 'color2': [-1.0, 1.0, -1.0], 'correct': 'right', 'screenshot': 'Countdown_2s.jpg'}
88.2016 	EXP 	text_7: autoDraw = False
88.2016 	EXP 	fix_4: autoDraw = True
89.7264 	EXP 	fix_4: autoDraw = False
89.7264 	EXP 	image_3: image = 'Countdown_2s.jpg'
89.7264 	EXP 	image_3: autoDraw = True
89.7264 	EXP 	circle_7: autoDraw = True
89.7264 	EXP 	fix_7: autoDraw = True
89.7264 	EXP 	Right_7: autoDraw = True
89.7264 	EXP 	Left_7: autoDraw = True
90.9858 	EXP 	image_3: autoDraw = False
90.9858 	EXP 	circle_7: autoDraw = False
90.9858 	EXP 	fix_7: autoDraw = False
90.9858 	EXP 	Right_7: autoDraw = False
90.9858 	EXP 	Left_7: autoDraw = False
90.9858 	EXP 	dots_46: foreColor = <psychopy.colors.Color: lime, alpha=1.0>
90.9858 	EXP 	dots_54: foreColor = <psychopy.colors.Color: red, alpha=1.0>
90.9858 	EXP 	polygon_3: autoDraw = True
90.9858 	EXP 	movie_3: autoDraw = True
90.9858 	EXP 	circle_3: autoDraw = True
90.9858 	EXP 	dots_46: autoDraw = True
90.9858 	EXP 	dots_54: autoDraw = True
90.9858 	EXP 	Left_4: autoDraw = True
90.9858 	EXP 	Right_4: autoDraw = True
91.9903 	EXP 	polygon_3: autoDraw = False
93.0792 	EXP 	polygon_3: autoDraw = False
93.0792 	EXP 	movie_3: autoDraw = False
93.0792 	EXP 	circle_3: autoDraw = False
93.0792 	EXP 	dots_46: autoDraw = False
93.0792 	EXP 	dots_54: autoDraw = False
93.0792 	EXP 	Left_4: autoDraw = False
93.0792 	EXP 	Right_4: autoDraw = False
93.0792 	EXP 	text_7: foreColor = <psychopy.colors.Color: red, alpha=1.0>
93.0792 	EXP 	text_7: text = 'Too late -2'
93.0792 	EXP 	text_7: autoDraw = True
94.0696 	EXP 	New trial (rep=1, index=1): {'Countdown': 'Countdown_1.5s.mp4', 'color1': [-1.0, 1.0, -1.0], 'color2': 'red', 'correct': 'left', 'screenshot': 'Countdown_1.5s.jpg'}
94.0849 	EXP 	text_7: autoDraw = False
94.0849 	EXP 	text_7: autoDraw = False
94.0849 	EXP 	fix_4: autoDraw = True
95.6106 	EXP 	fix_4: autoDraw = False
95.6106 	EXP 	fix_4: autoDraw = False
95.6106 	EXP 	image_3: image = 'Countdown_1.5s.jpg'
95.6106 	EXP 	image_3: autoDraw = True
95.6106 	EXP 	circle_7: autoDraw = True
95.6106 	EXP 	fix_7: autoDraw = True
95.6106 	EXP 	Right_7: autoDraw = True
95.6106 	EXP 	Left_7: autoDraw = True
96.9191 	EXP 	image_3: autoDraw = False
96.9191 	EXP 	circle_7: autoDraw = False
96.9191 	EXP 	fix_7: autoDraw = False
96.9191 	EXP 	Right_7: autoDraw = False
96.9191 	EXP 	Left_7: autoDraw = False
96.9191 	EXP 	dots_46: foreColor = <psychopy.colors.Color: red, alpha=1.0>
96.9191 	EXP 	dots_54: foreColor = <psychopy.colors.Color: lime, alpha=1.0>
96.9191 	EXP 	polygon_3: autoDraw = True
96.9191 	EXP 	movie_3: autoDraw = True
96.9191 	EXP 	circle_3: autoDraw = True
96.9191 	EXP 	dots_46: autoDraw = True
96.9191 	EXP 	dots_54: autoDraw = True
96.9191 	EXP 	Left_4: autoDraw = True
96.9191 	EXP 	Right_4: autoDraw = True
97.9238 	EXP 	polygon_3: autoDraw = False
98.5359 	EXP 	polygon_3: autoDraw = False
98.5359 	EXP 	movie_3: autoDraw = False
98.5359 	EXP 	circle_3: autoDraw = False
98.5359 	EXP 	dots_46: autoDraw = False
98.5359 	EXP 	dots_54: autoDraw = False
98.5359 	EXP 	Left_4: autoDraw = False
98.5359 	EXP 	Right_4: autoDraw = False
98.5359 	EXP 	text_7: foreColor = <psychopy.colors.Color: red, alpha=1.0>
98.5359 	EXP 	text_7: text = 'Too late -2'
98.5359 	EXP 	text_7: autoDraw = True
99.5197 	EXP 	New trial (rep=1, index=2): {'Countdown': 'Countdown_1.5s.mp4', 'color1': 'red', 'color2': [-1.0, 1.0, -1.0], 'correct': 'right', 'screenshot': 'Countdown_1.5s.jpg'}
99.5350 	EXP 	text_7: autoDraw = False
99.5350 	EXP 	text_7: autoDraw = False
99.5350 	EXP 	fix_4: autoDraw = True
101.0512 	EXP 	fix_4: autoDraw = False
101.0512 	EXP 	fix_4: autoDraw = False
101.0512 	EXP 	image_3: image = 'Countdown_1.5s.jpg'
101.0512 	EXP 	image_3: autoDraw = True
101.0512 	EXP 	circle_7: autoDraw = True
101.0512 	EXP 	fix_7: autoDraw = True
101.0512 	EXP 	Right_7: autoDraw = True
101.0512 	EXP 	Left_7: autoDraw = True
102.3348 	EXP 	image_3: autoDraw = False
102.3348 	EXP 	circle_7: autoDraw = False
102.3348 	EXP 	fix_7: autoDraw = False
102.3348 	EXP 	Right_7: autoDraw = False
102.3348 	EXP 	Left_7: autoDraw = False
102.3348 	EXP 	dots_46: foreColor = <psychopy.colors.Color: lime, alpha=1.0>
102.3348 	EXP 	dots_54: foreColor = <psychopy.colors.Color: red, alpha=1.0>
102.3348 	EXP 	polygon_3: autoDraw = True
102.3348 	EXP 	movie_3: autoDraw = True
102.3348 	EXP 	circle_3: autoDraw = True
102.3348 	EXP 	dots_46: autoDraw = True
102.3348 	EXP 	dots_54: autoDraw = True
102.3348 	EXP 	Left_4: autoDraw = True
102.3348 	EXP 	Right_4: autoDraw = True
103.3405 	EXP 	polygon_3: autoDraw = False
103.9514 	EXP 	polygon_3: autoDraw = False
103.9514 	EXP 	movie_3: autoDraw = False
103.9514 	EXP 	circle_3: autoDraw = False
103.9514 	EXP 	dots_46: autoDraw = False
103.9514 	EXP 	dots_54: autoDraw = False
103.9514 	EXP 	Left_4: autoDraw = False
103.9514 	EXP 	Right_4: autoDraw = False
103.9514 	EXP 	text_7: foreColor = <psychopy.colors.Color: red, alpha=1.0>
103.9514 	EXP 	text_7: text = 'Too late -2'
103.9514 	EXP 	text_7: autoDraw = True
104.9357 	EXP 	New trial (rep=1, index=3): {'Countdown': 'Countdown_2s.mp4', 'color1': [-1.0, 1.0, -1.0], 'color2': 'red', 'correct': 'left', 'screenshot': 'Countdown_2s.jpg'}
104.9516 	EXP 	text_7: autoDraw = False
104.9516 	EXP 	text_7: autoDraw = False
104.9516 	EXP 	fix_4: autoDraw = True
106.4681 	EXP 	fix_4: autoDraw = False
106.4681 	EXP 	fix_4: autoDraw = False
106.4681 	EXP 	image_3: image = 'Countdown_2s.jpg'
106.4681 	EXP 	image_3: autoDraw = True
106.4681 	EXP 	circle_7: autoDraw = True
106.4681 	EXP 	fix_7: autoDraw = True
106.4681 	EXP 	Right_7: autoDraw = True
106.4681 	EXP 	Left_7: autoDraw = True
107.7550 	EXP 	image_3: autoDraw = False
107.7550 	EXP 	circle_7: autoDraw = False
107.7550 	EXP 	fix_7: autoDraw = False
107.7550 	EXP 	Right_7: autoDraw = False
107.7550 	EXP 	Left_7: autoDraw = False
107.7550 	EXP 	dots_46: foreColor = <psychopy.colors.Color: red, alpha=1.0>
107.7550 	EXP 	dots_54: foreColor = <psychopy.colors.Color: lime, alpha=1.0>
107.7550 	EXP 	polygon_3: autoDraw = True
107.7550 	EXP 	movie_3: autoDraw = True
107.7550 	EXP 	circle_3: autoDraw = True
107.7550 	EXP 	dots_46: autoDraw = True
107.7550 	EXP 	dots_54: autoDraw = True
107.7550 	EXP 	Left_4: autoDraw = True
107.7550 	EXP 	Right_4: autoDraw = True
108.7570 	EXP 	polygon_3: autoDraw = False
109.8411 	EXP 	polygon_3: autoDraw = False
109.8411 	EXP 	movie_3: autoDraw = False
109.8411 	EXP 	circle_3: autoDraw = False
109.8411 	EXP 	dots_46: autoDraw = False
109.8411 	EXP 	dots_54: autoDraw = False
109.8411 	EXP 	Left_4: autoDraw = False
109.8411 	EXP 	Right_4: autoDraw = False
109.8411 	EXP 	text_7: foreColor = <psychopy.colors.Color: red, alpha=1.0>
109.8411 	EXP 	text_7: text = 'Too late -2'
109.8411 	EXP 	text_7: autoDraw = True
110.8472 	EXP 	Imported Rewa_Sequence_2.0s, 1.5s.xlsx as conditions, 4 conditions, 5 params
110.8476 	EXP 	Created sequence: random, trialTypes=4, nReps=2, seed=None
110.8478 	EXP 	New trial (rep=0, index=0): {'Countdown': 'Countdown_2s.mp4', 'color1': [-1.0, 1.0, -1.0], 'color2': 'red', 'correct': 'left', 'screenshot': 'Countdown_2s.jpg'}
110.8566 	EXP 	text_7: autoDraw = False
110.8566 	EXP 	text_7: autoDraw = False
110.8566 	EXP 	text_2: autoDraw = True
110.8566 	EXP 	text_2: height = 0.05
110.8566 	EXP 	text_2: height = 0.05
110.8566 	EXP 	text_2: height = 0.05
110.8566 	EXP 	text_2: text = '-29'
110.8566 	EXP 	text_5: autoDraw = True
110.8566 	EXP 	text_9: autoDraw = True
110.8685 	EXP 	text_2: text = '-29'
110.8850 	EXP 	text_2: text = '-29'
110.9018 	EXP 	text_2: text = '-29'
110.9184 	EXP 	text_2: text = '-29'
110.9351 	EXP 	text_2: text = '-29'
110.9518 	EXP 	text_2: text = '-29'
110.9684 	EXP 	text_2: text = '-29'
110.9850 	EXP 	text_2: text = '-29'
111.0018 	EXP 	text_2: text = '-29'
111.0184 	EXP 	text_2: text = '-29'
111.0350 	EXP 	text_2: text = '-29'
111.0518 	EXP 	text_2: text = '-29'
111.0683 	EXP 	text_2: text = '-29'
111.0851 	EXP 	text_2: text = '-29'
111.1018 	EXP 	text_2: text = '-29'
111.1183 	EXP 	text_2: text = '-29'
111.1351 	EXP 	text_2: text = '-29'
111.1517 	EXP 	text_2: text = '-29'
111.1684 	EXP 	text_2: text = '-29'
111.1851 	EXP 	text_2: text = '-29'
111.2018 	EXP 	text_2: text = '-29'
111.2184 	EXP 	text_2: text = '-29'
111.2350 	EXP 	text_2: text = '-29'
111.2518 	EXP 	text_2: text = '-29'
111.2684 	EXP 	text_2: text = '-29'
111.2851 	EXP 	text_2: text = '-29'
111.3018 	EXP 	text_2: text = '-29'
111.3185 	EXP 	text_2: text = '-29'
111.3351 	EXP 	text_2: text = '-29'
111.3519 	EXP 	text_2: text = '-29'
111.3685 	EXP 	text_2: text = '-29'
111.3851 	EXP 	text_2: text = '-29'
111.4018 	EXP 	text_2: text = '-29'
111.4184 	EXP 	text_2: text = '-29'
111.4352 	EXP 	text_2: text = '-29'
111.4518 	EXP 	text_2: text = '-29'
111.4684 	EXP 	text_2: text = '-29'
111.4852 	EXP 	text_2: text = '-29'
111.5018 	EXP 	text_2: text = '-29'
111.5186 	EXP 	text_2: text = '-29'
111.5351 	EXP 	text_2: text = '-29'
111.5518 	EXP 	text_2: text = '-29'
111.5685 	EXP 	text_2: text = '-29'
111.5850 	EXP 	text_2: text = '-29'
111.6019 	EXP 	text_2: text = '-29'
111.6185 	EXP 	text_2: text = '-29'
111.6351 	EXP 	text_2: text = '-29'
111.6517 	EXP 	text_2: text = '-29'
111.6684 	EXP 	text_2: text = '-29'
111.6851 	EXP 	text_2: text = '-29'
111.7018 	EXP 	text_2: text = '-29'
111.7184 	EXP 	text_2: text = '-29'
111.7352 	EXP 	text_2: text = '-29'
111.7517 	EXP 	text_2: text = '-29'
111.7686 	EXP 	text_2: text = '-29'
111.7851 	EXP 	text_2: text = '-29'
111.8017 	EXP 	text_2: text = '-29'
111.8187 	EXP 	text_2: text = '-29'
111.8353 	EXP 	text_2: text = '-29'
111.8519 	EXP 	text_2: text = '-29'
111.8684 	EXP 	text_2: text = '-29'
111.8851 	EXP 	text_2: text = '-29'
111.9017 	EXP 	text_2: text = '-29'
111.9185 	EXP 	text_2: text = '-29'
111.9351 	EXP 	text_2: text = '-29'
111.9517 	EXP 	text_2: text = '-29'
111.9684 	EXP 	text_2: text = '-29'
111.9852 	EXP 	text_2: text = '-29'
112.0019 	EXP 	text_2: text = '-29'
112.0184 	EXP 	text_2: text = '-29'
112.0350 	EXP 	text_2: text = '-29'
112.0518 	EXP 	text_2: text = '-29'
112.0684 	EXP 	text_2: text = '-29'
112.0850 	EXP 	text_2: text = '-29'
112.1017 	EXP 	text_2: text = '-29'
112.1185 	EXP 	text_2: text = '-29'
112.1351 	EXP 	text_2: text = '-29'
112.1517 	EXP 	text_2: text = '-29'
112.1684 	EXP 	text_2: text = '-29'
112.1850 	EXP 	text_2: text = '-29'
112.2018 	EXP 	text_2: text = '-29'
112.2185 	EXP 	text_2: text = '-29'
112.2351 	EXP 	text_2: text = '-29'
112.2517 	EXP 	text_2: text = '-29'
112.2686 	EXP 	text_2: text = '-29'
112.2851 	EXP 	text_2: text = '-29'
112.3017 	EXP 	text_2: text = '-29'
112.3184 	EXP 	text_2: text = '-29'
112.3352 	EXP 	text_2: text = '-29'
112.3518 	EXP 	text_2: text = '-29'
112.3684 	EXP 	text_2: text = '-29'
112.3852 	EXP 	text_2: text = '-29'
112.4017 	EXP 	text_2: text = '-29'
112.4184 	EXP 	text_2: text = '-29'
112.4351 	EXP 	text_2: text = '-29'
112.4518 	EXP 	text_2: text = '-29'
112.4684 	EXP 	text_2: text = '-29'
112.4851 	EXP 	text_2: text = '-29'
112.5016 	EXP 	text_2: text = '-29'
112.5185 	EXP 	text_2: text = '-29'
112.5351 	EXP 	text_2: text = '-29'
112.5517 	EXP 	text_2: text = '-29'
112.5686 	EXP 	text_2: text = '-29'
112.5851 	EXP 	text_2: text = '-29'
112.6018 	EXP 	text_2: text = '-29'
112.6187 	EXP 	text_2: text = '-29'
112.6351 	EXP 	text_2: text = '-29'
112.6517 	EXP 	text_2: text = '-29'
112.6684 	EXP 	text_2: text = '-29'
112.6851 	EXP 	text_2: text = '-29'
112.7019 	EXP 	text_2: text = '-29'
112.7184 	EXP 	text_2: text = '-29'
112.7352 	EXP 	text_2: text = '-29'
112.7518 	EXP 	text_2: text = '-29'
112.7684 	EXP 	text_2: text = '-29'
112.7852 	EXP 	text_2: text = '-29'
112.8019 	EXP 	text_2: text = '-29'
112.8184 	EXP 	text_2: text = '-29'
112.8350 	EXP 	text_2: text = '-29'
112.8518 	EXP 	text_2: text = '-29'
112.8685 	EXP 	text_2: text = '-29'
112.8851 	EXP 	text_2: text = '-29'
112.9018 	EXP 	text_2: text = '-29'
112.9184 	EXP 	text_2: text = '-29'
112.9352 	EXP 	text_2: text = '-29'
112.9518 	EXP 	text_2: text = '-29'
112.9684 	EXP 	text_2: text = '-29'
112.9851 	EXP 	text_2: text = '-29'
113.0018 	EXP 	text_2: text = '-29'
113.0184 	EXP 	text_2: text = '-29'
113.0351 	EXP 	text_2: text = '-29'
113.0519 	EXP 	text_2: text = '-29'
113.0684 	EXP 	text_2: text = '-29'
113.0851 	EXP 	text_2: text = '-29'
113.1017 	EXP 	text_2: text = '-29'
113.1185 	EXP 	text_2: text = '-29'
113.1351 	EXP 	text_2: text = '-29'
113.1518 	EXP 	text_2: text = '-29'
113.1684 	EXP 	text_2: text = '-29'
113.1852 	EXP 	text_2: text = '-29'
113.2017 	EXP 	text_2: text = '-29'
113.2184 	EXP 	text_2: text = '-29'
113.2351 	EXP 	text_2: text = '-29'
113.2518 	EXP 	text_2: text = '-29'
113.2684 	EXP 	text_2: text = '-29'
113.2852 	EXP 	text_2: text = '-29'
113.3019 	EXP 	text_2: text = '-29'
113.3184 	EXP 	text_2: text = '-29'
113.3351 	EXP 	text_2: text = '-29'
113.3518 	EXP 	text_2: text = '-29'
113.3685 	EXP 	text_2: text = '-29'
113.3851 	EXP 	text_2: text = '-29'
113.4017 	EXP 	text_2: text = '-29'
113.4184 	EXP 	text_2: text = '-29'
113.4352 	EXP 	text_2: text = '-29'
113.4518 	EXP 	text_2: text = '-29'
113.4684 	EXP 	text_2: text = '-29'
113.4852 	EXP 	text_2: text = '-29'
113.5017 	EXP 	text_2: text = '-29'
113.5184 	EXP 	text_2: text = '-29'
113.5351 	EXP 	text_2: text = '-29'
113.5517 	EXP 	text_2: text = '-29'
113.5684 	EXP 	text_2: text = '-29'
113.5851 	EXP 	text_2: text = '-29'
113.6019 	EXP 	text_2: text = '-29'
113.6184 	EXP 	text_2: text = '-29'
113.6352 	EXP 	text_2: text = '-29'
113.6519 	EXP 	text_2: text = '-29'
113.6685 	EXP 	text_2: text = '-29'
113.6851 	EXP 	text_2: text = '-29'
113.7017 	EXP 	text_2: text = '-29'
113.7185 	EXP 	text_2: text = '-29'
113.7351 	EXP 	text_2: text = '-29'
113.7517 	EXP 	text_2: text = '-29'
113.7684 	EXP 	text_2: text = '-29'
113.7852 	EXP 	text_2: text = '-29'
113.8018 	EXP 	text_2: text = '-29'
113.8185 	EXP 	text_2: text = '-29'
113.8350 	EXP 	text_2: text = '-29'
113.8517 	EXP 	text_2: text = '-29'
113.8684 	EXP 	text_2: text = '-29'
113.8852 	EXP 	text_2: text = '-29'
113.9018 	EXP 	text_2: text = '-29'
113.9184 	EXP 	text_2: text = '-29'
113.9352 	EXP 	text_2: text = '-29'
113.9518 	EXP 	text_2: text = '-29'
113.9686 	EXP 	text_2: text = '-29'
113.9851 	EXP 	text_2: text = '-29'
114.0018 	EXP 	text_2: text = '-29'
114.0184 	EXP 	text_2: text = '-29'
114.0351 	EXP 	text_2: text = '-29'
114.0518 	EXP 	text_2: text = '-29'
114.0684 	EXP 	text_2: text = '-29'
114.0852 	EXP 	text_2: text = '-29'
114.1018 	EXP 	text_2: text = '-29'
114.1184 	EXP 	text_2: text = '-29'
114.1351 	EXP 	text_2: text = '-29'
114.1518 	EXP 	text_2: text = '-29'
114.1684 	EXP 	text_2: text = '-29'
114.1850 	EXP 	text_2: text = '-29'
114.2019 	EXP 	text_2: text = '-29'
114.2184 	EXP 	text_2: text = '-29'
114.2351 	EXP 	text_2: text = '-29'
114.2517 	EXP 	text_2: text = '-29'
114.2686 	EXP 	text_2: text = '-29'
114.2851 	EXP 	text_2: text = '-29'
114.3018 	EXP 	text_2: text = '-29'
114.3186 	EXP 	text_2: text = '-29'
114.3350 	EXP 	text_2: text = '-29'
114.3517 	EXP 	text_2: text = '-29'
114.3685 	EXP 	text_2: text = '-29'
114.3852 	EXP 	text_2: text = '-29'
114.4017 	EXP 	text_2: text = '-29'
114.4185 	EXP 	text_2: text = '-29'
114.4352 	EXP 	text_2: text = '-29'
114.4518 	EXP 	text_2: text = '-29'
114.4684 	EXP 	text_2: text = '-29'
114.4852 	EXP 	text_2: text = '-29'
114.5017 	EXP 	text_2: text = '-29'
114.5183 	EXP 	text_2: text = '-29'
114.5351 	EXP 	text_2: text = '-29'
114.5519 	EXP 	text_2: text = '-29'
114.5684 	EXP 	text_2: text = '-29'
114.5850 	EXP 	text_2: text = '-29'
114.6018 	EXP 	text_2: text = '-29'
114.6185 	EXP 	text_2: text = '-29'
114.6351 	EXP 	text_2: text = '-29'
114.6518 	EXP 	text_2: text = '-29'
114.6685 	EXP 	text_2: text = '-29'
114.6851 	EXP 	text_2: text = '-29'
114.7019 	EXP 	text_2: text = '-29'
114.7184 	EXP 	text_2: text = '-29'
114.7351 	EXP 	text_2: text = '-29'
114.7519 	EXP 	text_2: text = '-29'
114.7684 	EXP 	text_2: text = '-29'
114.7850 	EXP 	text_2: text = '-29'
114.8020 	EXP 	text_2: text = '-29'
114.8185 	EXP 	text_2: text = '-29'
114.8350 	EXP 	text_2: text = '-29'
114.8518 	EXP 	text_2: text = '-29'
114.8684 	EXP 	text_2: text = '-29'
114.8852 	EXP 	text_2: text = '-29'
114.9018 	EXP 	text_2: text = '-29'
114.9184 	EXP 	text_2: text = '-29'
114.9351 	EXP 	text_2: text = '-29'
114.9518 	EXP 	text_2: text = '-29'
114.9685 	EXP 	text_2: text = '-29'
114.9851 	EXP 	text_2: text = '-29'
115.0017 	EXP 	text_2: text = '-29'
115.0185 	EXP 	text_2: text = '-29'
115.0350 	EXP 	text_2: text = '-29'
115.0518 	EXP 	text_2: text = '-29'
115.0684 	EXP 	text_2: text = '-29'
115.0852 	EXP 	text_2: text = '-29'
115.1017 	EXP 	text_2: text = '-29'
115.1184 	EXP 	text_2: text = '-29'
115.1352 	EXP 	text_2: text = '-29'
115.1517 	EXP 	text_2: text = '-29'
115.1683 	EXP 	text_2: text = '-29'
115.1851 	EXP 	text_2: text = '-29'
115.2017 	EXP 	text_2: text = '-29'
115.2184 	EXP 	text_2: text = '-29'
115.2351 	EXP 	text_2: text = '-29'
115.2518 	EXP 	text_2: text = '-29'
115.2684 	EXP 	text_2: text = '-29'
115.2851 	EXP 	text_2: text = '-29'
115.3018 	EXP 	text_2: text = '-29'
115.3186 	EXP 	text_2: text = '-29'
115.3351 	EXP 	text_2: text = '-29'
115.3517 	EXP 	text_2: text = '-29'
115.3684 	EXP 	text_2: text = '-29'
115.3851 	EXP 	text_2: text = '-29'
115.4018 	EXP 	text_2: text = '-29'
115.4184 	EXP 	text_2: text = '-29'
115.4352 	EXP 	text_2: text = '-29'
115.4518 	EXP 	text_2: text = '-29'
115.4685 	EXP 	text_2: text = '-29'
115.4851 	EXP 	text_2: text = '-29'
115.5018 	EXP 	text_2: text = '-29'
115.5184 	EXP 	text_2: text = '-29'
115.5350 	EXP 	text_2: text = '-29'
115.5518 	EXP 	text_2: text = '-29'
115.5684 	EXP 	text_2: text = '-29'
115.5851 	EXP 	text_2: text = '-29'
115.6017 	EXP 	text_2: text = '-29'
115.6185 	EXP 	text_2: text = '-29'
115.6351 	EXP 	text_2: text = '-29'
115.6517 	EXP 	text_2: text = '-29'
115.6686 	EXP 	text_2: text = '-29'
115.6851 	EXP 	text_2: text = '-29'
115.7017 	EXP 	text_2: text = '-29'
115.7183 	EXP 	text_2: text = '-29'
115.7351 	EXP 	text_2: text = '-29'
115.7517 	EXP 	text_2: text = '-29'
115.7685 	EXP 	text_2: text = '-29'
115.7851 	EXP 	text_2: text = '-29'
115.8019 	EXP 	text_2: text = '-29'
115.8185 	EXP 	text_2: text = '-29'
115.8351 	EXP 	text_2: text = '-29'
115.8517 	EXP 	text_2: text = '-29'
115.8684 	EXP 	text_2: text = '-29'
115.8852 	EXP 	text_2: text = '-29'
115.9017 	EXP 	text_2: text = '-29'
115.9185 	EXP 	text_2: text = '-29'
115.9353 	EXP 	text_2: text = '-29'
115.9518 	EXP 	text_2: text = '-29'
115.9684 	EXP 	text_2: text = '-29'
115.9851 	EXP 	text_2: text = '-29'
116.0018 	EXP 	text_2: text = '-29'
116.0184 	EXP 	text_2: text = '-29'
116.0351 	EXP 	text_2: text = '-29'
116.0519 	EXP 	text_2: text = '-29'
116.0686 	EXP 	text_2: text = '-29'
116.0850 	EXP 	text_2: text = '-29'
116.1017 	EXP 	text_2: text = '-29'
116.1185 	EXP 	text_2: text = '-29'
116.1351 	EXP 	text_2: text = '-29'
116.1517 	EXP 	text_2: text = '-29'
116.1683 	EXP 	text_2: text = '-29'
116.1852 	EXP 	text_2: text = '-29'
116.2017 	EXP 	text_2: text = '-29'
116.2184 	EXP 	text_2: text = '-29'
116.2352 	EXP 	text_2: text = '-29'
116.2517 	EXP 	text_2: text = '-29'
116.2684 	EXP 	text_2: text = '-29'
116.2851 	EXP 	text_2: text = '-29'
116.3019 	EXP 	text_2: text = '-29'
116.3184 	EXP 	text_2: text = '-29'
116.3351 	EXP 	text_2: text = '-29'
116.3519 	EXP 	text_2: text = '-29'
116.3684 	EXP 	text_2: text = '-29'
116.3851 	EXP 	text_2: text = '-29'
116.4017 	EXP 	text_2: text = '-29'
116.4184 	EXP 	text_2: text = '-29'
116.4351 	EXP 	text_2: text = '-29'
116.4517 	EXP 	text_2: text = '-29'
116.4686 	EXP 	text_2: text = '-29'
116.4851 	EXP 	text_2: text = '-29'
116.5017 	EXP 	text_2: text = '-29'
116.5184 	EXP 	text_2: text = '-29'
116.5351 	EXP 	text_2: text = '-29'
116.5518 	EXP 	text_2: text = '-29'
116.5685 	EXP 	text_2: text = '-29'
116.5851 	EXP 	text_2: text = '-29'
116.6017 	EXP 	text_2: text = '-29'
116.6184 	EXP 	text_2: text = '-29'
116.6352 	EXP 	text_2: text = '-29'
116.6517 	EXP 	text_2: text = '-29'
116.6684 	EXP 	text_2: text = '-29'
116.6851 	EXP 	text_2: text = '-29'
116.7019 	EXP 	text_2: text = '-29'
116.7184 	EXP 	text_2: text = '-29'
116.7351 	EXP 	text_2: text = '-29'
116.7517 	EXP 	text_2: text = '-29'
116.7685 	EXP 	text_2: text = '-29'
116.7851 	EXP 	text_2: text = '-29'
116.8018 	EXP 	text_2: text = '-29'
116.8186 	EXP 	text_2: text = '-29'
116.8351 	EXP 	text_2: text = '-29'
116.8517 	EXP 	text_2: text = '-29'
116.8684 	EXP 	text_2: text = '-29'
116.8851 	EXP 	text_2: text = '-29'
116.9018 	EXP 	text_2: text = '-29'
116.9184 	EXP 	text_2: text = '-29'
116.9352 	EXP 	text_2: text = '-29'
116.9518 	EXP 	text_2: text = '-29'
116.9684 	EXP 	text_2: text = '-29'
116.9851 	EXP 	text_2: text = '-29'
117.0019 	EXP 	text_2: text = '-29'
117.0184 	EXP 	text_2: text = '-29'
117.0351 	EXP 	text_2: text = '-29'
117.0519 	EXP 	text_2: text = '-29'
117.0685 	EXP 	text_2: text = '-29'
117.0851 	EXP 	text_2: text = '-29'
117.1018 	EXP 	text_2: text = '-29'
117.1184 	EXP 	text_2: text = '-29'
117.1351 	EXP 	text_2: text = '-29'
117.1517 	EXP 	text_2: text = '-29'
117.1686 	EXP 	text_2: text = '-29'
117.1852 	EXP 	text_2: text = '-29'
117.2018 	EXP 	text_2: text = '-29'
117.2185 	EXP 	text_2: text = '-29'
117.2350 	EXP 	text_2: text = '-29'
117.2517 	EXP 	text_2: text = '-29'
117.2684 	EXP 	text_2: text = '-29'
117.2850 	EXP 	text_2: text = '-29'
117.3017 	EXP 	text_2: text = '-29'
117.3184 	EXP 	text_2: text = '-29'
117.3350 	EXP 	text_2: text = '-29'
117.3517 	EXP 	text_2: text = '-29'
117.3684 	EXP 	text_2: text = '-29'
117.3850 	EXP 	text_2: text = '-29'
117.4018 	EXP 	text_2: text = '-29'
117.4183 	EXP 	text_2: text = '-29'
117.4350 	EXP 	text_2: text = '-29'
117.4519 	EXP 	text_2: text = '-29'
117.4684 	EXP 	text_2: text = '-29'
117.4851 	EXP 	text_2: text = '-29'
117.5020 	EXP 	text_2: text = '-29'
117.5185 	EXP 	text_2: text = '-29'
117.5351 	EXP 	text_2: text = '-29'
117.5518 	EXP 	text_2: text = '-29'
117.5685 	EXP 	text_2: text = '-29'
117.5851 	EXP 	text_2: text = '-29'
117.6018 	EXP 	text_2: text = '-29'
117.6186 	EXP 	text_2: text = '-29'
117.6351 	EXP 	text_2: text = '-29'
117.6519 	EXP 	text_2: text = '-29'
117.6685 	EXP 	text_2: text = '-29'
117.6851 	EXP 	text_2: text = '-29'
117.7018 	EXP 	text_2: text = '-29'
117.7184 	EXP 	text_2: text = '-29'
117.7352 	EXP 	text_2: text = '-29'
117.7517 	EXP 	text_2: text = '-29'
117.7685 	EXP 	text_2: text = '-29'
117.7851 	EXP 	text_2: text = '-29'
117.8018 	EXP 	text_2: text = '-29'
117.8185 	EXP 	text_2: text = '-29'
117.8351 	EXP 	text_2: text = '-29'
117.8517 	EXP 	text_2: text = '-29'
117.8684 	EXP 	text_2: text = '-29'
117.8851 	EXP 	text_2: text = '-29'
117.9018 	EXP 	text_2: text = '-29'
117.9184 	EXP 	text_2: text = '-29'
117.9352 	EXP 	text_2: text = '-29'
117.9518 	EXP 	text_2: text = '-29'
117.9684 	EXP 	text_2: text = '-29'
117.9851 	EXP 	text_2: text = '-29'
118.0018 	EXP 	text_2: text = '-29'
118.0184 	EXP 	text_2: text = '-29'
118.0351 	EXP 	text_2: text = '-29'
118.0519 	EXP 	text_2: text = '-29'
118.0684 	EXP 	text_2: text = '-29'
118.0850 	EXP 	text_2: text = '-29'
118.1018 	EXP 	text_2: text = '-29'
118.1185 	EXP 	text_2: text = '-29'
118.1351 	EXP 	text_2: text = '-29'
118.1518 	EXP 	text_2: text = '-29'
118.1684 	EXP 	text_2: text = '-29'
118.1851 	EXP 	text_2: text = '-29'
118.2019 	EXP 	text_2: text = '-29'
118.2184 	EXP 	text_2: text = '-29'
118.2351 	EXP 	text_2: text = '-29'
118.2519 	EXP 	text_2: text = '-29'
118.2684 	EXP 	text_2: text = '-29'
118.2851 	EXP 	text_2: text = '-29'
118.3018 	EXP 	text_2: text = '-29'
118.3184 	EXP 	text_2: text = '-29'
118.3352 	EXP 	text_2: text = '-29'
118.3519 	EXP 	text_2: text = '-29'
118.3684 	EXP 	text_2: text = '-29'
118.3851 	EXP 	text_2: text = '-29'
118.4017 	EXP 	text_2: text = '-29'
118.4185 	EXP 	text_2: text = '-29'
118.4351 	EXP 	text_2: text = '-29'
118.4518 	EXP 	text_2: text = '-29'
118.4685 	EXP 	text_2: text = '-29'
118.4850 	EXP 	text_2: text = '-29'
118.5017 	EXP 	text_2: text = '-29'
118.5184 	EXP 	text_2: text = '-29'
118.5351 	EXP 	text_2: text = '-29'
118.5518 	EXP 	text_2: text = '-29'
118.5686 	EXP 	text_2: text = '-29'
118.5851 	EXP 	text_2: text = '-29'
118.6017 	EXP 	text_2: text = '-29'
118.6184 	EXP 	text_2: text = '-29'
118.6351 	EXP 	text_2: text = '-29'
118.6519 	EXP 	text_2: text = '-29'
118.6684 	EXP 	text_2: text = '-29'
118.6851 	EXP 	text_2: text = '-29'
118.7019 	EXP 	text_2: text = '-29'
118.7184 	EXP 	text_2: text = '-29'
118.7350 	EXP 	text_2: text = '-29'
118.7518 	EXP 	text_2: text = '-29'
118.7685 	EXP 	text_2: text = '-29'
118.7850 	EXP 	text_2: text = '-29'
118.8017 	EXP 	text_2: text = '-29'
118.8186 	EXP 	text_2: text = '-29'
118.8351 	EXP 	text_2: text = '-29'
118.8518 	EXP 	text_2: text = '-29'
118.8685 	EXP 	text_2: text = '-29'
118.8853 	EXP 	text_2: text = '-29'
118.9018 	EXP 	text_2: text = '-29'
118.9184 	EXP 	text_2: text = '-29'
118.9352 	EXP 	text_2: text = '-29'
118.9517 	EXP 	text_2: text = '-29'
118.9685 	EXP 	text_2: text = '-29'
118.9851 	EXP 	text_2: text = '-29'
119.0018 	EXP 	text_2: text = '-29'
119.0185 	EXP 	text_2: text = '-29'
119.0351 	EXP 	text_2: text = '-29'
119.0519 	EXP 	text_2: text = '-29'
119.0684 	EXP 	text_2: text = '-29'
119.0851 	EXP 	text_2: text = '-29'
119.1018 	EXP 	text_2: text = '-29'
119.1185 	EXP 	text_2: text = '-29'
119.1351 	EXP 	text_2: text = '-29'
119.1518 	EXP 	text_2: text = '-29'
119.1686 	EXP 	text_2: text = '-29'
119.1852 	EXP 	text_2: text = '-29'
119.2018 	EXP 	text_2: text = '-29'
119.2184 	EXP 	text_2: text = '-29'
119.2351 	EXP 	text_2: text = '-29'
119.2518 	EXP 	text_2: text = '-29'
119.2684 	EXP 	text_2: text = '-29'
119.2851 	EXP 	text_2: text = '-29'
119.3019 	EXP 	text_2: text = '-29'
119.3184 	EXP 	text_2: text = '-29'
119.3351 	EXP 	text_2: text = '-29'
119.3519 	EXP 	text_2: text = '-29'
119.3684 	EXP 	text_2: text = '-29'
119.3851 	EXP 	text_2: text = '-29'
119.4017 	EXP 	text_2: text = '-29'
119.4185 	EXP 	text_2: text = '-29'
119.4351 	EXP 	text_2: text = '-29'
119.4517 	EXP 	text_2: text = '-29'
119.4686 	EXP 	text_2: text = '-29'
119.4851 	EXP 	text_2: text = '-29'
119.5017 	EXP 	text_2: text = '-29'
119.5184 	EXP 	text_2: text = '-29'
119.5352 	EXP 	text_2: text = '-29'
119.5518 	EXP 	text_2: text = '-29'
119.5683 	EXP 	text_2: text = '-29'
119.5852 	EXP 	text_2: text = '-29'
119.6017 	EXP 	text_2: text = '-29'
119.6184 	EXP 	text_2: text = '-29'
119.6351 	EXP 	text_2: text = '-29'
119.6519 	EXP 	text_2: text = '-29'
119.6684 	EXP 	text_2: text = '-29'
119.6851 	EXP 	text_2: text = '-29'
119.7019 	EXP 	text_2: text = '-29'
119.7184 	EXP 	text_2: text = '-29'
119.7353 	EXP 	text_2: text = '-29'
119.7519 	EXP 	text_2: text = '-29'
119.7685 	EXP 	text_2: text = '-29'
119.7852 	EXP 	text_2: text = '-29'
119.8017 	EXP 	text_2: text = '-29'
119.8183 	EXP 	text_2: text = '-29'
119.8351 	EXP 	text_2: text = '-29'
119.8517 	EXP 	text_2: text = '-29'
119.8685 	EXP 	text_2: text = '-29'
119.8851 	EXP 	text_2: text = '-29'
119.9018 	EXP 	text_2: text = '-29'
119.9186 	EXP 	text_2: text = '-29'
119.9351 	EXP 	text_2: text = '-29'
119.9518 	EXP 	text_2: text = '-29'
119.9685 	EXP 	text_2: text = '-29'
119.9851 	EXP 	text_2: text = '-29'
120.0018 	EXP 	text_2: text = '-29'
120.0184 	EXP 	text_2: text = '-29'
120.0352 	EXP 	text_2: text = '-29'
120.0518 	EXP 	text_2: text = '-29'
120.0684 	EXP 	text_2: text = '-29'
120.0853 	EXP 	text_2: text = '-29'
120.1017 	EXP 	text_2: text = '-29'
120.1184 	EXP 	text_2: text = '-29'
120.1351 	EXP 	text_2: text = '-29'
120.1518 	EXP 	text_2: text = '-29'
120.1684 	EXP 	text_2: text = '-29'
120.1851 	EXP 	text_2: text = '-29'
120.2019 	EXP 	text_2: text = '-29'
120.2184 	EXP 	text_2: text = '-29'
120.2351 	EXP 	text_2: text = '-29'
120.2518 	EXP 	text_2: text = '-29'
120.2683 	EXP 	text_2: text = '-29'
120.2851 	EXP 	text_2: text = '-29'
120.3017 	EXP 	text_2: text = '-29'
120.3185 	EXP 	text_2: text = '-29'
120.3350 	EXP 	text_2: text = '-29'
120.3517 	EXP 	text_2: text = '-29'
120.3686 	EXP 	text_2: text = '-29'
120.3852 	EXP 	text_2: text = '-29'
120.4017 	EXP 	text_2: text = '-29'
120.4185 	EXP 	text_2: text = '-29'
120.4352 	EXP 	text_2: text = '-29'
120.4517 	EXP 	text_2: text = '-29'
120.4684 	EXP 	text_2: text = '-29'
120.4852 	EXP 	text_2: text = '-29'
120.5018 	EXP 	text_2: text = '-29'
120.5185 	EXP 	text_2: text = '-29'
120.5351 	EXP 	text_2: text = '-29'
120.5519 	EXP 	text_2: text = '-29'
120.5685 	EXP 	text_2: text = '-29'
120.5852 	EXP 	text_2: text = '-29'
120.6019 	EXP 	text_2: text = '-29'
120.6185 	EXP 	text_2: text = '-29'
120.6351 	EXP 	text_2: text = '-29'
120.6518 	EXP 	text_2: text = '-29'
120.6685 	EXP 	text_2: text = '-29'
120.6851 	EXP 	text_2: text = '-29'
120.7018 	EXP 	text_2: text = '-29'
120.7186 	EXP 	text_2: text = '-29'
120.7351 	EXP 	text_2: text = '-29'
120.7517 	EXP 	text_2: text = '-29'
120.7684 	EXP 	text_2: text = '-29'
120.7851 	EXP 	text_2: text = '-29'
120.8018 	EXP 	text_2: text = '-29'
120.8185 	EXP 	text_2: text = '-29'
120.8352 	EXP 	text_2: text = '-29'
120.8517 	EXP 	text_2: text = '-29'
120.8684 	EXP 	text_2: text = '-29'
120.8852 	EXP 	text_2: text = '-29'
120.9018 	EXP 	text_2: text = '-29'
120.9184 	EXP 	text_2: text = '-29'
120.9352 	EXP 	text_2: text = '-29'
120.9517 	EXP 	text_2: text = '-29'
120.9684 	EXP 	text_2: text = '-29'
120.9851 	EXP 	text_2: text = '-29'
121.0019 	EXP 	text_2: text = '-29'
121.0184 	EXP 	text_2: text = '-29'
121.0351 	EXP 	text_2: text = '-29'
121.0519 	EXP 	text_2: text = '-29'
121.0684 	EXP 	text_2: text = '-29'
121.0850 	EXP 	text_2: text = '-29'
121.1017 	EXP 	text_2: text = '-29'
121.1185 	EXP 	text_2: text = '-29'
121.1351 	EXP 	text_2: text = '-29'
121.1519 	EXP 	text_2: text = '-29'
121.1684 	EXP 	text_2: text = '-29'
121.1851 	EXP 	text_2: text = '-29'
121.2017 	EXP 	text_2: text = '-29'
121.2186 	EXP 	text_2: text = '-29'
121.2351 	EXP 	text_2: text = '-29'
121.2517 	EXP 	text_2: text = '-29'
121.2684 	EXP 	text_2: text = '-29'
121.2851 	EXP 	text_2: text = '-29'
121.3019 	EXP 	text_2: text = '-29'
121.3186 	EXP 	text_2: text = '-29'
121.3351 	EXP 	text_2: text = '-29'
121.3517 	EXP 	text_2: text = '-29'
121.3684 	EXP 	text_2: text = '-29'
121.3851 	EXP 	text_2: text = '-29'
121.4018 	EXP 	text_2: text = '-29'
121.4184 	EXP 	text_2: text = '-29'
121.4352 	EXP 	text_2: text = '-29'
121.4517 	EXP 	text_2: text = '-29'
121.4684 	EXP 	text_2: text = '-29'
121.4851 	EXP 	text_2: text = '-29'
121.5018 	EXP 	text_2: text = '-29'
121.5185 	EXP 	text_2: text = '-29'
121.5351 	EXP 	text_2: text = '-29'
121.5519 	EXP 	text_2: text = '-29'
121.5684 	EXP 	text_2: text = '-29'
121.5851 	EXP 	text_2: text = '-29'
121.6018 	EXP 	text_2: text = '-29'
121.6185 	EXP 	text_2: text = '-29'
121.6351 	EXP 	text_2: text = '-29'
121.6518 	EXP 	text_2: text = '-29'
121.6685 	EXP 	text_2: text = '-29'
121.6851 	EXP 	text_2: text = '-29'
121.7018 	EXP 	text_2: text = '-29'
121.7184 	EXP 	text_2: text = '-29'
121.7352 	EXP 	text_2: text = '-29'
121.7517 	EXP 	text_2: text = '-29'
121.7684 	EXP 	text_2: text = '-29'
121.7851 	EXP 	text_2: text = '-29'
121.8017 	EXP 	text_2: text = '-29'
121.8184 	EXP 	text_2: text = '-29'
121.8351 	EXP 	text_2: text = '-29'
121.8519 	EXP 	text_2: text = '-29'
121.8684 	EXP 	text_2: text = '-29'
121.8851 	EXP 	text_2: text = '-29'
121.9019 	EXP 	text_2: text = '-29'
121.9186 	EXP 	text_2: text = '-29'
121.9351 	EXP 	text_2: text = '-29'
121.9518 	EXP 	text_2: text = '-29'
121.9686 	EXP 	text_2: text = '-29'
121.9851 	EXP 	text_2: text = '-29'
122.0017 	EXP 	text_2: text = '-29'
122.0186 	EXP 	text_2: text = '-29'
122.0351 	EXP 	text_2: text = '-29'
122.0518 	EXP 	text_2: text = '-29'
122.0684 	EXP 	text_2: text = '-29'
122.0851 	EXP 	text_2: text = '-29'
122.1018 	EXP 	text_2: text = '-29'
122.1185 	EXP 	text_2: text = '-29'
122.1352 	EXP 	text_2: text = '-29'
122.1517 	EXP 	text_2: text = '-29'
122.1684 	EXP 	text_2: text = '-29'
122.1851 	EXP 	text_2: text = '-29'
122.2018 	EXP 	text_2: text = '-29'
122.2184 	EXP 	text_2: text = '-29'
122.2352 	EXP 	text_2: text = '-29'
122.2519 	EXP 	text_2: text = '-29'
122.2684 	EXP 	text_2: text = '-29'
122.2851 	EXP 	text_2: text = '-29'
122.3018 	EXP 	text_2: text = '-29'
122.3185 	EXP 	text_2: text = '-29'
122.3351 	EXP 	text_2: text = '-29'
122.3518 	EXP 	text_2: text = '-29'
122.3685 	EXP 	text_2: text = '-29'
122.3851 	EXP 	text_2: text = '-29'
122.4018 	EXP 	text_2: text = '-29'
122.4185 	EXP 	text_2: text = '-29'
122.4351 	EXP 	text_2: text = '-29'
122.4518 	EXP 	text_2: text = '-29'
122.4684 	EXP 	text_2: text = '-29'
122.4852 	EXP 	text_2: text = '-29'
122.5018 	EXP 	text_2: text = '-29'
122.5185 	EXP 	text_2: text = '-29'
122.5351 	EXP 	text_2: text = '-29'
122.5518 	EXP 	text_2: text = '-29'
122.5686 	EXP 	text_2: text = '-29'
122.5850 	EXP 	text_2: text = '-29'
122.6018 	EXP 	text_2: text = '-29'
122.6184 	EXP 	text_2: text = '-29'
122.6351 	EXP 	text_2: text = '-29'
122.6518 	EXP 	text_2: text = '-29'
122.6685 	EXP 	text_2: text = '-29'
122.6851 	EXP 	text_2: text = '-29'
122.7018 	EXP 	text_2: text = '-29'
122.7185 	EXP 	text_2: text = '-29'
122.7351 	EXP 	text_2: text = '-29'
122.7518 	EXP 	text_2: text = '-29'
122.7684 	EXP 	text_2: text = '-29'
122.7851 	EXP 	text_2: text = '-29'
122.8018 	EXP 	text_2: text = '-29'
122.8184 	EXP 	text_2: text = '-29'
122.8351 	EXP 	text_2: text = '-29'
122.8518 	EXP 	text_2: text = '-29'
122.8684 	EXP 	text_2: text = '-29'
122.8851 	EXP 	text_2: text = '-29'
122.9018 	EXP 	text_2: text = '-29'
122.9184 	EXP 	text_2: text = '-29'
122.9351 	EXP 	text_2: text = '-29'
122.9519 	EXP 	text_2: text = '-29'
122.9684 	EXP 	text_2: text = '-29'
122.9851 	EXP 	text_2: text = '-29'
123.0019 	EXP 	text_2: text = '-29'
123.0184 	EXP 	text_2: text = '-29'
123.0351 	EXP 	text_2: text = '-29'
123.0518 	EXP 	text_2: text = '-29'
123.0685 	EXP 	text_2: text = '-29'
123.0851 	EXP 	text_2: text = '-29'
123.1018 	EXP 	text_2: text = '-29'
123.1185 	EXP 	text_2: text = '-29'
123.1351 	EXP 	text_2: text = '-29'
123.1517 	EXP 	text_2: text = '-29'
123.1685 	EXP 	text_2: text = '-29'
123.1851 	EXP 	text_2: text = '-29'
123.2019 	EXP 	text_2: text = '-29'
123.2185 	EXP 	text_2: text = '-29'
123.2351 	EXP 	text_2: text = '-29'
123.2518 	EXP 	text_2: text = '-29'
123.2684 	EXP 	text_2: text = '-29'
123.2851 	EXP 	text_2: text = '-29'
123.3018 	EXP 	text_2: text = '-29'
123.3186 	EXP 	text_2: text = '-29'
123.3351 	EXP 	text_2: text = '-29'
123.3517 	EXP 	text_2: text = '-29'
123.3686 	EXP 	text_2: text = '-29'
123.3851 	EXP 	text_2: text = '-29'
123.4017 	EXP 	text_2: text = '-29'
123.4185 	EXP 	text_2: text = '-29'
123.4352 	EXP 	text_2: text = '-29'
123.4517 	EXP 	text_2: text = '-29'
123.4684 	EXP 	text_2: text = '-29'
123.4852 	EXP 	text_2: text = '-29'
123.5018 	EXP 	text_2: text = '-29'
123.5185 	EXP 	text_2: text = '-29'
123.5351 	EXP 	text_2: text = '-29'
123.5519 	EXP 	text_2: text = '-29'
123.5685 	EXP 	text_2: text = '-29'
123.5851 	EXP 	text_2: text = '-29'
123.6019 	EXP 	text_2: text = '-29'
123.6184 	EXP 	text_2: text = '-29'
123.6351 	EXP 	text_2: text = '-29'
123.6517 	EXP 	text_2: text = '-29'
123.6684 	EXP 	text_2: text = '-29'
123.6851 	EXP 	text_2: text = '-29'
123.7018 	EXP 	text_2: text = '-29'
123.7186 	EXP 	text_2: text = '-29'
123.7351 	EXP 	text_2: text = '-29'
123.7518 	EXP 	text_2: text = '-29'
123.7684 	EXP 	text_2: text = '-29'
123.7852 	EXP 	text_2: text = '-29'
123.8018 	EXP 	text_2: text = '-29'
123.8184 	EXP 	text_2: text = '-29'
123.8352 	EXP 	text_2: text = '-29'
123.8517 	EXP 	text_2: text = '-29'
123.8684 	EXP 	text_2: text = '-29'
123.8852 	EXP 	text_2: text = '-29'
123.9018 	EXP 	text_2: text = '-29'
123.9184 	EXP 	text_2: text = '-29'
123.9351 	EXP 	text_2: text = '-29'
123.9519 	EXP 	text_2: text = '-29'
123.9684 	EXP 	text_2: text = '-29'
123.9851 	EXP 	text_2: text = '-29'
124.0019 	EXP 	text_2: text = '-29'
124.0186 	EXP 	text_2: text = '-29'
124.0351 	EXP 	text_2: text = '-29'
124.0518 	EXP 	text_2: text = '-29'
124.0686 	EXP 	text_2: text = '-29'
124.0850 	EXP 	text_2: text = '-29'
124.1017 	EXP 	text_2: text = '-29'
124.1185 	EXP 	text_2: text = '-29'
124.1352 	EXP 	text_2: text = '-29'
124.1518 	EXP 	text_2: text = '-29'
124.1686 	EXP 	text_2: text = '-29'
124.1852 	EXP 	text_2: text = '-29'
124.2018 	EXP 	text_2: text = '-29'
124.2184 	EXP 	text_2: text = '-29'
124.2351 	EXP 	text_2: text = '-29'
124.2518 	EXP 	text_2: text = '-29'
124.2684 	EXP 	text_2: text = '-29'
124.2851 	EXP 	text_2: text = '-29'
124.3017 	EXP 	text_2: text = '-29'
124.3184 	EXP 	text_2: text = '-29'
124.3352 	EXP 	text_2: text = '-29'
124.3518 	EXP 	text_2: text = '-29'
124.3685 	EXP 	text_2: text = '-29'
124.3852 	EXP 	text_2: text = '-29'
124.4018 	EXP 	text_2: text = '-29'
124.4185 	EXP 	text_2: text = '-29'
124.4351 	EXP 	text_2: text = '-29'
124.4519 	EXP 	text_2: text = '-29'
124.4684 	EXP 	text_2: text = '-29'
124.4850 	EXP 	text_2: text = '-29'
124.5018 	EXP 	text_2: text = '-29'
124.5183 	EXP 	text_2: text = '-29'
124.5351 	EXP 	text_2: text = '-29'
124.5518 	EXP 	text_2: text = '-29'
124.5686 	EXP 	text_2: text = '-29'
124.5851 	EXP 	text_2: text = '-29'
124.6017 	EXP 	text_2: text = '-29'
124.6185 	EXP 	text_2: text = '-29'
124.6353 	EXP 	text_2: text = '-29'
124.6520 	EXP 	text_2: text = '-29'
124.6684 	EXP 	text_2: text = '-29'
124.6852 	EXP 	text_2: text = '-29'
124.7020 	EXP 	text_2: text = '-29'
124.7184 	EXP 	text_2: text = '-29'
124.7351 	EXP 	text_2: text = '-29'
124.7518 	EXP 	text_2: text = '-29'
124.7686 	EXP 	text_2: text = '-29'
124.7851 	EXP 	text_2: text = '-29'
124.8018 	EXP 	text_2: text = '-29'
124.8184 	EXP 	text_2: text = '-29'
124.8351 	EXP 	text_2: text = '-29'
124.8519 	EXP 	text_2: text = '-29'
124.8684 	EXP 	text_2: text = '-29'
124.8852 	EXP 	text_2: text = '-29'
124.9019 	EXP 	text_2: text = '-29'
124.9184 	EXP 	text_2: text = '-29'
124.9352 	EXP 	text_2: text = '-29'
124.9517 	EXP 	text_2: text = '-29'
124.9684 	EXP 	text_2: text = '-29'
124.9850 	EXP 	text_2: text = '-29'
125.0019 	EXP 	text_2: text = '-29'
125.0185 	EXP 	text_2: text = '-29'
125.0352 	EXP 	text_2: text = '-29'
125.0517 	EXP 	text_2: text = '-29'
125.0685 	EXP 	text_2: text = '-29'
125.0851 	EXP 	text_2: text = '-29'
125.1018 	EXP 	text_2: text = '-29'
125.1185 	EXP 	text_2: text = '-29'
125.1351 	EXP 	text_2: text = '-29'
125.1518 	EXP 	text_2: text = '-29'
125.1684 	EXP 	text_2: text = '-29'
125.1852 	EXP 	text_2: text = '-29'
125.2018 	EXP 	text_2: text = '-29'
125.2184 	EXP 	text_2: text = '-29'
125.2352 	EXP 	text_2: text = '-29'
125.2517 	EXP 	text_2: text = '-29'
125.2684 	EXP 	text_2: text = '-29'
125.2851 	EXP 	text_2: text = '-29'
125.3020 	EXP 	text_2: text = '-29'
125.3185 	EXP 	text_2: text = '-29'
125.3351 	EXP 	text_2: text = '-29'
125.3520 	EXP 	text_2: text = '-29'
125.3684 	EXP 	text_2: text = '-29'
125.3851 	EXP 	text_2: text = '-29'
125.4017 	EXP 	text_2: text = '-29'
125.4184 	EXP 	text_2: text = '-29'
125.4352 	EXP 	text_2: text = '-29'
125.4517 	EXP 	text_2: text = '-29'
125.4685 	EXP 	text_2: text = '-29'
125.4851 	EXP 	text_2: text = '-29'
125.5017 	EXP 	text_2: text = '-29'
125.5185 	EXP 	text_2: text = '-29'
125.5351 	EXP 	text_2: text = '-29'
125.5518 	EXP 	text_2: text = '-29'
125.5686 	EXP 	text_2: text = '-29'
125.5851 	EXP 	text_2: text = '-29'
125.6017 	EXP 	text_2: text = '-29'
125.6186 	EXP 	text_2: text = '-29'
125.6350 	EXP 	text_2: text = '-29'
125.6518 	EXP 	text_2: text = '-29'
125.6684 	EXP 	text_2: text = '-29'
125.6850 	EXP 	text_2: text = '-29'
125.7019 	EXP 	text_2: text = '-29'
125.7184 	EXP 	text_2: text = '-29'
125.7352 	EXP 	text_2: text = '-29'
125.7518 	EXP 	text_2: text = '-29'
125.7685 	EXP 	text_2: text = '-29'
125.7851 	EXP 	text_2: text = '-29'
125.8019 	EXP 	text_2: text = '-29'
125.8185 	EXP 	text_2: text = '-29'
125.8351 	EXP 	text_2: text = '-29'
125.8521 	EXP 	text_2: text = '-29'
125.8684 	EXP 	text_2: text = '-29'
125.8852 	EXP 	text_2: text = '-29'
125.9019 	EXP 	text_2: text = '-29'
125.9184 	EXP 	text_2: text = '-29'
125.9352 	EXP 	text_2: text = '-29'
125.9517 	EXP 	text_2: text = '-29'
125.9685 	EXP 	text_2: text = '-29'
125.9851 	EXP 	text_2: text = '-29'
126.0019 	EXP 	text_2: text = '-29'
126.0184 	EXP 	text_2: text = '-29'
126.0350 	EXP 	text_2: text = '-29'
126.0519 	EXP 	text_2: text = '-29'
126.0684 	EXP 	text_2: text = '-29'
126.0851 	EXP 	text_2: text = '-29'
126.1018 	EXP 	text_2: text = '-29'
126.1186 	EXP 	text_2: text = '-29'
126.1351 	EXP 	text_2: text = '-29'
126.1517 	EXP 	text_2: text = '-29'
126.1537 	EXP 	New trial (rep=1, index=0): None
126.1598 	EXP 	Imported Rewa_Sequence_2.0s, 1.5s.xlsx as conditions, 4 conditions, 5 params
126.1602 	EXP 	Created sequence: random, trialTypes=4, nReps=2, seed=None
126.1604 	EXP 	New trial (rep=0, index=0): {'Countdown': 'Countdown_1.5s.mp4', 'color1': 'red', 'color2': [-1.0, 1.0, -1.0], 'correct': 'right', 'screenshot': 'Countdown_1.5s.jpg'}
126.1645 	EXP 	Imported Rewa_Sequence_2.0s, 1.5s.xlsx as conditions, 4 conditions, 5 params
126.1648 	EXP 	Created sequence: random, trialTypes=4, nReps=2, seed=None
126.1651 	EXP 	New trial (rep=0, index=0): {'Countdown': 'Countdown_1.5s.mp4', 'color1': [-1.0, 1.0, -1.0], 'color2': 'red', 'correct': 'left', 'screenshot': 'Countdown_1.5s.jpg'}
126.1666 	DATA 	Keypress: space
126.1692 	EXP 	text_2: text = '-29'
126.1692 	EXP 	text_2: autoDraw = False
126.1692 	EXP 	text_5: autoDraw = False
126.1692 	EXP 	text_9: autoDraw = False
126.1692 	EXP 	fix_3: autoDraw = True
127.6944 	EXP 	fix_3: autoDraw = False
127.6944 	EXP 	fix_3: autoDraw = False
127.6944 	EXP 	image_2: image = 'Countdown_1.5s.jpg'
127.6944 	EXP 	image_2: autoDraw = True
127.6944 	EXP 	circle_6: autoDraw = True
127.6944 	EXP 	fix_6: autoDraw = True
127.6944 	EXP 	Right_6: autoDraw = True
127.6944 	EXP 	Left_6: autoDraw = True
128.9660 	EXP 	image_2: autoDraw = False
128.9660 	EXP 	circle_6: autoDraw = False
128.9660 	EXP 	fix_6: autoDraw = False
128.9660 	EXP 	Right_6: autoDraw = False
128.9660 	EXP 	Left_6: autoDraw = False
128.9660 	EXP 	dots_43: foreColor = <psychopy.colors.Color: red, alpha=1.0>
128.9660 	EXP 	dots_57: foreColor = <psychopy.colors.Color: lime, alpha=1.0>
128.9660 	EXP 	polygon_2: autoDraw = True
128.9660 	EXP 	movie_2: autoDraw = True
128.9660 	EXP 	circle_2: autoDraw = True
128.9660 	EXP 	dots_43: autoDraw = True
128.9660 	EXP 	dots_57: autoDraw = True
128.9660 	EXP 	Right_3: autoDraw = True
128.9660 	EXP 	Left_3: autoDraw = True
129.5285 	DATA 	Keypress: left
129.6528 	EXP 	polygon_2: autoDraw = False
129.6528 	EXP 	movie_2: autoDraw = False
129.6528 	EXP 	circle_2: autoDraw = False
129.6528 	EXP 	dots_43: autoDraw = False
129.6528 	EXP 	dots_57: autoDraw = False
129.6528 	EXP 	Right_3: autoDraw = False
129.6528 	EXP 	Left_3: autoDraw = False
129.6528 	EXP 	text_6: foreColor = <psychopy.colors.Color: white, alpha=1.0>
129.6528 	EXP 	text_6: height = 0.05
129.6528 	EXP 	text_6: height = 0.05
129.6528 	EXP 	text_6: height = 0.05
129.6528 	EXP 	text_6: text = 'Correct +1'
129.6528 	EXP 	text_6: autoDraw = True
130.6522 	EXP 	New trial (rep=0, index=1): {'Countdown': 'Countdown_2s.mp4', 'color1': [-1.0, 1.0, -1.0], 'color2': 'red', 'correct': 'left', 'screenshot': 'Countdown_2s.jpg'}
130.6684 	EXP 	text_6: autoDraw = False
130.6684 	EXP 	fix_3: autoDraw = True
132.1954 	EXP 	fix_3: autoDraw = False
132.1954 	EXP 	image_2: image = 'Countdown_2s.jpg'
132.1954 	EXP 	image_2: autoDraw = True
132.1954 	EXP 	circle_6: autoDraw = True
132.1954 	EXP 	fix_6: autoDraw = True
132.1954 	EXP 	Right_6: autoDraw = True
132.1954 	EXP 	Left_6: autoDraw = True
132.5096 	DATA 	Keypress: escape
132.7848 	EXP 	window1: mouseVisible = True
