15.4337 	EXP 	Created window1 = Window(allowGUI=True, allowStencil=False, autoLog=True, backendConf=UNKNOWN, backgroundFit=<method-wrapper '__getattribute__' of attributeSetter object at 0x00000189F4F239A0>, backgroundImage=<method-wrapper '__getattribute__' of attributeSetter object at 0x00000189F4F23940>, bitsMode=UNKNOWN, blendMode='avg', bpc=(8, 8, 8), color=array([-1., -1., -1.]), colorSpace='rgb', depthBits=8, fullscr=<method-wrapper '__getattribute__' of attributeSetter object at 0x00000189F4F23670>, gamma=None, gammaErrorPolicy='raise', lms=UNKNOWN, monitor=<psychopy.monitors.calibTools.Monitor object at 0x00000189FB209370>, multiSample=False, name='window1', numSamples=2, pos=(0, 0), screen=0, size=array([1920, 1080]), stencilBits=0, stereo=False, units='height', useFBO=True, useRetina=False, viewOri=0.0, viewPos=None, viewScale=None, waitBlanking=True, winType='pyglet')
15.4340 	EXP 	window1: mouseVisible = True
15.4341 	EXP 	window1: backgroundImage = ''
15.4341 	EXP 	window1: backgroundFit = 'none'
15.4344 	EXP 	window1: mouseVisible = False
15.4344 	EXP 	window1: Attempting to measure frame rate of screen (0) ...
15.4345 	EXP 	window1: recordFrameIntervals = False
15.5984 	EXP 	window1: recordFrameIntervals = True
15.7825 	EXP 	Screen (0) actual frame rate measured at 60.03Hz
15.7826 	EXP 	window1: recordFrameIntervals = False
17.9511 	EXP 	Created text_g = TextStim(__class__=<class 'psychopy.visual.text.TextStim'>, alignHoriz=method-wrapper(...), alignText='center', alignVert=method-wrapper(...), anchorHoriz='center', anchorVert='center', antialias=True, autoDraw=False, autoLog=True, bold=False, color=array([1., 1., 1.]), colorSpace='rgb', contrast=1.0, depth=0.0, flipHoriz=False, flipVert=False, font='Arial', fontFiles=[], height=0.04, italic=False, languageStyle='LTR', name='text_g', opacity=1.0, ori=0.0, pos=array([0., 0.]), rgb=UNKNOWN, text=str(...), units='height', win=Window(...), wrapWidth=1)
17.9755 	EXP 	Created text = TextStim(__class__=<class 'psychopy.visual.text.TextStim'>, alignHoriz=method-wrapper(...), alignText='center', alignVert=method-wrapper(...), anchorHoriz='center', anchorVert='center', antialias=True, autoDraw=False, autoLog=True, bold=False, color=array([1., 1., 1.]), colorSpace='rgb', contrast=1.0, depth=0.0, flipHoriz=False, flipVert=False, font='Arial', fontFiles=[], height=0.04, italic=False, languageStyle='LTR', name='text', opacity=1.0, ori=0.0, pos=array([0., 0.]), rgb=UNKNOWN, text=str(...), units='height', win=Window(...), wrapWidth=1)
17.9958 	EXP 	Created text_11 = TextStim(__class__=<class 'psychopy.visual.text.TextStim'>, alignHoriz=method-wrapper(...), alignText='center', alignVert=method-wrapper(...), anchorHoriz='center', anchorVert='center', antialias=True, autoDraw=False, autoLog=True, bold=False, color=array([1., 1., 1.]), colorSpace='rgb', contrast=1.0, depth=0.0, flipHoriz=False, flipVert=False, font='Arial', fontFiles=[], height=0.04, italic=False, languageStyle='LTR', name='text_11', opacity=1.0, ori=0.0, pos=array([0., 0.]), rgb=UNKNOWN, text=str(...), units='height', win=Window(...), wrapWidth=1)
18.0009 	EXP 	Created fix = TextStim(__class__=<class 'psychopy.visual.text.TextStim'>, alignHoriz=method-wrapper(...), alignText='center', alignVert=method-wrapper(...), anchorHoriz='center', anchorVert='center', antialias=True, autoDraw=False, autoLog=True, bold=False, color=array([1., 1., 1.]), colorSpace='rgb', contrast=1.0, depth=0.0, flipHoriz=False, flipVert=False, font='Open Sans', fontFiles=[], height=0.1, italic=False, languageStyle='LTR', name='fix', opacity=1.0, ori=0.0, pos=array([0., 0.]), rgb=UNKNOWN, text='+', units='height', win=Window(...), wrapWidth=1)
18.0189 	EXP 	Created image = ImageStim(__class__=<class 'psychopy.visual.image.ImageStim'>, anchor=('center', 'center'), autoLog=True, color=array([1., 1., 1.]), colorSpace='rgb', contrast=1.0, depth=0.0, flipHoriz=False, flipVert=False, image='default.png', interpolate=True, mask=None, maskParams=None, name='image', opacity=1.0, ori=0.0, pos=array([0., 0.]), size=array([1.92, 1.08]), texRes=128.0, units='height', win=Window(...))
18.0314 	EXP 	Created circle_4 = Polygon(__class__=<class 'psychopy.visual.polygon.Polygon'>, anchor=('center', 'center'), autoDraw=False, autoLog=True, closeShape=True, color=method-wrapper(...), colorSpace='rgb', contrast=None, depth=-1.0, fillColor=array([-1, -1, -1]), fillColorSpace='rgb', fillRGB=array([-1, -1, -1]), interpolate=True, lineColor=array([-1., -1., -1.]), lineColorSpace='rgb', lineRGB=array([-1, -1, -1]), lineWidth=10.0, name='circle_4', opacity=1.0, ori=0.0, pos=array([0., 0.]), size=array([0.6, 0.6]), units='height', vertices=ndarray(...), win=Window(...))
18.0337 	EXP 	Created fix_2 = TextStim(__class__=<class 'psychopy.visual.text.TextStim'>, alignHoriz=method-wrapper(...), alignText='center', alignVert=method-wrapper(...), anchorHoriz='center', anchorVert='center', antialias=True, autoDraw=False, autoLog=True, bold=False, color=array([1., 1., 1.]), colorSpace='rgb', contrast=1.0, depth=-2.0, flipHoriz=False, flipVert=False, font='Open Sans', fontFiles=[], height=0.1, italic=False, languageStyle='LTR', name='fix_2', opacity=1.0, ori=0.0, pos=array([0., 0.]), rgb=UNKNOWN, text='+', units='height', win=Window(...), wrapWidth=1)
18.0364 	EXP 	Created Right_2 = ShapeStim(__class__=<class 'psychopy.visual.shape.ShapeStim'>, anchor=('center', 'center'), autoDraw=False, autoLog=True, closeShape=True, color=method-wrapper(...), colorSpace='rgb', contrast=None, depth=-3.0, fillColor=array([ 1., -1., -1.]), fillColorSpace='rgb', fillRGB=array([ 1., -1., -1.]), interpolate=True, lineColor=array([ 1., -1., -1.]), lineColorSpace='rgb', lineRGB=array([ 1., -1., -1.]), lineWidth=1.0, name='Right_2', opacity=1.0, ori=0.0, pos=array([550.,   0.]), size=array([150., 150.]), units='pix', vertices=ndarray(...), win=Window(...), windingRule=None)
18.0392 	EXP 	Created Left_2 = ShapeStim(__class__=<class 'psychopy.visual.shape.ShapeStim'>, anchor=('center', 'center'), autoDraw=False, autoLog=True, closeShape=True, color=method-wrapper(...), colorSpace='rgb', contrast=None, depth=-4.0, fillColor=array([-1.    ,  0.0039, -1.    ]), fillColorSpace='rgb', fillRGB=array([-1.    ,  0.0039, -1.    ]), interpolate=True, lineColor=array([-1.    ,  0.0039, -1.    ]), lineColorSpace='rgb', lineRGB=array([-1.    ,  0.0039, -1.    ]), lineWidth=1.0, name='Left_2', opacity=1.0, ori=0.0, pos=array([-550.,    0.]), size=array([150., 150.]), units='pix', vertices=ndarray(...), win=Window(...), windingRule=None)
18.0408 	EXP 	Created polygon = Rect(__class__=<class 'psychopy.visual.rect.Rect'>, anchor=('left', 'center'), autoDraw=False, autoLog=True, closeShape=True, color=method-wrapper(...), colorSpace='rgb', contrast=None, depth=-1.0, fillColor=array([0.00392157, 0.00392157, 0.00392157]), fillColorSpace='rgb', fillRGB=array([0.00392157, 0.00392157, 0.00392157]), interpolate=True, lineColor=array([1., 1., 1.]), lineColorSpace='rgb', lineRGB=array([1, 1, 1]), lineWidth=1.0, name='polygon', opacity=1.0, ori=45.0, pos=array([0.1275, 0.1275]), size=array([0.255, 0.255]), units='height', vertices=ndarray(...), win=Window(...))
18.0816 	EXP 	Created circle = Polygon(__class__=<class 'psychopy.visual.polygon.Polygon'>, anchor=('center', 'center'), autoDraw=False, autoLog=True, closeShape=True, color=method-wrapper(...), colorSpace='rgb', contrast=None, depth=-3.0, fillColor=array([-1, -1, -1]), fillColorSpace='rgb', fillRGB=array([-1, -1, -1]), interpolate=True, lineColor=array([-1., -1., -1.]), lineColorSpace='rgb', lineRGB=array([-1, -1, -1]), lineWidth=10.0, name='circle', opacity=1.0, ori=0.0, pos=array([0., 0.]), size=array([0.6, 0.6]), units='height', vertices=ndarray(...), win=Window(...))
18.0842 	EXP 	Created dots_60 = DotStim(__class__=<class 'psychopy.visual.dot.DotStim'>, autoLog=True, coherence=0.0, color=array([1., 1., 1.]), colorSpace='rgb', contrast=1.0, depth=-4.0, dir=0.0, dotLife=-1.0, dotSize=10.0, element=None, fieldAnchor=UNKNOWN, fieldPos=array([0., 0.]), fieldShape='circle', fieldSize=array([0.58, 0.58]), nDots=60, name='dots_60', noiseDots='walk', opacity=1.0, rgb=UNKNOWN, signalDots='same', speed=0.0, units='height', win=Window(...))
18.0858 	EXP 	Created dots_40 = DotStim(__class__=<class 'psychopy.visual.dot.DotStim'>, autoLog=True, coherence=0.0, color=array([1., 1., 1.]), colorSpace='rgb', contrast=1.0, depth=-5.0, dir=0.0, dotLife=-1.0, dotSize=10.0, element=None, fieldAnchor=UNKNOWN, fieldPos=array([0., 0.]), fieldShape='circle', fieldSize=array([0.58, 0.58]), nDots=40, name='dots_40', noiseDots='walk', opacity=1.0, rgb=UNKNOWN, signalDots='same', speed=0.0, units='height', win=Window(...))
18.0886 	EXP 	Created Right = ShapeStim(__class__=<class 'psychopy.visual.shape.ShapeStim'>, anchor=('center', 'center'), autoDraw=False, autoLog=True, closeShape=True, color=method-wrapper(...), colorSpace='rgb', contrast=None, depth=-7.0, fillColor=array([ 1., -1., -1.]), fillColorSpace='rgb', fillRGB=array([ 1., -1., -1.]), interpolate=True, lineColor=array([ 1., -1., -1.]), lineColorSpace='rgb', lineRGB=array([ 1., -1., -1.]), lineWidth=1.0, name='Right', opacity=1.0, ori=0.0, pos=array([550.,   0.]), size=array([150., 150.]), units='pix', vertices=ndarray(...), win=Window(...), windingRule=None)
18.0912 	EXP 	Created Left = ShapeStim(__class__=<class 'psychopy.visual.shape.ShapeStim'>, anchor=('center', 'center'), autoDraw=False, autoLog=True, closeShape=True, color=method-wrapper(...), colorSpace='rgb', contrast=None, depth=-8.0, fillColor=array([-1.    ,  0.0039, -1.    ]), fillColorSpace='rgb', fillRGB=array([-1.    ,  0.0039, -1.    ]), interpolate=True, lineColor=array([-1.    ,  0.0039, -1.    ]), lineColorSpace='rgb', lineRGB=array([-1.    ,  0.0039, -1.    ]), lineWidth=1.0, name='Left', opacity=1.0, ori=0.0, pos=array([-550.,    0.]), size=array([150., 150.]), units='pix', vertices=ndarray(...), win=Window(...), windingRule=None)
18.0929 	EXP 	Created text_3 = TextStim(__class__=<class 'psychopy.visual.text.TextStim'>, alignHoriz=method-wrapper(...), alignText='center', alignVert=method-wrapper(...), anchorHoriz='center', anchorVert='center', antialias=True, autoDraw=False, autoLog=True, bold=False, color=array([1., 1., 1.]), colorSpace='rgb', contrast=1.0, depth=0.0, flipHoriz=False, flipVert=False, font='Arial', fontFiles=[], height=0.05, italic=False, languageStyle='LTR', name='text_3', opacity=1.0, ori=0.0, pos=array([0., 0.]), rgb=UNKNOWN, text='', units='height', win=Window(...), wrapWidth=1)
18.0981 	EXP 	Created fix_3 = TextStim(__class__=<class 'psychopy.visual.text.TextStim'>, alignHoriz=method-wrapper(...), alignText='center', alignVert=method-wrapper(...), anchorHoriz='center', anchorVert='center', antialias=True, autoDraw=False, autoLog=True, bold=False, color=array([1., 1., 1.]), colorSpace='rgb', contrast=1.0, depth=0.0, flipHoriz=False, flipVert=False, font='Open Sans', fontFiles=[], height=0.1, italic=False, languageStyle='LTR', name='fix_3', opacity=1.0, ori=0.0, pos=array([0., 0.]), rgb=UNKNOWN, text='+', units='height', win=Window(...), wrapWidth=1)
18.1103 	EXP 	Created image_2 = ImageStim(__class__=<class 'psychopy.visual.image.ImageStim'>, anchor=('center', 'center'), autoLog=True, color=array([1., 1., 1.]), colorSpace='rgb', contrast=1.0, depth=0.0, flipHoriz=False, flipVert=False, image='default.png', interpolate=True, mask=None, maskParams=None, name='image_2', opacity=1.0, ori=0.0, pos=array([0., 0.]), size=array([1.92, 1.08]), texRes=128.0, units='height', win=Window(...))
18.1212 	EXP 	Created circle_6 = Polygon(__class__=<class 'psychopy.visual.polygon.Polygon'>, anchor=('center', 'center'), autoDraw=False, autoLog=True, closeShape=True, color=method-wrapper(...), colorSpace='rgb', contrast=None, depth=-1.0, fillColor=array([-1, -1, -1]), fillColorSpace='rgb', fillRGB=array([-1, -1, -1]), interpolate=True, lineColor=array([-1., -1., -1.]), lineColorSpace='rgb', lineRGB=array([-1, -1, -1]), lineWidth=10.0, name='circle_6', opacity=1.0, ori=0.0, pos=array([0., 0.]), size=array([0.6, 0.6]), units='height', vertices=ndarray(...), win=Window(...))
18.1235 	EXP 	Created fix_6 = TextStim(__class__=<class 'psychopy.visual.text.TextStim'>, alignHoriz=method-wrapper(...), alignText='center', alignVert=method-wrapper(...), anchorHoriz='center', anchorVert='center', antialias=True, autoDraw=False, autoLog=True, bold=False, color=array([1., 1., 1.]), colorSpace='rgb', contrast=1.0, depth=-2.0, flipHoriz=False, flipVert=False, font='Open Sans', fontFiles=[], height=0.1, italic=False, languageStyle='LTR', name='fix_6', opacity=1.0, ori=0.0, pos=array([0., 0.]), rgb=UNKNOWN, text='+', units='height', win=Window(...), wrapWidth=1)
18.1262 	EXP 	Created Right_6 = ShapeStim(__class__=<class 'psychopy.visual.shape.ShapeStim'>, anchor=('center', 'center'), autoDraw=False, autoLog=True, closeShape=True, color=method-wrapper(...), colorSpace='rgb', contrast=None, depth=-3.0, fillColor=array([ 1., -1., -1.]), fillColorSpace='rgb', fillRGB=array([ 1., -1., -1.]), interpolate=True, lineColor=array([ 1., -1., -1.]), lineColorSpace='rgb', lineRGB=array([ 1., -1., -1.]), lineWidth=1.0, name='Right_6', opacity=1.0, ori=0.0, pos=array([550.,   0.]), size=array([150., 150.]), units='pix', vertices=ndarray(...), win=Window(...), windingRule=None)
18.1288 	EXP 	Created Left_6 = ShapeStim(__class__=<class 'psychopy.visual.shape.ShapeStim'>, anchor=('center', 'center'), autoDraw=False, autoLog=True, closeShape=True, color=method-wrapper(...), colorSpace='rgb', contrast=None, depth=-4.0, fillColor=array([-1.    ,  0.0039, -1.    ]), fillColorSpace='rgb', fillRGB=array([-1.    ,  0.0039, -1.    ]), interpolate=True, lineColor=array([-1.    ,  0.0039, -1.    ]), lineColorSpace='rgb', lineRGB=array([-1.    ,  0.0039, -1.    ]), lineWidth=1.0, name='Left_6', opacity=1.0, ori=0.0, pos=array([-550.,    0.]), size=array([150., 150.]), units='pix', vertices=ndarray(...), win=Window(...), windingRule=None)
18.1306 	EXP 	Created polygon_2 = Rect(__class__=<class 'psychopy.visual.rect.Rect'>, anchor=('left', 'center'), autoDraw=False, autoLog=True, closeShape=True, color=method-wrapper(...), colorSpace='rgb', contrast=None, depth=-1.0, fillColor=array([0.00392157, 0.00392157, 0.00392157]), fillColorSpace='rgb', fillRGB=array([0.00392157, 0.00392157, 0.00392157]), interpolate=True, lineColor=array([1., 1., 1.]), lineColorSpace='rgb', lineRGB=array([1, 1, 1]), lineWidth=1.0, name='polygon_2', opacity=1.0, ori=45.0, pos=array([0.1275, 0.1275]), size=array([0.255, 0.255]), units='height', vertices=ndarray(...), win=Window(...))
18.1413 	EXP 	Created circle_2 = Polygon(__class__=<class 'psychopy.visual.polygon.Polygon'>, anchor=('center', 'center'), autoDraw=False, autoLog=True, closeShape=True, color=method-wrapper(...), colorSpace='rgb', contrast=None, depth=-3.0, fillColor=array([-1, -1, -1]), fillColorSpace='rgb', fillRGB=array([-1, -1, -1]), interpolate=True, lineColor=array([-1., -1., -1.]), lineColorSpace='rgb', lineRGB=array([-1, -1, -1]), lineWidth=10.0, name='circle_2', opacity=1.0, ori=0.0, pos=array([0., 0.]), size=array([0.6, 0.6]), units='height', vertices=ndarray(...), win=Window(...))
18.1427 	EXP 	Created dots_43 = DotStim(__class__=<class 'psychopy.visual.dot.DotStim'>, autoLog=True, coherence=0.0, color=array([1., 1., 1.]), colorSpace='rgb', contrast=1.0, depth=-4.0, dir=0.0, dotLife=-1.0, dotSize=10.0, element=None, fieldAnchor=UNKNOWN, fieldPos=array([0., 0.]), fieldShape='circle', fieldSize=array([0.58, 0.58]), nDots=43, name='dots_43', noiseDots='walk', opacity=1.0, rgb=UNKNOWN, signalDots='same', speed=0.0, units='height', win=Window(...))
18.1442 	EXP 	Created dots_57 = DotStim(__class__=<class 'psychopy.visual.dot.DotStim'>, autoLog=True, coherence=0.0, color=array([1., 1., 1.]), colorSpace='rgb', contrast=1.0, depth=-5.0, dir=0.0, dotLife=-1.0, dotSize=10.0, element=None, fieldAnchor=UNKNOWN, fieldPos=array([0., 0.]), fieldShape='circle', fieldSize=array([0.58, 0.58]), nDots=57, name='dots_57', noiseDots='walk', opacity=1.0, rgb=UNKNOWN, signalDots='same', speed=0.0, units='height', win=Window(...))
18.1470 	EXP 	Created Right_3 = ShapeStim(__class__=<class 'psychopy.visual.shape.ShapeStim'>, anchor=('center', 'center'), autoDraw=False, autoLog=True, closeShape=True, color=method-wrapper(...), colorSpace='rgb', contrast=None, depth=-7.0, fillColor=array([ 1., -1., -1.]), fillColorSpace='rgb', fillRGB=array([ 1., -1., -1.]), interpolate=True, lineColor=array([ 1., -1., -1.]), lineColorSpace='rgb', lineRGB=array([ 1., -1., -1.]), lineWidth=1.0, name='Right_3', opacity=1.0, ori=0.0, pos=array([550.,   0.]), size=array([150., 150.]), units='pix', vertices=ndarray(...), win=Window(...), windingRule=None)
18.1499 	EXP 	Created Left_3 = ShapeStim(__class__=<class 'psychopy.visual.shape.ShapeStim'>, anchor=('center', 'center'), autoDraw=False, autoLog=True, closeShape=True, color=method-wrapper(...), colorSpace='rgb', contrast=None, depth=-8.0, fillColor=array([-1.    ,  0.0039, -1.    ]), fillColorSpace='rgb', fillRGB=array([-1.    ,  0.0039, -1.    ]), interpolate=True, lineColor=array([-1.    ,  0.0039, -1.    ]), lineColorSpace='rgb', lineRGB=array([-1.    ,  0.0039, -1.    ]), lineWidth=1.0, name='Left_3', opacity=1.0, ori=0.0, pos=array([-550.,    0.]), size=array([150., 150.]), units='pix', vertices=ndarray(...), win=Window(...), windingRule=None)
18.1510 	EXP 	Created text_6 = TextStim(__class__=<class 'psychopy.visual.text.TextStim'>, alignHoriz=method-wrapper(...), alignText='center', alignVert=method-wrapper(...), anchorHoriz='center', anchorVert='center', antialias=True, autoDraw=False, autoLog=True, bold=False, color=array([1., 1., 1.]), colorSpace='rgb', contrast=1.0, depth=0.0, flipHoriz=False, flipVert=False, font='Arial', fontFiles=[], height=0.05, italic=False, languageStyle='LTR', name='text_6', opacity=1.0, ori=0.0, pos=array([0., 0.]), rgb=UNKNOWN, text='', units='height', win=Window(...), wrapWidth=1)
18.1532 	EXP 	Created fix_4 = TextStim(__class__=<class 'psychopy.visual.text.TextStim'>, alignHoriz=method-wrapper(...), alignText='center', alignVert=method-wrapper(...), anchorHoriz='center', anchorVert='center', antialias=True, autoDraw=False, autoLog=True, bold=False, color=array([1., 1., 1.]), colorSpace='rgb', contrast=1.0, depth=0.0, flipHoriz=False, flipVert=False, font='Open Sans', fontFiles=[], height=0.1, italic=False, languageStyle='LTR', name='fix_4', opacity=1.0, ori=0.0, pos=array([0., 0.]), rgb=UNKNOWN, text='+', units='height', win=Window(...), wrapWidth=1)
18.1698 	EXP 	Created image_3 = ImageStim(__class__=<class 'psychopy.visual.image.ImageStim'>, anchor=('center', 'center'), autoLog=True, color=array([1., 1., 1.]), colorSpace='rgb', contrast=1.0, depth=0.0, flipHoriz=False, flipVert=False, image='default.png', interpolate=True, mask=None, maskParams=None, name='image_3', opacity=1.0, ori=0.0, pos=array([0., 0.]), size=array([1.92, 1.08]), texRes=128.0, units='height', win=Window(...))
18.1808 	EXP 	Created circle_7 = Polygon(__class__=<class 'psychopy.visual.polygon.Polygon'>, anchor=('center', 'center'), autoDraw=False, autoLog=True, closeShape=True, color=method-wrapper(...), colorSpace='rgb', contrast=None, depth=-1.0, fillColor=array([-1, -1, -1]), fillColorSpace='rgb', fillRGB=array([-1, -1, -1]), interpolate=True, lineColor=array([-1., -1., -1.]), lineColorSpace='rgb', lineRGB=array([-1, -1, -1]), lineWidth=10.0, name='circle_7', opacity=1.0, ori=0.0, pos=array([0., 0.]), size=array([0.6, 0.6]), units='height', vertices=ndarray(...), win=Window(...))
18.1846 	EXP 	Created fix_7 = TextStim(__class__=<class 'psychopy.visual.text.TextStim'>, alignHoriz=method-wrapper(...), alignText='center', alignVert=method-wrapper(...), anchorHoriz='center', anchorVert='center', antialias=True, autoDraw=False, autoLog=True, bold=False, color=array([1., 1., 1.]), colorSpace='rgb', contrast=1.0, depth=-2.0, flipHoriz=False, flipVert=False, font='Open Sans', fontFiles=[], height=0.1, italic=False, languageStyle='LTR', name='fix_7', opacity=1.0, ori=0.0, pos=array([0., 0.]), rgb=UNKNOWN, text='+', units='height', win=Window(...), wrapWidth=1)
18.1882 	EXP 	Created Right_7 = ShapeStim(__class__=<class 'psychopy.visual.shape.ShapeStim'>, anchor=('center', 'center'), autoDraw=False, autoLog=True, closeShape=True, color=method-wrapper(...), colorSpace='rgb', contrast=None, depth=-3.0, fillColor=array([ 1., -1., -1.]), fillColorSpace='rgb', fillRGB=array([ 1., -1., -1.]), interpolate=True, lineColor=array([ 1., -1., -1.]), lineColorSpace='rgb', lineRGB=array([ 1., -1., -1.]), lineWidth=1.0, name='Right_7', opacity=1.0, ori=0.0, pos=array([550.,   0.]), size=array([150., 150.]), units='pix', vertices=ndarray(...), win=Window(...), windingRule=None)
18.1909 	EXP 	Created Left_7 = ShapeStim(__class__=<class 'psychopy.visual.shape.ShapeStim'>, anchor=('center', 'center'), autoDraw=False, autoLog=True, closeShape=True, color=method-wrapper(...), colorSpace='rgb', contrast=None, depth=-4.0, fillColor=array([-1.    ,  0.0039, -1.    ]), fillColorSpace='rgb', fillRGB=array([-1.    ,  0.0039, -1.    ]), interpolate=True, lineColor=array([-1.    ,  0.0039, -1.    ]), lineColorSpace='rgb', lineRGB=array([-1.    ,  0.0039, -1.    ]), lineWidth=1.0, name='Left_7', opacity=1.0, ori=0.0, pos=array([-550.,    0.]), size=array([150., 150.]), units='pix', vertices=ndarray(...), win=Window(...), windingRule=None)
18.1925 	EXP 	Created polygon_3 = Rect(__class__=<class 'psychopy.visual.rect.Rect'>, anchor=('left', 'center'), autoDraw=False, autoLog=True, closeShape=True, color=method-wrapper(...), colorSpace='rgb', contrast=None, depth=-1.0, fillColor=array([0.00392157, 0.00392157, 0.00392157]), fillColorSpace='rgb', fillRGB=array([0.00392157, 0.00392157, 0.00392157]), interpolate=True, lineColor=array([1., 1., 1.]), lineColorSpace='rgb', lineRGB=array([1, 1, 1]), lineWidth=1.0, name='polygon_3', opacity=1.0, ori=45.0, pos=array([0.1275, 0.1275]), size=array([0.255, 0.255]), units='height', vertices=ndarray(...), win=Window(...))
18.2035 	EXP 	Created circle_3 = Polygon(__class__=<class 'psychopy.visual.polygon.Polygon'>, anchor=('center', 'center'), autoDraw=False, autoLog=True, closeShape=True, color=method-wrapper(...), colorSpace='rgb', contrast=None, depth=-3.0, fillColor=array([-1, -1, -1]), fillColorSpace='rgb', fillRGB=array([-1, -1, -1]), interpolate=True, lineColor=array([-1., -1., -1.]), lineColorSpace='rgb', lineRGB=array([-1, -1, -1]), lineWidth=10.0, name='circle_3', opacity=1.0, ori=0.0, pos=array([0., 0.]), size=array([0.6, 0.6]), units='height', vertices=ndarray(...), win=Window(...))
18.2049 	EXP 	Created dots_46 = DotStim(__class__=<class 'psychopy.visual.dot.DotStim'>, autoLog=True, coherence=0.0, color=array([1., 1., 1.]), colorSpace='rgb', contrast=1.0, depth=-4.0, dir=0.0, dotLife=-1.0, dotSize=10.0, element=None, fieldAnchor=UNKNOWN, fieldPos=array([0., 0.]), fieldShape='circle', fieldSize=array([0.58, 0.58]), nDots=46, name='dots_46', noiseDots='walk', opacity=1.0, rgb=UNKNOWN, signalDots='same', speed=0.0, units='height', win=Window(...))
18.2063 	EXP 	Created dots_54 = DotStim(__class__=<class 'psychopy.visual.dot.DotStim'>, autoLog=True, coherence=0.0, color=array([1., 1., 1.]), colorSpace='rgb', contrast=1.0, depth=-5.0, dir=0.0, dotLife=-1.0, dotSize=10.0, element=None, fieldAnchor=UNKNOWN, fieldPos=array([0., 0.]), fieldShape='circle', fieldSize=array([0.58, 0.58]), nDots=54, name='dots_54', noiseDots='walk', opacity=1.0, rgb=UNKNOWN, signalDots='same', speed=0.0, units='height', win=Window(...))
18.2090 	EXP 	Created Left_4 = ShapeStim(__class__=<class 'psychopy.visual.shape.ShapeStim'>, anchor=('center', 'center'), autoDraw=False, autoLog=True, closeShape=True, color=method-wrapper(...), colorSpace='rgb', contrast=None, depth=-7.0, fillColor=array([-1.    ,  0.0039, -1.    ]), fillColorSpace='rgb', fillRGB=array([-1.    ,  0.0039, -1.    ]), interpolate=True, lineColor=array([-1.    ,  0.0039, -1.    ]), lineColorSpace='rgb', lineRGB=array([-1.    ,  0.0039, -1.    ]), lineWidth=1.0, name='Left_4', opacity=1.0, ori=0.0, pos=array([-550.,    0.]), size=array([150., 150.]), units='pix', vertices=ndarray(...), win=Window(...), windingRule=None)
18.2116 	EXP 	Created Right_4 = ShapeStim(__class__=<class 'psychopy.visual.shape.ShapeStim'>, anchor=('center', 'center'), autoDraw=False, autoLog=True, closeShape=True, color=method-wrapper(...), colorSpace='rgb', contrast=None, depth=-8.0, fillColor=array([ 1., -1., -1.]), fillColorSpace='rgb', fillRGB=array([ 1., -1., -1.]), interpolate=True, lineColor=array([ 1., -1., -1.]), lineColorSpace='rgb', lineRGB=array([ 1., -1., -1.]), lineWidth=1.0, name='Right_4', opacity=1.0, ori=0.0, pos=array([550.,   0.]), size=array([150., 150.]), units='pix', vertices=ndarray(...), win=Window(...), windingRule=None)
18.2126 	EXP 	Created text_7 = TextStim(__class__=<class 'psychopy.visual.text.TextStim'>, alignHoriz=method-wrapper(...), alignText='center', alignVert=method-wrapper(...), anchorHoriz='center', anchorVert='center', antialias=True, autoDraw=False, autoLog=True, bold=False, color=array([1., 1., 1.]), colorSpace='rgb', contrast=1.0, depth=0.0, flipHoriz=False, flipVert=False, font='Arial', fontFiles=[], height=0.05, italic=False, languageStyle='LTR', name='text_7', opacity=1.0, ori=0.0, pos=array([0., 0.]), rgb=UNKNOWN, text='', units='height', win=Window(...), wrapWidth=1)
18.2151 	EXP 	Created fix_5 = TextStim(__class__=<class 'psychopy.visual.text.TextStim'>, alignHoriz=method-wrapper(...), alignText='center', alignVert=method-wrapper(...), anchorHoriz='center', anchorVert='center', antialias=True, autoDraw=False, autoLog=True, bold=False, color=array([1., 1., 1.]), colorSpace='rgb', contrast=1.0, depth=0.0, flipHoriz=False, flipVert=False, font='Open Sans', fontFiles=[], height=0.1, italic=False, languageStyle='LTR', name='fix_5', opacity=1.0, ori=0.0, pos=array([0., 0.]), rgb=UNKNOWN, text='+', units='height', win=Window(...), wrapWidth=1)
18.2336 	EXP 	Created image_4 = ImageStim(__class__=<class 'psychopy.visual.image.ImageStim'>, anchor=('center', 'center'), autoLog=True, color=array([1., 1., 1.]), colorSpace='rgb', contrast=1.0, depth=0.0, flipHoriz=False, flipVert=False, image='default.png', interpolate=True, mask=None, maskParams=None, name='image_4', opacity=1.0, ori=0.0, pos=array([0., 0.]), size=array([1.92, 1.08]), texRes=128.0, units='height', win=Window(...))
18.2442 	EXP 	Created circle_8 = Polygon(__class__=<class 'psychopy.visual.polygon.Polygon'>, anchor=('center', 'center'), autoDraw=False, autoLog=True, closeShape=True, color=method-wrapper(...), colorSpace='rgb', contrast=None, depth=-1.0, fillColor=array([-1, -1, -1]), fillColorSpace='rgb', fillRGB=array([-1, -1, -1]), interpolate=True, lineColor=array([-1., -1., -1.]), lineColorSpace='rgb', lineRGB=array([-1, -1, -1]), lineWidth=10.0, name='circle_8', opacity=1.0, ori=0.0, pos=array([0., 0.]), size=array([0.6, 0.6]), units='height', vertices=ndarray(...), win=Window(...))
18.2467 	EXP 	Created fix_8 = TextStim(__class__=<class 'psychopy.visual.text.TextStim'>, alignHoriz=method-wrapper(...), alignText='center', alignVert=method-wrapper(...), anchorHoriz='center', anchorVert='center', antialias=True, autoDraw=False, autoLog=True, bold=False, color=array([1., 1., 1.]), colorSpace='rgb', contrast=1.0, depth=-2.0, flipHoriz=False, flipVert=False, font='Open Sans', fontFiles=[], height=0.1, italic=False, languageStyle='LTR', name='fix_8', opacity=1.0, ori=0.0, pos=array([0., 0.]), rgb=UNKNOWN, text='+', units='height', win=Window(...), wrapWidth=1)
18.2494 	EXP 	Created Right_8 = ShapeStim(__class__=<class 'psychopy.visual.shape.ShapeStim'>, anchor=('center', 'center'), autoDraw=False, autoLog=True, closeShape=True, color=method-wrapper(...), colorSpace='rgb', contrast=None, depth=-3.0, fillColor=array([ 1., -1., -1.]), fillColorSpace='rgb', fillRGB=array([ 1., -1., -1.]), interpolate=True, lineColor=array([ 1., -1., -1.]), lineColorSpace='rgb', lineRGB=array([ 1., -1., -1.]), lineWidth=1.0, name='Right_8', opacity=1.0, ori=0.0, pos=array([550.,   0.]), size=array([150., 150.]), units='pix', vertices=ndarray(...), win=Window(...), windingRule=None)
18.2521 	EXP 	Created Left_8 = ShapeStim(__class__=<class 'psychopy.visual.shape.ShapeStim'>, anchor=('center', 'center'), autoDraw=False, autoLog=True, closeShape=True, color=method-wrapper(...), colorSpace='rgb', contrast=None, depth=-4.0, fillColor=array([-1.    ,  0.0039, -1.    ]), fillColorSpace='rgb', fillRGB=array([-1.    ,  0.0039, -1.    ]), interpolate=True, lineColor=array([-1.    ,  0.0039, -1.    ]), lineColorSpace='rgb', lineRGB=array([-1.    ,  0.0039, -1.    ]), lineWidth=1.0, name='Left_8', opacity=1.0, ori=0.0, pos=array([-550.,    0.]), size=array([150., 150.]), units='pix', vertices=ndarray(...), win=Window(...), windingRule=None)
18.2630 	EXP 	Created circle_5 = Polygon(__class__=<class 'psychopy.visual.polygon.Polygon'>, anchor=('center', 'center'), autoDraw=False, autoLog=True, closeShape=True, color=method-wrapper(...), colorSpace='rgb', contrast=None, depth=-2.0, fillColor=array([-1, -1, -1]), fillColorSpace='rgb', fillRGB=array([-1, -1, -1]), interpolate=True, lineColor=array([-1., -1., -1.]), lineColorSpace='rgb', lineRGB=array([-1, -1, -1]), lineWidth=10.0, name='circle_5', opacity=1.0, ori=0.0, pos=array([0., 0.]), size=array([0.6, 0.6]), units='height', vertices=ndarray(...), win=Window(...))
18.2647 	EXP 	Created dots_49 = DotStim(__class__=<class 'psychopy.visual.dot.DotStim'>, autoLog=True, coherence=0.0, color=array([1., 1., 1.]), colorSpace='rgb', contrast=1.0, depth=-3.0, dir=0.0, dotLife=-1.0, dotSize=10.0, element=None, fieldAnchor=UNKNOWN, fieldPos=array([0., 0.]), fieldShape='circle', fieldSize=array([0.58, 0.58]), nDots=49, name='dots_49', noiseDots='walk', opacity=1.0, rgb=UNKNOWN, signalDots='same', speed=0.0, units='height', win=Window(...))
18.2661 	EXP 	Created dots_51 = DotStim(__class__=<class 'psychopy.visual.dot.DotStim'>, autoLog=True, coherence=0.0, color=array([1., 1., 1.]), colorSpace='rgb', contrast=1.0, depth=-4.0, dir=0.0, dotLife=-1.0, dotSize=10.0, element=None, fieldAnchor=UNKNOWN, fieldPos=array([0., 0.]), fieldShape='circle', fieldSize=array([0.58, 0.58]), nDots=51, name='dots_51', noiseDots='walk', opacity=1.0, rgb=UNKNOWN, signalDots='same', speed=0.0, units='height', win=Window(...))
18.2688 	EXP 	Created Left_5 = ShapeStim(__class__=<class 'psychopy.visual.shape.ShapeStim'>, anchor=('center', 'center'), autoDraw=False, autoLog=True, closeShape=True, color=method-wrapper(...), colorSpace='rgb', contrast=None, depth=-6.0, fillColor=array([-1.    ,  0.0039, -1.    ]), fillColorSpace='rgb', fillRGB=array([-1.    ,  0.0039, -1.    ]), interpolate=True, lineColor=array([-1.    ,  0.0039, -1.    ]), lineColorSpace='rgb', lineRGB=array([-1.    ,  0.0039, -1.    ]), lineWidth=1.0, name='Left_5', opacity=1.0, ori=0.0, pos=array([-550.,    0.]), size=array([150., 150.]), units='pix', vertices=ndarray(...), win=Window(...), windingRule=None)
18.2714 	EXP 	Created Right_5 = ShapeStim(__class__=<class 'psychopy.visual.shape.ShapeStim'>, anchor=('center', 'center'), autoDraw=False, autoLog=True, closeShape=True, color=method-wrapper(...), colorSpace='rgb', contrast=None, depth=-7.0, fillColor=array([ 1., -1., -1.]), fillColorSpace='rgb', fillRGB=array([ 1., -1., -1.]), interpolate=True, lineColor=array([ 1., -1., -1.]), lineColorSpace='rgb', lineRGB=array([ 1., -1., -1.]), lineWidth=1.0, name='Right_5', opacity=1.0, ori=0.0, pos=array([550.,   0.]), size=array([150., 150.]), units='pix', vertices=ndarray(...), win=Window(...), windingRule=None)
18.2724 	EXP 	Created text_8 = TextStim(__class__=<class 'psychopy.visual.text.TextStim'>, alignHoriz=method-wrapper(...), alignText='center', alignVert=method-wrapper(...), anchorHoriz='center', anchorVert='center', antialias=True, autoDraw=False, autoLog=True, bold=False, color=array([1., 1., 1.]), colorSpace='rgb', contrast=1.0, depth=0.0, flipHoriz=False, flipVert=False, font='Arial', fontFiles=[], height=0.05, italic=False, languageStyle='LTR', name='text_8', opacity=1.0, ori=0.0, pos=array([0., 0.]), rgb=UNKNOWN, text='', units='height', win=Window(...), wrapWidth=1)
18.2777 	EXP 	Created text_2 = TextStim(__class__=<class 'psychopy.visual.text.TextStim'>, alignHoriz=method-wrapper(...), alignText='center', alignVert=method-wrapper(...), anchorHoriz='center', anchorVert='center', antialias=True, autoDraw=False, autoLog=True, bold=False, color=array([1., 1., 1.]), colorSpace='rgb', contrast=1.0, depth=0.0, flipHoriz=False, flipVert=False, font='Arial', fontFiles=[], height=0.05, italic=False, languageStyle='LTR', name='text_2', opacity=1.0, ori=0.0, pos=array([0., 0.]), rgb=UNKNOWN, text='0', units='height', win=Window(...), wrapWidth=1)
18.2901 	EXP 	Created text_5 = TextStim(__class__=<class 'psychopy.visual.text.TextStim'>, alignHoriz=method-wrapper(...), alignText='center', alignVert=method-wrapper(...), anchorHoriz='center', anchorVert='center', antialias=True, autoDraw=False, autoLog=True, bold=False, color=array([1., 1., 1.]), colorSpace='rgb', contrast=1.0, depth=-2.0, flipHoriz=False, flipVert=False, font='Arial', fontFiles=[], height=0.05, italic=False, languageStyle='LTR', name='text_5', opacity=1.0, ori=0.0, pos=array([0. , 0.1]), rgb=UNKNOWN, text='Your total score is: ', units='height', win=Window(...), wrapWidth=1)
18.2970 	EXP 	Created text_9 = TextStim(__class__=<class 'psychopy.visual.text.TextStim'>, alignHoriz=method-wrapper(...), alignText='center', alignVert=method-wrapper(...), anchorHoriz='center', anchorVert='center', antialias=True, autoDraw=False, autoLog=True, bold=False, color=array([1., 1., 1.]), colorSpace='rgb', contrast=1.0, depth=-4.0, flipHoriz=False, flipVert=False, font='Arial', fontFiles=[], height=0.05, italic=False, languageStyle='LTR', name='text_9', opacity=1.0, ori=0.0, pos=array([ 0. , -0.1]), rgb=UNKNOWN, text='Press Spacebar to continue', units='height', win=Window(...), wrapWidth=1)
18.3117 	EXP 	Created text_10 = TextStim(__class__=<class 'psychopy.visual.text.TextStim'>, alignHoriz=method-wrapper(...), alignText='center', alignVert=method-wrapper(...), anchorHoriz='center', anchorVert='center', antialias=True, autoDraw=False, autoLog=True, bold=False, color=array([1., 1., 1.]), colorSpace='rgb', contrast=1.0, depth=0.0, flipHoriz=False, flipVert=False, font='Open Sans', fontFiles=[], height=0.05, italic=False, languageStyle='LTR', name='text_10', opacity=1.0, ori=0.0, pos=array([0., 0.]), rgb=UNKNOWN, text='It is the end of the experiment.\nThank you!', units='height', win=Window(...), wrapWidth=1)
18.3180 	EXP 	movie: autoLog = True
18.3180 	EXP 	movie_2: autoLog = True
18.3180 	EXP 	movie_3: autoLog = True
18.3180 	EXP 	movie_4: autoLog = True
18.3180 	EXP 	text_g: autoDraw = True
19.4527 	DATA 	Keypress: space
19.4661 	EXP 	text_g: autoDraw = False
19.4661 	EXP 	text: autoDraw = False
19.4661 	EXP 	text_11: autoDraw = True
20.1021 	EXP 	Created sequence: random, trialTypes=1, nReps=15, seed=None
20.1026 	EXP 	New trial (rep=0, index=0): None
20.1159 	EXP 	Imported Rewa_Sequence_1.5s, 1.0s.xlsx as conditions, 4 conditions, 5 params
20.1166 	EXP 	Created sequence: random, trialTypes=4, nReps=2, seed=None
20.1170 	EXP 	New trial (rep=0, index=0): {'Countdown': 'Countdown_1.5s.mp4', 'color1': 'green', 'color2': 'red', 'correct': 'left', 'screenshot': 'Countdown_1.5s.jpg'}
20.1196 	DATA 	Keypress: space
20.1222 	EXP 	text_11: autoDraw = False
20.1222 	EXP 	fix: autoDraw = True
21.7077 	EXP 	fix: autoDraw = False
21.7077 	EXP 	image: image = 'Countdown_1.5s.jpg'
21.7077 	EXP 	image: autoDraw = True
21.7077 	EXP 	circle_4: autoDraw = True
21.7077 	EXP 	fix_2: autoDraw = True
21.7077 	EXP 	Right_2: autoDraw = True
21.7077 	EXP 	Left_2: autoDraw = True
22.7531 	EXP 	image: autoDraw = False
22.7531 	EXP 	circle_4: autoDraw = False
22.7531 	EXP 	fix_2: autoDraw = False
22.7531 	EXP 	Right_2: autoDraw = False
22.7531 	EXP 	Left_2: autoDraw = False
22.7531 	EXP 	dots_60: foreColor = <psychopy.colors.Color: green, alpha=1.0>
22.7531 	EXP 	dots_40: foreColor = <psychopy.colors.Color: red, alpha=1.0>
22.7531 	EXP 	polygon: autoDraw = True
22.7531 	EXP 	movie: autoDraw = True
22.7531 	EXP 	circle: autoDraw = True
22.7531 	EXP 	dots_60: autoDraw = True
22.7531 	EXP 	dots_40: autoDraw = True
22.7531 	EXP 	Right: autoDraw = True
22.7531 	EXP 	Left: autoDraw = True
23.6258 	DATA 	Keypress: left
23.7593 	EXP 	polygon: autoDraw = False
23.7593 	EXP 	movie: autoDraw = False
23.7593 	EXP 	circle: autoDraw = False
23.7593 	EXP 	dots_60: autoDraw = False
23.7593 	EXP 	dots_40: autoDraw = False
23.7593 	EXP 	Right: autoDraw = False
23.7593 	EXP 	Left: autoDraw = False
23.7593 	EXP 	text_3: height = 0.05
23.7593 	EXP 	text_3: height = 0.05
23.7593 	EXP 	text_3: height = 0.05
23.7593 	EXP 	text_3: text = 'Correct +1'
23.7593 	EXP 	text_3: autoDraw = True
24.7494 	EXP 	New trial (rep=0, index=1): {'Countdown': 'Countdown_1s.mp4', 'color1': 'red', 'color2': 'green', 'correct': 'right', 'screenshot': 'Countdown_1s.jpg'}
24.7651 	EXP 	text_3: autoDraw = False
24.7651 	EXP 	text_3: autoDraw = False
24.7651 	EXP 	fix: autoDraw = True
26.2829 	EXP 	fix: autoDraw = False
26.2829 	EXP 	image: image = 'Countdown_1s.jpg'
26.2829 	EXP 	image: autoDraw = True
26.2829 	EXP 	circle_4: autoDraw = True
26.2829 	EXP 	fix_2: autoDraw = True
26.2829 	EXP 	Right_2: autoDraw = True
26.2829 	EXP 	Left_2: autoDraw = True
27.5300 	EXP 	image: autoDraw = False
27.5300 	EXP 	circle_4: autoDraw = False
27.5300 	EXP 	fix_2: autoDraw = False
27.5300 	EXP 	Right_2: autoDraw = False
27.5300 	EXP 	Left_2: autoDraw = False
27.5300 	EXP 	dots_60: foreColor = <psychopy.colors.Color: red, alpha=1.0>
27.5300 	EXP 	dots_40: foreColor = <psychopy.colors.Color: green, alpha=1.0>
27.5300 	EXP 	polygon: autoDraw = True
27.5300 	EXP 	movie: autoDraw = True
27.5300 	EXP 	circle: autoDraw = True
27.5300 	EXP 	dots_60: autoDraw = True
27.5300 	EXP 	dots_40: autoDraw = True
27.5300 	EXP 	Right: autoDraw = True
27.5300 	EXP 	Left: autoDraw = True
27.9760 	DATA 	Keypress: escape
28.4822 	EXP 	window1: mouseVisible = True
