17.2325 	EXP 	Created window1 = Window(allowGUI=True, allowStencil=False, autoLog=True, backendConf=UNKNOWN, backgroundFit=<method-wrapper '__getattribute__' of attributeSetter object at 0x000001BD8A0E0B80>, backgroundImage=<method-wrapper '__getattribute__' of attributeSetter object at 0x000001BD8A0E0B20>, bitsMode=UNKNOWN, blendMode='avg', bpc=(8, 8, 8), color=array([-1., -1., -1.]), colorSpace='rgb', depthBits=8, fullscr=<method-wrapper '__getattribute__' of attributeSetter object at 0x000001BD8A0E0850>, gamma=None, gammaErrorPolicy='raise', lms=UNKNOWN, monitor=<psychopy.monitors.calibTools.Monitor object at 0x000001BD930981C0>, multiSample=False, name='window1', numSamples=2, pos=(0, 0), screen=0, size=array([1920, 1080]), stencilBits=0, stereo=False, units='height', useFBO=True, useRetina=False, viewOri=0.0, viewPos=None, viewScale=None, waitBlanking=True, winType='pyglet')
17.2328 	EXP 	window1: mouseVisible = True
17.2329 	EXP 	window1: backgroundImage = ''
17.2329 	EXP 	window1: backgroundFit = 'none'
17.2331 	EXP 	window1: mouseVisible = False
17.2332 	EXP 	window1: Attempting to measure frame rate of screen (0) ...
17.2332 	EXP 	window1: recordFrameIntervals = False
17.3976 	EXP 	window1: recordFrameIntervals = True
17.5814 	EXP 	Screen (0) actual frame rate measured at 60.01Hz
17.5815 	EXP 	window1: recordFrameIntervals = False
19.8461 	EXP 	Created text_g = TextStim(__class__=<class 'psychopy.visual.text.TextStim'>, alignHoriz=method-wrapper(...), alignText='center', alignVert=method-wrapper(...), anchorHoriz='center', anchorVert='center', antialias=True, autoDraw=False, autoLog=True, bold=False, color=array([1., 1., 1.]), colorSpace='rgb', contrast=1.0, depth=0.0, flipHoriz=False, flipVert=False, font='Arial', fontFiles=[], height=0.04, italic=False, languageStyle='LTR', name='text_g', opacity=1.0, ori=0.0, pos=array([0., 0.]), rgb=UNKNOWN, text=str(...), units='height', win=Window(...), wrapWidth=1)
19.8712 	EXP 	Created text = TextStim(__class__=<class 'psychopy.visual.text.TextStim'>, alignHoriz=method-wrapper(...), alignText='center', alignVert=method-wrapper(...), anchorHoriz='center', anchorVert='center', antialias=True, autoDraw=False, autoLog=True, bold=False, color=array([1., 1., 1.]), colorSpace='rgb', contrast=1.0, depth=0.0, flipHoriz=False, flipVert=False, font='Arial', fontFiles=[], height=0.04, italic=False, languageStyle='LTR', name='text', opacity=1.0, ori=0.0, pos=array([0., 0.]), rgb=UNKNOWN, text=str(...), units='height', win=Window(...), wrapWidth=1)
19.8912 	EXP 	Created text_11 = TextStim(__class__=<class 'psychopy.visual.text.TextStim'>, alignHoriz=method-wrapper(...), alignText='center', alignVert=method-wrapper(...), anchorHoriz='center', anchorVert='center', antialias=True, autoDraw=False, autoLog=True, bold=False, color=array([1., 1., 1.]), colorSpace='rgb', contrast=1.0, depth=0.0, flipHoriz=False, flipVert=False, font='Arial', fontFiles=[], height=0.04, italic=False, languageStyle='LTR', name='text_11', opacity=1.0, ori=0.0, pos=array([0., 0.]), rgb=UNKNOWN, text=str(...), units='height', win=Window(...), wrapWidth=1)
19.8966 	EXP 	Created fix = TextStim(__class__=<class 'psychopy.visual.text.TextStim'>, alignHoriz=method-wrapper(...), alignText='center', alignVert=method-wrapper(...), anchorHoriz='center', anchorVert='center', antialias=True, autoDraw=False, autoLog=True, bold=False, color=array([1., 1., 1.]), colorSpace='rgb', contrast=1.0, depth=0.0, flipHoriz=False, flipVert=False, font='Open Sans', fontFiles=[], height=0.1, italic=False, languageStyle='LTR', name='fix', opacity=1.0, ori=0.0, pos=array([0., 0.]), rgb=UNKNOWN, text='+', units='height', win=Window(...), wrapWidth=1)
19.9158 	EXP 	Created image = ImageStim(__class__=<class 'psychopy.visual.image.ImageStim'>, anchor=('center', 'center'), autoLog=True, color=array([1., 1., 1.]), colorSpace='rgb', contrast=1.0, depth=0.0, flipHoriz=False, flipVert=False, image='default.png', interpolate=True, mask=None, maskParams=None, name='image', opacity=1.0, ori=0.0, pos=array([0., 0.]), size=array([1.92, 1.08]), texRes=128.0, units='height', win=Window(...))
19.9291 	EXP 	Created circle_4 = Polygon(__class__=<class 'psychopy.visual.polygon.Polygon'>, anchor=('center', 'center'), autoDraw=False, autoLog=True, closeShape=True, color=method-wrapper(...), colorSpace='rgb', contrast=None, depth=-1.0, fillColor=array([-1, -1, -1]), fillColorSpace='rgb', fillRGB=array([-1, -1, -1]), interpolate=True, lineColor=array([-1., -1., -1.]), lineColorSpace='rgb', lineRGB=array([-1, -1, -1]), lineWidth=10.0, name='circle_4', opacity=1.0, ori=0.0, pos=array([0., 0.]), size=array([0.6, 0.6]), units='height', vertices=ndarray(...), win=Window(...))
19.9314 	EXP 	Created fix_2 = TextStim(__class__=<class 'psychopy.visual.text.TextStim'>, alignHoriz=method-wrapper(...), alignText='center', alignVert=method-wrapper(...), anchorHoriz='center', anchorVert='center', antialias=True, autoDraw=False, autoLog=True, bold=False, color=array([1., 1., 1.]), colorSpace='rgb', contrast=1.0, depth=-2.0, flipHoriz=False, flipVert=False, font='Open Sans', fontFiles=[], height=0.1, italic=False, languageStyle='LTR', name='fix_2', opacity=1.0, ori=0.0, pos=array([0., 0.]), rgb=UNKNOWN, text='+', units='height', win=Window(...), wrapWidth=1)
19.9344 	EXP 	Created Right_2 = ShapeStim(__class__=<class 'psychopy.visual.shape.ShapeStim'>, anchor=('center', 'center'), autoDraw=False, autoLog=True, closeShape=True, color=method-wrapper(...), colorSpace='rgb', contrast=None, depth=-3.0, fillColor=array([ 1., -1., -1.]), fillColorSpace='rgb', fillRGB=array([ 1., -1., -1.]), interpolate=True, lineColor=array([ 1., -1., -1.]), lineColorSpace='rgb', lineRGB=array([ 1., -1., -1.]), lineWidth=1.0, name='Right_2', opacity=1.0, ori=0.0, pos=array([550.,   0.]), size=array([150., 150.]), units='pix', vertices=ndarray(...), win=Window(...), windingRule=None)
19.9371 	EXP 	Created Left_2 = ShapeStim(__class__=<class 'psychopy.visual.shape.ShapeStim'>, anchor=('center', 'center'), autoDraw=False, autoLog=True, closeShape=True, color=method-wrapper(...), colorSpace='rgb', contrast=None, depth=-4.0, fillColor=array([-1.,  1., -1.]), fillColorSpace='rgb', fillRGB=array([-1.,  1., -1.]), interpolate=True, lineColor=array([-1.,  1., -1.]), lineColorSpace='rgb', lineRGB=array([-1.,  1., -1.]), lineWidth=1.0, name='Left_2', opacity=1.0, ori=0.0, pos=array([-550.,    0.]), size=array([150., 150.]), units='pix', vertices=ndarray(...), win=Window(...), windingRule=None)
19.9387 	EXP 	Created polygon = Rect(__class__=<class 'psychopy.visual.rect.Rect'>, anchor=('left', 'center'), autoDraw=False, autoLog=True, closeShape=True, color=method-wrapper(...), colorSpace='rgb', contrast=None, depth=-1.0, fillColor=array([0.00392157, 0.00392157, 0.00392157]), fillColorSpace='rgb', fillRGB=array([0.00392157, 0.00392157, 0.00392157]), interpolate=True, lineColor=array([1., 1., 1.]), lineColorSpace='rgb', lineRGB=array([1, 1, 1]), lineWidth=1.0, name='polygon', opacity=1.0, ori=45.0, pos=array([0.1275, 0.1275]), size=array([0.255, 0.255]), units='height', vertices=ndarray(...), win=Window(...))
19.9801 	EXP 	Created circle = Polygon(__class__=<class 'psychopy.visual.polygon.Polygon'>, anchor=('center', 'center'), autoDraw=False, autoLog=True, closeShape=True, color=method-wrapper(...), colorSpace='rgb', contrast=None, depth=-3.0, fillColor=array([-1, -1, -1]), fillColorSpace='rgb', fillRGB=array([-1, -1, -1]), interpolate=True, lineColor=array([-1., -1., -1.]), lineColorSpace='rgb', lineRGB=array([-1, -1, -1]), lineWidth=10.0, name='circle', opacity=1.0, ori=0.0, pos=array([0., 0.]), size=array([0.6, 0.6]), units='height', vertices=ndarray(...), win=Window(...))
19.9830 	EXP 	Created dots_60 = DotStim(__class__=<class 'psychopy.visual.dot.DotStim'>, autoLog=True, coherence=0.0, color=array([1., 1., 1.]), colorSpace='rgb', contrast=1.0, depth=-4.0, dir=0.0, dotLife=-1.0, dotSize=10.0, element=None, fieldAnchor=UNKNOWN, fieldPos=array([0., 0.]), fieldShape='circle', fieldSize=array([0.58, 0.58]), nDots=60, name='dots_60', noiseDots='walk', opacity=1.0, rgb=UNKNOWN, signalDots='same', speed=0.0, units='height', win=Window(...))
19.9845 	EXP 	Created dots_40 = DotStim(__class__=<class 'psychopy.visual.dot.DotStim'>, autoLog=True, coherence=0.0, color=array([1., 1., 1.]), colorSpace='rgb', contrast=1.0, depth=-5.0, dir=0.0, dotLife=-1.0, dotSize=10.0, element=None, fieldAnchor=UNKNOWN, fieldPos=array([0., 0.]), fieldShape='circle', fieldSize=array([0.58, 0.58]), nDots=40, name='dots_40', noiseDots='walk', opacity=1.0, rgb=UNKNOWN, signalDots='same', speed=0.0, units='height', win=Window(...))
19.9873 	EXP 	Created Right = ShapeStim(__class__=<class 'psychopy.visual.shape.ShapeStim'>, anchor=('center', 'center'), autoDraw=False, autoLog=True, closeShape=True, color=method-wrapper(...), colorSpace='rgb', contrast=None, depth=-7.0, fillColor=array([ 1., -1., -1.]), fillColorSpace='rgb', fillRGB=array([ 1., -1., -1.]), interpolate=True, lineColor=array([ 1., -1., -1.]), lineColorSpace='rgb', lineRGB=array([ 1., -1., -1.]), lineWidth=1.0, name='Right', opacity=1.0, ori=0.0, pos=array([550.,   0.]), size=array([150., 150.]), units='pix', vertices=ndarray(...), win=Window(...), windingRule=None)
19.9900 	EXP 	Created Left = ShapeStim(__class__=<class 'psychopy.visual.shape.ShapeStim'>, anchor=('center', 'center'), autoDraw=False, autoLog=True, closeShape=True, color=method-wrapper(...), colorSpace='rgb', contrast=None, depth=-8.0, fillColor=array([-1.,  1., -1.]), fillColorSpace='rgb', fillRGB=array([-1.,  1., -1.]), interpolate=True, lineColor=array([-1.,  1., -1.]), lineColorSpace='rgb', lineRGB=array([-1.,  1., -1.]), lineWidth=1.0, name='Left', opacity=1.0, ori=0.0, pos=array([-550.,    0.]), size=array([150., 150.]), units='pix', vertices=ndarray(...), win=Window(...), windingRule=None)
19.9917 	EXP 	Created text_3 = TextStim(__class__=<class 'psychopy.visual.text.TextStim'>, alignHoriz=method-wrapper(...), alignText='center', alignVert=method-wrapper(...), anchorHoriz='center', anchorVert='center', antialias=True, autoDraw=False, autoLog=True, bold=False, color=array([1., 1., 1.]), colorSpace='rgb', contrast=1.0, depth=0.0, flipHoriz=False, flipVert=False, font='Arial', fontFiles=[], height=0.05, italic=False, languageStyle='LTR', name='text_3', opacity=1.0, ori=0.0, pos=array([0., 0.]), rgb=UNKNOWN, text='', units='height', win=Window(...), wrapWidth=1)
19.9969 	EXP 	Created fix_3 = TextStim(__class__=<class 'psychopy.visual.text.TextStim'>, alignHoriz=method-wrapper(...), alignText='center', alignVert=method-wrapper(...), anchorHoriz='center', anchorVert='center', antialias=True, autoDraw=False, autoLog=True, bold=False, color=array([1., 1., 1.]), colorSpace='rgb', contrast=1.0, depth=0.0, flipHoriz=False, flipVert=False, font='Open Sans', fontFiles=[], height=0.1, italic=False, languageStyle='LTR', name='fix_3', opacity=1.0, ori=0.0, pos=array([0., 0.]), rgb=UNKNOWN, text='+', units='height', win=Window(...), wrapWidth=1)
20.0098 	EXP 	Created image_2 = ImageStim(__class__=<class 'psychopy.visual.image.ImageStim'>, anchor=('center', 'center'), autoLog=True, color=array([1., 1., 1.]), colorSpace='rgb', contrast=1.0, depth=0.0, flipHoriz=False, flipVert=False, image='default.png', interpolate=True, mask=None, maskParams=None, name='image_2', opacity=1.0, ori=0.0, pos=array([0., 0.]), size=array([1.92, 1.08]), texRes=128.0, units='height', win=Window(...))
20.0211 	EXP 	Created circle_6 = Polygon(__class__=<class 'psychopy.visual.polygon.Polygon'>, anchor=('center', 'center'), autoDraw=False, autoLog=True, closeShape=True, color=method-wrapper(...), colorSpace='rgb', contrast=None, depth=-1.0, fillColor=array([-1, -1, -1]), fillColorSpace='rgb', fillRGB=array([-1, -1, -1]), interpolate=True, lineColor=array([-1., -1., -1.]), lineColorSpace='rgb', lineRGB=array([-1, -1, -1]), lineWidth=10.0, name='circle_6', opacity=1.0, ori=0.0, pos=array([0., 0.]), size=array([0.6, 0.6]), units='height', vertices=ndarray(...), win=Window(...))
20.0233 	EXP 	Created fix_6 = TextStim(__class__=<class 'psychopy.visual.text.TextStim'>, alignHoriz=method-wrapper(...), alignText='center', alignVert=method-wrapper(...), anchorHoriz='center', anchorVert='center', antialias=True, autoDraw=False, autoLog=True, bold=False, color=array([1., 1., 1.]), colorSpace='rgb', contrast=1.0, depth=-2.0, flipHoriz=False, flipVert=False, font='Open Sans', fontFiles=[], height=0.1, italic=False, languageStyle='LTR', name='fix_6', opacity=1.0, ori=0.0, pos=array([0., 0.]), rgb=UNKNOWN, text='+', units='height', win=Window(...), wrapWidth=1)
20.0260 	EXP 	Created Right_6 = ShapeStim(__class__=<class 'psychopy.visual.shape.ShapeStim'>, anchor=('center', 'center'), autoDraw=False, autoLog=True, closeShape=True, color=method-wrapper(...), colorSpace='rgb', contrast=None, depth=-3.0, fillColor=array([ 1., -1., -1.]), fillColorSpace='rgb', fillRGB=array([ 1., -1., -1.]), interpolate=True, lineColor=array([ 1., -1., -1.]), lineColorSpace='rgb', lineRGB=array([ 1., -1., -1.]), lineWidth=1.0, name='Right_6', opacity=1.0, ori=0.0, pos=array([550.,   0.]), size=array([150., 150.]), units='pix', vertices=ndarray(...), win=Window(...), windingRule=None)
20.0290 	EXP 	Created Left_6 = ShapeStim(__class__=<class 'psychopy.visual.shape.ShapeStim'>, anchor=('center', 'center'), autoDraw=False, autoLog=True, closeShape=True, color=method-wrapper(...), colorSpace='rgb', contrast=None, depth=-4.0, fillColor=array([-1.,  1., -1.]), fillColorSpace='rgb', fillRGB=array([-1.,  1., -1.]), interpolate=True, lineColor=array([-1.,  1., -1.]), lineColorSpace='rgb', lineRGB=array([-1.,  1., -1.]), lineWidth=1.0, name='Left_6', opacity=1.0, ori=0.0, pos=array([-550.,    0.]), size=array([150., 150.]), units='pix', vertices=ndarray(...), win=Window(...), windingRule=None)
20.0308 	EXP 	Created polygon_2 = Rect(__class__=<class 'psychopy.visual.rect.Rect'>, anchor=('left', 'center'), autoDraw=False, autoLog=True, closeShape=True, color=method-wrapper(...), colorSpace='rgb', contrast=None, depth=-1.0, fillColor=array([0.00392157, 0.00392157, 0.00392157]), fillColorSpace='rgb', fillRGB=array([0.00392157, 0.00392157, 0.00392157]), interpolate=True, lineColor=array([1., 1., 1.]), lineColorSpace='rgb', lineRGB=array([1, 1, 1]), lineWidth=1.0, name='polygon_2', opacity=1.0, ori=45.0, pos=array([0.1275, 0.1275]), size=array([0.255, 0.255]), units='height', vertices=ndarray(...), win=Window(...))
20.0417 	EXP 	Created circle_2 = Polygon(__class__=<class 'psychopy.visual.polygon.Polygon'>, anchor=('center', 'center'), autoDraw=False, autoLog=True, closeShape=True, color=method-wrapper(...), colorSpace='rgb', contrast=None, depth=-3.0, fillColor=array([-1, -1, -1]), fillColorSpace='rgb', fillRGB=array([-1, -1, -1]), interpolate=True, lineColor=array([-1., -1., -1.]), lineColorSpace='rgb', lineRGB=array([-1, -1, -1]), lineWidth=10.0, name='circle_2', opacity=1.0, ori=0.0, pos=array([0., 0.]), size=array([0.6, 0.6]), units='height', vertices=ndarray(...), win=Window(...))
20.0434 	EXP 	Created dots_43 = DotStim(__class__=<class 'psychopy.visual.dot.DotStim'>, autoLog=True, coherence=0.0, color=array([1., 1., 1.]), colorSpace='rgb', contrast=1.0, depth=-4.0, dir=0.0, dotLife=-1.0, dotSize=10.0, element=None, fieldAnchor=UNKNOWN, fieldPos=array([0., 0.]), fieldShape='circle', fieldSize=array([0.58, 0.58]), nDots=43, name='dots_43', noiseDots='walk', opacity=1.0, rgb=UNKNOWN, signalDots='same', speed=0.0, units='height', win=Window(...))
20.0450 	EXP 	Created dots_57 = DotStim(__class__=<class 'psychopy.visual.dot.DotStim'>, autoLog=True, coherence=0.0, color=array([1., 1., 1.]), colorSpace='rgb', contrast=1.0, depth=-5.0, dir=0.0, dotLife=-1.0, dotSize=10.0, element=None, fieldAnchor=UNKNOWN, fieldPos=array([0., 0.]), fieldShape='circle', fieldSize=array([0.58, 0.58]), nDots=57, name='dots_57', noiseDots='walk', opacity=1.0, rgb=UNKNOWN, signalDots='same', speed=0.0, units='height', win=Window(...))
20.0479 	EXP 	Created Right_3 = ShapeStim(__class__=<class 'psychopy.visual.shape.ShapeStim'>, anchor=('center', 'center'), autoDraw=False, autoLog=True, closeShape=True, color=method-wrapper(...), colorSpace='rgb', contrast=None, depth=-7.0, fillColor=array([ 1., -1., -1.]), fillColorSpace='rgb', fillRGB=array([ 1., -1., -1.]), interpolate=True, lineColor=array([ 1., -1., -1.]), lineColorSpace='rgb', lineRGB=array([ 1., -1., -1.]), lineWidth=1.0, name='Right_3', opacity=1.0, ori=0.0, pos=array([550.,   0.]), size=array([150., 150.]), units='pix', vertices=ndarray(...), win=Window(...), windingRule=None)
20.0506 	EXP 	Created Left_3 = ShapeStim(__class__=<class 'psychopy.visual.shape.ShapeStim'>, anchor=('center', 'center'), autoDraw=False, autoLog=True, closeShape=True, color=method-wrapper(...), colorSpace='rgb', contrast=None, depth=-8.0, fillColor=array([-1.,  1., -1.]), fillColorSpace='rgb', fillRGB=array([-1.,  1., -1.]), interpolate=True, lineColor=array([-1.,  1., -1.]), lineColorSpace='rgb', lineRGB=array([-1.,  1., -1.]), lineWidth=1.0, name='Left_3', opacity=1.0, ori=0.0, pos=array([-550.,    0.]), size=array([150., 150.]), units='pix', vertices=ndarray(...), win=Window(...), windingRule=None)
20.0517 	EXP 	Created text_6 = TextStim(__class__=<class 'psychopy.visual.text.TextStim'>, alignHoriz=method-wrapper(...), alignText='center', alignVert=method-wrapper(...), anchorHoriz='center', anchorVert='center', antialias=True, autoDraw=False, autoLog=True, bold=False, color=array([1., 1., 1.]), colorSpace='rgb', contrast=1.0, depth=0.0, flipHoriz=False, flipVert=False, font='Arial', fontFiles=[], height=0.05, italic=False, languageStyle='LTR', name='text_6', opacity=1.0, ori=0.0, pos=array([0., 0.]), rgb=UNKNOWN, text='', units='height', win=Window(...), wrapWidth=1)
20.0540 	EXP 	Created fix_4 = TextStim(__class__=<class 'psychopy.visual.text.TextStim'>, alignHoriz=method-wrapper(...), alignText='center', alignVert=method-wrapper(...), anchorHoriz='center', anchorVert='center', antialias=True, autoDraw=False, autoLog=True, bold=False, color=array([1., 1., 1.]), colorSpace='rgb', contrast=1.0, depth=0.0, flipHoriz=False, flipVert=False, font='Open Sans', fontFiles=[], height=0.1, italic=False, languageStyle='LTR', name='fix_4', opacity=1.0, ori=0.0, pos=array([0., 0.]), rgb=UNKNOWN, text='+', units='height', win=Window(...), wrapWidth=1)
20.0728 	EXP 	Created image_3 = ImageStim(__class__=<class 'psychopy.visual.image.ImageStim'>, anchor=('center', 'center'), autoLog=True, color=array([1., 1., 1.]), colorSpace='rgb', contrast=1.0, depth=0.0, flipHoriz=False, flipVert=False, image='default.png', interpolate=True, mask=None, maskParams=None, name='image_3', opacity=1.0, ori=0.0, pos=array([0., 0.]), size=array([1.92, 1.08]), texRes=128.0, units='height', win=Window(...))
20.0839 	EXP 	Created circle_7 = Polygon(__class__=<class 'psychopy.visual.polygon.Polygon'>, anchor=('center', 'center'), autoDraw=False, autoLog=True, closeShape=True, color=method-wrapper(...), colorSpace='rgb', contrast=None, depth=-1.0, fillColor=array([-1, -1, -1]), fillColorSpace='rgb', fillRGB=array([-1, -1, -1]), interpolate=True, lineColor=array([-1., -1., -1.]), lineColorSpace='rgb', lineRGB=array([-1, -1, -1]), lineWidth=10.0, name='circle_7', opacity=1.0, ori=0.0, pos=array([0., 0.]), size=array([0.6, 0.6]), units='height', vertices=ndarray(...), win=Window(...))
20.0862 	EXP 	Created fix_7 = TextStim(__class__=<class 'psychopy.visual.text.TextStim'>, alignHoriz=method-wrapper(...), alignText='center', alignVert=method-wrapper(...), anchorHoriz='center', anchorVert='center', antialias=True, autoDraw=False, autoLog=True, bold=False, color=array([1., 1., 1.]), colorSpace='rgb', contrast=1.0, depth=-2.0, flipHoriz=False, flipVert=False, font='Open Sans', fontFiles=[], height=0.1, italic=False, languageStyle='LTR', name='fix_7', opacity=1.0, ori=0.0, pos=array([0., 0.]), rgb=UNKNOWN, text='+', units='height', win=Window(...), wrapWidth=1)
20.0889 	EXP 	Created Right_7 = ShapeStim(__class__=<class 'psychopy.visual.shape.ShapeStim'>, anchor=('center', 'center'), autoDraw=False, autoLog=True, closeShape=True, color=method-wrapper(...), colorSpace='rgb', contrast=None, depth=-3.0, fillColor=array([ 1., -1., -1.]), fillColorSpace='rgb', fillRGB=array([ 1., -1., -1.]), interpolate=True, lineColor=array([ 1., -1., -1.]), lineColorSpace='rgb', lineRGB=array([ 1., -1., -1.]), lineWidth=1.0, name='Right_7', opacity=1.0, ori=0.0, pos=array([550.,   0.]), size=array([150., 150.]), units='pix', vertices=ndarray(...), win=Window(...), windingRule=None)
20.0917 	EXP 	Created Left_7 = ShapeStim(__class__=<class 'psychopy.visual.shape.ShapeStim'>, anchor=('center', 'center'), autoDraw=False, autoLog=True, closeShape=True, color=method-wrapper(...), colorSpace='rgb', contrast=None, depth=-4.0, fillColor=array([-1.,  1., -1.]), fillColorSpace='rgb', fillRGB=array([-1.,  1., -1.]), interpolate=True, lineColor=array([-1.,  1., -1.]), lineColorSpace='rgb', lineRGB=array([-1.,  1., -1.]), lineWidth=1.0, name='Left_7', opacity=1.0, ori=0.0, pos=array([-550.,    0.]), size=array([150., 150.]), units='pix', vertices=ndarray(...), win=Window(...), windingRule=None)
20.0934 	EXP 	Created polygon_3 = Rect(__class__=<class 'psychopy.visual.rect.Rect'>, anchor=('left', 'center'), autoDraw=False, autoLog=True, closeShape=True, color=method-wrapper(...), colorSpace='rgb', contrast=None, depth=-1.0, fillColor=array([0.00392157, 0.00392157, 0.00392157]), fillColorSpace='rgb', fillRGB=array([0.00392157, 0.00392157, 0.00392157]), interpolate=True, lineColor=array([1., 1., 1.]), lineColorSpace='rgb', lineRGB=array([1, 1, 1]), lineWidth=1.0, name='polygon_3', opacity=1.0, ori=45.0, pos=array([0.1275, 0.1275]), size=array([0.255, 0.255]), units='height', vertices=ndarray(...), win=Window(...))
20.1044 	EXP 	Created circle_3 = Polygon(__class__=<class 'psychopy.visual.polygon.Polygon'>, anchor=('center', 'center'), autoDraw=False, autoLog=True, closeShape=True, color=method-wrapper(...), colorSpace='rgb', contrast=None, depth=-3.0, fillColor=array([-1, -1, -1]), fillColorSpace='rgb', fillRGB=array([-1, -1, -1]), interpolate=True, lineColor=array([-1., -1., -1.]), lineColorSpace='rgb', lineRGB=array([-1, -1, -1]), lineWidth=10.0, name='circle_3', opacity=1.0, ori=0.0, pos=array([0., 0.]), size=array([0.6, 0.6]), units='height', vertices=ndarray(...), win=Window(...))
20.1060 	EXP 	Created dots_46 = DotStim(__class__=<class 'psychopy.visual.dot.DotStim'>, autoLog=True, coherence=0.0, color=array([1., 1., 1.]), colorSpace='rgb', contrast=1.0, depth=-4.0, dir=0.0, dotLife=-1.0, dotSize=10.0, element=None, fieldAnchor=UNKNOWN, fieldPos=array([0., 0.]), fieldShape='circle', fieldSize=array([0.58, 0.58]), nDots=46, name='dots_46', noiseDots='walk', opacity=1.0, rgb=UNKNOWN, signalDots='same', speed=0.0, units='height', win=Window(...))
20.1077 	EXP 	Created dots_54 = DotStim(__class__=<class 'psychopy.visual.dot.DotStim'>, autoLog=True, coherence=0.0, color=array([1., 1., 1.]), colorSpace='rgb', contrast=1.0, depth=-5.0, dir=0.0, dotLife=-1.0, dotSize=10.0, element=None, fieldAnchor=UNKNOWN, fieldPos=array([0., 0.]), fieldShape='circle', fieldSize=array([0.58, 0.58]), nDots=54, name='dots_54', noiseDots='walk', opacity=1.0, rgb=UNKNOWN, signalDots='same', speed=0.0, units='height', win=Window(...))
20.1105 	EXP 	Created Left_4 = ShapeStim(__class__=<class 'psychopy.visual.shape.ShapeStim'>, anchor=('center', 'center'), autoDraw=False, autoLog=True, closeShape=True, color=method-wrapper(...), colorSpace='rgb', contrast=None, depth=-7.0, fillColor=array([-1.,  1., -1.]), fillColorSpace='rgb', fillRGB=array([-1.,  1., -1.]), interpolate=True, lineColor=array([-1.,  1., -1.]), lineColorSpace='rgb', lineRGB=array([-1.,  1., -1.]), lineWidth=1.0, name='Left_4', opacity=1.0, ori=0.0, pos=array([-550.,    0.]), size=array([150., 150.]), units='pix', vertices=ndarray(...), win=Window(...), windingRule=None)
20.1132 	EXP 	Created Right_4 = ShapeStim(__class__=<class 'psychopy.visual.shape.ShapeStim'>, anchor=('center', 'center'), autoDraw=False, autoLog=True, closeShape=True, color=method-wrapper(...), colorSpace='rgb', contrast=None, depth=-8.0, fillColor=array([ 1., -1., -1.]), fillColorSpace='rgb', fillRGB=array([ 1., -1., -1.]), interpolate=True, lineColor=array([ 1., -1., -1.]), lineColorSpace='rgb', lineRGB=array([ 1., -1., -1.]), lineWidth=1.0, name='Right_4', opacity=1.0, ori=0.0, pos=array([550.,   0.]), size=array([150., 150.]), units='pix', vertices=ndarray(...), win=Window(...), windingRule=None)
20.1143 	EXP 	Created text_7 = TextStim(__class__=<class 'psychopy.visual.text.TextStim'>, alignHoriz=method-wrapper(...), alignText='center', alignVert=method-wrapper(...), anchorHoriz='center', anchorVert='center', antialias=True, autoDraw=False, autoLog=True, bold=False, color=array([1., 1., 1.]), colorSpace='rgb', contrast=1.0, depth=0.0, flipHoriz=False, flipVert=False, font='Arial', fontFiles=[], height=0.05, italic=False, languageStyle='LTR', name='text_7', opacity=1.0, ori=0.0, pos=array([0., 0.]), rgb=UNKNOWN, text='', units='height', win=Window(...), wrapWidth=1)
20.1165 	EXP 	Created fix_5 = TextStim(__class__=<class 'psychopy.visual.text.TextStim'>, alignHoriz=method-wrapper(...), alignText='center', alignVert=method-wrapper(...), anchorHoriz='center', anchorVert='center', antialias=True, autoDraw=False, autoLog=True, bold=False, color=array([1., 1., 1.]), colorSpace='rgb', contrast=1.0, depth=0.0, flipHoriz=False, flipVert=False, font='Open Sans', fontFiles=[], height=0.1, italic=False, languageStyle='LTR', name='fix_5', opacity=1.0, ori=0.0, pos=array([0., 0.]), rgb=UNKNOWN, text='+', units='height', win=Window(...), wrapWidth=1)
20.1328 	EXP 	Created image_4 = ImageStim(__class__=<class 'psychopy.visual.image.ImageStim'>, anchor=('center', 'center'), autoLog=True, color=array([1., 1., 1.]), colorSpace='rgb', contrast=1.0, depth=0.0, flipHoriz=False, flipVert=False, image='default.png', interpolate=True, mask=None, maskParams=None, name='image_4', opacity=1.0, ori=0.0, pos=array([0., 0.]), size=array([1.92, 1.08]), texRes=128.0, units='height', win=Window(...))
20.1449 	EXP 	Created circle_8 = Polygon(__class__=<class 'psychopy.visual.polygon.Polygon'>, anchor=('center', 'center'), autoDraw=False, autoLog=True, closeShape=True, color=method-wrapper(...), colorSpace='rgb', contrast=None, depth=-1.0, fillColor=array([-1, -1, -1]), fillColorSpace='rgb', fillRGB=array([-1, -1, -1]), interpolate=True, lineColor=array([-1., -1., -1.]), lineColorSpace='rgb', lineRGB=array([-1, -1, -1]), lineWidth=10.0, name='circle_8', opacity=1.0, ori=0.0, pos=array([0., 0.]), size=array([0.6, 0.6]), units='height', vertices=ndarray(...), win=Window(...))
20.1474 	EXP 	Created fix_8 = TextStim(__class__=<class 'psychopy.visual.text.TextStim'>, alignHoriz=method-wrapper(...), alignText='center', alignVert=method-wrapper(...), anchorHoriz='center', anchorVert='center', antialias=True, autoDraw=False, autoLog=True, bold=False, color=array([1., 1., 1.]), colorSpace='rgb', contrast=1.0, depth=-2.0, flipHoriz=False, flipVert=False, font='Open Sans', fontFiles=[], height=0.1, italic=False, languageStyle='LTR', name='fix_8', opacity=1.0, ori=0.0, pos=array([0., 0.]), rgb=UNKNOWN, text='+', units='height', win=Window(...), wrapWidth=1)
20.1502 	EXP 	Created Right_8 = ShapeStim(__class__=<class 'psychopy.visual.shape.ShapeStim'>, anchor=('center', 'center'), autoDraw=False, autoLog=True, closeShape=True, color=method-wrapper(...), colorSpace='rgb', contrast=None, depth=-3.0, fillColor=array([ 1., -1., -1.]), fillColorSpace='rgb', fillRGB=array([ 1., -1., -1.]), interpolate=True, lineColor=array([ 1., -1., -1.]), lineColorSpace='rgb', lineRGB=array([ 1., -1., -1.]), lineWidth=1.0, name='Right_8', opacity=1.0, ori=0.0, pos=array([550.,   0.]), size=array([150., 150.]), units='pix', vertices=ndarray(...), win=Window(...), windingRule=None)
20.1528 	EXP 	Created Left_8 = ShapeStim(__class__=<class 'psychopy.visual.shape.ShapeStim'>, anchor=('center', 'center'), autoDraw=False, autoLog=True, closeShape=True, color=method-wrapper(...), colorSpace='rgb', contrast=None, depth=-4.0, fillColor=array([-1.,  1., -1.]), fillColorSpace='rgb', fillRGB=array([-1.,  1., -1.]), interpolate=True, lineColor=array([-1.,  1., -1.]), lineColorSpace='rgb', lineRGB=array([-1.,  1., -1.]), lineWidth=1.0, name='Left_8', opacity=1.0, ori=0.0, pos=array([-550.,    0.]), size=array([150., 150.]), units='pix', vertices=ndarray(...), win=Window(...), windingRule=None)
20.1642 	EXP 	Created circle_5 = Polygon(__class__=<class 'psychopy.visual.polygon.Polygon'>, anchor=('center', 'center'), autoDraw=False, autoLog=True, closeShape=True, color=method-wrapper(...), colorSpace='rgb', contrast=None, depth=-2.0, fillColor=array([-1, -1, -1]), fillColorSpace='rgb', fillRGB=array([-1, -1, -1]), interpolate=True, lineColor=array([-1., -1., -1.]), lineColorSpace='rgb', lineRGB=array([-1, -1, -1]), lineWidth=10.0, name='circle_5', opacity=1.0, ori=0.0, pos=array([0., 0.]), size=array([0.6, 0.6]), units='height', vertices=ndarray(...), win=Window(...))
20.1658 	EXP 	Created dots_49 = DotStim(__class__=<class 'psychopy.visual.dot.DotStim'>, autoLog=True, coherence=0.0, color=array([1., 1., 1.]), colorSpace='rgb', contrast=1.0, depth=-3.0, dir=0.0, dotLife=-1.0, dotSize=10.0, element=None, fieldAnchor=UNKNOWN, fieldPos=array([0., 0.]), fieldShape='circle', fieldSize=array([0.58, 0.58]), nDots=49, name='dots_49', noiseDots='walk', opacity=1.0, rgb=UNKNOWN, signalDots='same', speed=0.0, units='height', win=Window(...))
20.1673 	EXP 	Created dots_51 = DotStim(__class__=<class 'psychopy.visual.dot.DotStim'>, autoLog=True, coherence=0.0, color=array([1., 1., 1.]), colorSpace='rgb', contrast=1.0, depth=-4.0, dir=0.0, dotLife=-1.0, dotSize=10.0, element=None, fieldAnchor=UNKNOWN, fieldPos=array([0., 0.]), fieldShape='circle', fieldSize=array([0.58, 0.58]), nDots=51, name='dots_51', noiseDots='walk', opacity=1.0, rgb=UNKNOWN, signalDots='same', speed=0.0, units='height', win=Window(...))
20.1701 	EXP 	Created Left_5 = ShapeStim(__class__=<class 'psychopy.visual.shape.ShapeStim'>, anchor=('center', 'center'), autoDraw=False, autoLog=True, closeShape=True, color=method-wrapper(...), colorSpace='rgb', contrast=None, depth=-6.0, fillColor=array([-1.,  1., -1.]), fillColorSpace='rgb', fillRGB=array([-1.,  1., -1.]), interpolate=True, lineColor=array([-1.,  1., -1.]), lineColorSpace='rgb', lineRGB=array([-1.,  1., -1.]), lineWidth=1.0, name='Left_5', opacity=1.0, ori=0.0, pos=array([-550.,    0.]), size=array([150., 150.]), units='pix', vertices=ndarray(...), win=Window(...), windingRule=None)
20.1728 	EXP 	Created Right_5 = ShapeStim(__class__=<class 'psychopy.visual.shape.ShapeStim'>, anchor=('center', 'center'), autoDraw=False, autoLog=True, closeShape=True, color=method-wrapper(...), colorSpace='rgb', contrast=None, depth=-7.0, fillColor=array([ 1., -1., -1.]), fillColorSpace='rgb', fillRGB=array([ 1., -1., -1.]), interpolate=True, lineColor=array([ 1., -1., -1.]), lineColorSpace='rgb', lineRGB=array([ 1., -1., -1.]), lineWidth=1.0, name='Right_5', opacity=1.0, ori=0.0, pos=array([550.,   0.]), size=array([150., 150.]), units='pix', vertices=ndarray(...), win=Window(...), windingRule=None)
20.1739 	EXP 	Created text_8 = TextStim(__class__=<class 'psychopy.visual.text.TextStim'>, alignHoriz=method-wrapper(...), alignText='center', alignVert=method-wrapper(...), anchorHoriz='center', anchorVert='center', antialias=True, autoDraw=False, autoLog=True, bold=False, color=array([1., 1., 1.]), colorSpace='rgb', contrast=1.0, depth=0.0, flipHoriz=False, flipVert=False, font='Arial', fontFiles=[], height=0.05, italic=False, languageStyle='LTR', name='text_8', opacity=1.0, ori=0.0, pos=array([0., 0.]), rgb=UNKNOWN, text='', units='height', win=Window(...), wrapWidth=1)
20.1788 	EXP 	Created text_2 = TextStim(__class__=<class 'psychopy.visual.text.TextStim'>, alignHoriz=method-wrapper(...), alignText='center', alignVert=method-wrapper(...), anchorHoriz='center', anchorVert='center', antialias=True, autoDraw=False, autoLog=True, bold=False, color=array([1., 1., 1.]), colorSpace='rgb', contrast=1.0, depth=0.0, flipHoriz=False, flipVert=False, font='Arial', fontFiles=[], height=0.05, italic=False, languageStyle='LTR', name='text_2', opacity=1.0, ori=0.0, pos=array([0., 0.]), rgb=UNKNOWN, text='0', units='height', win=Window(...), wrapWidth=1)
20.1906 	EXP 	Created text_5 = TextStim(__class__=<class 'psychopy.visual.text.TextStim'>, alignHoriz=method-wrapper(...), alignText='center', alignVert=method-wrapper(...), anchorHoriz='center', anchorVert='center', antialias=True, autoDraw=False, autoLog=True, bold=False, color=array([1., 1., 1.]), colorSpace='rgb', contrast=1.0, depth=-2.0, flipHoriz=False, flipVert=False, font='Arial', fontFiles=[], height=0.05, italic=False, languageStyle='LTR', name='text_5', opacity=1.0, ori=0.0, pos=array([0. , 0.1]), rgb=UNKNOWN, text='Your total score is: ', units='height', win=Window(...), wrapWidth=1)
20.1980 	EXP 	Created text_9 = TextStim(__class__=<class 'psychopy.visual.text.TextStim'>, alignHoriz=method-wrapper(...), alignText='center', alignVert=method-wrapper(...), anchorHoriz='center', anchorVert='center', antialias=True, autoDraw=False, autoLog=True, bold=False, color=array([1., 1., 1.]), colorSpace='rgb', contrast=1.0, depth=-4.0, flipHoriz=False, flipVert=False, font='Arial', fontFiles=[], height=0.05, italic=False, languageStyle='LTR', name='text_9', opacity=1.0, ori=0.0, pos=array([ 0. , -0.1]), rgb=UNKNOWN, text='Press Spacebar to continue', units='height', win=Window(...), wrapWidth=1)
20.2144 	EXP 	Created text_10 = TextStim(__class__=<class 'psychopy.visual.text.TextStim'>, alignHoriz=method-wrapper(...), alignText='center', alignVert=method-wrapper(...), anchorHoriz='center', anchorVert='center', antialias=True, autoDraw=False, autoLog=True, bold=False, color=array([1., 1., 1.]), colorSpace='rgb', contrast=1.0, depth=0.0, flipHoriz=False, flipVert=False, font='Open Sans', fontFiles=[], height=0.05, italic=False, languageStyle='LTR', name='text_10', opacity=1.0, ori=0.0, pos=array([0., 0.]), rgb=UNKNOWN, text='It is the end of the experiment.\nThank you!', units='height', win=Window(...), wrapWidth=1)
20.2211 	EXP 	movie: autoLog = True
20.2211 	EXP 	movie_2: autoLog = True
20.2211 	EXP 	movie_3: autoLog = True
20.2211 	EXP 	movie_4: autoLog = True
20.2211 	EXP 	text_g: autoDraw = True
21.0014 	DATA 	Keypress: space
21.0148 	EXP 	text_g: autoDraw = False
21.0148 	EXP 	text: autoDraw = True
21.4684 	DATA 	Keypress: space
21.4841 	EXP 	Created sequence: random, trialTypes=1, nReps=15, seed=None
21.4846 	EXP 	New trial (rep=0, index=0): None
21.4990 	EXP 	Imported Rewa_Sequence_1.5s, 1.0s.xlsx as conditions, 4 conditions, 5 params
21.4996 	EXP 	Created sequence: random, trialTypes=4, nReps=2, seed=None
21.5001 	EXP 	New trial (rep=0, index=0): {'Countdown': 'Countdown_1s.mp4', 'color1': 'red', 'color2': [-1.0, 1.0, -1.0], 'correct': 'right', 'screenshot': 'Countdown_1s.jpg'}
21.5079 	EXP 	Imported Rewa_Sequence_1.5s, 1.0s.xlsx as conditions, 4 conditions, 5 params
21.5083 	EXP 	Created sequence: random, trialTypes=4, nReps=2, seed=None
21.5086 	EXP 	New trial (rep=0, index=0): {'Countdown': 'Countdown_1.5s.mp4', 'color1': 'red', 'color2': [-1.0, 1.0, -1.0], 'correct': 'right', 'screenshot': 'Countdown_1.5s.jpg'}
21.5145 	EXP 	Imported Rewa_Sequence_1.5s, 1.0s.xlsx as conditions, 4 conditions, 5 params
21.5149 	EXP 	Created sequence: random, trialTypes=4, nReps=2, seed=None
21.5152 	EXP 	New trial (rep=0, index=0): {'Countdown': 'Countdown_1.5s.mp4', 'color1': 'red', 'color2': [-1.0, 1.0, -1.0], 'correct': 'right', 'screenshot': 'Countdown_1.5s.jpg'}
21.5197 	EXP 	text: autoDraw = False
21.5197 	EXP 	text_11: autoDraw = False
21.5197 	EXP 	fix_4: autoDraw = True
23.0835 	EXP 	fix_4: autoDraw = False
23.0835 	EXP 	image_3: image = 'Countdown_1.5s.jpg'
23.0835 	EXP 	image_3: autoDraw = True
23.0835 	EXP 	circle_7: autoDraw = True
23.0835 	EXP 	fix_7: autoDraw = True
23.0835 	EXP 	Right_7: autoDraw = True
23.0835 	EXP 	Left_7: autoDraw = True
24.1358 	EXP 	image_3: autoDraw = False
24.1358 	EXP 	circle_7: autoDraw = False
24.1358 	EXP 	fix_7: autoDraw = False
24.1358 	EXP 	Right_7: autoDraw = False
24.1358 	EXP 	Left_7: autoDraw = False
24.1358 	EXP 	dots_46: foreColor = <psychopy.colors.Color: lime, alpha=1.0>
24.1358 	EXP 	dots_54: foreColor = <psychopy.colors.Color: red, alpha=1.0>
24.1358 	EXP 	polygon_3: autoDraw = True
24.1358 	EXP 	movie_3: autoDraw = True
24.1358 	EXP 	circle_3: autoDraw = True
24.1358 	EXP 	dots_46: autoDraw = True
24.1358 	EXP 	dots_54: autoDraw = True
24.1358 	EXP 	Left_4: autoDraw = True
24.1358 	EXP 	Right_4: autoDraw = True
25.1362 	EXP 	polygon_3: autoDraw = False
25.3073 	DATA 	Keypress: left
25.4703 	EXP 	polygon_3: autoDraw = False
25.4703 	EXP 	movie_3: autoDraw = False
25.4703 	EXP 	circle_3: autoDraw = False
25.4703 	EXP 	dots_46: autoDraw = False
25.4703 	EXP 	dots_54: autoDraw = False
25.4703 	EXP 	Left_4: autoDraw = False
25.4703 	EXP 	Right_4: autoDraw = False
25.4703 	EXP 	text_7: foreColor = <psychopy.colors.Color: red, alpha=1.0>
25.4703 	EXP 	text_7: height = 0.05
25.4703 	EXP 	text_7: height = 0.05
25.4703 	EXP 	text_7: height = 0.05
25.4703 	EXP 	text_7: text = 'Incorrect -2'
25.4703 	EXP 	text_7: autoDraw = True
26.4645 	EXP 	New trial (rep=0, index=1): {'Countdown': 'Countdown_1.5s.mp4', 'color1': [-1.0, 1.0, -1.0], 'color2': 'red', 'correct': 'left', 'screenshot': 'Countdown_1.5s.jpg'}
26.4807 	EXP 	text_7: autoDraw = False
26.4807 	EXP 	fix_4: autoDraw = True
27.9992 	EXP 	fix_4: autoDraw = False
27.9992 	EXP 	image_3: image = 'Countdown_1.5s.jpg'
27.9992 	EXP 	image_3: autoDraw = True
27.9992 	EXP 	circle_7: autoDraw = True
27.9992 	EXP 	fix_7: autoDraw = True
27.9992 	EXP 	Right_7: autoDraw = True
27.9992 	EXP 	Left_7: autoDraw = True
29.2407 	EXP 	image_3: autoDraw = False
29.2407 	EXP 	circle_7: autoDraw = False
29.2407 	EXP 	fix_7: autoDraw = False
29.2407 	EXP 	Right_7: autoDraw = False
29.2407 	EXP 	Left_7: autoDraw = False
29.2407 	EXP 	dots_46: foreColor = <psychopy.colors.Color: red, alpha=1.0>
29.2407 	EXP 	dots_54: foreColor = <psychopy.colors.Color: lime, alpha=1.0>
29.2407 	EXP 	polygon_3: autoDraw = True
29.2407 	EXP 	movie_3: autoDraw = True
29.2407 	EXP 	circle_3: autoDraw = True
29.2407 	EXP 	dots_46: autoDraw = True
29.2407 	EXP 	dots_54: autoDraw = True
29.2407 	EXP 	Left_4: autoDraw = True
29.2407 	EXP 	Right_4: autoDraw = True
29.8240 	DATA 	Keypress: right
29.9762 	EXP 	polygon_3: autoDraw = False
29.9762 	EXP 	movie_3: autoDraw = False
29.9762 	EXP 	circle_3: autoDraw = False
29.9762 	EXP 	dots_46: autoDraw = False
29.9762 	EXP 	dots_54: autoDraw = False
29.9762 	EXP 	Left_4: autoDraw = False
29.9762 	EXP 	Right_4: autoDraw = False
29.9762 	EXP 	text_7: foreColor = <psychopy.colors.Color: red, alpha=1.0>
29.9762 	EXP 	text_7: text = 'Incorrect -2'
29.9762 	EXP 	text_7: autoDraw = True
30.9647 	EXP 	New trial (rep=0, index=2): {'Countdown': 'Countdown_1s.mp4', 'color1': 'red', 'color2': [-1.0, 1.0, -1.0], 'correct': 'right', 'screenshot': 'Countdown_1s.jpg'}
30.9807 	EXP 	text_7: autoDraw = False
30.9807 	EXP 	text_7: autoDraw = False
30.9807 	EXP 	fix_4: autoDraw = True
32.4978 	EXP 	fix_4: autoDraw = False
32.4978 	EXP 	fix_4: autoDraw = False
32.4978 	EXP 	image_3: image = 'Countdown_1s.jpg'
32.4978 	EXP 	image_3: autoDraw = True
32.4978 	EXP 	circle_7: autoDraw = True
32.4978 	EXP 	fix_7: autoDraw = True
32.4978 	EXP 	Right_7: autoDraw = True
32.4978 	EXP 	Left_7: autoDraw = True
33.8255 	EXP 	image_3: autoDraw = False
33.8255 	EXP 	circle_7: autoDraw = False
33.8255 	EXP 	fix_7: autoDraw = False
33.8255 	EXP 	Right_7: autoDraw = False
33.8255 	EXP 	Left_7: autoDraw = False
33.8255 	EXP 	dots_46: foreColor = <psychopy.colors.Color: lime, alpha=1.0>
33.8255 	EXP 	dots_54: foreColor = <psychopy.colors.Color: red, alpha=1.0>
33.8255 	EXP 	polygon_3: autoDraw = True
33.8255 	EXP 	movie_3: autoDraw = True
33.8255 	EXP 	circle_3: autoDraw = True
33.8255 	EXP 	dots_46: autoDraw = True
33.8255 	EXP 	dots_54: autoDraw = True
33.8255 	EXP 	Left_4: autoDraw = True
33.8255 	EXP 	Right_4: autoDraw = True
34.9257 	EXP 	polygon_3: autoDraw = False
34.9257 	EXP 	movie_3: autoDraw = False
34.9257 	EXP 	circle_3: autoDraw = False
34.9257 	EXP 	dots_46: autoDraw = False
34.9257 	EXP 	dots_54: autoDraw = False
34.9257 	EXP 	Left_4: autoDraw = False
34.9257 	EXP 	Right_4: autoDraw = False
34.9257 	EXP 	text_7: foreColor = <psychopy.colors.Color: red, alpha=1.0>
34.9257 	EXP 	text_7: height = 0.05
34.9257 	EXP 	text_7: height = 0.05
34.9257 	EXP 	text_7: height = 0.05
34.9257 	EXP 	text_7: text = 'Too late -2'
34.9257 	EXP 	text_7: autoDraw = True
35.9149 	EXP 	New trial (rep=0, index=3): {'Countdown': 'Countdown_1s.mp4', 'color1': [-1.0, 1.0, -1.0], 'color2': 'red', 'correct': 'left', 'screenshot': 'Countdown_1s.jpg'}
35.9308 	EXP 	text_7: autoDraw = False
35.9308 	EXP 	text_7: autoDraw = False
35.9308 	EXP 	fix_4: autoDraw = True
37.4490 	EXP 	fix_4: autoDraw = False
37.4490 	EXP 	fix_4: autoDraw = False
37.4490 	EXP 	image_3: image = 'Countdown_1s.jpg'
37.4490 	EXP 	image_3: autoDraw = True
37.4490 	EXP 	circle_7: autoDraw = True
37.4490 	EXP 	fix_7: autoDraw = True
37.4490 	EXP 	Right_7: autoDraw = True
37.4490 	EXP 	Left_7: autoDraw = True
38.7012 	EXP 	image_3: autoDraw = False
38.7012 	EXP 	circle_7: autoDraw = False
38.7012 	EXP 	fix_7: autoDraw = False
38.7012 	EXP 	Right_7: autoDraw = False
38.7012 	EXP 	Left_7: autoDraw = False
38.7012 	EXP 	dots_46: foreColor = <psychopy.colors.Color: red, alpha=1.0>
38.7012 	EXP 	dots_54: foreColor = <psychopy.colors.Color: lime, alpha=1.0>
38.7012 	EXP 	polygon_3: autoDraw = True
38.7012 	EXP 	movie_3: autoDraw = True
38.7012 	EXP 	circle_3: autoDraw = True
38.7012 	EXP 	dots_46: autoDraw = True
38.7012 	EXP 	dots_54: autoDraw = True
38.7012 	EXP 	Left_4: autoDraw = True
38.7012 	EXP 	Right_4: autoDraw = True
39.7966 	EXP 	polygon_3: autoDraw = False
39.7966 	EXP 	movie_3: autoDraw = False
39.7966 	EXP 	circle_3: autoDraw = False
39.7966 	EXP 	dots_46: autoDraw = False
39.7966 	EXP 	dots_54: autoDraw = False
39.7966 	EXP 	Left_4: autoDraw = False
39.7966 	EXP 	Right_4: autoDraw = False
39.7966 	EXP 	text_7: foreColor = <psychopy.colors.Color: red, alpha=1.0>
39.7966 	EXP 	text_7: text = 'Too late -2'
39.7966 	EXP 	text_7: autoDraw = True
40.7814 	EXP 	New trial (rep=1, index=0): {'Countdown': 'Countdown_1s.mp4', 'color1': [-1.0, 1.0, -1.0], 'color2': 'red', 'correct': 'left', 'screenshot': 'Countdown_1s.jpg'}
40.7973 	EXP 	text_7: autoDraw = False
40.7973 	EXP 	text_7: autoDraw = False
40.7973 	EXP 	fix_4: autoDraw = True
42.3146 	EXP 	fix_4: autoDraw = False
42.3146 	EXP 	fix_4: autoDraw = False
42.3146 	EXP 	image_3: image = 'Countdown_1s.jpg'
42.3146 	EXP 	image_3: autoDraw = True
42.3146 	EXP 	circle_7: autoDraw = True
42.3146 	EXP 	fix_7: autoDraw = True
42.3146 	EXP 	Right_7: autoDraw = True
42.3146 	EXP 	Left_7: autoDraw = True
43.6269 	EXP 	image_3: autoDraw = False
43.6269 	EXP 	circle_7: autoDraw = False
43.6269 	EXP 	fix_7: autoDraw = False
43.6269 	EXP 	Right_7: autoDraw = False
43.6269 	EXP 	Left_7: autoDraw = False
43.6269 	EXP 	dots_46: foreColor = <psychopy.colors.Color: red, alpha=1.0>
43.6269 	EXP 	dots_54: foreColor = <psychopy.colors.Color: lime, alpha=1.0>
43.6269 	EXP 	polygon_3: autoDraw = True
43.6269 	EXP 	movie_3: autoDraw = True
43.6269 	EXP 	circle_3: autoDraw = True
43.6269 	EXP 	dots_46: autoDraw = True
43.6269 	EXP 	dots_54: autoDraw = True
43.6269 	EXP 	Left_4: autoDraw = True
43.6269 	EXP 	Right_4: autoDraw = True
44.7241 	EXP 	polygon_3: autoDraw = False
44.7241 	EXP 	movie_3: autoDraw = False
44.7241 	EXP 	circle_3: autoDraw = False
44.7241 	EXP 	dots_46: autoDraw = False
44.7241 	EXP 	dots_54: autoDraw = False
44.7241 	EXP 	Left_4: autoDraw = False
44.7241 	EXP 	Right_4: autoDraw = False
44.7241 	EXP 	text_7: foreColor = <psychopy.colors.Color: red, alpha=1.0>
44.7241 	EXP 	text_7: text = 'Too late -2'
44.7241 	EXP 	text_7: autoDraw = True
45.7151 	EXP 	New trial (rep=1, index=1): {'Countdown': 'Countdown_1.5s.mp4', 'color1': [-1.0, 1.0, -1.0], 'color2': 'red', 'correct': 'left', 'screenshot': 'Countdown_1.5s.jpg'}
45.7307 	EXP 	text_7: autoDraw = False
45.7307 	EXP 	text_7: autoDraw = False
45.7307 	EXP 	fix_4: autoDraw = True
47.2557 	EXP 	fix_4: autoDraw = False
47.2557 	EXP 	fix_4: autoDraw = False
47.2557 	EXP 	image_3: image = 'Countdown_1.5s.jpg'
47.2557 	EXP 	image_3: autoDraw = True
47.2557 	EXP 	circle_7: autoDraw = True
47.2557 	EXP 	fix_7: autoDraw = True
47.2557 	EXP 	Right_7: autoDraw = True
47.2557 	EXP 	Left_7: autoDraw = True
48.4911 	EXP 	image_3: autoDraw = False
48.4911 	EXP 	circle_7: autoDraw = False
48.4911 	EXP 	fix_7: autoDraw = False
48.4911 	EXP 	Right_7: autoDraw = False
48.4911 	EXP 	Left_7: autoDraw = False
48.4911 	EXP 	dots_46: foreColor = <psychopy.colors.Color: red, alpha=1.0>
48.4911 	EXP 	dots_54: foreColor = <psychopy.colors.Color: lime, alpha=1.0>
48.4911 	EXP 	polygon_3: autoDraw = True
48.4911 	EXP 	movie_3: autoDraw = True
48.4911 	EXP 	circle_3: autoDraw = True
48.4911 	EXP 	dots_46: autoDraw = True
48.4911 	EXP 	dots_54: autoDraw = True
48.4911 	EXP 	Left_4: autoDraw = True
48.4911 	EXP 	Right_4: autoDraw = True
49.5029 	EXP 	polygon_3: autoDraw = False
50.1069 	EXP 	polygon_3: autoDraw = False
50.1069 	EXP 	movie_3: autoDraw = False
50.1069 	EXP 	circle_3: autoDraw = False
50.1069 	EXP 	dots_46: autoDraw = False
50.1069 	EXP 	dots_54: autoDraw = False
50.1069 	EXP 	Left_4: autoDraw = False
50.1069 	EXP 	Right_4: autoDraw = False
50.1069 	EXP 	text_7: foreColor = <psychopy.colors.Color: red, alpha=1.0>
50.1069 	EXP 	text_7: text = 'Too late -2'
50.1069 	EXP 	text_7: autoDraw = True
51.0987 	EXP 	New trial (rep=1, index=2): {'Countdown': 'Countdown_1.5s.mp4', 'color1': 'red', 'color2': [-1.0, 1.0, -1.0], 'correct': 'right', 'screenshot': 'Countdown_1.5s.jpg'}
51.1140 	EXP 	text_7: autoDraw = False
51.1140 	EXP 	text_7: autoDraw = False
51.1140 	EXP 	fix_4: autoDraw = True
52.6384 	EXP 	fix_4: autoDraw = False
52.6384 	EXP 	fix_4: autoDraw = False
52.6384 	EXP 	image_3: image = 'Countdown_1.5s.jpg'
52.6384 	EXP 	image_3: autoDraw = True
52.6384 	EXP 	circle_7: autoDraw = True
52.6384 	EXP 	fix_7: autoDraw = True
52.6384 	EXP 	Right_7: autoDraw = True
52.6384 	EXP 	Left_7: autoDraw = True
53.8987 	EXP 	image_3: autoDraw = False
53.8987 	EXP 	circle_7: autoDraw = False
53.8987 	EXP 	fix_7: autoDraw = False
53.8987 	EXP 	Right_7: autoDraw = False
53.8987 	EXP 	Left_7: autoDraw = False
53.8987 	EXP 	dots_46: foreColor = <psychopy.colors.Color: lime, alpha=1.0>
53.8987 	EXP 	dots_54: foreColor = <psychopy.colors.Color: red, alpha=1.0>
53.8987 	EXP 	polygon_3: autoDraw = True
53.8987 	EXP 	movie_3: autoDraw = True
53.8987 	EXP 	circle_3: autoDraw = True
53.8987 	EXP 	dots_46: autoDraw = True
53.8987 	EXP 	dots_54: autoDraw = True
53.8987 	EXP 	Left_4: autoDraw = True
53.8987 	EXP 	Right_4: autoDraw = True
54.9028 	EXP 	polygon_3: autoDraw = False
55.5153 	EXP 	polygon_3: autoDraw = False
55.5153 	EXP 	movie_3: autoDraw = False
55.5153 	EXP 	circle_3: autoDraw = False
55.5153 	EXP 	dots_46: autoDraw = False
55.5153 	EXP 	dots_54: autoDraw = False
55.5153 	EXP 	Left_4: autoDraw = False
55.5153 	EXP 	Right_4: autoDraw = False
55.5153 	EXP 	text_7: foreColor = <psychopy.colors.Color: red, alpha=1.0>
55.5153 	EXP 	text_7: text = 'Too late -2'
55.5153 	EXP 	text_7: autoDraw = True
56.5146 	EXP 	New trial (rep=1, index=3): {'Countdown': 'Countdown_1s.mp4', 'color1': 'red', 'color2': [-1.0, 1.0, -1.0], 'correct': 'right', 'screenshot': 'Countdown_1s.jpg'}
56.5307 	EXP 	text_7: autoDraw = False
56.5307 	EXP 	fix_4: autoDraw = True
58.0557 	EXP 	fix_4: autoDraw = False
58.0557 	EXP 	image_3: image = 'Countdown_1s.jpg'
58.0557 	EXP 	image_3: autoDraw = True
58.0557 	EXP 	circle_7: autoDraw = True
58.0557 	EXP 	fix_7: autoDraw = True
58.0557 	EXP 	Right_7: autoDraw = True
58.0557 	EXP 	Left_7: autoDraw = True
59.3454 	EXP 	image_3: autoDraw = False
59.3454 	EXP 	circle_7: autoDraw = False
59.3454 	EXP 	fix_7: autoDraw = False
59.3454 	EXP 	Right_7: autoDraw = False
59.3454 	EXP 	Left_7: autoDraw = False
59.3454 	EXP 	dots_46: foreColor = <psychopy.colors.Color: lime, alpha=1.0>
59.3454 	EXP 	dots_54: foreColor = <psychopy.colors.Color: red, alpha=1.0>
59.3454 	EXP 	polygon_3: autoDraw = True
59.3454 	EXP 	movie_3: autoDraw = True
59.3454 	EXP 	circle_3: autoDraw = True
59.3454 	EXP 	dots_46: autoDraw = True
59.3454 	EXP 	dots_54: autoDraw = True
59.3454 	EXP 	Left_4: autoDraw = True
59.3454 	EXP 	Right_4: autoDraw = True
60.4410 	EXP 	polygon_3: autoDraw = False
60.4410 	EXP 	movie_3: autoDraw = False
60.4410 	EXP 	circle_3: autoDraw = False
60.4410 	EXP 	dots_46: autoDraw = False
60.4410 	EXP 	dots_54: autoDraw = False
60.4410 	EXP 	Left_4: autoDraw = False
60.4410 	EXP 	Right_4: autoDraw = False
60.4410 	EXP 	text_7: foreColor = <psychopy.colors.Color: red, alpha=1.0>
60.4410 	EXP 	text_7: text = 'Too late -2'
60.4410 	EXP 	text_7: autoDraw = True
61.4439 	EXP 	Imported Rewa_Sequence_1.5s, 1.0s.xlsx as conditions, 4 conditions, 5 params
61.4442 	EXP 	Created sequence: random, trialTypes=4, nReps=2, seed=None
61.4445 	EXP 	New trial (rep=0, index=0): {'Countdown': 'Countdown_1.5s.mp4', 'color1': 'red', 'color2': [-1.0, 1.0, -1.0], 'correct': 'right', 'screenshot': 'Countdown_1.5s.jpg'}
61.4488 	EXP 	text_7: autoDraw = False
61.4488 	EXP 	text_7: autoDraw = False
61.4488 	EXP 	fix_5: autoDraw = True
62.9910 	EXP 	fix_5: autoDraw = False
62.9910 	EXP 	image_4: image = 'Countdown_1.5s.jpg'
62.9910 	EXP 	image_4: autoDraw = True
62.9910 	EXP 	circle_8: autoDraw = True
62.9910 	EXP 	fix_8: autoDraw = True
62.9910 	EXP 	Right_8: autoDraw = True
62.9910 	EXP 	Left_8: autoDraw = True
64.0489 	EXP 	image_4: autoDraw = False
64.0489 	EXP 	circle_8: autoDraw = False
64.0489 	EXP 	fix_8: autoDraw = False
64.0489 	EXP 	Right_8: autoDraw = False
64.0489 	EXP 	Left_8: autoDraw = False
64.0489 	EXP 	dots_49: foreColor = <psychopy.colors.Color: lime, alpha=1.0>
64.0489 	EXP 	dots_51: foreColor = <psychopy.colors.Color: red, alpha=1.0>
64.0489 	EXP 	movie_4: autoDraw = True
64.0489 	EXP 	circle_5: autoDraw = True
64.0489 	EXP 	dots_49: autoDraw = True
64.0489 	EXP 	dots_51: autoDraw = True
64.0489 	EXP 	Left_5: autoDraw = True
64.0489 	EXP 	Right_5: autoDraw = True
65.6650 	EXP 	movie_4: autoDraw = False
65.6650 	EXP 	circle_5: autoDraw = False
65.6650 	EXP 	dots_49: autoDraw = False
65.6650 	EXP 	dots_51: autoDraw = False
65.6650 	EXP 	Left_5: autoDraw = False
65.6650 	EXP 	Right_5: autoDraw = False
65.6650 	EXP 	text_8: foreColor = <psychopy.colors.Color: red, alpha=1.0>
65.6650 	EXP 	text_8: height = 0.05
65.6650 	EXP 	text_8: height = 0.05
65.6650 	EXP 	text_8: height = 0.05
65.6650 	EXP 	text_8: text = 'Too late -2'
65.6650 	EXP 	text_8: autoDraw = True
66.6484 	EXP 	New trial (rep=0, index=1): {'Countdown': 'Countdown_1s.mp4', 'color1': 'red', 'color2': [-1.0, 1.0, -1.0], 'correct': 'right', 'screenshot': 'Countdown_1s.jpg'}
66.6640 	EXP 	text_8: autoDraw = False
66.6640 	EXP 	text_8: autoDraw = False
66.6640 	EXP 	fix_5: autoDraw = True
68.1807 	EXP 	fix_5: autoDraw = False
68.1807 	EXP 	fix_5: autoDraw = False
68.1807 	EXP 	image_4: image = 'Countdown_1s.jpg'
68.1807 	EXP 	image_4: autoDraw = True
68.1807 	EXP 	circle_8: autoDraw = True
68.1807 	EXP 	fix_8: autoDraw = True
68.1807 	EXP 	Right_8: autoDraw = True
68.1807 	EXP 	Left_8: autoDraw = True
69.4563 	EXP 	image_4: autoDraw = False
69.4563 	EXP 	circle_8: autoDraw = False
69.4563 	EXP 	fix_8: autoDraw = False
69.4563 	EXP 	Right_8: autoDraw = False
69.4563 	EXP 	Left_8: autoDraw = False
69.4563 	EXP 	dots_49: foreColor = <psychopy.colors.Color: lime, alpha=1.0>
69.4563 	EXP 	dots_51: foreColor = <psychopy.colors.Color: red, alpha=1.0>
69.4563 	EXP 	movie_4: autoDraw = True
69.4563 	EXP 	circle_5: autoDraw = True
69.4563 	EXP 	dots_49: autoDraw = True
69.4563 	EXP 	dots_51: autoDraw = True
69.4563 	EXP 	Left_5: autoDraw = True
69.4563 	EXP 	Right_5: autoDraw = True
70.5520 	EXP 	movie_4: autoDraw = False
70.5520 	EXP 	circle_5: autoDraw = False
70.5520 	EXP 	dots_49: autoDraw = False
70.5520 	EXP 	dots_51: autoDraw = False
70.5520 	EXP 	Left_5: autoDraw = False
70.5520 	EXP 	Right_5: autoDraw = False
70.5520 	EXP 	text_8: foreColor = <psychopy.colors.Color: red, alpha=1.0>
70.5520 	EXP 	text_8: text = 'Too late -2'
70.5520 	EXP 	text_8: autoDraw = True
71.5477 	EXP 	New trial (rep=0, index=2): {'Countdown': 'Countdown_1s.mp4', 'color1': [-1.0, 1.0, -1.0], 'color2': 'red', 'correct': 'left', 'screenshot': 'Countdown_1s.jpg'}
71.5639 	EXP 	text_8: autoDraw = False
71.5639 	EXP 	fix_5: autoDraw = True
73.0819 	EXP 	fix_5: autoDraw = False
73.0819 	EXP 	image_4: image = 'Countdown_1s.jpg'
73.0819 	EXP 	image_4: autoDraw = True
73.0819 	EXP 	circle_8: autoDraw = True
73.0819 	EXP 	fix_8: autoDraw = True
73.0819 	EXP 	Right_8: autoDraw = True
73.0819 	EXP 	Left_8: autoDraw = True
74.3410 	EXP 	image_4: autoDraw = False
74.3410 	EXP 	circle_8: autoDraw = False
74.3410 	EXP 	fix_8: autoDraw = False
74.3410 	EXP 	Right_8: autoDraw = False
74.3410 	EXP 	Left_8: autoDraw = False
74.3410 	EXP 	dots_49: foreColor = <psychopy.colors.Color: red, alpha=1.0>
74.3410 	EXP 	dots_51: foreColor = <psychopy.colors.Color: lime, alpha=1.0>
74.3410 	EXP 	movie_4: autoDraw = True
74.3410 	EXP 	circle_5: autoDraw = True
74.3410 	EXP 	dots_49: autoDraw = True
74.3410 	EXP 	dots_51: autoDraw = True
74.3410 	EXP 	Left_5: autoDraw = True
74.3410 	EXP 	Right_5: autoDraw = True
75.4362 	EXP 	movie_4: autoDraw = False
75.4362 	EXP 	circle_5: autoDraw = False
75.4362 	EXP 	dots_49: autoDraw = False
75.4362 	EXP 	dots_51: autoDraw = False
75.4362 	EXP 	Left_5: autoDraw = False
75.4362 	EXP 	Right_5: autoDraw = False
75.4362 	EXP 	text_8: foreColor = <psychopy.colors.Color: red, alpha=1.0>
75.4362 	EXP 	text_8: text = 'Too late -2'
75.4362 	EXP 	text_8: autoDraw = True
76.4316 	EXP 	New trial (rep=0, index=3): {'Countdown': 'Countdown_1.5s.mp4', 'color1': [-1.0, 1.0, -1.0], 'color2': 'red', 'correct': 'left', 'screenshot': 'Countdown_1.5s.jpg'}
76.4474 	EXP 	text_8: autoDraw = False
76.4474 	EXP 	text_8: autoDraw = False
76.4474 	EXP 	fix_5: autoDraw = True
77.9714 	EXP 	fix_5: autoDraw = False
77.9714 	EXP 	fix_5: autoDraw = False
77.9714 	EXP 	image_4: image = 'Countdown_1.5s.jpg'
77.9714 	EXP 	image_4: autoDraw = True
77.9714 	EXP 	circle_8: autoDraw = True
77.9714 	EXP 	fix_8: autoDraw = True
77.9714 	EXP 	Right_8: autoDraw = True
77.9714 	EXP 	Left_8: autoDraw = True
79.2198 	EXP 	image_4: autoDraw = False
79.2198 	EXP 	circle_8: autoDraw = False
79.2198 	EXP 	fix_8: autoDraw = False
79.2198 	EXP 	Right_8: autoDraw = False
79.2198 	EXP 	Left_8: autoDraw = False
79.2198 	EXP 	dots_49: foreColor = <psychopy.colors.Color: red, alpha=1.0>
79.2198 	EXP 	dots_51: foreColor = <psychopy.colors.Color: lime, alpha=1.0>
79.2198 	EXP 	movie_4: autoDraw = True
79.2198 	EXP 	circle_5: autoDraw = True
79.2198 	EXP 	dots_49: autoDraw = True
79.2198 	EXP 	dots_51: autoDraw = True
79.2198 	EXP 	Left_5: autoDraw = True
79.2198 	EXP 	Right_5: autoDraw = True
80.8344 	EXP 	movie_4: autoDraw = False
80.8344 	EXP 	circle_5: autoDraw = False
80.8344 	EXP 	dots_49: autoDraw = False
80.8344 	EXP 	dots_51: autoDraw = False
80.8344 	EXP 	Left_5: autoDraw = False
80.8344 	EXP 	Right_5: autoDraw = False
80.8344 	EXP 	text_8: foreColor = <psychopy.colors.Color: red, alpha=1.0>
80.8344 	EXP 	text_8: text = 'Too late -2'
80.8344 	EXP 	text_8: autoDraw = True
81.8312 	EXP 	New trial (rep=1, index=0): {'Countdown': 'Countdown_1s.mp4', 'color1': 'red', 'color2': [-1.0, 1.0, -1.0], 'correct': 'right', 'screenshot': 'Countdown_1s.jpg'}
81.8474 	EXP 	text_8: autoDraw = False
81.8474 	EXP 	fix_5: autoDraw = True
83.3679 	EXP 	fix_5: autoDraw = False
83.3679 	EXP 	fix_5: autoDraw = False
83.3679 	EXP 	image_4: image = 'Countdown_1s.jpg'
83.3679 	EXP 	image_4: autoDraw = True
83.3679 	EXP 	circle_8: autoDraw = True
83.3679 	EXP 	fix_8: autoDraw = True
83.3679 	EXP 	Right_8: autoDraw = True
83.3679 	EXP 	Left_8: autoDraw = True
84.6282 	EXP 	image_4: autoDraw = False
84.6282 	EXP 	circle_8: autoDraw = False
84.6282 	EXP 	fix_8: autoDraw = False
84.6282 	EXP 	Right_8: autoDraw = False
84.6282 	EXP 	Left_8: autoDraw = False
84.6282 	EXP 	dots_49: foreColor = <psychopy.colors.Color: lime, alpha=1.0>
84.6282 	EXP 	dots_51: foreColor = <psychopy.colors.Color: red, alpha=1.0>
84.6282 	EXP 	movie_4: autoDraw = True
84.6282 	EXP 	circle_5: autoDraw = True
84.6282 	EXP 	dots_49: autoDraw = True
84.6282 	EXP 	dots_51: autoDraw = True
84.6282 	EXP 	Left_5: autoDraw = True
84.6282 	EXP 	Right_5: autoDraw = True
85.7222 	EXP 	movie_4: autoDraw = False
85.7222 	EXP 	circle_5: autoDraw = False
85.7222 	EXP 	dots_49: autoDraw = False
85.7222 	EXP 	dots_51: autoDraw = False
85.7222 	EXP 	Left_5: autoDraw = False
85.7222 	EXP 	Right_5: autoDraw = False
85.7222 	EXP 	text_8: foreColor = <psychopy.colors.Color: red, alpha=1.0>
85.7222 	EXP 	text_8: text = 'Too late -2'
85.7222 	EXP 	text_8: autoDraw = True
86.7150 	EXP 	New trial (rep=1, index=1): {'Countdown': 'Countdown_1.5s.mp4', 'color1': 'red', 'color2': [-1.0, 1.0, -1.0], 'correct': 'right', 'screenshot': 'Countdown_1.5s.jpg'}
86.7308 	EXP 	text_8: autoDraw = False
86.7308 	EXP 	text_8: autoDraw = False
86.7308 	EXP 	fix_5: autoDraw = True
88.2493 	EXP 	fix_5: autoDraw = False
88.2493 	EXP 	fix_5: autoDraw = False
88.2493 	EXP 	image_4: image = 'Countdown_1.5s.jpg'
88.2493 	EXP 	image_4: autoDraw = True
88.2493 	EXP 	circle_8: autoDraw = True
88.2493 	EXP 	fix_8: autoDraw = True
88.2493 	EXP 	Right_8: autoDraw = True
88.2493 	EXP 	Left_8: autoDraw = True
89.5123 	EXP 	image_4: autoDraw = False
89.5123 	EXP 	circle_8: autoDraw = False
89.5123 	EXP 	fix_8: autoDraw = False
89.5123 	EXP 	Right_8: autoDraw = False
89.5123 	EXP 	Left_8: autoDraw = False
89.5123 	EXP 	dots_49: foreColor = <psychopy.colors.Color: lime, alpha=1.0>
89.5123 	EXP 	dots_51: foreColor = <psychopy.colors.Color: red, alpha=1.0>
89.5123 	EXP 	movie_4: autoDraw = True
89.5123 	EXP 	circle_5: autoDraw = True
89.5123 	EXP 	dots_49: autoDraw = True
89.5123 	EXP 	dots_51: autoDraw = True
89.5123 	EXP 	Left_5: autoDraw = True
89.5123 	EXP 	Right_5: autoDraw = True
91.1257 	EXP 	movie_4: autoDraw = False
91.1257 	EXP 	circle_5: autoDraw = False
91.1257 	EXP 	dots_49: autoDraw = False
91.1257 	EXP 	dots_51: autoDraw = False
91.1257 	EXP 	Left_5: autoDraw = False
91.1257 	EXP 	Right_5: autoDraw = False
91.1257 	EXP 	text_8: foreColor = <psychopy.colors.Color: red, alpha=1.0>
91.1257 	EXP 	text_8: text = 'Too late -2'
91.1257 	EXP 	text_8: autoDraw = True
92.1150 	EXP 	New trial (rep=1, index=2): {'Countdown': 'Countdown_1.5s.mp4', 'color1': [-1.0, 1.0, -1.0], 'color2': 'red', 'correct': 'left', 'screenshot': 'Countdown_1.5s.jpg'}
92.1311 	EXP 	text_8: autoDraw = False
92.1311 	EXP 	text_8: autoDraw = False
92.1311 	EXP 	fix_5: autoDraw = True
93.6454 	EXP 	fix_5: autoDraw = False
93.6454 	EXP 	fix_5: autoDraw = False
93.6454 	EXP 	image_4: image = 'Countdown_1.5s.jpg'
93.6454 	EXP 	image_4: autoDraw = True
93.6454 	EXP 	circle_8: autoDraw = True
93.6454 	EXP 	fix_8: autoDraw = True
93.6454 	EXP 	Right_8: autoDraw = True
93.6454 	EXP 	Left_8: autoDraw = True
94.9107 	EXP 	image_4: autoDraw = False
94.9107 	EXP 	circle_8: autoDraw = False
94.9107 	EXP 	fix_8: autoDraw = False
94.9107 	EXP 	Right_8: autoDraw = False
94.9107 	EXP 	Left_8: autoDraw = False
94.9107 	EXP 	dots_49: foreColor = <psychopy.colors.Color: red, alpha=1.0>
94.9107 	EXP 	dots_51: foreColor = <psychopy.colors.Color: lime, alpha=1.0>
94.9107 	EXP 	movie_4: autoDraw = True
94.9107 	EXP 	circle_5: autoDraw = True
94.9107 	EXP 	dots_49: autoDraw = True
94.9107 	EXP 	dots_51: autoDraw = True
94.9107 	EXP 	Left_5: autoDraw = True
94.9107 	EXP 	Right_5: autoDraw = True
96.5259 	EXP 	movie_4: autoDraw = False
96.5259 	EXP 	circle_5: autoDraw = False
96.5259 	EXP 	dots_49: autoDraw = False
96.5259 	EXP 	dots_51: autoDraw = False
96.5259 	EXP 	Left_5: autoDraw = False
96.5259 	EXP 	Right_5: autoDraw = False
96.5259 	EXP 	text_8: foreColor = <psychopy.colors.Color: red, alpha=1.0>
96.5259 	EXP 	text_8: text = 'Too late -2'
96.5259 	EXP 	text_8: autoDraw = True
97.5153 	EXP 	New trial (rep=1, index=3): {'Countdown': 'Countdown_1s.mp4', 'color1': [-1.0, 1.0, -1.0], 'color2': 'red', 'correct': 'left', 'screenshot': 'Countdown_1s.jpg'}
97.5307 	EXP 	text_8: autoDraw = False
97.5307 	EXP 	text_8: autoDraw = False
97.5307 	EXP 	fix_5: autoDraw = True
99.0582 	EXP 	fix_5: autoDraw = False
99.0582 	EXP 	fix_5: autoDraw = False
99.0582 	EXP 	image_4: image = 'Countdown_1s.jpg'
99.0582 	EXP 	image_4: autoDraw = True
99.0582 	EXP 	circle_8: autoDraw = True
99.0582 	EXP 	fix_8: autoDraw = True
99.0582 	EXP 	Right_8: autoDraw = True
99.0582 	EXP 	Left_8: autoDraw = True
100.3584 	EXP 	image_4: autoDraw = False
100.3584 	EXP 	circle_8: autoDraw = False
100.3584 	EXP 	fix_8: autoDraw = False
100.3584 	EXP 	Right_8: autoDraw = False
100.3584 	EXP 	Left_8: autoDraw = False
100.3584 	EXP 	dots_49: foreColor = <psychopy.colors.Color: red, alpha=1.0>
100.3584 	EXP 	dots_51: foreColor = <psychopy.colors.Color: lime, alpha=1.0>
100.3584 	EXP 	movie_4: autoDraw = True
100.3584 	EXP 	circle_5: autoDraw = True
100.3584 	EXP 	dots_49: autoDraw = True
100.3584 	EXP 	dots_51: autoDraw = True
100.3584 	EXP 	Left_5: autoDraw = True
100.3584 	EXP 	Right_5: autoDraw = True
101.4546 	EXP 	movie_4: autoDraw = False
101.4546 	EXP 	circle_5: autoDraw = False
101.4546 	EXP 	dots_49: autoDraw = False
101.4546 	EXP 	dots_51: autoDraw = False
101.4546 	EXP 	Left_5: autoDraw = False
101.4546 	EXP 	Right_5: autoDraw = False
101.4546 	EXP 	text_8: foreColor = <psychopy.colors.Color: red, alpha=1.0>
101.4546 	EXP 	text_8: text = 'Too late -2'
101.4546 	EXP 	text_8: autoDraw = True
102.4748 	EXP 	text_8: autoDraw = False
102.4748 	EXP 	text_8: autoDraw = False
102.4748 	EXP 	text_2: autoDraw = True
102.4748 	EXP 	text_2: height = 0.05
102.4748 	EXP 	text_2: height = 0.05
102.4748 	EXP 	text_2: height = 0.05
102.4748 	EXP 	text_2: text = '-32'
102.4748 	EXP 	text_5: autoDraw = True
102.4748 	EXP 	text_9: autoDraw = True
102.4808 	EXP 	text_2: text = '-32'
102.4977 	EXP 	text_2: text = '-32'
102.5143 	EXP 	text_2: text = '-32'
102.5309 	EXP 	text_2: text = '-32'
102.5477 	EXP 	text_2: text = '-32'
102.5644 	EXP 	text_2: text = '-32'
102.5809 	EXP 	text_2: text = '-32'
102.5976 	EXP 	text_2: text = '-32'
102.6142 	EXP 	text_2: text = '-32'
102.6312 	EXP 	text_2: text = '-32'
102.6476 	EXP 	text_2: text = '-32'
102.6641 	EXP 	text_2: text = '-32'
102.6810 	EXP 	text_2: text = '-32'
102.6975 	EXP 	text_2: text = '-32'
102.7142 	EXP 	text_2: text = '-32'
102.7310 	EXP 	text_2: text = '-32'
102.7476 	EXP 	text_2: text = '-32'
102.7643 	EXP 	text_2: text = '-32'
102.7810 	EXP 	text_2: text = '-32'
102.7976 	EXP 	text_2: text = '-32'
102.8143 	EXP 	text_2: text = '-32'
102.8309 	EXP 	text_2: text = '-32'
102.8476 	EXP 	text_2: text = '-32'
102.8642 	EXP 	text_2: text = '-32'
102.8809 	EXP 	text_2: text = '-32'
102.8975 	EXP 	text_2: text = '-32'
102.9142 	EXP 	text_2: text = '-32'
102.9310 	EXP 	text_2: text = '-32'
102.9475 	EXP 	text_2: text = '-32'
102.9642 	EXP 	text_2: text = '-32'
102.9809 	EXP 	text_2: text = '-32'
102.9977 	EXP 	text_2: text = '-32'
103.0142 	EXP 	text_2: text = '-32'
103.0309 	EXP 	text_2: text = '-32'
103.0476 	EXP 	text_2: text = '-32'
103.0642 	EXP 	text_2: text = '-32'
103.0809 	EXP 	text_2: text = '-32'
103.0976 	EXP 	text_2: text = '-32'
103.1143 	EXP 	text_2: text = '-32'
103.1309 	EXP 	text_2: text = '-32'
103.1477 	EXP 	text_2: text = '-32'
103.1642 	EXP 	text_2: text = '-32'
103.1810 	EXP 	text_2: text = '-32'
103.1977 	EXP 	text_2: text = '-32'
103.2142 	EXP 	text_2: text = '-32'
103.2309 	EXP 	text_2: text = '-32'
103.2476 	EXP 	text_2: text = '-32'
103.2644 	EXP 	text_2: text = '-32'
103.2809 	EXP 	text_2: text = '-32'
103.2976 	EXP 	text_2: text = '-32'
103.3144 	EXP 	text_2: text = '-32'
103.3309 	EXP 	text_2: text = '-32'
103.3475 	EXP 	text_2: text = '-32'
103.3642 	EXP 	text_2: text = '-32'
103.3811 	EXP 	text_2: text = '-32'
103.3976 	EXP 	text_2: text = '-32'
103.4142 	EXP 	text_2: text = '-32'
103.4310 	EXP 	text_2: text = '-32'
103.4475 	EXP 	text_2: text = '-32'
103.4641 	EXP 	text_2: text = '-32'
103.4811 	EXP 	text_2: text = '-32'
103.4978 	EXP 	text_2: text = '-32'
103.5142 	EXP 	text_2: text = '-32'
103.5310 	EXP 	text_2: text = '-32'
103.5476 	EXP 	text_2: text = '-32'
103.5642 	EXP 	text_2: text = '-32'
103.5809 	EXP 	text_2: text = '-32'
103.5975 	EXP 	text_2: text = '-32'
103.6143 	EXP 	text_2: text = '-32'
103.6310 	EXP 	text_2: text = '-32'
103.6475 	EXP 	text_2: text = '-32'
103.6642 	EXP 	text_2: text = '-32'
103.6809 	EXP 	text_2: text = '-32'
103.6975 	EXP 	text_2: text = '-32'
103.7142 	EXP 	text_2: text = '-32'
103.7308 	EXP 	text_2: text = '-32'
103.7477 	EXP 	text_2: text = '-32'
103.7642 	EXP 	text_2: text = '-32'
103.7810 	EXP 	text_2: text = '-32'
103.7975 	EXP 	text_2: text = '-32'
103.8142 	EXP 	text_2: text = '-32'
103.8309 	EXP 	text_2: text = '-32'
103.8477 	EXP 	text_2: text = '-32'
103.8641 	EXP 	text_2: text = '-32'
103.8809 	EXP 	text_2: text = '-32'
103.8977 	EXP 	text_2: text = '-32'
103.9142 	EXP 	text_2: text = '-32'
103.9309 	EXP 	text_2: text = '-32'
103.9475 	EXP 	text_2: text = '-32'
103.9642 	EXP 	text_2: text = '-32'
103.9809 	EXP 	text_2: text = '-32'
103.9974 	EXP 	text_2: text = '-32'
104.0142 	EXP 	text_2: text = '-32'
104.0309 	EXP 	text_2: text = '-32'
104.0475 	EXP 	text_2: text = '-32'
104.0642 	EXP 	text_2: text = '-32'
104.0809 	EXP 	text_2: text = '-32'
104.0976 	EXP 	text_2: text = '-32'
104.1143 	EXP 	text_2: text = '-32'
104.1309 	EXP 	text_2: text = '-32'
104.1475 	EXP 	text_2: text = '-32'
104.1642 	EXP 	text_2: text = '-32'
104.1809 	EXP 	text_2: text = '-32'
104.1975 	EXP 	text_2: text = '-32'
104.2142 	EXP 	text_2: text = '-32'
104.2309 	EXP 	text_2: text = '-32'
104.2475 	EXP 	text_2: text = '-32'
104.2643 	EXP 	text_2: text = '-32'
104.2810 	EXP 	text_2: text = '-32'
104.2975 	EXP 	text_2: text = '-32'
104.3142 	EXP 	text_2: text = '-32'
104.3309 	EXP 	text_2: text = '-32'
104.3476 	EXP 	text_2: text = '-32'
104.3641 	EXP 	text_2: text = '-32'
104.3809 	EXP 	text_2: text = '-32'
104.3976 	EXP 	text_2: text = '-32'
104.4142 	EXP 	text_2: text = '-32'
104.4309 	EXP 	text_2: text = '-32'
104.4475 	EXP 	text_2: text = '-32'
104.4643 	EXP 	text_2: text = '-32'
104.4809 	EXP 	text_2: text = '-32'
104.4975 	EXP 	text_2: text = '-32'
104.5142 	EXP 	text_2: text = '-32'
104.5309 	EXP 	text_2: text = '-32'
104.5476 	EXP 	text_2: text = '-32'
104.5642 	EXP 	text_2: text = '-32'
104.5810 	EXP 	text_2: text = '-32'
104.5975 	EXP 	text_2: text = '-32'
104.6142 	EXP 	text_2: text = '-32'
104.6309 	EXP 	text_2: text = '-32'
104.6475 	EXP 	text_2: text = '-32'
104.6643 	EXP 	text_2: text = '-32'
104.6809 	EXP 	text_2: text = '-32'
104.6974 	EXP 	text_2: text = '-32'
104.7143 	EXP 	text_2: text = '-32'
104.7309 	EXP 	text_2: text = '-32'
104.7476 	EXP 	text_2: text = '-32'
104.7642 	EXP 	text_2: text = '-32'
104.7810 	EXP 	text_2: text = '-32'
104.7976 	EXP 	text_2: text = '-32'
104.8142 	EXP 	text_2: text = '-32'
104.8309 	EXP 	text_2: text = '-32'
104.8477 	EXP 	text_2: text = '-32'
104.8642 	EXP 	text_2: text = '-32'
104.8809 	EXP 	text_2: text = '-32'
104.8977 	EXP 	text_2: text = '-32'
104.9142 	EXP 	text_2: text = '-32'
104.9309 	EXP 	text_2: text = '-32'
104.9476 	EXP 	text_2: text = '-32'
104.9642 	EXP 	text_2: text = '-32'
104.9810 	EXP 	text_2: text = '-32'
104.9977 	EXP 	text_2: text = '-32'
105.0142 	EXP 	text_2: text = '-32'
105.0309 	EXP 	text_2: text = '-32'
105.0476 	EXP 	text_2: text = '-32'
105.0643 	EXP 	text_2: text = '-32'
105.0809 	EXP 	text_2: text = '-32'
105.0976 	EXP 	text_2: text = '-32'
105.1144 	EXP 	text_2: text = '-32'
105.1310 	EXP 	text_2: text = '-32'
105.1475 	EXP 	text_2: text = '-32'
105.1643 	EXP 	text_2: text = '-32'
105.1809 	EXP 	text_2: text = '-32'
105.1975 	EXP 	text_2: text = '-32'
105.2143 	EXP 	text_2: text = '-32'
105.2309 	EXP 	text_2: text = '-32'
105.2478 	EXP 	text_2: text = '-32'
105.2643 	EXP 	text_2: text = '-32'
105.2809 	EXP 	text_2: text = '-32'
105.2976 	EXP 	text_2: text = '-32'
105.3142 	EXP 	text_2: text = '-32'
105.3309 	EXP 	text_2: text = '-32'
105.3475 	EXP 	text_2: text = '-32'
105.3641 	EXP 	text_2: text = '-32'
105.3809 	EXP 	text_2: text = '-32'
105.3976 	EXP 	text_2: text = '-32'
105.4143 	EXP 	text_2: text = '-32'
105.4309 	EXP 	text_2: text = '-32'
105.4476 	EXP 	text_2: text = '-32'
105.4643 	EXP 	text_2: text = '-32'
105.4810 	EXP 	text_2: text = '-32'
105.4977 	EXP 	text_2: text = '-32'
105.5142 	EXP 	text_2: text = '-32'
105.5309 	EXP 	text_2: text = '-32'
105.5476 	EXP 	text_2: text = '-32'
105.5643 	EXP 	text_2: text = '-32'
105.5810 	EXP 	text_2: text = '-32'
105.5977 	EXP 	text_2: text = '-32'
105.6144 	EXP 	text_2: text = '-32'
105.6309 	EXP 	text_2: text = '-32'
105.6477 	EXP 	text_2: text = '-32'
105.6642 	EXP 	text_2: text = '-32'
105.6810 	EXP 	text_2: text = '-32'
105.6976 	EXP 	text_2: text = '-32'
105.7141 	EXP 	text_2: text = '-32'
105.7309 	EXP 	text_2: text = '-32'
105.7476 	EXP 	text_2: text = '-32'
105.7644 	EXP 	text_2: text = '-32'
105.7809 	EXP 	text_2: text = '-32'
105.7977 	EXP 	text_2: text = '-32'
105.8142 	EXP 	text_2: text = '-32'
105.8309 	EXP 	text_2: text = '-32'
105.8478 	EXP 	text_2: text = '-32'
105.8642 	EXP 	text_2: text = '-32'
105.8810 	EXP 	text_2: text = '-32'
105.8976 	EXP 	text_2: text = '-32'
105.9143 	EXP 	text_2: text = '-32'
105.9309 	EXP 	text_2: text = '-32'
105.9476 	EXP 	text_2: text = '-32'
105.9643 	EXP 	text_2: text = '-32'
105.9809 	EXP 	text_2: text = '-32'
105.9976 	EXP 	text_2: text = '-32'
106.0143 	EXP 	text_2: text = '-32'
106.0310 	EXP 	text_2: text = '-32'
106.0476 	EXP 	text_2: text = '-32'
106.0644 	EXP 	text_2: text = '-32'
106.0809 	EXP 	text_2: text = '-32'
106.0976 	EXP 	text_2: text = '-32'
106.1142 	EXP 	text_2: text = '-32'
106.1309 	EXP 	text_2: text = '-32'
106.1477 	EXP 	text_2: text = '-32'
106.1642 	EXP 	text_2: text = '-32'
106.1809 	EXP 	text_2: text = '-32'
106.1976 	EXP 	text_2: text = '-32'
106.2143 	EXP 	text_2: text = '-32'
106.2309 	EXP 	text_2: text = '-32'
106.2475 	EXP 	text_2: text = '-32'
106.2644 	EXP 	text_2: text = '-32'
106.2809 	EXP 	text_2: text = '-32'
106.2976 	EXP 	text_2: text = '-32'
106.3142 	EXP 	text_2: text = '-32'
106.3309 	EXP 	text_2: text = '-32'
106.3476 	EXP 	text_2: text = '-32'
106.3643 	EXP 	text_2: text = '-32'
106.3810 	EXP 	text_2: text = '-32'
106.3976 	EXP 	text_2: text = '-32'
106.4142 	EXP 	text_2: text = '-32'
106.4309 	EXP 	text_2: text = '-32'
106.4477 	EXP 	text_2: text = '-32'
106.4642 	EXP 	text_2: text = '-32'
106.4809 	EXP 	text_2: text = '-32'
106.4977 	EXP 	text_2: text = '-32'
106.5143 	EXP 	text_2: text = '-32'
106.5309 	EXP 	text_2: text = '-32'
106.5476 	EXP 	text_2: text = '-32'
106.5643 	EXP 	text_2: text = '-32'
106.5809 	EXP 	text_2: text = '-32'
106.5976 	EXP 	text_2: text = '-32'
106.6144 	EXP 	text_2: text = '-32'
106.6309 	EXP 	text_2: text = '-32'
106.6476 	EXP 	text_2: text = '-32'
106.6644 	EXP 	text_2: text = '-32'
106.6809 	EXP 	text_2: text = '-32'
106.6976 	EXP 	text_2: text = '-32'
106.7144 	EXP 	text_2: text = '-32'
106.7309 	EXP 	text_2: text = '-32'
106.7476 	EXP 	text_2: text = '-32'
106.7642 	EXP 	text_2: text = '-32'
106.7809 	EXP 	text_2: text = '-32'
106.7975 	EXP 	text_2: text = '-32'
106.8142 	EXP 	text_2: text = '-32'
106.8310 	EXP 	text_2: text = '-32'
106.8475 	EXP 	text_2: text = '-32'
106.8642 	EXP 	text_2: text = '-32'
106.8810 	EXP 	text_2: text = '-32'
106.8976 	EXP 	text_2: text = '-32'
106.9142 	EXP 	text_2: text = '-32'
106.9309 	EXP 	text_2: text = '-32'
106.9476 	EXP 	text_2: text = '-32'
106.9642 	EXP 	text_2: text = '-32'
106.9809 	EXP 	text_2: text = '-32'
106.9977 	EXP 	text_2: text = '-32'
107.0142 	EXP 	text_2: text = '-32'
107.0309 	EXP 	text_2: text = '-32'
107.0476 	EXP 	text_2: text = '-32'
107.0643 	EXP 	text_2: text = '-32'
107.0809 	EXP 	text_2: text = '-32'
107.0977 	EXP 	text_2: text = '-32'
107.1142 	EXP 	text_2: text = '-32'
107.1309 	EXP 	text_2: text = '-32'
107.1476 	EXP 	text_2: text = '-32'
107.1643 	EXP 	text_2: text = '-32'
107.1809 	EXP 	text_2: text = '-32'
107.1976 	EXP 	text_2: text = '-32'
107.2143 	EXP 	text_2: text = '-32'
107.2310 	EXP 	text_2: text = '-32'
107.2476 	EXP 	text_2: text = '-32'
107.2642 	EXP 	text_2: text = '-32'
107.2810 	EXP 	text_2: text = '-32'
107.2977 	EXP 	text_2: text = '-32'
107.3143 	EXP 	text_2: text = '-32'
107.3309 	EXP 	text_2: text = '-32'
107.3476 	EXP 	text_2: text = '-32'
107.3642 	EXP 	text_2: text = '-32'
107.3810 	EXP 	text_2: text = '-32'
107.3976 	EXP 	text_2: text = '-32'
107.4143 	EXP 	text_2: text = '-32'
107.4310 	EXP 	text_2: text = '-32'
107.4476 	EXP 	text_2: text = '-32'
107.4643 	EXP 	text_2: text = '-32'
107.4809 	EXP 	text_2: text = '-32'
107.4977 	EXP 	text_2: text = '-32'
107.5142 	EXP 	text_2: text = '-32'
107.5310 	EXP 	text_2: text = '-32'
107.5476 	EXP 	text_2: text = '-32'
107.5642 	EXP 	text_2: text = '-32'
107.5812 	EXP 	text_2: text = '-32'
107.5976 	EXP 	text_2: text = '-32'
107.6142 	EXP 	text_2: text = '-32'
107.6309 	EXP 	text_2: text = '-32'
107.6477 	EXP 	text_2: text = '-32'
107.6642 	EXP 	text_2: text = '-32'
107.6810 	EXP 	text_2: text = '-32'
107.6976 	EXP 	text_2: text = '-32'
107.7142 	EXP 	text_2: text = '-32'
107.7310 	EXP 	text_2: text = '-32'
107.7476 	EXP 	text_2: text = '-32'
107.7644 	EXP 	text_2: text = '-32'
107.7810 	EXP 	text_2: text = '-32'
107.7975 	EXP 	text_2: text = '-32'
107.8143 	EXP 	text_2: text = '-32'
107.8309 	EXP 	text_2: text = '-32'
107.8476 	EXP 	text_2: text = '-32'
107.8643 	EXP 	text_2: text = '-32'
107.8810 	EXP 	text_2: text = '-32'
107.8976 	EXP 	text_2: text = '-32'
107.9141 	EXP 	text_2: text = '-32'
107.9308 	EXP 	text_2: text = '-32'
107.9476 	EXP 	text_2: text = '-32'
107.9642 	EXP 	text_2: text = '-32'
107.9809 	EXP 	text_2: text = '-32'
107.9976 	EXP 	text_2: text = '-32'
108.0142 	EXP 	text_2: text = '-32'
108.0308 	EXP 	text_2: text = '-32'
108.0476 	EXP 	text_2: text = '-32'
108.0642 	EXP 	text_2: text = '-32'
108.0809 	EXP 	text_2: text = '-32'
108.0976 	EXP 	text_2: text = '-32'
108.1142 	EXP 	text_2: text = '-32'
108.1308 	EXP 	text_2: text = '-32'
108.1477 	EXP 	text_2: text = '-32'
108.1642 	EXP 	text_2: text = '-32'
108.1809 	EXP 	text_2: text = '-32'
108.1976 	EXP 	text_2: text = '-32'
108.2142 	EXP 	text_2: text = '-32'
108.2310 	EXP 	text_2: text = '-32'
108.2475 	EXP 	text_2: text = '-32'
108.2493 	EXP 	New trial (rep=1, index=0): None
108.2562 	EXP 	Imported Rewa_Sequence_1.5s, 1.0s.xlsx as conditions, 4 conditions, 5 params
108.2567 	EXP 	Created sequence: random, trialTypes=4, nReps=2, seed=None
108.2570 	EXP 	New trial (rep=0, index=0): {'Countdown': 'Countdown_1s.mp4', 'color1': 'red', 'color2': [-1.0, 1.0, -1.0], 'correct': 'right', 'screenshot': 'Countdown_1s.jpg'}
108.2625 	EXP 	Imported Rewa_Sequence_1.5s, 1.0s.xlsx as conditions, 4 conditions, 5 params
108.2628 	EXP 	Created sequence: random, trialTypes=4, nReps=2, seed=None
108.2631 	EXP 	New trial (rep=0, index=0): {'Countdown': 'Countdown_1.5s.mp4', 'color1': 'red', 'color2': [-1.0, 1.0, -1.0], 'correct': 'right', 'screenshot': 'Countdown_1.5s.jpg'}
108.2677 	EXP 	Imported Rewa_Sequence_1.5s, 1.0s.xlsx as conditions, 4 conditions, 5 params
108.2680 	EXP 	Created sequence: random, trialTypes=4, nReps=2, seed=None
108.2682 	EXP 	New trial (rep=0, index=0): {'Countdown': 'Countdown_1s.mp4', 'color1': [-1.0, 1.0, -1.0], 'color2': 'red', 'correct': 'left', 'screenshot': 'Countdown_1s.jpg'}
108.2697 	DATA 	Keypress: space
108.2724 	EXP 	text_2: text = '-32'
108.2724 	EXP 	text_2: autoDraw = False
108.2724 	EXP 	text_5: autoDraw = False
108.2724 	EXP 	text_9: autoDraw = False
108.2724 	EXP 	fix_4: autoDraw = True
109.8042 	EXP 	fix_4: autoDraw = False
109.8042 	EXP 	image_3: image = 'Countdown_1s.jpg'
109.8042 	EXP 	image_3: autoDraw = True
109.8042 	EXP 	circle_7: autoDraw = True
109.8042 	EXP 	fix_7: autoDraw = True
109.8042 	EXP 	Right_7: autoDraw = True
109.8042 	EXP 	Left_7: autoDraw = True
111.0664 	EXP 	image_3: autoDraw = False
111.0664 	EXP 	circle_7: autoDraw = False
111.0664 	EXP 	fix_7: autoDraw = False
111.0664 	EXP 	Right_7: autoDraw = False
111.0664 	EXP 	Left_7: autoDraw = False
111.0664 	EXP 	dots_46: foreColor = <psychopy.colors.Color: red, alpha=1.0>
111.0664 	EXP 	dots_54: foreColor = <psychopy.colors.Color: lime, alpha=1.0>
111.0664 	EXP 	polygon_3: autoDraw = True
111.0664 	EXP 	movie_3: autoDraw = True
111.0664 	EXP 	circle_3: autoDraw = True
111.0664 	EXP 	dots_46: autoDraw = True
111.0664 	EXP 	dots_54: autoDraw = True
111.0664 	EXP 	Left_4: autoDraw = True
111.0664 	EXP 	Right_4: autoDraw = True
111.7082 	DATA 	Keypress: left
111.8897 	EXP 	polygon_3: autoDraw = False
111.8897 	EXP 	movie_3: autoDraw = False
111.8897 	EXP 	circle_3: autoDraw = False
111.8897 	EXP 	dots_46: autoDraw = False
111.8897 	EXP 	dots_54: autoDraw = False
111.8897 	EXP 	Left_4: autoDraw = False
111.8897 	EXP 	Right_4: autoDraw = False
111.8897 	EXP 	text_7: foreColor = <psychopy.colors.Color: white, alpha=1.0>
111.8897 	EXP 	text_7: height = 0.05
111.8897 	EXP 	text_7: height = 0.05
111.8897 	EXP 	text_7: height = 0.05
111.8897 	EXP 	text_7: text = 'Correct +1'
111.8897 	EXP 	text_7: autoDraw = True
112.8812 	EXP 	New trial (rep=0, index=1): {'Countdown': 'Countdown_1.5s.mp4', 'color1': [-1.0, 1.0, -1.0], 'color2': 'red', 'correct': 'left', 'screenshot': 'Countdown_1.5s.jpg'}
112.8974 	EXP 	text_7: autoDraw = False
112.8974 	EXP 	fix_4: autoDraw = True
114.4267 	EXP 	fix_4: autoDraw = False
114.4267 	EXP 	image_3: image = 'Countdown_1.5s.jpg'
114.4267 	EXP 	image_3: autoDraw = True
114.4267 	EXP 	circle_7: autoDraw = True
114.4267 	EXP 	fix_7: autoDraw = True
114.4267 	EXP 	Right_7: autoDraw = True
114.4267 	EXP 	Left_7: autoDraw = True
115.6803 	EXP 	image_3: autoDraw = False
115.6803 	EXP 	circle_7: autoDraw = False
115.6803 	EXP 	fix_7: autoDraw = False
115.6803 	EXP 	Right_7: autoDraw = False
115.6803 	EXP 	Left_7: autoDraw = False
115.6803 	EXP 	dots_46: foreColor = <psychopy.colors.Color: red, alpha=1.0>
115.6803 	EXP 	dots_54: foreColor = <psychopy.colors.Color: lime, alpha=1.0>
115.6803 	EXP 	polygon_3: autoDraw = True
115.6803 	EXP 	movie_3: autoDraw = True
115.6803 	EXP 	circle_3: autoDraw = True
115.6803 	EXP 	dots_46: autoDraw = True
115.6803 	EXP 	dots_54: autoDraw = True
115.6803 	EXP 	Left_4: autoDraw = True
115.6803 	EXP 	Right_4: autoDraw = True
116.3247 	DATA 	Keypress: escape
116.8809 	EXP 	window1: mouseVisible = True
