9.6680 	EXP 	Created window1 = Window(allowGUI=True, allowStencil=False, autoLog=True, backendConf=UNKNOWN, backgroundFit=<method-wrapper '__getattribute__' of attributeSetter object at 0x0000024267C36D90>, backgroundImage=<method-wrapper '__getattribute__' of attributeSetter object at 0x0000024267C36D30>, bitsMode=UNKNOWN, blendMode='avg', bpc=(8, 8, 8), color=array([-1., -1., -1.]), colorSpace='rgb', depthBits=8, fullscr=<method-wrapper '__getattribute__' of attributeSetter object at 0x0000024267C36A30>, gamma=None, gammaErrorPolicy='raise', lms=UNKNOWN, monitor=<psychopy.monitors.calibTools.Monitor object at 0x000002426E2A0130>, multiSample=False, name='window1', numSamples=2, pos=(0, 0), screen=0, size=array([1920, 1080]), stencilBits=0, stereo=False, units='height', useFBO=True, useRetina=False, viewOri=0.0, viewPos=None, viewScale=None, waitBlanking=True, winType='pyglet')
9.6683 	EXP 	window1: mouseVisible = True
9.6684 	EXP 	window1: backgroundImage = ''
9.6684 	EXP 	window1: backgroundFit = 'none'
9.6686 	EXP 	window1: mouseVisible = False
9.6686 	EXP 	window1: Attempting to measure frame rate of screen (0) ...
9.6687 	EXP 	window1: recordFrameIntervals = False
9.8331 	EXP 	window1: recordFrameIntervals = True
10.0168 	EXP 	Screen (0) actual frame rate measured at 60.02Hz
10.0169 	EXP 	window1: recordFrameIntervals = False
12.3500 	EXP 	Created text = TextStim(__class__=<class 'psychopy.visual.text.TextStim'>, alignHoriz=method-wrapper(...), alignText='center', alignVert=method-wrapper(...), anchorHoriz='center', anchorVert='center', antialias=True, autoDraw=False, autoLog=True, bold=False, color=array([1., 1., 1.]), colorSpace='rgb', contrast=1.0, depth=0.0, flipHoriz=False, flipVert=False, font='Open Sans', fontFiles=[], height=0.05, italic=False, languageStyle='LTR', name='text', opacity=1.0, ori=0.0, pos=array([0., 0.]), rgb=UNKNOWN, text='Any text\n\nincluding line breaks', units='height', win=Window(...), wrapWidth=1)
12.3549 	EXP 	Created fix = TextStim(__class__=<class 'psychopy.visual.text.TextStim'>, alignHoriz=method-wrapper(...), alignText='center', alignVert=method-wrapper(...), anchorHoriz='center', anchorVert='center', antialias=True, autoDraw=False, autoLog=True, bold=False, color=array([1., 1., 1.]), colorSpace='rgb', contrast=1.0, depth=0.0, flipHoriz=False, flipVert=False, font='Open Sans', fontFiles=[], height=0.1, italic=False, languageStyle='LTR', name='fix', opacity=1.0, ori=0.0, pos=array([0., 0.]), rgb=UNKNOWN, text='+', units='height', win=Window(...), wrapWidth=1)
12.3735 	EXP 	Created image = ImageStim(__class__=<class 'psychopy.visual.image.ImageStim'>, anchor=('center', 'center'), autoLog=True, color=array([1., 1., 1.]), colorSpace='rgb', contrast=1.0, depth=0.0, flipHoriz=False, flipVert=False, image='default.png', interpolate=True, mask=None, maskParams=None, name='image', opacity=1.0, ori=0.0, pos=array([0., 0.]), size=array([1.92, 1.08]), texRes=128.0, units='height', win=Window(...))
12.3876 	EXP 	Created circle_4 = Polygon(__class__=<class 'psychopy.visual.polygon.Polygon'>, anchor=('center', 'center'), autoDraw=False, autoLog=True, closeShape=True, color=method-wrapper(...), colorSpace='rgb', contrast=None, depth=-1.0, fillColor=array([-1, -1, -1]), fillColorSpace='rgb', fillRGB=array([-1, -1, -1]), interpolate=True, lineColor=array([-1., -1., -1.]), lineColorSpace='rgb', lineRGB=array([-1, -1, -1]), lineWidth=10.0, name='circle_4', opacity=1.0, ori=0.0, pos=array([0., 0.]), size=array([0.6, 0.6]), units='height', vertices=ndarray(...), win=Window(...))
12.3899 	EXP 	Created fix_2 = TextStim(__class__=<class 'psychopy.visual.text.TextStim'>, alignHoriz=method-wrapper(...), alignText='center', alignVert=method-wrapper(...), anchorHoriz='center', anchorVert='center', antialias=True, autoDraw=False, autoLog=True, bold=False, color=array([1., 1., 1.]), colorSpace='rgb', contrast=1.0, depth=-2.0, flipHoriz=False, flipVert=False, font='Open Sans', fontFiles=[], height=0.1, italic=False, languageStyle='LTR', name='fix_2', opacity=1.0, ori=0.0, pos=array([0., 0.]), rgb=UNKNOWN, text='+', units='height', win=Window(...), wrapWidth=1)
12.3927 	EXP 	Created Right_2 = ShapeStim(__class__=<class 'psychopy.visual.shape.ShapeStim'>, anchor=('center', 'center'), autoDraw=False, autoLog=True, closeShape=True, color=method-wrapper(...), colorSpace='rgb', contrast=None, depth=-3.0, fillColor=array([ 1., -1., -1.]), fillColorSpace='rgb', fillRGB=array([ 1., -1., -1.]), interpolate=True, lineColor=array([ 1., -1., -1.]), lineColorSpace='rgb', lineRGB=array([ 1., -1., -1.]), lineWidth=1.0, name='Right_2', opacity=1.0, ori=0.0, pos=array([550.,   0.]), size=array([150., 150.]), units='pix', vertices=ndarray(...), win=Window(...), windingRule=None)
12.3953 	EXP 	Created Left_2 = ShapeStim(__class__=<class 'psychopy.visual.shape.ShapeStim'>, anchor=('center', 'center'), autoDraw=False, autoLog=True, closeShape=True, color=method-wrapper(...), colorSpace='rgb', contrast=None, depth=-4.0, fillColor=array([-1.    ,  0.0039, -1.    ]), fillColorSpace='rgb', fillRGB=array([-1.    ,  0.0039, -1.    ]), interpolate=True, lineColor=array([-1.    ,  0.0039, -1.    ]), lineColorSpace='rgb', lineRGB=array([-1.    ,  0.0039, -1.    ]), lineWidth=1.0, name='Left_2', opacity=1.0, ori=0.0, pos=array([-550.,    0.]), size=array([150., 150.]), units='pix', vertices=ndarray(...), win=Window(...), windingRule=None)
12.3969 	EXP 	Created polygon = Rect(__class__=<class 'psychopy.visual.rect.Rect'>, anchor=('left', 'center'), autoDraw=False, autoLog=True, closeShape=True, color=method-wrapper(...), colorSpace='rgb', contrast=None, depth=-1.0, fillColor=array([0.00392157, 0.00392157, 0.00392157]), fillColorSpace='rgb', fillRGB=array([0.00392157, 0.00392157, 0.00392157]), interpolate=True, lineColor=array([1., 1., 1.]), lineColorSpace='rgb', lineRGB=array([1, 1, 1]), lineWidth=1.0, name='polygon', opacity=1.0, ori=45.0, pos=array([0.1275, 0.1275]), size=array([0.255, 0.255]), units='height', vertices=ndarray(...), win=Window(...))
12.4400 	EXP 	Created circle = Polygon(__class__=<class 'psychopy.visual.polygon.Polygon'>, anchor=('center', 'center'), autoDraw=False, autoLog=True, closeShape=True, color=method-wrapper(...), colorSpace='rgb', contrast=None, depth=-3.0, fillColor=array([-1, -1, -1]), fillColorSpace='rgb', fillRGB=array([-1, -1, -1]), interpolate=True, lineColor=array([-1., -1., -1.]), lineColorSpace='rgb', lineRGB=array([-1, -1, -1]), lineWidth=10.0, name='circle', opacity=1.0, ori=0.0, pos=array([0., 0.]), size=array([0.6, 0.6]), units='height', vertices=ndarray(...), win=Window(...))
12.4428 	EXP 	Created dots_60 = DotStim(__class__=<class 'psychopy.visual.dot.DotStim'>, autoLog=True, coherence=0.0, color=array([1., 1., 1.]), colorSpace='rgb', contrast=1.0, depth=-4.0, dir=0.0, dotLife=-1.0, dotSize=15.0, element=None, fieldAnchor=UNKNOWN, fieldPos=array([0., 0.]), fieldShape='circle', fieldSize=array([0.58, 0.58]), nDots=60, name='dots_60', noiseDots='walk', opacity=1.0, rgb=UNKNOWN, signalDots='same', speed=0.0, units='height', win=Window(...))
12.4442 	EXP 	Created dots_40 = DotStim(__class__=<class 'psychopy.visual.dot.DotStim'>, autoLog=True, coherence=0.0, color=array([1., 1., 1.]), colorSpace='rgb', contrast=1.0, depth=-5.0, dir=0.0, dotLife=-1.0, dotSize=15.0, element=None, fieldAnchor=UNKNOWN, fieldPos=array([0., 0.]), fieldShape='circle', fieldSize=array([0.58, 0.58]), nDots=10, name='dots_40', noiseDots='walk', opacity=1.0, rgb=UNKNOWN, signalDots='same', speed=0.0, units='height', win=Window(...))
12.4474 	EXP 	Created Right = ShapeStim(__class__=<class 'psychopy.visual.shape.ShapeStim'>, anchor=('center', 'center'), autoDraw=False, autoLog=True, closeShape=True, color=method-wrapper(...), colorSpace='rgb', contrast=None, depth=-7.0, fillColor=array([ 1., -1., -1.]), fillColorSpace='rgb', fillRGB=array([ 1., -1., -1.]), interpolate=True, lineColor=array([ 1., -1., -1.]), lineColorSpace='rgb', lineRGB=array([ 1., -1., -1.]), lineWidth=1.0, name='Right', opacity=1.0, ori=0.0, pos=array([550.,   0.]), size=array([150., 150.]), units='pix', vertices=ndarray(...), win=Window(...), windingRule=None)
12.4501 	EXP 	Created Left = ShapeStim(__class__=<class 'psychopy.visual.shape.ShapeStim'>, anchor=('center', 'center'), autoDraw=False, autoLog=True, closeShape=True, color=method-wrapper(...), colorSpace='rgb', contrast=None, depth=-8.0, fillColor=array([-1.    ,  0.0039, -1.    ]), fillColorSpace='rgb', fillRGB=array([-1.    ,  0.0039, -1.    ]), interpolate=True, lineColor=array([-1.    ,  0.0039, -1.    ]), lineColorSpace='rgb', lineRGB=array([-1.    ,  0.0039, -1.    ]), lineWidth=1.0, name='Left', opacity=1.0, ori=0.0, pos=array([-550.,    0.]), size=array([150., 150.]), units='pix', vertices=ndarray(...), win=Window(...), windingRule=None)
12.4511 	EXP 	Created text_3 = TextStim(__class__=<class 'psychopy.visual.text.TextStim'>, alignHoriz=method-wrapper(...), alignText='center', alignVert=method-wrapper(...), anchorHoriz='center', anchorVert='center', antialias=True, autoDraw=False, autoLog=True, bold=False, color=array([1., 1., 1.]), colorSpace='rgb', contrast=1.0, depth=0.0, flipHoriz=False, flipVert=False, font='Open Sans', fontFiles=[], height=0.05, italic=False, languageStyle='LTR', name='text_3', opacity=1.0, ori=0.0, pos=array([0., 0.]), rgb=UNKNOWN, text='', units='height', win=Window(...), wrapWidth=1)
12.4534 	EXP 	Created fix = TextStim(__class__=<class 'psychopy.visual.text.TextStim'>, alignHoriz=method-wrapper(...), alignText='center', alignVert=method-wrapper(...), anchorHoriz='center', anchorVert='center', antialias=True, autoDraw=False, autoLog=True, bold=False, color=array([1., 1., 1.]), colorSpace='rgb', contrast=1.0, depth=0.0, flipHoriz=False, flipVert=False, font='Open Sans', fontFiles=[], height=0.1, italic=False, languageStyle='LTR', name='fix', opacity=1.0, ori=0.0, pos=array([0., 0.]), rgb=UNKNOWN, text='+', units='height', win=Window(...), wrapWidth=1)
12.4726 	EXP 	Created image = ImageStim(__class__=<class 'psychopy.visual.image.ImageStim'>, anchor=('center', 'center'), autoLog=True, color=array([1., 1., 1.]), colorSpace='rgb', contrast=1.0, depth=0.0, flipHoriz=False, flipVert=False, image='default.png', interpolate=True, mask=None, maskParams=None, name='image', opacity=1.0, ori=0.0, pos=array([0., 0.]), size=array([1.92, 1.08]), texRes=128.0, units='height', win=Window(...))
12.4836 	EXP 	Created circle_4 = Polygon(__class__=<class 'psychopy.visual.polygon.Polygon'>, anchor=('center', 'center'), autoDraw=False, autoLog=True, closeShape=True, color=method-wrapper(...), colorSpace='rgb', contrast=None, depth=-1.0, fillColor=array([-1, -1, -1]), fillColorSpace='rgb', fillRGB=array([-1, -1, -1]), interpolate=True, lineColor=array([-1., -1., -1.]), lineColorSpace='rgb', lineRGB=array([-1, -1, -1]), lineWidth=10.0, name='circle_4', opacity=1.0, ori=0.0, pos=array([0., 0.]), size=array([0.6, 0.6]), units='height', vertices=ndarray(...), win=Window(...))
12.4858 	EXP 	Created fix_2 = TextStim(__class__=<class 'psychopy.visual.text.TextStim'>, alignHoriz=method-wrapper(...), alignText='center', alignVert=method-wrapper(...), anchorHoriz='center', anchorVert='center', antialias=True, autoDraw=False, autoLog=True, bold=False, color=array([1., 1., 1.]), colorSpace='rgb', contrast=1.0, depth=-2.0, flipHoriz=False, flipVert=False, font='Open Sans', fontFiles=[], height=0.1, italic=False, languageStyle='LTR', name='fix_2', opacity=1.0, ori=0.0, pos=array([0., 0.]), rgb=UNKNOWN, text='+', units='height', win=Window(...), wrapWidth=1)
12.4885 	EXP 	Created Right_2 = ShapeStim(__class__=<class 'psychopy.visual.shape.ShapeStim'>, anchor=('center', 'center'), autoDraw=False, autoLog=True, closeShape=True, color=method-wrapper(...), colorSpace='rgb', contrast=None, depth=-3.0, fillColor=array([ 1., -1., -1.]), fillColorSpace='rgb', fillRGB=array([ 1., -1., -1.]), interpolate=True, lineColor=array([ 1., -1., -1.]), lineColorSpace='rgb', lineRGB=array([ 1., -1., -1.]), lineWidth=1.0, name='Right_2', opacity=1.0, ori=0.0, pos=array([550.,   0.]), size=array([150., 150.]), units='pix', vertices=ndarray(...), win=Window(...), windingRule=None)
12.4910 	EXP 	Created Left_2 = ShapeStim(__class__=<class 'psychopy.visual.shape.ShapeStim'>, anchor=('center', 'center'), autoDraw=False, autoLog=True, closeShape=True, color=method-wrapper(...), colorSpace='rgb', contrast=None, depth=-4.0, fillColor=array([-1.    ,  0.0039, -1.    ]), fillColorSpace='rgb', fillRGB=array([-1.    ,  0.0039, -1.    ]), interpolate=True, lineColor=array([-1.    ,  0.0039, -1.    ]), lineColorSpace='rgb', lineRGB=array([-1.    ,  0.0039, -1.    ]), lineWidth=1.0, name='Left_2', opacity=1.0, ori=0.0, pos=array([-550.,    0.]), size=array([150., 150.]), units='pix', vertices=ndarray(...), win=Window(...), windingRule=None)
12.4926 	EXP 	Created polygon_2 = Rect(__class__=<class 'psychopy.visual.rect.Rect'>, anchor=('left', 'center'), autoDraw=False, autoLog=True, closeShape=True, color=method-wrapper(...), colorSpace='rgb', contrast=None, depth=0.0, fillColor=array([0.00392157, 0.00392157, 0.00392157]), fillColorSpace='rgb', fillRGB=array([0.00392157, 0.00392157, 0.00392157]), interpolate=True, lineColor=array([1., 1., 1.]), lineColorSpace='rgb', lineRGB=array([1, 1, 1]), lineWidth=1.0, name='polygon_2', opacity=1.0, ori=45.0, pos=array([0.1275, 0.1275]), size=array([0.255, 0.255]), units='height', vertices=ndarray(...), win=Window(...))
12.5036 	EXP 	Created circle_2 = Polygon(__class__=<class 'psychopy.visual.polygon.Polygon'>, anchor=('center', 'center'), autoDraw=False, autoLog=True, closeShape=True, color=method-wrapper(...), colorSpace='rgb', contrast=None, depth=-2.0, fillColor=array([-1, -1, -1]), fillColorSpace='rgb', fillRGB=array([-1, -1, -1]), interpolate=True, lineColor=array([-1., -1., -1.]), lineColorSpace='rgb', lineRGB=array([-1, -1, -1]), lineWidth=10.0, name='circle_2', opacity=1.0, ori=0.0, pos=array([0., 0.]), size=array([0.6, 0.6]), units='height', vertices=ndarray(...), win=Window(...))
12.5051 	EXP 	Created red_dots_2 = DotStim(__class__=<class 'psychopy.visual.dot.DotStim'>, autoLog=True, coherence=0.0, color=array([1., 1., 1.]), colorSpace='rgb', contrast=1.0, depth=-3.0, dir=0.0, dotLife=-1.0, dotSize=15.0, element=None, fieldAnchor=UNKNOWN, fieldPos=array([0., 0.]), fieldShape='circle', fieldSize=array([0.5, 0.5]), nDots=43, name='red_dots_2', noiseDots='walk', opacity=1.0, rgb=UNKNOWN, signalDots='same', speed=0.0, units='height', win=Window(...))
12.5065 	EXP 	Created green_dots_2 = DotStim(__class__=<class 'psychopy.visual.dot.DotStim'>, autoLog=True, coherence=0.0, color=array([1., 1., 1.]), colorSpace='rgb', contrast=1.0, depth=-4.0, dir=0.0, dotLife=-1.0, dotSize=15.0, element=None, fieldAnchor=UNKNOWN, fieldPos=array([0., 0.]), fieldShape='circle', fieldSize=array([0.5, 0.5]), nDots=57, name='green_dots_2', noiseDots='walk', opacity=1.0, rgb=UNKNOWN, signalDots='same', speed=0.0, units='height', win=Window(...))
12.5091 	EXP 	Created Right_3 = ShapeStim(__class__=<class 'psychopy.visual.shape.ShapeStim'>, anchor=('center', 'center'), autoDraw=False, autoLog=True, closeShape=True, color=method-wrapper(...), colorSpace='rgb', contrast=None, depth=-6.0, fillColor=array([ 1., -1., -1.]), fillColorSpace='rgb', fillRGB=array([ 1., -1., -1.]), interpolate=True, lineColor=array([ 1., -1., -1.]), lineColorSpace='rgb', lineRGB=array([ 1., -1., -1.]), lineWidth=1.0, name='Right_3', opacity=1.0, ori=0.0, pos=array([550.,   0.]), size=array([150., 150.]), units='pix', vertices=ndarray(...), win=Window(...), windingRule=None)
12.5120 	EXP 	Created Left_3 = ShapeStim(__class__=<class 'psychopy.visual.shape.ShapeStim'>, anchor=('center', 'center'), autoDraw=False, autoLog=True, closeShape=True, color=method-wrapper(...), colorSpace='rgb', contrast=None, depth=-7.0, fillColor=array([-1.    ,  0.0039, -1.    ]), fillColorSpace='rgb', fillRGB=array([-1.    ,  0.0039, -1.    ]), interpolate=True, lineColor=array([-1.    ,  0.0039, -1.    ]), lineColorSpace='rgb', lineRGB=array([-1.    ,  0.0039, -1.    ]), lineWidth=1.0, name='Left_3', opacity=1.0, ori=0.0, pos=array([-550.,    0.]), size=array([150., 150.]), units='pix', vertices=ndarray(...), win=Window(...), windingRule=None)
12.5130 	EXP 	Created text_3 = TextStim(__class__=<class 'psychopy.visual.text.TextStim'>, alignHoriz=method-wrapper(...), alignText='center', alignVert=method-wrapper(...), anchorHoriz='center', anchorVert='center', antialias=True, autoDraw=False, autoLog=True, bold=False, color=array([1., 1., 1.]), colorSpace='rgb', contrast=1.0, depth=0.0, flipHoriz=False, flipVert=False, font='Open Sans', fontFiles=[], height=0.05, italic=False, languageStyle='LTR', name='text_3', opacity=1.0, ori=0.0, pos=array([0., 0.]), rgb=UNKNOWN, text='', units='height', win=Window(...), wrapWidth=1)
12.5153 	EXP 	Created fix = TextStim(__class__=<class 'psychopy.visual.text.TextStim'>, alignHoriz=method-wrapper(...), alignText='center', alignVert=method-wrapper(...), anchorHoriz='center', anchorVert='center', antialias=True, autoDraw=False, autoLog=True, bold=False, color=array([1., 1., 1.]), colorSpace='rgb', contrast=1.0, depth=0.0, flipHoriz=False, flipVert=False, font='Open Sans', fontFiles=[], height=0.1, italic=False, languageStyle='LTR', name='fix', opacity=1.0, ori=0.0, pos=array([0., 0.]), rgb=UNKNOWN, text='+', units='height', win=Window(...), wrapWidth=1)
12.5336 	EXP 	Created image = ImageStim(__class__=<class 'psychopy.visual.image.ImageStim'>, anchor=('center', 'center'), autoLog=True, color=array([1., 1., 1.]), colorSpace='rgb', contrast=1.0, depth=0.0, flipHoriz=False, flipVert=False, image='default.png', interpolate=True, mask=None, maskParams=None, name='image', opacity=1.0, ori=0.0, pos=array([0., 0.]), size=array([1.92, 1.08]), texRes=128.0, units='height', win=Window(...))
12.5440 	EXP 	Created circle_4 = Polygon(__class__=<class 'psychopy.visual.polygon.Polygon'>, anchor=('center', 'center'), autoDraw=False, autoLog=True, closeShape=True, color=method-wrapper(...), colorSpace='rgb', contrast=None, depth=-1.0, fillColor=array([-1, -1, -1]), fillColorSpace='rgb', fillRGB=array([-1, -1, -1]), interpolate=True, lineColor=array([-1., -1., -1.]), lineColorSpace='rgb', lineRGB=array([-1, -1, -1]), lineWidth=10.0, name='circle_4', opacity=1.0, ori=0.0, pos=array([0., 0.]), size=array([0.6, 0.6]), units='height', vertices=ndarray(...), win=Window(...))
12.5462 	EXP 	Created fix_2 = TextStim(__class__=<class 'psychopy.visual.text.TextStim'>, alignHoriz=method-wrapper(...), alignText='center', alignVert=method-wrapper(...), anchorHoriz='center', anchorVert='center', antialias=True, autoDraw=False, autoLog=True, bold=False, color=array([1., 1., 1.]), colorSpace='rgb', contrast=1.0, depth=-2.0, flipHoriz=False, flipVert=False, font='Open Sans', fontFiles=[], height=0.1, italic=False, languageStyle='LTR', name='fix_2', opacity=1.0, ori=0.0, pos=array([0., 0.]), rgb=UNKNOWN, text='+', units='height', win=Window(...), wrapWidth=1)
12.5490 	EXP 	Created Right_2 = ShapeStim(__class__=<class 'psychopy.visual.shape.ShapeStim'>, anchor=('center', 'center'), autoDraw=False, autoLog=True, closeShape=True, color=method-wrapper(...), colorSpace='rgb', contrast=None, depth=-3.0, fillColor=array([ 1., -1., -1.]), fillColorSpace='rgb', fillRGB=array([ 1., -1., -1.]), interpolate=True, lineColor=array([ 1., -1., -1.]), lineColorSpace='rgb', lineRGB=array([ 1., -1., -1.]), lineWidth=1.0, name='Right_2', opacity=1.0, ori=0.0, pos=array([550.,   0.]), size=array([150., 150.]), units='pix', vertices=ndarray(...), win=Window(...), windingRule=None)
12.5516 	EXP 	Created Left_2 = ShapeStim(__class__=<class 'psychopy.visual.shape.ShapeStim'>, anchor=('center', 'center'), autoDraw=False, autoLog=True, closeShape=True, color=method-wrapper(...), colorSpace='rgb', contrast=None, depth=-4.0, fillColor=array([-1.    ,  0.0039, -1.    ]), fillColorSpace='rgb', fillRGB=array([-1.    ,  0.0039, -1.    ]), interpolate=True, lineColor=array([-1.    ,  0.0039, -1.    ]), lineColorSpace='rgb', lineRGB=array([-1.    ,  0.0039, -1.    ]), lineWidth=1.0, name='Left_2', opacity=1.0, ori=0.0, pos=array([-550.,    0.]), size=array([150., 150.]), units='pix', vertices=ndarray(...), win=Window(...), windingRule=None)
12.5533 	EXP 	Created polygon_3 = Rect(__class__=<class 'psychopy.visual.rect.Rect'>, anchor=('left', 'center'), autoDraw=False, autoLog=True, closeShape=True, color=method-wrapper(...), colorSpace='rgb', contrast=None, depth=0.0, fillColor=array([0.00392157, 0.00392157, 0.00392157]), fillColorSpace='rgb', fillRGB=array([0.00392157, 0.00392157, 0.00392157]), interpolate=True, lineColor=array([1., 1., 1.]), lineColorSpace='rgb', lineRGB=array([1, 1, 1]), lineWidth=1.0, name='polygon_3', opacity=1.0, ori=45.0, pos=array([0.1275, 0.1275]), size=array([0.255, 0.255]), units='height', vertices=ndarray(...), win=Window(...))
12.5640 	EXP 	Created circle_3 = Polygon(__class__=<class 'psychopy.visual.polygon.Polygon'>, anchor=('center', 'center'), autoDraw=False, autoLog=True, closeShape=True, color=method-wrapper(...), colorSpace='rgb', contrast=None, depth=-2.0, fillColor=array([-1, -1, -1]), fillColorSpace='rgb', fillRGB=array([-1, -1, -1]), interpolate=True, lineColor=array([-1., -1., -1.]), lineColorSpace='rgb', lineRGB=array([-1, -1, -1]), lineWidth=10.0, name='circle_3', opacity=1.0, ori=0.0, pos=array([0., 0.]), size=array([0.6, 0.6]), units='height', vertices=ndarray(...), win=Window(...))
12.5655 	EXP 	Created red_dots_3 = DotStim(__class__=<class 'psychopy.visual.dot.DotStim'>, autoLog=True, coherence=0.0, color=array([1., 1., 1.]), colorSpace='rgb', contrast=1.0, depth=-3.0, dir=0.0, dotLife=-1.0, dotSize=15.0, element=None, fieldAnchor=UNKNOWN, fieldPos=array([0., 0.]), fieldShape='circle', fieldSize=array([0.5, 0.5]), nDots=43, name='red_dots_3', noiseDots='walk', opacity=1.0, rgb=UNKNOWN, signalDots='same', speed=0.0, units='height', win=Window(...))
12.5669 	EXP 	Created green_dots_3 = DotStim(__class__=<class 'psychopy.visual.dot.DotStim'>, autoLog=True, coherence=0.0, color=array([1., 1., 1.]), colorSpace='rgb', contrast=1.0, depth=-4.0, dir=0.0, dotLife=-1.0, dotSize=15.0, element=None, fieldAnchor=UNKNOWN, fieldPos=array([0., 0.]), fieldShape='circle', fieldSize=array([0.5, 0.5]), nDots=57, name='green_dots_3', noiseDots='walk', opacity=1.0, rgb=UNKNOWN, signalDots='same', speed=0.0, units='height', win=Window(...))
12.5695 	EXP 	Created Left_4 = ShapeStim(__class__=<class 'psychopy.visual.shape.ShapeStim'>, anchor=('center', 'center'), autoDraw=False, autoLog=True, closeShape=True, color=method-wrapper(...), colorSpace='rgb', contrast=None, depth=-6.0, fillColor=array([-1.    ,  0.0039, -1.    ]), fillColorSpace='rgb', fillRGB=array([-1.    ,  0.0039, -1.    ]), interpolate=True, lineColor=array([-1.    ,  0.0039, -1.    ]), lineColorSpace='rgb', lineRGB=array([-1.    ,  0.0039, -1.    ]), lineWidth=1.0, name='Left_4', opacity=1.0, ori=0.0, pos=array([-550.,    0.]), size=array([150., 150.]), units='pix', vertices=ndarray(...), win=Window(...), windingRule=None)
12.5721 	EXP 	Created Right_4 = ShapeStim(__class__=<class 'psychopy.visual.shape.ShapeStim'>, anchor=('center', 'center'), autoDraw=False, autoLog=True, closeShape=True, color=method-wrapper(...), colorSpace='rgb', contrast=None, depth=-7.0, fillColor=array([ 1., -1., -1.]), fillColorSpace='rgb', fillRGB=array([ 1., -1., -1.]), interpolate=True, lineColor=array([ 1., -1., -1.]), lineColorSpace='rgb', lineRGB=array([ 1., -1., -1.]), lineWidth=1.0, name='Right_4', opacity=1.0, ori=0.0, pos=array([550.,   0.]), size=array([150., 150.]), units='pix', vertices=ndarray(...), win=Window(...), windingRule=None)
12.5732 	EXP 	Created text_3 = TextStim(__class__=<class 'psychopy.visual.text.TextStim'>, alignHoriz=method-wrapper(...), alignText='center', alignVert=method-wrapper(...), anchorHoriz='center', anchorVert='center', antialias=True, autoDraw=False, autoLog=True, bold=False, color=array([1., 1., 1.]), colorSpace='rgb', contrast=1.0, depth=0.0, flipHoriz=False, flipVert=False, font='Open Sans', fontFiles=[], height=0.05, italic=False, languageStyle='LTR', name='text_3', opacity=1.0, ori=0.0, pos=array([0., 0.]), rgb=UNKNOWN, text='', units='height', win=Window(...), wrapWidth=1)
12.5773 	EXP 	Created text_2 = TextStim(__class__=<class 'psychopy.visual.text.TextStim'>, alignHoriz=method-wrapper(...), alignText='center', alignVert=method-wrapper(...), anchorHoriz='center', anchorVert='center', antialias=True, autoDraw=False, autoLog=True, bold=False, color=array([1., 1., 1.]), colorSpace='rgb', contrast=1.0, depth=0.0, flipHoriz=False, flipVert=False, font='Open Sans', fontFiles=[], height=0.05, italic=False, languageStyle='LTR', name='text_2', opacity=1.0, ori=0.0, pos=array([0., 0.]), rgb=UNKNOWN, text='0', units='height', win=Window(...), wrapWidth=1)
12.5839 	EXP 	movie: autoLog = True
12.5839 	EXP 	movie_2: autoLog = True
12.5839 	EXP 	movie_3: autoLog = True
12.5839 	EXP 	text: autoDraw = True
13.5679 	EXP 	Created sequence: random, trialTypes=1, nReps=18, seed=None
13.5683 	EXP 	New trial (rep=0, index=0): None
13.5785 	EXP 	Imported Rewa_Sequence.xlsx as conditions, 6 conditions, 5 params
13.5789 	EXP 	Created sequence: random, trialTypes=6, nReps=1, seed=None
13.5791 	EXP 	New trial (rep=0, index=0): {'Countdown': 'Countdown_2.5s.mp4', 'color1': 'green', 'color2': 'red', 'correct': 'left', 'screenshot': 'Countdown_2.5s.jpg'}
13.5832 	EXP 	text: autoDraw = False
13.5832 	EXP 	text: autoDraw = False
13.5832 	EXP 	fix: autoDraw = True
15.1280 	EXP 	fix: autoDraw = False
15.1280 	EXP 	fix: autoDraw = False
15.1280 	EXP 	image: image = 'Countdown_2.5s.jpg'
15.1280 	EXP 	image: autoDraw = True
15.1280 	EXP 	circle_4: autoDraw = True
15.1280 	EXP 	fix_2: autoDraw = True
15.1280 	EXP 	Right_2: autoDraw = True
15.1280 	EXP 	Left_2: autoDraw = True
16.2560 	EXP 	image: autoDraw = False
16.2560 	EXP 	circle_4: autoDraw = False
16.2560 	EXP 	fix_2: autoDraw = False
16.2560 	EXP 	Right_2: autoDraw = False
16.2560 	EXP 	Left_2: autoDraw = False
16.2560 	EXP 	dots_60: foreColor = <psychopy.colors.Color: green, alpha=1.0>
16.2560 	EXP 	dots_40: foreColor = <psychopy.colors.Color: red, alpha=1.0>
16.2560 	EXP 	polygon: autoDraw = True
16.2560 	EXP 	movie: autoDraw = True
16.2560 	EXP 	circle: autoDraw = True
16.2560 	EXP 	dots_60: autoDraw = True
16.2560 	EXP 	dots_40: autoDraw = True
16.2560 	EXP 	Right: autoDraw = True
16.2560 	EXP 	Left: autoDraw = True
17.1266 	DATA 	Keypress: left
17.2986 	EXP 	polygon: autoDraw = False
17.2986 	EXP 	movie: autoDraw = False
17.2986 	EXP 	circle: autoDraw = False
17.2986 	EXP 	dots_60: autoDraw = False
17.2986 	EXP 	dots_40: autoDraw = False
17.2986 	EXP 	Right: autoDraw = False
17.2986 	EXP 	Left: autoDraw = False
17.2986 	EXP 	text_3: height = 0.05
17.2986 	EXP 	text_3: height = 0.05
17.2986 	EXP 	text_3: height = 0.05
17.2986 	EXP 	text_3: text = 'Correct +1'
17.2986 	EXP 	text_3: autoDraw = True
18.2836 	EXP 	New trial (rep=0, index=1): {'Countdown': 'Countdown_1.5s.mp4', 'color1': 'red', 'color2': 'green', 'correct': 'right', 'screenshot': 'Countdown_1.5s.jpg'}
18.2993 	EXP 	text_3: autoDraw = False
18.2993 	EXP 	text_3: autoDraw = False
18.2993 	EXP 	fix: autoDraw = True
19.8088 	EXP 	fix: autoDraw = False
19.8088 	EXP 	fix: autoDraw = False
19.8088 	EXP 	image: image = 'Countdown_1.5s.jpg'
19.8088 	EXP 	image: autoDraw = True
19.8088 	EXP 	circle_4: autoDraw = True
19.8088 	EXP 	fix_2: autoDraw = True
19.8088 	EXP 	Right_2: autoDraw = True
19.8088 	EXP 	Left_2: autoDraw = True
21.6527 	EXP 	image: autoDraw = False
21.6527 	EXP 	circle_4: autoDraw = False
21.6527 	EXP 	fix_2: autoDraw = False
21.6527 	EXP 	Right_2: autoDraw = False
21.6527 	EXP 	Left_2: autoDraw = False
21.6527 	EXP 	dots_60: foreColor = <psychopy.colors.Color: red, alpha=1.0>
21.6527 	EXP 	dots_40: foreColor = <psychopy.colors.Color: green, alpha=1.0>
21.6527 	EXP 	polygon: autoDraw = True
21.6527 	EXP 	movie: autoDraw = True
21.6527 	EXP 	circle: autoDraw = True
21.6527 	EXP 	dots_60: autoDraw = True
21.6527 	EXP 	dots_40: autoDraw = True
21.6527 	EXP 	Right: autoDraw = True
21.6527 	EXP 	Left: autoDraw = True
22.5439 	DATA 	Keypress: left
22.7105 	EXP 	polygon: autoDraw = False
22.7105 	EXP 	movie: autoDraw = False
22.7105 	EXP 	circle: autoDraw = False
22.7105 	EXP 	dots_60: autoDraw = False
22.7105 	EXP 	dots_40: autoDraw = False
22.7105 	EXP 	Right: autoDraw = False
22.7105 	EXP 	Left: autoDraw = False
22.7105 	EXP 	text_3: height = 0.05
22.7105 	EXP 	text_3: height = 0.05
22.7105 	EXP 	text_3: height = 0.05
22.7105 	EXP 	text_3: text = 'Incorrect -2'
22.7105 	EXP 	text_3: autoDraw = True
23.6998 	EXP 	New trial (rep=0, index=2): {'Countdown': 'Countdown_2.5s.mp4', 'color1': 'red', 'color2': 'green', 'correct': 'right', 'screenshot': 'Countdown_2.5s.jpg'}
23.7160 	EXP 	text_3: autoDraw = False
23.7160 	EXP 	fix: autoDraw = True
25.2234 	EXP 	fix: autoDraw = False
25.2234 	EXP 	image: image = 'Countdown_2.5s.jpg'
25.2234 	EXP 	image: autoDraw = True
25.2234 	EXP 	circle_4: autoDraw = True
25.2234 	EXP 	fix_2: autoDraw = True
25.2234 	EXP 	Right_2: autoDraw = True
25.2234 	EXP 	Left_2: autoDraw = True
27.0326 	EXP 	image: autoDraw = False
27.0326 	EXP 	circle_4: autoDraw = False
27.0326 	EXP 	fix_2: autoDraw = False
27.0326 	EXP 	Right_2: autoDraw = False
27.0326 	EXP 	Left_2: autoDraw = False
27.0326 	EXP 	dots_60: foreColor = <psychopy.colors.Color: red, alpha=1.0>
27.0326 	EXP 	dots_40: foreColor = <psychopy.colors.Color: green, alpha=1.0>
27.0326 	EXP 	polygon: autoDraw = True
27.0326 	EXP 	movie: autoDraw = True
27.0326 	EXP 	circle: autoDraw = True
27.0326 	EXP 	dots_60: autoDraw = True
27.0326 	EXP 	dots_40: autoDraw = True
27.0326 	EXP 	Right: autoDraw = True
27.0326 	EXP 	Left: autoDraw = True
28.0383 	EXP 	polygon: autoDraw = False
28.0775 	DATA 	Keypress: left
28.2040 	EXP 	polygon: autoDraw = False
28.2040 	EXP 	movie: autoDraw = False
28.2040 	EXP 	circle: autoDraw = False
28.2040 	EXP 	dots_60: autoDraw = False
28.2040 	EXP 	dots_40: autoDraw = False
28.2040 	EXP 	Right: autoDraw = False
28.2040 	EXP 	Left: autoDraw = False
28.2040 	EXP 	text_3: text = 'Incorrect -2'
28.2040 	EXP 	text_3: autoDraw = True
29.2000 	EXP 	New trial (rep=0, index=3): {'Countdown': 'Countdown_2s.mp4', 'color1': 'green', 'color2': 'red', 'correct': 'left', 'screenshot': 'Countdown_2s.jpg'}
29.2160 	EXP 	text_3: autoDraw = False
29.2160 	EXP 	text_3: autoDraw = False
29.2160 	EXP 	fix: autoDraw = True
30.7241 	EXP 	fix: autoDraw = False
30.7241 	EXP 	fix: autoDraw = False
30.7241 	EXP 	image: image = 'Countdown_2s.jpg'
30.7241 	EXP 	image: autoDraw = True
30.7241 	EXP 	circle_4: autoDraw = True
30.7241 	EXP 	fix_2: autoDraw = True
30.7241 	EXP 	Right_2: autoDraw = True
30.7241 	EXP 	Left_2: autoDraw = True
32.4184 	EXP 	image: autoDraw = False
32.4184 	EXP 	circle_4: autoDraw = False
32.4184 	EXP 	fix_2: autoDraw = False
32.4184 	EXP 	Right_2: autoDraw = False
32.4184 	EXP 	Left_2: autoDraw = False
32.4184 	EXP 	dots_60: foreColor = <psychopy.colors.Color: green, alpha=1.0>
32.4184 	EXP 	dots_40: foreColor = <psychopy.colors.Color: red, alpha=1.0>
32.4184 	EXP 	polygon: autoDraw = True
32.4184 	EXP 	movie: autoDraw = True
32.4184 	EXP 	circle: autoDraw = True
32.4184 	EXP 	dots_60: autoDraw = True
32.4184 	EXP 	dots_40: autoDraw = True
32.4184 	EXP 	Right: autoDraw = True
32.4184 	EXP 	Left: autoDraw = True
33.2260 	DATA 	Keypress: left
33.3528 	EXP 	polygon: autoDraw = False
33.3528 	EXP 	movie: autoDraw = False
33.3528 	EXP 	circle: autoDraw = False
33.3528 	EXP 	dots_60: autoDraw = False
33.3528 	EXP 	dots_40: autoDraw = False
33.3528 	EXP 	Right: autoDraw = False
33.3528 	EXP 	Left: autoDraw = False
33.3528 	EXP 	text_3: height = 0.05
33.3528 	EXP 	text_3: height = 0.05
33.3528 	EXP 	text_3: height = 0.05
33.3528 	EXP 	text_3: text = 'Correct +1'
33.3528 	EXP 	text_3: autoDraw = True
34.3498 	EXP 	New trial (rep=0, index=4): {'Countdown': 'Countdown_2s.mp4', 'color1': 'red', 'color2': 'green', 'correct': 'right', 'screenshot': 'Countdown_2s.jpg'}
34.3661 	EXP 	text_3: autoDraw = False
34.3661 	EXP 	fix: autoDraw = True
35.8718 	EXP 	fix: autoDraw = False
35.8718 	EXP 	image: image = 'Countdown_2s.jpg'
35.8718 	EXP 	image: autoDraw = True
35.8718 	EXP 	circle_4: autoDraw = True
35.8718 	EXP 	fix_2: autoDraw = True
35.8718 	EXP 	Right_2: autoDraw = True
35.8718 	EXP 	Left_2: autoDraw = True
37.6100 	EXP 	image: autoDraw = False
37.6100 	EXP 	circle_4: autoDraw = False
37.6100 	EXP 	fix_2: autoDraw = False
37.6100 	EXP 	Right_2: autoDraw = False
37.6100 	EXP 	Left_2: autoDraw = False
37.6100 	EXP 	dots_60: foreColor = <psychopy.colors.Color: red, alpha=1.0>
37.6100 	EXP 	dots_40: foreColor = <psychopy.colors.Color: green, alpha=1.0>
37.6100 	EXP 	polygon: autoDraw = True
37.6100 	EXP 	movie: autoDraw = True
37.6100 	EXP 	circle: autoDraw = True
37.6100 	EXP 	dots_60: autoDraw = True
37.6100 	EXP 	dots_40: autoDraw = True
37.6100 	EXP 	Right: autoDraw = True
37.6100 	EXP 	Left: autoDraw = True
38.2092 	DATA 	Keypress: left
38.3436 	EXP 	polygon: autoDraw = False
38.3436 	EXP 	movie: autoDraw = False
38.3436 	EXP 	circle: autoDraw = False
38.3436 	EXP 	dots_60: autoDraw = False
38.3436 	EXP 	dots_40: autoDraw = False
38.3436 	EXP 	Right: autoDraw = False
38.3436 	EXP 	Left: autoDraw = False
38.3436 	EXP 	text_3: height = 0.05
38.3436 	EXP 	text_3: height = 0.05
38.3436 	EXP 	text_3: height = 0.05
38.3436 	EXP 	text_3: text = 'Incorrect -2'
38.3436 	EXP 	text_3: autoDraw = True
39.3334 	EXP 	New trial (rep=0, index=5): {'Countdown': 'Countdown_1.5s.mp4', 'color1': 'green', 'color2': 'red', 'correct': 'left', 'screenshot': 'Countdown_1.5s.jpg'}
39.3493 	EXP 	text_3: autoDraw = False
39.3493 	EXP 	text_3: autoDraw = False
39.3493 	EXP 	fix: autoDraw = True
40.8554 	EXP 	fix: autoDraw = False
40.8554 	EXP 	fix: autoDraw = False
40.8554 	EXP 	image: image = 'Countdown_1.5s.jpg'
40.8554 	EXP 	image: autoDraw = True
40.8554 	EXP 	circle_4: autoDraw = True
40.8554 	EXP 	fix_2: autoDraw = True
40.8554 	EXP 	Right_2: autoDraw = True
40.8554 	EXP 	Left_2: autoDraw = True
42.6548 	EXP 	image: autoDraw = False
42.6548 	EXP 	circle_4: autoDraw = False
42.6548 	EXP 	fix_2: autoDraw = False
42.6548 	EXP 	Right_2: autoDraw = False
42.6548 	EXP 	Left_2: autoDraw = False
42.6548 	EXP 	dots_60: foreColor = <psychopy.colors.Color: green, alpha=1.0>
42.6548 	EXP 	dots_40: foreColor = <psychopy.colors.Color: red, alpha=1.0>
42.6548 	EXP 	polygon: autoDraw = True
42.6548 	EXP 	movie: autoDraw = True
42.6548 	EXP 	circle: autoDraw = True
42.6548 	EXP 	dots_60: autoDraw = True
42.6548 	EXP 	dots_40: autoDraw = True
42.6548 	EXP 	Right: autoDraw = True
42.6548 	EXP 	Left: autoDraw = True
43.6547 	EXP 	polygon: autoDraw = False
44.3112 	EXP 	polygon: autoDraw = False
44.3112 	EXP 	movie: autoDraw = False
44.3112 	EXP 	circle: autoDraw = False
44.3112 	EXP 	dots_60: autoDraw = False
44.3112 	EXP 	dots_40: autoDraw = False
44.3112 	EXP 	Right: autoDraw = False
44.3112 	EXP 	Left: autoDraw = False
44.3112 	EXP 	text_3: height = 0.05
44.3112 	EXP 	text_3: height = 0.05
44.3112 	EXP 	text_3: height = 0.05
44.3112 	EXP 	text_3: text = 'Too late -2'
44.3112 	EXP 	text_3: autoDraw = True
45.3163 	EXP 	Imported Rewa_Sequence.xlsx as conditions, 6 conditions, 5 params
45.3171 	EXP 	Created sequence: random, trialTypes=6, nReps=1, seed=None
45.3176 	EXP 	New trial (rep=0, index=0): {'Countdown': 'Countdown_1.5s.mp4', 'color1': 'red', 'color2': 'green', 'correct': 'right', 'screenshot': 'Countdown_1.5s.jpg'}
45.3222 	EXP 	text_3: autoDraw = False
45.3222 	EXP 	text_3: autoDraw = False
45.3222 	EXP 	fix: autoDraw = True
46.8385 	EXP 	fix: autoDraw = False
46.8385 	EXP 	image: image = 'Countdown_1.5s.jpg'
46.8385 	EXP 	image: autoDraw = True
46.8385 	EXP 	circle_4: autoDraw = True
46.8385 	EXP 	fix_2: autoDraw = True
46.8385 	EXP 	Right_2: autoDraw = True
46.8385 	EXP 	Left_2: autoDraw = True
47.9286 	EXP 	image: autoDraw = False
47.9286 	EXP 	circle_4: autoDraw = False
47.9286 	EXP 	fix_2: autoDraw = False
47.9286 	EXP 	Right_2: autoDraw = False
47.9286 	EXP 	Left_2: autoDraw = False
47.9286 	EXP 	red_dots_2: foreColor = <psychopy.colors.Color: green, alpha=1.0>
47.9286 	EXP 	green_dots_2: foreColor = <psychopy.colors.Color: red, alpha=1.0>
47.9286 	EXP 	polygon_2: autoDraw = True
47.9286 	EXP 	movie_2: autoDraw = True
47.9286 	EXP 	circle_2: autoDraw = True
47.9286 	EXP 	red_dots_2: autoDraw = True
47.9286 	EXP 	green_dots_2: autoDraw = True
47.9286 	EXP 	Right_3: autoDraw = True
47.9286 	EXP 	Left_3: autoDraw = True
48.9384 	EXP 	polygon_2: autoDraw = False
49.3789 	EXP 	polygon_2: autoDraw = False
49.3789 	EXP 	movie_2: autoDraw = False
49.3789 	EXP 	circle_2: autoDraw = False
49.3789 	EXP 	red_dots_2: autoDraw = False
49.3789 	EXP 	green_dots_2: autoDraw = False
49.3789 	EXP 	Right_3: autoDraw = False
49.3789 	EXP 	Left_3: autoDraw = False
49.3789 	EXP 	text_3: text = 'Too late -2'
49.3789 	EXP 	text_3: autoDraw = True
49.6683 	DATA 	Keypress: escape
50.3829 	EXP 	window1: mouseVisible = True
