7.9257 	EXP 	Created window1 = Window(allowGUI=True, allowStencil=False, autoLog=True, backendConf=UNKNOWN, backgroundFit=<method-wrapper '__getattribute__' of attributeSetter object at 0x000001DF8D736F70>, backgroundImage=<method-wrapper '__getattribute__' of attributeSetter object at 0x000001DF8D736F10>, bitsMode=UNKNOWN, blendMode='avg', bpc=(8, 8, 8), color=array([0, 0, 0]), colorSpace='rgb', depthBits=8, fullscr=<method-wrapper '__getattribute__' of attributeSetter object at 0x000001DF8D736C10>, gamma=None, gammaErrorPolicy='raise', lms=UNKNOWN, monitor=<psychopy.monitors.calibTools.Monitor object at 0x000001DF963BD2B0>, multiSample=False, name='window1', numSamples=2, pos=(0, 0), screen=0, size=array([1920, 1080]), stencilBits=0, stereo=False, units='height', useFBO=True, useRetina=False, viewOri=0.0, viewPos=None, viewScale=None, waitBlanking=True, winType='pyglet')
7.9260 	EXP 	window1: mouseVisible = True
7.9260 	EXP 	window1: backgroundImage = ''
7.9261 	EXP 	window1: backgroundFit = 'none'
7.9262 	EXP 	window1: mouseVisible = False
7.9263 	EXP 	window1: Attempting to measure frame rate of screen (0) ...
7.9263 	EXP 	window1: recordFrameIntervals = False
8.0911 	EXP 	window1: recordFrameIntervals = True
8.2749 	EXP 	Screen (0) actual frame rate measured at 59.98Hz
8.2750 	EXP 	window1: recordFrameIntervals = False
10.8335 	EXP 	Created text = TextStim(__class__=<class 'psychopy.visual.text.TextStim'>, alignHoriz=method-wrapper(...), alignText='center', alignVert=method-wrapper(...), anchorHoriz='center', anchorVert='center', antialias=True, autoDraw=False, autoLog=True, bold=False, color=array([1., 1., 1.]), colorSpace='rgb', contrast=1.0, depth=0.0, flipHoriz=False, flipVert=False, font='Open Sans', fontFiles=[], height=0.05, italic=False, languageStyle='LTR', name='text', opacity=1.0, ori=0.0, pos=array([0., 0.]), rgb=UNKNOWN, text='Any text\n\nincluding line breaks', units='height', win=Window(...), wrapWidth=1)
10.8390 	EXP 	Created fix = TextStim(__class__=<class 'psychopy.visual.text.TextStim'>, alignHoriz=method-wrapper(...), alignText='center', alignVert=method-wrapper(...), anchorHoriz='center', anchorVert='center', antialias=True, autoDraw=False, autoLog=True, bold=False, color=array([1., 1., 1.]), colorSpace='rgb', contrast=1.0, depth=0.0, flipHoriz=False, flipVert=False, font='Open Sans', fontFiles=[], height=0.1, italic=False, languageStyle='LTR', name='fix', opacity=1.0, ori=0.0, pos=array([0., 0.]), rgb=UNKNOWN, text='+', units='height', win=Window(...), wrapWidth=1)
10.8563 	EXP 	Created image = ImageStim(__class__=<class 'psychopy.visual.image.ImageStim'>, anchor=('center', 'center'), autoLog=True, color=array([1., 1., 1.]), colorSpace='rgb', contrast=1.0, depth=0.0, flipHoriz=False, flipVert=False, image='default.png', interpolate=True, mask=None, maskParams=None, name='image', opacity=1.0, ori=0.0, pos=array([0., 0.]), size=array([1.92, 1.08]), texRes=128.0, units='height', win=Window(...))
10.8710 	EXP 	Created circle_4 = Polygon(__class__=<class 'psychopy.visual.polygon.Polygon'>, anchor=('center', 'center'), autoDraw=False, autoLog=True, closeShape=True, color=method-wrapper(...), colorSpace='rgb', contrast=None, depth=-1.0, fillColor=array([-1, -1, -1]), fillColorSpace='rgb', fillRGB=array([-1, -1, -1]), interpolate=True, lineColor=array([-1., -1., -1.]), lineColorSpace='rgb', lineRGB=array([-1, -1, -1]), lineWidth=10.0, name='circle_4', opacity=1.0, ori=0.0, pos=array([0., 0.]), size=array([0.6, 0.6]), units='height', vertices=ndarray(...), win=Window(...))
10.8735 	EXP 	Created fix_2 = TextStim(__class__=<class 'psychopy.visual.text.TextStim'>, alignHoriz=method-wrapper(...), alignText='center', alignVert=method-wrapper(...), anchorHoriz='center', anchorVert='center', antialias=True, autoDraw=False, autoLog=True, bold=False, color=array([1., 1., 1.]), colorSpace='rgb', contrast=1.0, depth=-2.0, flipHoriz=False, flipVert=False, font='Open Sans', fontFiles=[], height=0.1, italic=False, languageStyle='LTR', name='fix_2', opacity=1.0, ori=0.0, pos=array([0., 0.]), rgb=UNKNOWN, text='+', units='height', win=Window(...), wrapWidth=1)
10.8763 	EXP 	Created Right_2 = ShapeStim(__class__=<class 'psychopy.visual.shape.ShapeStim'>, anchor=('center', 'center'), autoDraw=False, autoLog=True, closeShape=True, color=method-wrapper(...), colorSpace='rgb', contrast=None, depth=-3.0, fillColor=array([ 1., -1., -1.]), fillColorSpace='rgb', fillRGB=array([ 1., -1., -1.]), interpolate=True, lineColor=array([ 1., -1., -1.]), lineColorSpace='rgb', lineRGB=array([ 1., -1., -1.]), lineWidth=1.0, name='Right_2', opacity=1.0, ori=0.0, pos=array([550.,   0.]), size=array([150., 150.]), units='pix', vertices=ndarray(...), win=Window(...), windingRule=None)
10.8789 	EXP 	Created Left_2 = ShapeStim(__class__=<class 'psychopy.visual.shape.ShapeStim'>, anchor=('center', 'center'), autoDraw=False, autoLog=True, closeShape=True, color=method-wrapper(...), colorSpace='rgb', contrast=None, depth=-4.0, fillColor=array([-1.    ,  0.0039, -1.    ]), fillColorSpace='rgb', fillRGB=array([-1.    ,  0.0039, -1.    ]), interpolate=True, lineColor=array([-1.    ,  0.0039, -1.    ]), lineColorSpace='rgb', lineRGB=array([-1.    ,  0.0039, -1.    ]), lineWidth=1.0, name='Left_2', opacity=1.0, ori=0.0, pos=array([-550.,    0.]), size=array([150., 150.]), units='pix', vertices=ndarray(...), win=Window(...), windingRule=None)
10.8806 	EXP 	Created polygon = Rect(__class__=<class 'psychopy.visual.rect.Rect'>, anchor=('left', 'center'), autoDraw=False, autoLog=True, closeShape=True, color=method-wrapper(...), colorSpace='rgb', contrast=None, depth=-1.0, fillColor=array([0.00392157, 0.00392157, 0.00392157]), fillColorSpace='rgb', fillRGB=array([0.00392157, 0.00392157, 0.00392157]), interpolate=True, lineColor=array([1., 1., 1.]), lineColorSpace='rgb', lineRGB=array([1, 1, 1]), lineWidth=1.0, name='polygon', opacity=1.0, ori=45.0, pos=array([0.1275, 0.1275]), size=array([0.255, 0.255]), units='height', vertices=ndarray(...), win=Window(...))
10.9194 	EXP 	Created circle = Polygon(__class__=<class 'psychopy.visual.polygon.Polygon'>, anchor=('center', 'center'), autoDraw=False, autoLog=True, closeShape=True, color=method-wrapper(...), colorSpace='rgb', contrast=None, depth=-3.0, fillColor=array([-1, -1, -1]), fillColorSpace='rgb', fillRGB=array([-1, -1, -1]), interpolate=True, lineColor=array([-1., -1., -1.]), lineColorSpace='rgb', lineRGB=array([-1, -1, -1]), lineWidth=10.0, name='circle', opacity=1.0, ori=0.0, pos=array([0., 0.]), size=array([0.6, 0.6]), units='height', vertices=ndarray(...), win=Window(...))
10.9219 	EXP 	Created dots_60 = DotStim(__class__=<class 'psychopy.visual.dot.DotStim'>, autoLog=True, coherence=0.0, color=array([1., 1., 1.]), colorSpace='rgb', contrast=1.0, depth=-4.0, dir=0.0, dotLife=-1.0, dotSize=15.0, element=None, fieldAnchor=UNKNOWN, fieldPos=array([0., 0.]), fieldShape='circle', fieldSize=array([0.5, 0.5]), nDots=60, name='dots_60', noiseDots='walk', opacity=1.0, rgb=UNKNOWN, signalDots='same', speed=0.0, units='height', win=Window(...))
10.9234 	EXP 	Created dots_40 = DotStim(__class__=<class 'psychopy.visual.dot.DotStim'>, autoLog=True, coherence=0.0, color=array([1., 1., 1.]), colorSpace='rgb', contrast=1.0, depth=-5.0, dir=0.0, dotLife=-1.0, dotSize=15.0, element=None, fieldAnchor=UNKNOWN, fieldPos=array([0., 0.]), fieldShape='circle', fieldSize=array([0.5, 0.5]), nDots=10, name='dots_40', noiseDots='walk', opacity=1.0, rgb=UNKNOWN, signalDots='same', speed=0.0, units='height', win=Window(...))
10.9261 	EXP 	Created Right = ShapeStim(__class__=<class 'psychopy.visual.shape.ShapeStim'>, anchor=('center', 'center'), autoDraw=False, autoLog=True, closeShape=True, color=method-wrapper(...), colorSpace='rgb', contrast=None, depth=-7.0, fillColor=array([ 1., -1., -1.]), fillColorSpace='rgb', fillRGB=array([ 1., -1., -1.]), interpolate=True, lineColor=array([ 1., -1., -1.]), lineColorSpace='rgb', lineRGB=array([ 1., -1., -1.]), lineWidth=1.0, name='Right', opacity=1.0, ori=0.0, pos=array([550.,   0.]), size=array([150., 150.]), units='pix', vertices=ndarray(...), win=Window(...), windingRule=None)
10.9288 	EXP 	Created Left = ShapeStim(__class__=<class 'psychopy.visual.shape.ShapeStim'>, anchor=('center', 'center'), autoDraw=False, autoLog=True, closeShape=True, color=method-wrapper(...), colorSpace='rgb', contrast=None, depth=-8.0, fillColor=array([-1.    ,  0.0039, -1.    ]), fillColorSpace='rgb', fillRGB=array([-1.    ,  0.0039, -1.    ]), interpolate=True, lineColor=array([-1.    ,  0.0039, -1.    ]), lineColorSpace='rgb', lineRGB=array([-1.    ,  0.0039, -1.    ]), lineWidth=1.0, name='Left', opacity=1.0, ori=0.0, pos=array([-550.,    0.]), size=array([150., 150.]), units='pix', vertices=ndarray(...), win=Window(...), windingRule=None)
10.9298 	EXP 	Created text_3 = TextStim(__class__=<class 'psychopy.visual.text.TextStim'>, alignHoriz=method-wrapper(...), alignText='center', alignVert=method-wrapper(...), anchorHoriz='center', anchorVert='center', antialias=True, autoDraw=False, autoLog=True, bold=False, color=array([1., 1., 1.]), colorSpace='rgb', contrast=1.0, depth=-1.0, flipHoriz=False, flipVert=False, font='Open Sans', fontFiles=[], height=0.05, italic=False, languageStyle='LTR', name='text_3', opacity=1.0, ori=0.0, pos=array([0., 0.]), rgb=UNKNOWN, text='', units='height', win=Window(...), wrapWidth=1)
10.9321 	EXP 	Created fix = TextStim(__class__=<class 'psychopy.visual.text.TextStim'>, alignHoriz=method-wrapper(...), alignText='center', alignVert=method-wrapper(...), anchorHoriz='center', anchorVert='center', antialias=True, autoDraw=False, autoLog=True, bold=False, color=array([1., 1., 1.]), colorSpace='rgb', contrast=1.0, depth=0.0, flipHoriz=False, flipVert=False, font='Open Sans', fontFiles=[], height=0.1, italic=False, languageStyle='LTR', name='fix', opacity=1.0, ori=0.0, pos=array([0., 0.]), rgb=UNKNOWN, text='+', units='height', win=Window(...), wrapWidth=1)
10.9503 	EXP 	Created image = ImageStim(__class__=<class 'psychopy.visual.image.ImageStim'>, anchor=('center', 'center'), autoLog=True, color=array([1., 1., 1.]), colorSpace='rgb', contrast=1.0, depth=0.0, flipHoriz=False, flipVert=False, image='default.png', interpolate=True, mask=None, maskParams=None, name='image', opacity=1.0, ori=0.0, pos=array([0., 0.]), size=array([1.92, 1.08]), texRes=128.0, units='height', win=Window(...))
10.9614 	EXP 	Created circle_4 = Polygon(__class__=<class 'psychopy.visual.polygon.Polygon'>, anchor=('center', 'center'), autoDraw=False, autoLog=True, closeShape=True, color=method-wrapper(...), colorSpace='rgb', contrast=None, depth=-1.0, fillColor=array([-1, -1, -1]), fillColorSpace='rgb', fillRGB=array([-1, -1, -1]), interpolate=True, lineColor=array([-1., -1., -1.]), lineColorSpace='rgb', lineRGB=array([-1, -1, -1]), lineWidth=10.0, name='circle_4', opacity=1.0, ori=0.0, pos=array([0., 0.]), size=array([0.6, 0.6]), units='height', vertices=ndarray(...), win=Window(...))
10.9637 	EXP 	Created fix_2 = TextStim(__class__=<class 'psychopy.visual.text.TextStim'>, alignHoriz=method-wrapper(...), alignText='center', alignVert=method-wrapper(...), anchorHoriz='center', anchorVert='center', antialias=True, autoDraw=False, autoLog=True, bold=False, color=array([1., 1., 1.]), colorSpace='rgb', contrast=1.0, depth=-2.0, flipHoriz=False, flipVert=False, font='Open Sans', fontFiles=[], height=0.1, italic=False, languageStyle='LTR', name='fix_2', opacity=1.0, ori=0.0, pos=array([0., 0.]), rgb=UNKNOWN, text='+', units='height', win=Window(...), wrapWidth=1)
10.9665 	EXP 	Created Right_2 = ShapeStim(__class__=<class 'psychopy.visual.shape.ShapeStim'>, anchor=('center', 'center'), autoDraw=False, autoLog=True, closeShape=True, color=method-wrapper(...), colorSpace='rgb', contrast=None, depth=-3.0, fillColor=array([ 1., -1., -1.]), fillColorSpace='rgb', fillRGB=array([ 1., -1., -1.]), interpolate=True, lineColor=array([ 1., -1., -1.]), lineColorSpace='rgb', lineRGB=array([ 1., -1., -1.]), lineWidth=1.0, name='Right_2', opacity=1.0, ori=0.0, pos=array([550.,   0.]), size=array([150., 150.]), units='pix', vertices=ndarray(...), win=Window(...), windingRule=None)
10.9690 	EXP 	Created Left_2 = ShapeStim(__class__=<class 'psychopy.visual.shape.ShapeStim'>, anchor=('center', 'center'), autoDraw=False, autoLog=True, closeShape=True, color=method-wrapper(...), colorSpace='rgb', contrast=None, depth=-4.0, fillColor=array([-1.    ,  0.0039, -1.    ]), fillColorSpace='rgb', fillRGB=array([-1.    ,  0.0039, -1.    ]), interpolate=True, lineColor=array([-1.    ,  0.0039, -1.    ]), lineColorSpace='rgb', lineRGB=array([-1.    ,  0.0039, -1.    ]), lineWidth=1.0, name='Left_2', opacity=1.0, ori=0.0, pos=array([-550.,    0.]), size=array([150., 150.]), units='pix', vertices=ndarray(...), win=Window(...), windingRule=None)
10.9707 	EXP 	Created polygon_2 = Rect(__class__=<class 'psychopy.visual.rect.Rect'>, anchor=('left', 'center'), autoDraw=False, autoLog=True, closeShape=True, color=method-wrapper(...), colorSpace='rgb', contrast=None, depth=0.0, fillColor=array([0.00392157, 0.00392157, 0.00392157]), fillColorSpace='rgb', fillRGB=array([0.00392157, 0.00392157, 0.00392157]), interpolate=True, lineColor=array([1., 1., 1.]), lineColorSpace='rgb', lineRGB=array([1, 1, 1]), lineWidth=1.0, name='polygon_2', opacity=1.0, ori=45.0, pos=array([0.1275, 0.1275]), size=array([0.255, 0.255]), units='height', vertices=ndarray(...), win=Window(...))
10.9821 	EXP 	Created circle_2 = Polygon(__class__=<class 'psychopy.visual.polygon.Polygon'>, anchor=('center', 'center'), autoDraw=False, autoLog=True, closeShape=True, color=method-wrapper(...), colorSpace='rgb', contrast=None, depth=-2.0, fillColor=array([-1, -1, -1]), fillColorSpace='rgb', fillRGB=array([-1, -1, -1]), interpolate=True, lineColor=array([-1., -1., -1.]), lineColorSpace='rgb', lineRGB=array([-1, -1, -1]), lineWidth=10.0, name='circle_2', opacity=1.0, ori=0.0, pos=array([0., 0.]), size=array([0.6, 0.6]), units='height', vertices=ndarray(...), win=Window(...))
10.9836 	EXP 	Created red_dots_2 = DotStim(__class__=<class 'psychopy.visual.dot.DotStim'>, autoLog=True, coherence=0.0, color=array([1., 1., 1.]), colorSpace='rgb', contrast=1.0, depth=-3.0, dir=0.0, dotLife=-1.0, dotSize=15.0, element=None, fieldAnchor=UNKNOWN, fieldPos=array([0., 0.]), fieldShape='circle', fieldSize=array([0.5, 0.5]), nDots=43, name='red_dots_2', noiseDots='walk', opacity=1.0, rgb=UNKNOWN, signalDots='same', speed=0.0, units='height', win=Window(...))
10.9850 	EXP 	Created green_dots_2 = DotStim(__class__=<class 'psychopy.visual.dot.DotStim'>, autoLog=True, coherence=0.0, color=array([1., 1., 1.]), colorSpace='rgb', contrast=1.0, depth=-4.0, dir=0.0, dotLife=-1.0, dotSize=15.0, element=None, fieldAnchor=UNKNOWN, fieldPos=array([0., 0.]), fieldShape='circle', fieldSize=array([0.5, 0.5]), nDots=57, name='green_dots_2', noiseDots='walk', opacity=1.0, rgb=UNKNOWN, signalDots='same', speed=0.0, units='height', win=Window(...))
10.9861 	EXP 	Created text_3 = TextStim(__class__=<class 'psychopy.visual.text.TextStim'>, alignHoriz=method-wrapper(...), alignText='center', alignVert=method-wrapper(...), anchorHoriz='center', anchorVert='center', antialias=True, autoDraw=False, autoLog=True, bold=False, color=array([1., 1., 1.]), colorSpace='rgb', contrast=1.0, depth=-1.0, flipHoriz=False, flipVert=False, font='Open Sans', fontFiles=[], height=0.05, italic=False, languageStyle='LTR', name='text_3', opacity=1.0, ori=0.0, pos=array([0., 0.]), rgb=UNKNOWN, text='', units='height', win=Window(...), wrapWidth=1)
10.9888 	EXP 	Created fix = TextStim(__class__=<class 'psychopy.visual.text.TextStim'>, alignHoriz=method-wrapper(...), alignText='center', alignVert=method-wrapper(...), anchorHoriz='center', anchorVert='center', antialias=True, autoDraw=False, autoLog=True, bold=False, color=array([1., 1., 1.]), colorSpace='rgb', contrast=1.0, depth=0.0, flipHoriz=False, flipVert=False, font='Open Sans', fontFiles=[], height=0.1, italic=False, languageStyle='LTR', name='fix', opacity=1.0, ori=0.0, pos=array([0., 0.]), rgb=UNKNOWN, text='+', units='height', win=Window(...), wrapWidth=1)
11.0071 	EXP 	Created image = ImageStim(__class__=<class 'psychopy.visual.image.ImageStim'>, anchor=('center', 'center'), autoLog=True, color=array([1., 1., 1.]), colorSpace='rgb', contrast=1.0, depth=0.0, flipHoriz=False, flipVert=False, image='default.png', interpolate=True, mask=None, maskParams=None, name='image', opacity=1.0, ori=0.0, pos=array([0., 0.]), size=array([1.92, 1.08]), texRes=128.0, units='height', win=Window(...))
11.0179 	EXP 	Created circle_4 = Polygon(__class__=<class 'psychopy.visual.polygon.Polygon'>, anchor=('center', 'center'), autoDraw=False, autoLog=True, closeShape=True, color=method-wrapper(...), colorSpace='rgb', contrast=None, depth=-1.0, fillColor=array([-1, -1, -1]), fillColorSpace='rgb', fillRGB=array([-1, -1, -1]), interpolate=True, lineColor=array([-1., -1., -1.]), lineColorSpace='rgb', lineRGB=array([-1, -1, -1]), lineWidth=10.0, name='circle_4', opacity=1.0, ori=0.0, pos=array([0., 0.]), size=array([0.6, 0.6]), units='height', vertices=ndarray(...), win=Window(...))
11.0201 	EXP 	Created fix_2 = TextStim(__class__=<class 'psychopy.visual.text.TextStim'>, alignHoriz=method-wrapper(...), alignText='center', alignVert=method-wrapper(...), anchorHoriz='center', anchorVert='center', antialias=True, autoDraw=False, autoLog=True, bold=False, color=array([1., 1., 1.]), colorSpace='rgb', contrast=1.0, depth=-2.0, flipHoriz=False, flipVert=False, font='Open Sans', fontFiles=[], height=0.1, italic=False, languageStyle='LTR', name='fix_2', opacity=1.0, ori=0.0, pos=array([0., 0.]), rgb=UNKNOWN, text='+', units='height', win=Window(...), wrapWidth=1)
11.0229 	EXP 	Created Right_2 = ShapeStim(__class__=<class 'psychopy.visual.shape.ShapeStim'>, anchor=('center', 'center'), autoDraw=False, autoLog=True, closeShape=True, color=method-wrapper(...), colorSpace='rgb', contrast=None, depth=-3.0, fillColor=array([ 1., -1., -1.]), fillColorSpace='rgb', fillRGB=array([ 1., -1., -1.]), interpolate=True, lineColor=array([ 1., -1., -1.]), lineColorSpace='rgb', lineRGB=array([ 1., -1., -1.]), lineWidth=1.0, name='Right_2', opacity=1.0, ori=0.0, pos=array([550.,   0.]), size=array([150., 150.]), units='pix', vertices=ndarray(...), win=Window(...), windingRule=None)
11.0256 	EXP 	Created Left_2 = ShapeStim(__class__=<class 'psychopy.visual.shape.ShapeStim'>, anchor=('center', 'center'), autoDraw=False, autoLog=True, closeShape=True, color=method-wrapper(...), colorSpace='rgb', contrast=None, depth=-4.0, fillColor=array([-1.    ,  0.0039, -1.    ]), fillColorSpace='rgb', fillRGB=array([-1.    ,  0.0039, -1.    ]), interpolate=True, lineColor=array([-1.    ,  0.0039, -1.    ]), lineColorSpace='rgb', lineRGB=array([-1.    ,  0.0039, -1.    ]), lineWidth=1.0, name='Left_2', opacity=1.0, ori=0.0, pos=array([-550.,    0.]), size=array([150., 150.]), units='pix', vertices=ndarray(...), win=Window(...), windingRule=None)
11.0274 	EXP 	Created polygon_3 = Rect(__class__=<class 'psychopy.visual.rect.Rect'>, anchor=('left', 'center'), autoDraw=False, autoLog=True, closeShape=True, color=method-wrapper(...), colorSpace='rgb', contrast=None, depth=0.0, fillColor=array([0.00392157, 0.00392157, 0.00392157]), fillColorSpace='rgb', fillRGB=array([0.00392157, 0.00392157, 0.00392157]), interpolate=True, lineColor=array([1., 1., 1.]), lineColorSpace='rgb', lineRGB=array([1, 1, 1]), lineWidth=1.0, name='polygon_3', opacity=1.0, ori=45.0, pos=array([0.1275, 0.1275]), size=array([0.255, 0.255]), units='height', vertices=ndarray(...), win=Window(...))
11.0382 	EXP 	Created circle_3 = Polygon(__class__=<class 'psychopy.visual.polygon.Polygon'>, anchor=('center', 'center'), autoDraw=False, autoLog=True, closeShape=True, color=method-wrapper(...), colorSpace='rgb', contrast=None, depth=-2.0, fillColor=array([-1, -1, -1]), fillColorSpace='rgb', fillRGB=array([-1, -1, -1]), interpolate=True, lineColor=array([-1., -1., -1.]), lineColorSpace='rgb', lineRGB=array([-1, -1, -1]), lineWidth=10.0, name='circle_3', opacity=1.0, ori=0.0, pos=array([0., 0.]), size=array([0.6, 0.6]), units='height', vertices=ndarray(...), win=Window(...))
11.0398 	EXP 	Created red_dots_3 = DotStim(__class__=<class 'psychopy.visual.dot.DotStim'>, autoLog=True, coherence=0.0, color=array([1., 1., 1.]), colorSpace='rgb', contrast=1.0, depth=-3.0, dir=0.0, dotLife=-1.0, dotSize=15.0, element=None, fieldAnchor=UNKNOWN, fieldPos=array([0., 0.]), fieldShape='circle', fieldSize=array([0.5, 0.5]), nDots=43, name='red_dots_3', noiseDots='walk', opacity=1.0, rgb=UNKNOWN, signalDots='same', speed=0.0, units='height', win=Window(...))
11.0412 	EXP 	Created green_dots_3 = DotStim(__class__=<class 'psychopy.visual.dot.DotStim'>, autoLog=True, coherence=0.0, color=array([1., 1., 1.]), colorSpace='rgb', contrast=1.0, depth=-4.0, dir=0.0, dotLife=-1.0, dotSize=15.0, element=None, fieldAnchor=UNKNOWN, fieldPos=array([0., 0.]), fieldShape='circle', fieldSize=array([0.5, 0.5]), nDots=57, name='green_dots_3', noiseDots='walk', opacity=1.0, rgb=UNKNOWN, signalDots='same', speed=0.0, units='height', win=Window(...))
11.0423 	EXP 	Created text_3 = TextStim(__class__=<class 'psychopy.visual.text.TextStim'>, alignHoriz=method-wrapper(...), alignText='center', alignVert=method-wrapper(...), anchorHoriz='center', anchorVert='center', antialias=True, autoDraw=False, autoLog=True, bold=False, color=array([1., 1., 1.]), colorSpace='rgb', contrast=1.0, depth=-1.0, flipHoriz=False, flipVert=False, font='Open Sans', fontFiles=[], height=0.05, italic=False, languageStyle='LTR', name='text_3', opacity=1.0, ori=0.0, pos=array([0., 0.]), rgb=UNKNOWN, text='', units='height', win=Window(...), wrapWidth=1)
11.0462 	EXP 	Created text_2 = TextStim(__class__=<class 'psychopy.visual.text.TextStim'>, alignHoriz=method-wrapper(...), alignText='center', alignVert=method-wrapper(...), anchorHoriz='center', anchorVert='center', antialias=True, autoDraw=False, autoLog=True, bold=False, color=array([1., 1., 1.]), colorSpace='rgb', contrast=1.0, depth=0.0, flipHoriz=False, flipVert=False, font='Open Sans', fontFiles=[], height=0.05, italic=False, languageStyle='LTR', name='text_2', opacity=1.0, ori=0.0, pos=array([0., 0.]), rgb=UNKNOWN, text='0', units='height', win=Window(...), wrapWidth=1)
11.0522 	EXP 	movie: autoLog = True
11.0522 	EXP 	movie_2: autoLog = True
11.0522 	EXP 	movie_3: autoLog = True
11.0522 	EXP 	text: autoDraw = True
12.0427 	EXP 	Created sequence: random, trialTypes=1, nReps=18, seed=None
12.0431 	EXP 	New trial (rep=0, index=0): None
12.0563 	EXP 	Imported Rewa_Sequence.xlsx as conditions, 6 conditions, 5 params
12.0569 	EXP 	Created sequence: random, trialTypes=6, nReps=1, seed=None
12.0573 	EXP 	New trial (rep=0, index=0): {'Countdown': 'Countdown_1.5s.mp4', 'color1': 'red', 'color2': 'green', 'correct': 'right', 'screenshot': 'Countdown_1.5s.jpg'}
12.0623 	EXP 	text: autoDraw = False
12.0623 	EXP 	text: autoDraw = False
12.0623 	EXP 	fix: autoDraw = True
13.6242 	EXP 	fix: autoDraw = False
13.6242 	EXP 	image: image = 'Countdown_1.5s.jpg'
13.6242 	EXP 	image: autoDraw = True
13.6242 	EXP 	circle_4: autoDraw = True
13.6242 	EXP 	fix_2: autoDraw = True
13.6242 	EXP 	Right_2: autoDraw = True
13.6242 	EXP 	Left_2: autoDraw = True
14.7290 	EXP 	image: autoDraw = False
14.7290 	EXP 	circle_4: autoDraw = False
14.7290 	EXP 	fix_2: autoDraw = False
14.7290 	EXP 	Right_2: autoDraw = False
14.7290 	EXP 	Left_2: autoDraw = False
14.7290 	EXP 	dots_60: foreColor = <psychopy.colors.Color: red, alpha=1.0>
14.7290 	EXP 	dots_40: foreColor = <psychopy.colors.Color: green, alpha=1.0>
14.7290 	EXP 	polygon: autoDraw = True
14.7290 	EXP 	movie: autoDraw = True
14.7290 	EXP 	circle: autoDraw = True
14.7290 	EXP 	dots_60: autoDraw = True
14.7290 	EXP 	dots_40: autoDraw = True
14.7290 	EXP 	Right: autoDraw = True
14.7290 	EXP 	Left: autoDraw = True
15.3177 	DATA 	Keypress: left
15.4536 	EXP 	polygon: autoDraw = False
15.4536 	EXP 	movie: autoDraw = False
15.4536 	EXP 	circle: autoDraw = False
15.4536 	EXP 	dots_60: autoDraw = False
15.4536 	EXP 	dots_40: autoDraw = False
15.4536 	EXP 	Right: autoDraw = False
15.4536 	EXP 	Left: autoDraw = False
15.4536 	EXP 	text_3: height = 0.05
15.4536 	EXP 	text_3: height = 0.05
15.4536 	EXP 	text_3: height = 0.05
15.4536 	EXP 	text_3: text = 'Incorrect -2'
15.4536 	EXP 	text_3: autoDraw = True
16.4416 	EXP 	New trial (rep=0, index=1): {'Countdown': 'Countdown_2s.mp4', 'color1': 'green', 'color2': 'red', 'correct': 'left', 'screenshot': 'Countdown_2s.jpg'}
16.4574 	EXP 	text_3: autoDraw = False
16.4574 	EXP 	text_3: autoDraw = False
16.4574 	EXP 	fix: autoDraw = True
17.9631 	EXP 	fix: autoDraw = False
17.9631 	EXP 	fix: autoDraw = False
17.9631 	EXP 	image: image = 'Countdown_2s.jpg'
17.9631 	EXP 	image: autoDraw = True
17.9631 	EXP 	circle_4: autoDraw = True
17.9631 	EXP 	fix_2: autoDraw = True
17.9631 	EXP 	Right_2: autoDraw = True
17.9631 	EXP 	Left_2: autoDraw = True
19.7498 	EXP 	image: autoDraw = False
19.7498 	EXP 	circle_4: autoDraw = False
19.7498 	EXP 	fix_2: autoDraw = False
19.7498 	EXP 	Right_2: autoDraw = False
19.7498 	EXP 	Left_2: autoDraw = False
19.7498 	EXP 	dots_60: foreColor = <psychopy.colors.Color: green, alpha=1.0>
19.7498 	EXP 	dots_40: foreColor = <psychopy.colors.Color: red, alpha=1.0>
19.7498 	EXP 	polygon: autoDraw = True
19.7498 	EXP 	movie: autoDraw = True
19.7498 	EXP 	circle: autoDraw = True
19.7498 	EXP 	dots_60: autoDraw = True
19.7498 	EXP 	dots_40: autoDraw = True
19.7498 	EXP 	Right: autoDraw = True
19.7498 	EXP 	Left: autoDraw = True
20.0841 	DATA 	Keypress: left
20.2466 	EXP 	polygon: autoDraw = False
20.2466 	EXP 	movie: autoDraw = False
20.2466 	EXP 	circle: autoDraw = False
20.2466 	EXP 	dots_60: autoDraw = False
20.2466 	EXP 	dots_40: autoDraw = False
20.2466 	EXP 	Right: autoDraw = False
20.2466 	EXP 	Left: autoDraw = False
20.2466 	EXP 	text_3: height = 0.05
20.2466 	EXP 	text_3: height = 0.05
20.2466 	EXP 	text_3: height = 0.05
20.2466 	EXP 	text_3: text = 'Correct +1'
20.2466 	EXP 	text_3: autoDraw = True
21.2411 	EXP 	New trial (rep=0, index=2): {'Countdown': 'Countdown_1.5s.mp4', 'color1': 'green', 'color2': 'red', 'correct': 'left', 'screenshot': 'Countdown_1.5s.jpg'}
21.2574 	EXP 	text_3: autoDraw = False
21.2574 	EXP 	fix: autoDraw = True
22.7657 	EXP 	fix: autoDraw = False
22.7657 	EXP 	image: image = 'Countdown_1.5s.jpg'
22.7657 	EXP 	image: autoDraw = True
22.7657 	EXP 	circle_4: autoDraw = True
22.7657 	EXP 	fix_2: autoDraw = True
22.7657 	EXP 	Right_2: autoDraw = True
22.7657 	EXP 	Left_2: autoDraw = True
24.4640 	EXP 	image: autoDraw = False
24.4640 	EXP 	circle_4: autoDraw = False
24.4640 	EXP 	fix_2: autoDraw = False
24.4640 	EXP 	Right_2: autoDraw = False
24.4640 	EXP 	Left_2: autoDraw = False
24.4640 	EXP 	dots_60: foreColor = <psychopy.colors.Color: green, alpha=1.0>
24.4640 	EXP 	dots_40: foreColor = <psychopy.colors.Color: red, alpha=1.0>
24.4640 	EXP 	polygon: autoDraw = True
24.4640 	EXP 	movie: autoDraw = True
24.4640 	EXP 	circle: autoDraw = True
24.4640 	EXP 	dots_60: autoDraw = True
24.4640 	EXP 	dots_40: autoDraw = True
24.4640 	EXP 	Right: autoDraw = True
24.4640 	EXP 	Left: autoDraw = True
25.0679 	DATA 	Keypress: left
25.1969 	EXP 	polygon: autoDraw = False
25.1969 	EXP 	movie: autoDraw = False
25.1969 	EXP 	circle: autoDraw = False
25.1969 	EXP 	dots_60: autoDraw = False
25.1969 	EXP 	dots_40: autoDraw = False
25.1969 	EXP 	Right: autoDraw = False
25.1969 	EXP 	Left: autoDraw = False
25.1969 	EXP 	text_3: height = 0.05
25.1969 	EXP 	text_3: height = 0.05
25.1969 	EXP 	text_3: height = 0.05
25.1969 	EXP 	text_3: text = 'Incorrect -2'
25.1969 	EXP 	text_3: autoDraw = True
26.1916 	EXP 	New trial (rep=0, index=3): {'Countdown': 'Countdown_2s.mp4', 'color1': 'red', 'color2': 'green', 'correct': 'right', 'screenshot': 'Countdown_2s.jpg'}
26.2074 	EXP 	text_3: autoDraw = False
26.2074 	EXP 	text_3: autoDraw = False
26.2074 	EXP 	fix: autoDraw = True
27.7133 	EXP 	fix: autoDraw = False
27.7133 	EXP 	fix: autoDraw = False
27.7133 	EXP 	image: image = 'Countdown_2s.jpg'
27.7133 	EXP 	image: autoDraw = True
27.7133 	EXP 	circle_4: autoDraw = True
27.7133 	EXP 	fix_2: autoDraw = True
27.7133 	EXP 	Right_2: autoDraw = True
27.7133 	EXP 	Left_2: autoDraw = True
29.5005 	EXP 	image: autoDraw = False
29.5005 	EXP 	circle_4: autoDraw = False
29.5005 	EXP 	fix_2: autoDraw = False
29.5005 	EXP 	Right_2: autoDraw = False
29.5005 	EXP 	Left_2: autoDraw = False
29.5005 	EXP 	dots_60: foreColor = <psychopy.colors.Color: red, alpha=1.0>
29.5005 	EXP 	dots_40: foreColor = <psychopy.colors.Color: green, alpha=1.0>
29.5005 	EXP 	polygon: autoDraw = True
29.5005 	EXP 	movie: autoDraw = True
29.5005 	EXP 	circle: autoDraw = True
29.5005 	EXP 	dots_60: autoDraw = True
29.5005 	EXP 	dots_40: autoDraw = True
29.5005 	EXP 	Right: autoDraw = True
29.5005 	EXP 	Left: autoDraw = True
30.3036 	DATA 	Keypress: left
30.4723 	EXP 	polygon: autoDraw = False
30.4723 	EXP 	movie: autoDraw = False
30.4723 	EXP 	circle: autoDraw = False
30.4723 	EXP 	dots_60: autoDraw = False
30.4723 	EXP 	dots_40: autoDraw = False
30.4723 	EXP 	Right: autoDraw = False
30.4723 	EXP 	Left: autoDraw = False
30.4723 	EXP 	text_3: height = 0.05
30.4723 	EXP 	text_3: height = 0.05
30.4723 	EXP 	text_3: height = 0.05
30.4723 	EXP 	text_3: text = 'Correct +1'
30.4723 	EXP 	text_3: autoDraw = True
31.4584 	EXP 	New trial (rep=0, index=4): {'Countdown': 'Countdown_2.5s.mp4', 'color1': 'green', 'color2': 'red', 'correct': 'left', 'screenshot': 'Countdown_2.5s.jpg'}
31.4740 	EXP 	text_3: autoDraw = False
31.4740 	EXP 	text_3: autoDraw = False
31.4740 	EXP 	fix: autoDraw = True
32.9908 	EXP 	fix: autoDraw = False
32.9908 	EXP 	fix: autoDraw = False
32.9908 	EXP 	image: image = 'Countdown_2.5s.jpg'
32.9908 	EXP 	image: autoDraw = True
32.9908 	EXP 	circle_4: autoDraw = True
32.9908 	EXP 	fix_2: autoDraw = True
32.9908 	EXP 	Right_2: autoDraw = True
32.9908 	EXP 	Left_2: autoDraw = True
34.7213 	EXP 	image: autoDraw = False
34.7213 	EXP 	circle_4: autoDraw = False
34.7213 	EXP 	fix_2: autoDraw = False
34.7213 	EXP 	Right_2: autoDraw = False
34.7213 	EXP 	Left_2: autoDraw = False
34.7213 	EXP 	dots_60: foreColor = <psychopy.colors.Color: green, alpha=1.0>
34.7213 	EXP 	dots_40: foreColor = <psychopy.colors.Color: red, alpha=1.0>
34.7213 	EXP 	polygon: autoDraw = True
34.7213 	EXP 	movie: autoDraw = True
34.7213 	EXP 	circle: autoDraw = True
34.7213 	EXP 	dots_60: autoDraw = True
34.7213 	EXP 	dots_40: autoDraw = True
34.7213 	EXP 	Right: autoDraw = True
34.7213 	EXP 	Left: autoDraw = True
35.4009 	DATA 	Keypress: left
35.5345 	EXP 	polygon: autoDraw = False
35.5345 	EXP 	movie: autoDraw = False
35.5345 	EXP 	circle: autoDraw = False
35.5345 	EXP 	dots_60: autoDraw = False
35.5345 	EXP 	dots_40: autoDraw = False
35.5345 	EXP 	Right: autoDraw = False
35.5345 	EXP 	Left: autoDraw = False
35.5345 	EXP 	text_3: height = 0.05
35.5345 	EXP 	text_3: height = 0.05
35.5345 	EXP 	text_3: height = 0.05
35.5345 	EXP 	text_3: text = 'Incorrect -2'
35.5345 	EXP 	text_3: autoDraw = True
36.5248 	EXP 	New trial (rep=0, index=5): {'Countdown': 'Countdown_2.5s.mp4', 'color1': 'red', 'color2': 'green', 'correct': 'right', 'screenshot': 'Countdown_2.5s.jpg'}
36.5407 	EXP 	text_3: autoDraw = False
36.5407 	EXP 	text_3: autoDraw = False
36.5407 	EXP 	fix: autoDraw = True
38.0466 	EXP 	fix: autoDraw = False
38.0466 	EXP 	fix: autoDraw = False
38.0466 	EXP 	image: image = 'Countdown_2.5s.jpg'
38.0466 	EXP 	image: autoDraw = True
38.0466 	EXP 	circle_4: autoDraw = True
38.0466 	EXP 	fix_2: autoDraw = True
38.0466 	EXP 	Right_2: autoDraw = True
38.0466 	EXP 	Left_2: autoDraw = True
39.7735 	EXP 	image: autoDraw = False
39.7735 	EXP 	circle_4: autoDraw = False
39.7735 	EXP 	fix_2: autoDraw = False
39.7735 	EXP 	Right_2: autoDraw = False
39.7735 	EXP 	Left_2: autoDraw = False
39.7735 	EXP 	dots_60: foreColor = <psychopy.colors.Color: red, alpha=1.0>
39.7735 	EXP 	dots_40: foreColor = <psychopy.colors.Color: green, alpha=1.0>
39.7735 	EXP 	polygon: autoDraw = True
39.7735 	EXP 	movie: autoDraw = True
39.7735 	EXP 	circle: autoDraw = True
39.7735 	EXP 	dots_60: autoDraw = True
39.7735 	EXP 	dots_40: autoDraw = True
39.7735 	EXP 	Right: autoDraw = True
39.7735 	EXP 	Left: autoDraw = True
40.1509 	DATA 	Keypress: left
40.3486 	EXP 	polygon: autoDraw = False
40.3486 	EXP 	movie: autoDraw = False
40.3486 	EXP 	circle: autoDraw = False
40.3486 	EXP 	dots_60: autoDraw = False
40.3486 	EXP 	dots_40: autoDraw = False
40.3486 	EXP 	Right: autoDraw = False
40.3486 	EXP 	Left: autoDraw = False
40.3486 	EXP 	text_3: height = 0.05
40.3486 	EXP 	text_3: height = 0.05
40.3486 	EXP 	text_3: height = 0.05
40.3486 	EXP 	text_3: text = 'Correct +1'
40.3486 	EXP 	text_3: autoDraw = True
41.3515 	EXP 	Imported Rewa_Sequence.xlsx as conditions, 6 conditions, 5 params
41.3523 	EXP 	Created sequence: random, trialTypes=6, nReps=1, seed=None
41.3527 	EXP 	New trial (rep=0, index=0): {'Countdown': 'Countdown_2.5s.mp4', 'color1': 'green', 'color2': 'red', 'correct': 'left', 'screenshot': 'Countdown_2.5s.jpg'}
41.3575 	EXP 	text_3: autoDraw = False
41.3575 	EXP 	fix: autoDraw = True
42.8632 	EXP 	fix: autoDraw = False
42.8632 	EXP 	image: image = 'Countdown_2.5s.jpg'
42.8632 	EXP 	image: autoDraw = True
42.8632 	EXP 	circle_4: autoDraw = True
42.8632 	EXP 	fix_2: autoDraw = True
42.8632 	EXP 	Right_2: autoDraw = True
42.8632 	EXP 	Left_2: autoDraw = True
43.9633 	EXP 	image: autoDraw = False
43.9633 	EXP 	circle_4: autoDraw = False
43.9633 	EXP 	fix_2: autoDraw = False
43.9633 	EXP 	Right_2: autoDraw = False
43.9633 	EXP 	Left_2: autoDraw = False
43.9633 	EXP 	red_dots_2: foreColor = <psychopy.colors.Color: red, alpha=1.0>
43.9633 	EXP 	green_dots_2: foreColor = <psychopy.colors.Color: green, alpha=1.0>
43.9633 	EXP 	polygon_2: autoDraw = True
43.9633 	EXP 	movie_2: autoDraw = True
43.9633 	EXP 	circle_2: autoDraw = True
43.9633 	EXP 	red_dots_2: autoDraw = True
43.9633 	EXP 	green_dots_2: autoDraw = True
44.8148 	DATA 	Keypress: left
44.8173 	EXP 	polygon_2: autoDraw = False
44.8173 	EXP 	movie_2: autoDraw = False
44.8173 	EXP 	circle_2: autoDraw = False
44.8173 	EXP 	red_dots_2: autoDraw = False
44.8173 	EXP 	green_dots_2: autoDraw = False
44.8173 	EXP 	text_3: text = 'Correct +1'
44.8173 	EXP 	text_3: autoDraw = True
45.8084 	EXP 	New trial (rep=0, index=1): {'Countdown': 'Countdown_2s.mp4', 'color1': 'red', 'color2': 'green', 'correct': 'right', 'screenshot': 'Countdown_2s.jpg'}
45.8241 	EXP 	text_3: autoDraw = False
45.8241 	EXP 	text_3: autoDraw = False
45.8241 	EXP 	fix: autoDraw = True
47.3305 	EXP 	fix: autoDraw = False
47.3305 	EXP 	fix: autoDraw = False
47.3305 	EXP 	image: image = 'Countdown_2s.jpg'
47.3305 	EXP 	image: autoDraw = True
47.3305 	EXP 	circle_4: autoDraw = True
47.3305 	EXP 	fix_2: autoDraw = True
47.3305 	EXP 	Right_2: autoDraw = True
47.3305 	EXP 	Left_2: autoDraw = True
48.6720 	EXP 	image: autoDraw = False
48.6720 	EXP 	circle_4: autoDraw = False
48.6720 	EXP 	fix_2: autoDraw = False
48.6720 	EXP 	Right_2: autoDraw = False
48.6720 	EXP 	Left_2: autoDraw = False
48.6720 	EXP 	red_dots_2: foreColor = <psychopy.colors.Color: green, alpha=1.0>
48.6720 	EXP 	green_dots_2: foreColor = <psychopy.colors.Color: red, alpha=1.0>
48.6720 	EXP 	polygon_2: autoDraw = True
48.6720 	EXP 	movie_2: autoDraw = True
48.6720 	EXP 	circle_2: autoDraw = True
48.6720 	EXP 	red_dots_2: autoDraw = True
48.6720 	EXP 	green_dots_2: autoDraw = True
48.9013 	DATA 	Keypress: escape
49.3896 	EXP 	window1: mouseVisible = True
